12:47:07.928 [JavaFX Application Thread] DEBUG GameApplication      - Logger initialized
12:47:07.943 [JavaFX Application Thread] DEBUG GameApplication      - Logging settings
Title: Journey down the den
Version: 0.2
Width: 1920
Height: 1080
Fullscreen: true
Intro: false
Menus: false
Profiling: true
Single step:false
App Mode: DEVELOPER
Menu Key: ESCAPE
Stage Style: DECORATED
Scene Factory: class com.almasb.fxgl.scene.SceneFactory
Dialog Factory: class com.almasb.fxgl.ui.FXGLDialogFactory
UI Factory: class com.almasb.fxgl.ui.FXGLUIFactory
Notification Service: class com.almasb.fxgl.gameplay.notification.XboxNotificationView
Exception Handler: class com.almasb.fxgl.app.FXGLExceptionHandler
12:47:07.943 [JavaFX Application Thread] DEBUG GameApplication      - Starting FXGL
12:47:07.949 [JavaFX Application Thread] INFO  FXGL                 - FXGL-0.5.4 on DESKTOP
12:47:07.949 [JavaFX Application Thread] INFO  FXGL                 - Source code and latest versions at: https://github.com/AlmasB/FXGL
12:47:07.949 [JavaFX Application Thread] INFO  FXGL                 -              Join the FXGL chat at: https://gitter.im/AlmasB/FXGL
12:47:07.949 [JavaFX Application Thread] DEBUG FXGL                 - FXGL started
12:47:07.949 [JavaFX Application Thread] DEBUG FXGL                 - Initializing FXGL
12:47:07.998 [JavaFX Application Thread] DEBUG AssetLoader          - Loading from disk: /assets/ui/cursors/fxgl_default.png
12:47:08.070 [JavaFX Application Thread] DEBUG AssetLoader          - Loading from disk: /assets/ui/fonts/VarelaRound-Regular.ttf
12:47:08.433 [JavaFX Application Thread] DEBUG MainWindow           - Creating a JavaFX scene
12:47:08.461 [JavaFX Application Thread] DEBUG MainWindow           - Target settings size: 1920.0 x 1080.0
12:47:08.462 [JavaFX Application Thread] DEBUG MainWindow           - Scaled scene size:    1920.0 x 1080.0
12:47:08.462 [JavaFX Application Thread] DEBUG MainWindow           - Scaled ratio: (1.0, 1.0)
12:47:08.474 [JavaFX Application Thread] DEBUG AssetLoader          - Loading from disk: /assets/ui/css/fxgl_dark.css
12:47:08.477 [JavaFX Application Thread] DEBUG AssetLoader          - Loading from disk: /assets/textures/JDTD_icon.png
12:47:08.484 [JavaFX Application Thread] DEBUG MainWindow           - Opening main window
12:47:08.655 [JavaFX Application Thread] DEBUG MainWindow           - Window border size: (16.0, 20.0)
12:47:08.655 [JavaFX Application Thread] DEBUG MainWindow           - Scaled size: 1920.0 x 1080.0
12:47:08.655 [JavaFX Application Thread] DEBUG MainWindow           - Scaled ratio: (1.0, 1.0)
12:47:08.655 [JavaFX Application Thread] DEBUG MainWindow           - Scene size: 1920.0 x 1080.0
12:47:08.655 [JavaFX Application Thread] DEBUG MainWindow           - Stage size: 1936.0 x 1100.0
12:47:08.687 [ForkJoinPool.commonPool-worker-9] DEBUG FS                   - Loaded DesktopFSService
12:47:08.687 [ForkJoinPool.commonPool-worker-9] DEBUG FXGL                 - Loading FXGL system data
12:47:08.694 [ForkJoinPool.commonPool-worker-9] DEBUG DesktopFSService     - Reading from: system\fxgl.bundle
12:47:08.703 [ForkJoinPool.commonPool-worker-9] DEBUG Bundle               - Logging bundle: FXGL
12:47:08.703 [ForkJoinPool.commonPool-worker-9] DEBUG Bundle               - FXGL.offline.timer.version.check=2020-11-18T09:51:52.340
12:47:08.704 [ForkJoinPool.commonPool-worker-9] DEBUG FXGL                 - Initializing state machine and application states
12:47:08.706 [ForkJoinPool.commonPool-worker-9] DEBUG AssetLoader          - Loading from disk: /assets/ui/cursors/fxgl_default.png
12:47:08.711 [ForkJoinPool.commonPool-worker-9] DEBUG AssetLoader          - Loading from disk: /assets/ui/cursors/fxgl_default.png
12:47:08.722 [ForkJoinPool.commonPool-worker-9] DEBUG AssetLoader          - Loading from cache: /assets/ui/fonts/VarelaRound-Regular.ttf
12:47:08.725 [ForkJoinPool.commonPool-worker-9] DEBUG AssetLoader          - Loading from disk: /assets/ui/cursors/fxgl_default.png
12:47:08.726 [ForkJoinPool.commonPool-worker-9] DEBUG AssetLoader          - Loading from disk: /assets/ui/fonts/lucida_console.ttf
12:47:08.734 [ForkJoinPool.commonPool-worker-9] DEBUG GameScene            - Game scene initialized: 1920x1080
12:47:08.740 [ForkJoinPool.commonPool-worker-9] DEBUG GameWorld            - Game world initialized
12:47:08.791 [ForkJoinPool.commonPool-worker-9] DEBUG PhysicsWorld         - Physics world initialized: appHeight=1080, physics.ppm=50,0
12:47:08.827 [ForkJoinPool.commonPool-worker-9] DEBUG Input                - Registered new binding: Pause - Esc
12:47:08.863 [JavaFX Application Thread] DEBUG FXGL                 - Running preInit()
12:47:08.865 [JavaFX Application Thread] DEBUG Input                - Registered new binding: Screenshot - P
12:47:08.865 [JavaFX Application Thread] DEBUG Input                - Registered new binding: Dev Options - CTRL+0
12:47:08.866 [JavaFX Application Thread] DEBUG Input                - Registered new binding: System info dump - CTRL+9
12:47:08.866 [JavaFX Application Thread] DEBUG Input                - Registered new binding: Restart - CTRL+R
12:47:08.867 [JavaFX Application Thread] DEBUG Input                - Registered new binding: Show grid - F
12:47:08.867 [JavaFX Application Thread] INFO  FXGL                 - FXGL initialization took: 0,918 sec
12:47:08.867 [JavaFX Application Thread] DEBUG LoopRunner           - Starting loop
12:47:08.870 [JavaFX Application Thread] DEBUG StartupState         - STARTUP
12:47:08.870 [JavaFX Application Thread] DEBUG GameApplication      - Starting new game
12:47:08.870 [JavaFX Application Thread] DEBUG Input                - Clearing active input actions
12:47:08.871 [JavaFX Application Thread] DEBUG AssetLoader          - Loading from disk: /assets/ui/css/fxgl_dark.css
12:47:08.876 [JavaFX Application Thread] DEBUG AppStateMachine      - StartupState -> LoadingState
12:47:08.881 [FXGL Background Thread 1 ] DEBUG InitAppTask          - Clearing previous game
12:47:08.881 [FXGL Background Thread 1 ] DEBUG GameWorld            - Clearing game world
12:47:08.882 [FXGL Background Thread 1 ] DEBUG PhysicsWorld         - Clearing physics world
12:47:08.882 [FXGL Background Thread 1 ] DEBUG GameScene            - Clearing game scene
12:47:08.883 [FXGL Background Thread 1 ] DEBUG InitAppTask          - Initializing Game
12:47:08.923 [FXGL Background Thread 1 ] DEBUG AssetLoader          - Loading from disk: /assets/textures/redHero.png
12:47:08.936 [FXGL Background Thread 1 ] DEBUG GameScene            - Creating render group for layer: DEFAULT(100000)
12:47:08.939 [FXGL Background Thread 1 ] DEBUG AssetLoader          - Loading from disk: /assets/textures/blueHero.png
12:47:08.941 [FXGL Background Thread 1 ] DEBUG AssetLoader          - Loading from disk: /assets/textures/greenHero.png
12:47:08.951 [FXGL Background Thread 1 ] DEBUG AssetLoader          - Loading from disk: /assets/textures/Hero1_full.png
12:47:08.954 [FXGL Background Thread 1 ] DEBUG InitAppTask          - Initializing Physics
12:47:08.954 [FXGL Background Thread 1 ] DEBUG InitAppTask          - Initializing UI
12:47:08.954 [FXGL Background Thread 1 ] DEBUG AssetLoader          - Loading from disk: /assets/ui/cursors/cursor.png
12:47:08.960 [FXGL Background Thread 1 ] DEBUG InitAppTask          - Initialization Complete
12:47:08.960 [FXGL Background Thread 1 ] INFO  InitAppTask          - Game initialization took: 0,078 sec
12:47:08.972 [JavaFX Application Thread] DEBUG Input                - Clearing active input actions
12:47:08.972 [JavaFX Application Thread] DEBUG AssetLoader          - Loading from disk: /assets/ui/css/fxgl_dark.css
12:47:08.976 [JavaFX Application Thread] DEBUG AppStateMachine      - LoadingState -> PlayState
12:52:48.953 [JavaFX Application Thread] DEBUG FXGL                 - Exiting FXGL
12:52:48.953 [JavaFX Application Thread] DEBUG FXGL                 - Shutting down background threads
12:52:48.953 [JavaFX Application Thread] INFO  Profiler             - Processed Frames: 21407
12:52:48.953 [JavaFX Application Thread] INFO  Profiler             - Average FPS: 59
12:52:48.953 [JavaFX Application Thread] INFO  Profiler             - Avg Frame Took: 0,02 ms
12:52:48.953 [JavaFX Application Thread] INFO  Profiler             - Avg Memory Usage: 13 MB
12:52:48.954 [JavaFX Application Thread] INFO  Profiler             - Min Memory Usage: 9 MB
12:52:48.954 [JavaFX Application Thread] INFO  Profiler             - Max Memory Usage: 17 MB
12:52:48.954 [JavaFX Application Thread] INFO  Profiler             - Estimated GC runs: 10
12:52:48.954 [JavaFX Application Thread] DEBUG FXGL                 - Saving FXGL system data
12:52:48.956 [JavaFX Application Thread] DEBUG DesktopFSService     - Writing to: system\fxgl.bundle
12:52:48.960 [JavaFX Application Thread] DEBUG FXGL                 - Closing logger and exiting JavaFX
