15:47:11.672 [JavaFX Application Thread] DEBUG GameApplication      - Logger initialized
15:47:11.690 [JavaFX Application Thread] DEBUG GameApplication      - Logging settings
Title: Journey down the den
Version: 0.3
Width: 1920
Height: 1080
Fullscreen: true
Intro: false
Menus: false
Profiling: false
Single step:false
App Mode: DEVELOPER
Menu Key: ESCAPE
Stage Style: DECORATED
Scene Factory: class com.almasb.fxgl.scene.SceneFactory
Dialog Factory: class com.almasb.fxgl.ui.FXGLDialogFactory
UI Factory: class com.almasb.fxgl.ui.FXGLUIFactory
Notification Service: class com.almasb.fxgl.gameplay.notification.XboxNotificationView
Exception Handler: class com.almasb.fxgl.app.FXGLExceptionHandler
15:47:11.690 [JavaFX Application Thread] DEBUG GameApplication      - Starting FXGL
15:47:11.697 [JavaFX Application Thread] INFO  FXGL                 - FXGL-0.5.4 on DESKTOP
15:47:11.697 [JavaFX Application Thread] INFO  FXGL                 - Source code and latest versions at: https://github.com/AlmasB/FXGL
15:47:11.697 [JavaFX Application Thread] INFO  FXGL                 -              Join the FXGL chat at: https://gitter.im/AlmasB/FXGL
15:47:11.698 [JavaFX Application Thread] DEBUG FXGL                 - FXGL started
15:47:11.698 [JavaFX Application Thread] DEBUG FXGL                 - Initializing FXGL
15:47:11.757 [JavaFX Application Thread] DEBUG AssetLoader          - Loading from disk: /assets/ui/cursors/fxgl_default.png
15:47:11.840 [JavaFX Application Thread] DEBUG AssetLoader          - Loading from disk: /assets/ui/fonts/VarelaRound-Regular.ttf
15:47:12.224 [JavaFX Application Thread] DEBUG MainWindow           - Creating a JavaFX scene
15:47:12.258 [JavaFX Application Thread] DEBUG MainWindow           - Target settings size: 1920.0 x 1080.0
15:47:12.258 [JavaFX Application Thread] DEBUG MainWindow           - Scaled scene size:    1920.0 x 1080.0
15:47:12.259 [JavaFX Application Thread] DEBUG MainWindow           - Scaled ratio: (1.0, 1.0)
15:47:12.272 [JavaFX Application Thread] DEBUG AssetLoader          - Loading from disk: /assets/ui/css/fxgl_dark.css
15:47:12.275 [JavaFX Application Thread] DEBUG AssetLoader          - Loading from disk: /assets/textures/JDTD_icon.png
15:47:12.285 [JavaFX Application Thread] DEBUG MainWindow           - Opening main window
15:47:12.474 [JavaFX Application Thread] DEBUG MainWindow           - Window border size: (16.0, 39.0)
15:47:12.475 [JavaFX Application Thread] DEBUG MainWindow           - Scaled size: 1920.0 x 1080.0
15:47:12.475 [JavaFX Application Thread] DEBUG MainWindow           - Scaled ratio: (1.0, 1.0)
15:47:12.475 [JavaFX Application Thread] DEBUG MainWindow           - Scene size: 1920.0 x 1080.0
15:47:12.475 [JavaFX Application Thread] DEBUG MainWindow           - Stage size: 1936.0 x 1119.0
15:47:12.506 [ForkJoinPool.commonPool-worker-9] DEBUG FS                   - Loaded DesktopFSService
15:47:12.507 [ForkJoinPool.commonPool-worker-9] DEBUG FXGL                 - Loading FXGL system data
15:47:12.512 [ForkJoinPool.commonPool-worker-9] DEBUG DesktopFSService     - Reading from: system\fxgl.bundle
15:47:12.520 [ForkJoinPool.commonPool-worker-9] DEBUG Bundle               - Logging bundle: FXGL
15:47:12.521 [ForkJoinPool.commonPool-worker-9] DEBUG Bundle               - FXGL.offline.timer.version.check=2020-12-03T18:16:20.516
15:47:12.522 [ForkJoinPool.commonPool-worker-9] DEBUG FXGL                 - Initializing state machine and application states
15:47:12.523 [ForkJoinPool.commonPool-worker-9] DEBUG AssetLoader          - Loading from disk: /assets/ui/cursors/fxgl_default.png
15:47:12.528 [ForkJoinPool.commonPool-worker-9] DEBUG AssetLoader          - Loading from disk: /assets/ui/cursors/fxgl_default.png
15:47:12.541 [ForkJoinPool.commonPool-worker-9] DEBUG AssetLoader          - Loading from cache: /assets/ui/fonts/VarelaRound-Regular.ttf
15:47:12.545 [ForkJoinPool.commonPool-worker-9] DEBUG AssetLoader          - Loading from disk: /assets/ui/cursors/fxgl_default.png
15:47:12.548 [ForkJoinPool.commonPool-worker-9] DEBUG GameScene            - Game scene initialized: 1920x1080
15:47:12.553 [ForkJoinPool.commonPool-worker-9] DEBUG GameWorld            - Game world initialized
15:47:12.605 [ForkJoinPool.commonPool-worker-9] DEBUG PhysicsWorld         - Physics world initialized: appHeight=1080, physics.ppm=50,0
15:47:12.637 [ForkJoinPool.commonPool-worker-9] DEBUG Input                - Registered new binding: Pause - Esc
15:47:12.672 [JavaFX Application Thread] DEBUG FXGL                 - Running preInit()
15:47:12.673 [JavaFX Application Thread] DEBUG Input                - Registered new binding: Screenshot - P
15:47:12.674 [JavaFX Application Thread] DEBUG Input                - Registered new binding: Dev Options - CTRL+0
15:47:12.674 [JavaFX Application Thread] DEBUG Input                - Registered new binding: System info dump - CTRL+9
15:47:12.675 [JavaFX Application Thread] DEBUG Input                - Registered new binding: Restart - CTRL+R
15:47:12.675 [JavaFX Application Thread] DEBUG Input                - Registered new binding: Show grid - F
15:47:12.676 [JavaFX Application Thread] INFO  FXGL                 - FXGL initialization took: 0,979 sec
15:47:12.676 [JavaFX Application Thread] DEBUG LoopRunner           - Starting loop
15:47:12.677 [JavaFX Application Thread] DEBUG StartupState         - STARTUP
15:47:12.678 [JavaFX Application Thread] DEBUG GameApplication      - Starting new game
15:47:12.678 [JavaFX Application Thread] DEBUG Input                - Clearing active input actions
15:47:12.679 [JavaFX Application Thread] DEBUG AssetLoader          - Loading from disk: /assets/ui/css/fxgl_dark.css
15:47:12.683 [JavaFX Application Thread] DEBUG AppStateMachine      - StartupState -> LoadingState
15:47:12.687 [FXGL Background Thread 1 ] DEBUG InitAppTask          - Clearing previous game
15:47:12.688 [FXGL Background Thread 1 ] DEBUG GameWorld            - Clearing game world
15:47:12.688 [FXGL Background Thread 1 ] DEBUG PhysicsWorld         - Clearing physics world
15:47:12.688 [FXGL Background Thread 1 ] DEBUG GameScene            - Clearing game scene
15:47:12.689 [FXGL Background Thread 1 ] DEBUG InitAppTask          - Initializing Game
15:47:12.696 [FXGL Background Thread 1 ] DEBUG AssetLoader          - Loading from disk: /assets/tmx/map1.tmx
15:47:12.725 [FXGL Background Thread 1 ] WARN  TMXParser            - TiledMap generated from 1.4.2. Supported version: 1.1.2. Some features may not be parsed fully.
15:47:12.750 [FXGL Background Thread 1 ] DEBUG GameWorld            - Clearing removable entities
15:47:12.750 [FXGL Background Thread 1 ] DEBUG GameWorld            - Setting level from map
15:47:12.785 [FXGL Background Thread 1 ] DEBUG AssetLoader          - Loading from disk: /assets/textures/tinySLATES60.png
15:47:12.914 [FXGL Background Thread 1 ] DEBUG AssetLoader          - Loading from cache: /assets/textures/tinySLATES60.png
15:47:12.915 [FXGL Background Thread 1 ] DEBUG AssetLoader          - Loading from cache: /assets/textures/tinySLATES60.png
15:47:12.915 [FXGL Background Thread 1 ] DEBUG AssetLoader          - Loading from cache: /assets/textures/tinySLATES60.png
15:47:12.915 [FXGL Background Thread 1 ] DEBUG AssetLoader          - Loading from cache: /assets/textures/tinySLATES60.png
15:47:12.915 [FXGL Background Thread 1 ] DEBUG AssetLoader          - Loading from cache: /assets/textures/tinySLATES60.png
15:47:12.915 [FXGL Background Thread 1 ] DEBUG AssetLoader          - Loading from cache: /assets/textures/tinySLATES60.png
15:47:12.915 [FXGL Background Thread 1 ] DEBUG AssetLoader          - Loading from cache: /assets/textures/tinySLATES60.png
15:47:12.915 [FXGL Background Thread 1 ] DEBUG AssetLoader          - Loading from cache: /assets/textures/tinySLATES60.png
15:47:12.915 [FXGL Background Thread 1 ] DEBUG AssetLoader          - Loading from cache: /assets/textures/tinySLATES60.png
15:47:12.916 [FXGL Background Thread 1 ] DEBUG AssetLoader          - Loading from cache: /assets/textures/tinySLATES60.png
15:47:12.916 [FXGL Background Thread 1 ] DEBUG AssetLoader          - Loading from cache: /assets/textures/tinySLATES60.png
15:47:12.916 [FXGL Background Thread 1 ] DEBUG AssetLoader          - Loading from cache: /assets/textures/tinySLATES60.png
15:47:12.916 [FXGL Background Thread 1 ] DEBUG AssetLoader          - Loading from cache: /assets/textures/tinySLATES60.png
15:47:12.916 [FXGL Background Thread 1 ] DEBUG AssetLoader          - Loading from cache: /assets/textures/tinySLATES60.png
15:47:12.916 [FXGL Background Thread 1 ] DEBUG AssetLoader          - Loading from cache: /assets/textures/tinySLATES60.png
15:47:12.916 [FXGL Background Thread 1 ] DEBUG AssetLoader          - Loading from cache: /assets/textures/tinySLATES60.png
15:47:12.916 [FXGL Background Thread 1 ] DEBUG AssetLoader          - Loading from cache: /assets/textures/tinySLATES60.png
15:47:12.917 [FXGL Background Thread 1 ] DEBUG AssetLoader          - Loading from cache: /assets/textures/tinySLATES60.png
15:47:12.917 [FXGL Background Thread 1 ] DEBUG AssetLoader          - Loading from cache: /assets/textures/tinySLATES60.png
15:47:12.917 [FXGL Background Thread 1 ] DEBUG AssetLoader          - Loading from cache: /assets/textures/tinySLATES60.png
15:47:12.917 [FXGL Background Thread 1 ] DEBUG AssetLoader          - Loading from cache: /assets/textures/tinySLATES60.png
15:47:12.918 [FXGL Background Thread 1 ] DEBUG AssetLoader          - Loading from cache: /assets/textures/tinySLATES60.png
15:47:12.918 [FXGL Background Thread 1 ] DEBUG AssetLoader          - Loading from cache: /assets/textures/tinySLATES60.png
15:47:12.918 [FXGL Background Thread 1 ] DEBUG AssetLoader          - Loading from cache: /assets/textures/tinySLATES60.png
15:47:12.919 [FXGL Background Thread 1 ] DEBUG AssetLoader          - Loading from cache: /assets/textures/tinySLATES60.png
15:47:12.919 [FXGL Background Thread 1 ] DEBUG AssetLoader          - Loading from cache: /assets/textures/tinySLATES60.png
15:47:12.919 [FXGL Background Thread 1 ] DEBUG AssetLoader          - Loading from cache: /assets/textures/tinySLATES60.png
15:47:12.919 [FXGL Background Thread 1 ] DEBUG AssetLoader          - Loading from cache: /assets/textures/tinySLATES60.png
15:47:12.919 [FXGL Background Thread 1 ] DEBUG AssetLoader          - Loading from cache: /assets/textures/tinySLATES60.png
15:47:12.920 [FXGL Background Thread 1 ] DEBUG AssetLoader          - Loading from cache: /assets/textures/tinySLATES60.png
15:47:12.920 [FXGL Background Thread 1 ] DEBUG AssetLoader          - Loading from cache: /assets/textures/tinySLATES60.png
15:47:12.920 [FXGL Background Thread 1 ] DEBUG AssetLoader          - Loading from cache: /assets/textures/tinySLATES60.png
15:47:12.920 [FXGL Background Thread 1 ] DEBUG AssetLoader          - Loading from cache: /assets/textures/tinySLATES60.png
15:47:12.920 [FXGL Background Thread 1 ] DEBUG AssetLoader          - Loading from cache: /assets/textures/tinySLATES60.png
15:47:12.921 [FXGL Background Thread 1 ] DEBUG AssetLoader          - Loading from cache: /assets/textures/tinySLATES60.png
15:47:12.921 [FXGL Background Thread 1 ] DEBUG AssetLoader          - Loading from cache: /assets/textures/tinySLATES60.png
15:47:12.921 [FXGL Background Thread 1 ] DEBUG AssetLoader          - Loading from cache: /assets/textures/tinySLATES60.png
15:47:12.921 [FXGL Background Thread 1 ] DEBUG AssetLoader          - Loading from cache: /assets/textures/tinySLATES60.png
15:47:12.921 [FXGL Background Thread 1 ] DEBUG AssetLoader          - Loading from cache: /assets/textures/tinySLATES60.png
15:47:12.922 [FXGL Background Thread 1 ] DEBUG AssetLoader          - Loading from cache: /assets/textures/tinySLATES60.png
15:47:12.922 [FXGL Background Thread 1 ] DEBUG AssetLoader          - Loading from cache: /assets/textures/tinySLATES60.png
15:47:12.922 [FXGL Background Thread 1 ] DEBUG AssetLoader          - Loading from cache: /assets/textures/tinySLATES60.png
15:47:12.922 [FXGL Background Thread 1 ] DEBUG AssetLoader          - Loading from cache: /assets/textures/tinySLATES60.png
15:47:12.922 [FXGL Background Thread 1 ] DEBUG AssetLoader          - Loading from cache: /assets/textures/tinySLATES60.png
15:47:12.922 [FXGL Background Thread 1 ] DEBUG AssetLoader          - Loading from cache: /assets/textures/tinySLATES60.png
15:47:12.922 [FXGL Background Thread 1 ] DEBUG AssetLoader          - Loading from cache: /assets/textures/tinySLATES60.png
15:47:12.923 [FXGL Background Thread 1 ] DEBUG AssetLoader          - Loading from cache: /assets/textures/tinySLATES60.png
15:47:12.923 [FXGL Background Thread 1 ] DEBUG AssetLoader          - Loading from cache: /assets/textures/tinySLATES60.png
15:47:12.923 [FXGL Background Thread 1 ] DEBUG AssetLoader          - Loading from cache: /assets/textures/tinySLATES60.png
15:47:12.923 [FXGL Background Thread 1 ] DEBUG AssetLoader          - Loading from cache: /assets/textures/tinySLATES60.png
15:47:12.923 [FXGL Background Thread 1 ] DEBUG AssetLoader          - Loading from cache: /assets/textures/tinySLATES60.png
15:47:12.923 [FXGL Background Thread 1 ] DEBUG AssetLoader          - Loading from cache: /assets/textures/tinySLATES60.png
15:47:12.923 [FXGL Background Thread 1 ] DEBUG AssetLoader          - Loading from cache: /assets/textures/tinySLATES60.png
15:47:12.923 [FXGL Background Thread 1 ] DEBUG AssetLoader          - Loading from cache: /assets/textures/tinySLATES60.png
15:47:12.923 [FXGL Background Thread 1 ] DEBUG AssetLoader          - Loading from cache: /assets/textures/tinySLATES60.png
15:47:12.923 [FXGL Background Thread 1 ] DEBUG AssetLoader          - Loading from cache: /assets/textures/tinySLATES60.png
15:47:12.924 [FXGL Background Thread 1 ] DEBUG AssetLoader          - Loading from cache: /assets/textures/tinySLATES60.png
15:47:12.924 [FXGL Background Thread 1 ] DEBUG AssetLoader          - Loading from cache: /assets/textures/tinySLATES60.png
15:47:12.924 [FXGL Background Thread 1 ] DEBUG AssetLoader          - Loading from cache: /assets/textures/tinySLATES60.png
15:47:12.924 [FXGL Background Thread 1 ] DEBUG AssetLoader          - Loading from cache: /assets/textures/tinySLATES60.png
15:47:12.925 [FXGL Background Thread 1 ] DEBUG AssetLoader          - Loading from cache: /assets/textures/tinySLATES60.png
15:47:12.925 [FXGL Background Thread 1 ] DEBUG AssetLoader          - Loading from cache: /assets/textures/tinySLATES60.png
15:47:12.925 [FXGL Background Thread 1 ] DEBUG AssetLoader          - Loading from cache: /assets/textures/tinySLATES60.png
15:47:12.925 [FXGL Background Thread 1 ] DEBUG AssetLoader          - Loading from cache: /assets/textures/tinySLATES60.png
15:47:12.925 [FXGL Background Thread 1 ] DEBUG AssetLoader          - Loading from cache: /assets/textures/tinySLATES60.png
15:47:12.925 [FXGL Background Thread 1 ] DEBUG AssetLoader          - Loading from cache: /assets/textures/tinySLATES60.png
15:47:12.926 [FXGL Background Thread 1 ] DEBUG AssetLoader          - Loading from cache: /assets/textures/tinySLATES60.png
15:47:12.926 [FXGL Background Thread 1 ] DEBUG AssetLoader          - Loading from cache: /assets/textures/tinySLATES60.png
15:47:12.926 [FXGL Background Thread 1 ] DEBUG AssetLoader          - Loading from cache: /assets/textures/tinySLATES60.png
15:47:12.926 [FXGL Background Thread 1 ] DEBUG AssetLoader          - Loading from cache: /assets/textures/tinySLATES60.png
15:47:12.926 [FXGL Background Thread 1 ] DEBUG AssetLoader          - Loading from cache: /assets/textures/tinySLATES60.png
15:47:12.926 [FXGL Background Thread 1 ] DEBUG AssetLoader          - Loading from cache: /assets/textures/tinySLATES60.png
15:47:12.926 [FXGL Background Thread 1 ] DEBUG AssetLoader          - Loading from cache: /assets/textures/tinySLATES60.png
15:47:12.927 [FXGL Background Thread 1 ] DEBUG AssetLoader          - Loading from cache: /assets/textures/tinySLATES60.png
15:47:12.927 [FXGL Background Thread 1 ] DEBUG AssetLoader          - Loading from cache: /assets/textures/tinySLATES60.png
15:47:12.927 [FXGL Background Thread 1 ] DEBUG AssetLoader          - Loading from cache: /assets/textures/tinySLATES60.png
15:47:12.927 [FXGL Background Thread 1 ] DEBUG AssetLoader          - Loading from cache: /assets/textures/tinySLATES60.png
15:47:12.927 [FXGL Background Thread 1 ] DEBUG AssetLoader          - Loading from cache: /assets/textures/tinySLATES60.png
15:47:12.927 [FXGL Background Thread 1 ] DEBUG AssetLoader          - Loading from cache: /assets/textures/tinySLATES60.png
15:47:12.927 [FXGL Background Thread 1 ] DEBUG AssetLoader          - Loading from cache: /assets/textures/tinySLATES60.png
15:47:12.928 [FXGL Background Thread 1 ] DEBUG AssetLoader          - Loading from cache: /assets/textures/tinySLATES60.png
15:47:12.928 [FXGL Background Thread 1 ] DEBUG AssetLoader          - Loading from cache: /assets/textures/tinySLATES60.png
15:47:12.928 [FXGL Background Thread 1 ] DEBUG AssetLoader          - Loading from cache: /assets/textures/tinySLATES60.png
15:47:12.928 [FXGL Background Thread 1 ] DEBUG AssetLoader          - Loading from cache: /assets/textures/tinySLATES60.png
15:47:12.928 [FXGL Background Thread 1 ] DEBUG AssetLoader          - Loading from cache: /assets/textures/tinySLATES60.png
15:47:12.928 [FXGL Background Thread 1 ] DEBUG AssetLoader          - Loading from cache: /assets/textures/tinySLATES60.png
15:47:12.929 [FXGL Background Thread 1 ] DEBUG AssetLoader          - Loading from cache: /assets/textures/tinySLATES60.png
15:47:12.929 [FXGL Background Thread 1 ] DEBUG AssetLoader          - Loading from cache: /assets/textures/tinySLATES60.png
15:47:12.929 [FXGL Background Thread 1 ] DEBUG AssetLoader          - Loading from cache: /assets/textures/tinySLATES60.png
15:47:12.929 [FXGL Background Thread 1 ] DEBUG AssetLoader          - Loading from cache: /assets/textures/tinySLATES60.png
15:47:12.929 [FXGL Background Thread 1 ] DEBUG AssetLoader          - Loading from cache: /assets/textures/tinySLATES60.png
15:47:12.929 [FXGL Background Thread 1 ] DEBUG AssetLoader          - Loading from cache: /assets/textures/tinySLATES60.png
15:47:12.929 [FXGL Background Thread 1 ] DEBUG AssetLoader          - Loading from cache: /assets/textures/tinySLATES60.png
15:47:12.929 [FXGL Background Thread 1 ] DEBUG AssetLoader          - Loading from cache: /assets/textures/tinySLATES60.png
15:47:12.929 [FXGL Background Thread 1 ] DEBUG AssetLoader          - Loading from cache: /assets/textures/tinySLATES60.png
15:47:12.930 [FXGL Background Thread 1 ] DEBUG AssetLoader          - Loading from cache: /assets/textures/tinySLATES60.png
15:47:12.930 [FXGL Background Thread 1 ] DEBUG AssetLoader          - Loading from cache: /assets/textures/tinySLATES60.png
15:47:12.930 [FXGL Background Thread 1 ] DEBUG AssetLoader          - Loading from cache: /assets/textures/tinySLATES60.png
15:47:12.930 [FXGL Background Thread 1 ] DEBUG AssetLoader          - Loading from cache: /assets/textures/tinySLATES60.png
15:47:12.930 [FXGL Background Thread 1 ] DEBUG AssetLoader          - Loading from cache: /assets/textures/tinySLATES60.png
15:47:12.931 [FXGL Background Thread 1 ] DEBUG AssetLoader          - Loading from cache: /assets/textures/tinySLATES60.png
15:47:12.931 [FXGL Background Thread 1 ] DEBUG AssetLoader          - Loading from cache: /assets/textures/tinySLATES60.png
15:47:12.931 [FXGL Background Thread 1 ] DEBUG AssetLoader          - Loading from cache: /assets/textures/tinySLATES60.png
15:47:12.931 [FXGL Background Thread 1 ] DEBUG AssetLoader          - Loading from cache: /assets/textures/tinySLATES60.png
15:47:12.932 [FXGL Background Thread 1 ] DEBUG AssetLoader          - Loading from cache: /assets/textures/tinySLATES60.png
15:47:12.932 [FXGL Background Thread 1 ] DEBUG AssetLoader          - Loading from cache: /assets/textures/tinySLATES60.png
15:47:12.932 [FXGL Background Thread 1 ] DEBUG AssetLoader          - Loading from cache: /assets/textures/tinySLATES60.png
15:47:12.932 [FXGL Background Thread 1 ] DEBUG AssetLoader          - Loading from cache: /assets/textures/tinySLATES60.png
15:47:12.932 [FXGL Background Thread 1 ] DEBUG AssetLoader          - Loading from cache: /assets/textures/tinySLATES60.png
15:47:12.933 [FXGL Background Thread 1 ] DEBUG AssetLoader          - Loading from cache: /assets/textures/tinySLATES60.png
15:47:12.933 [FXGL Background Thread 1 ] DEBUG AssetLoader          - Loading from cache: /assets/textures/tinySLATES60.png
15:47:12.933 [FXGL Background Thread 1 ] DEBUG AssetLoader          - Loading from cache: /assets/textures/tinySLATES60.png
15:47:12.933 [FXGL Background Thread 1 ] DEBUG AssetLoader          - Loading from cache: /assets/textures/tinySLATES60.png
15:47:12.933 [FXGL Background Thread 1 ] DEBUG AssetLoader          - Loading from cache: /assets/textures/tinySLATES60.png
15:47:12.933 [FXGL Background Thread 1 ] DEBUG AssetLoader          - Loading from cache: /assets/textures/tinySLATES60.png
15:47:12.933 [FXGL Background Thread 1 ] DEBUG AssetLoader          - Loading from cache: /assets/textures/tinySLATES60.png
15:47:12.934 [FXGL Background Thread 1 ] DEBUG AssetLoader          - Loading from cache: /assets/textures/tinySLATES60.png
15:47:12.934 [FXGL Background Thread 1 ] DEBUG AssetLoader          - Loading from cache: /assets/textures/tinySLATES60.png
15:47:12.934 [FXGL Background Thread 1 ] DEBUG AssetLoader          - Loading from cache: /assets/textures/tinySLATES60.png
15:47:12.934 [FXGL Background Thread 1 ] DEBUG AssetLoader          - Loading from cache: /assets/textures/tinySLATES60.png
15:47:12.934 [FXGL Background Thread 1 ] DEBUG AssetLoader          - Loading from cache: /assets/textures/tinySLATES60.png
15:47:12.934 [FXGL Background Thread 1 ] DEBUG AssetLoader          - Loading from cache: /assets/textures/tinySLATES60.png
15:47:12.934 [FXGL Background Thread 1 ] DEBUG AssetLoader          - Loading from cache: /assets/textures/tinySLATES60.png
15:47:12.934 [FXGL Background Thread 1 ] DEBUG AssetLoader          - Loading from cache: /assets/textures/tinySLATES60.png
15:47:12.935 [FXGL Background Thread 1 ] DEBUG AssetLoader          - Loading from cache: /assets/textures/tinySLATES60.png
15:47:12.935 [FXGL Background Thread 1 ] DEBUG AssetLoader          - Loading from cache: /assets/textures/tinySLATES60.png
15:47:12.935 [FXGL Background Thread 1 ] DEBUG AssetLoader          - Loading from cache: /assets/textures/tinySLATES60.png
15:47:12.935 [FXGL Background Thread 1 ] DEBUG AssetLoader          - Loading from cache: /assets/textures/tinySLATES60.png
15:47:12.935 [FXGL Background Thread 1 ] DEBUG AssetLoader          - Loading from cache: /assets/textures/tinySLATES60.png
15:47:12.935 [FXGL Background Thread 1 ] DEBUG AssetLoader          - Loading from cache: /assets/textures/tinySLATES60.png
15:47:12.935 [FXGL Background Thread 1 ] DEBUG AssetLoader          - Loading from cache: /assets/textures/tinySLATES60.png
15:47:12.935 [FXGL Background Thread 1 ] DEBUG AssetLoader          - Loading from cache: /assets/textures/tinySLATES60.png
15:47:12.936 [FXGL Background Thread 1 ] DEBUG AssetLoader          - Loading from cache: /assets/textures/tinySLATES60.png
15:47:12.936 [FXGL Background Thread 1 ] DEBUG AssetLoader          - Loading from cache: /assets/textures/tinySLATES60.png
15:47:12.936 [FXGL Background Thread 1 ] DEBUG AssetLoader          - Loading from cache: /assets/textures/tinySLATES60.png
15:47:12.936 [FXGL Background Thread 1 ] DEBUG AssetLoader          - Loading from cache: /assets/textures/tinySLATES60.png
15:47:12.936 [FXGL Background Thread 1 ] DEBUG AssetLoader          - Loading from cache: /assets/textures/tinySLATES60.png
15:47:12.936 [FXGL Background Thread 1 ] DEBUG AssetLoader          - Loading from cache: /assets/textures/tinySLATES60.png
15:47:12.936 [FXGL Background Thread 1 ] DEBUG AssetLoader          - Loading from cache: /assets/textures/tinySLATES60.png
15:47:12.936 [FXGL Background Thread 1 ] DEBUG AssetLoader          - Loading from cache: /assets/textures/tinySLATES60.png
15:47:12.936 [FXGL Background Thread 1 ] DEBUG AssetLoader          - Loading from cache: /assets/textures/tinySLATES60.png
15:47:12.937 [FXGL Background Thread 1 ] DEBUG AssetLoader          - Loading from cache: /assets/textures/tinySLATES60.png
15:47:12.937 [FXGL Background Thread 1 ] DEBUG AssetLoader          - Loading from cache: /assets/textures/tinySLATES60.png
15:47:12.937 [FXGL Background Thread 1 ] DEBUG AssetLoader          - Loading from cache: /assets/textures/tinySLATES60.png
15:47:12.937 [FXGL Background Thread 1 ] DEBUG AssetLoader          - Loading from cache: /assets/textures/tinySLATES60.png
15:47:12.937 [FXGL Background Thread 1 ] DEBUG AssetLoader          - Loading from cache: /assets/textures/tinySLATES60.png
15:47:12.937 [FXGL Background Thread 1 ] DEBUG AssetLoader          - Loading from cache: /assets/textures/tinySLATES60.png
15:47:12.937 [FXGL Background Thread 1 ] DEBUG AssetLoader          - Loading from cache: /assets/textures/tinySLATES60.png
15:47:12.937 [FXGL Background Thread 1 ] DEBUG AssetLoader          - Loading from cache: /assets/textures/tinySLATES60.png
15:47:12.938 [FXGL Background Thread 1 ] DEBUG AssetLoader          - Loading from cache: /assets/textures/tinySLATES60.png
15:47:12.938 [FXGL Background Thread 1 ] DEBUG AssetLoader          - Loading from cache: /assets/textures/tinySLATES60.png
15:47:12.938 [FXGL Background Thread 1 ] DEBUG AssetLoader          - Loading from cache: /assets/textures/tinySLATES60.png
15:47:12.938 [FXGL Background Thread 1 ] DEBUG AssetLoader          - Loading from cache: /assets/textures/tinySLATES60.png
15:47:12.938 [FXGL Background Thread 1 ] DEBUG AssetLoader          - Loading from cache: /assets/textures/tinySLATES60.png
15:47:12.938 [FXGL Background Thread 1 ] DEBUG AssetLoader          - Loading from cache: /assets/textures/tinySLATES60.png
15:47:12.938 [FXGL Background Thread 1 ] DEBUG AssetLoader          - Loading from cache: /assets/textures/tinySLATES60.png
15:47:12.938 [FXGL Background Thread 1 ] DEBUG AssetLoader          - Loading from cache: /assets/textures/tinySLATES60.png
15:47:12.938 [FXGL Background Thread 1 ] DEBUG AssetLoader          - Loading from cache: /assets/textures/tinySLATES60.png
15:47:12.938 [FXGL Background Thread 1 ] DEBUG AssetLoader          - Loading from cache: /assets/textures/tinySLATES60.png
15:47:12.939 [FXGL Background Thread 1 ] DEBUG AssetLoader          - Loading from cache: /assets/textures/tinySLATES60.png
15:47:12.939 [FXGL Background Thread 1 ] DEBUG AssetLoader          - Loading from cache: /assets/textures/tinySLATES60.png
15:47:12.939 [FXGL Background Thread 1 ] DEBUG AssetLoader          - Loading from cache: /assets/textures/tinySLATES60.png
15:47:12.939 [FXGL Background Thread 1 ] DEBUG AssetLoader          - Loading from cache: /assets/textures/tinySLATES60.png
15:47:12.939 [FXGL Background Thread 1 ] DEBUG AssetLoader          - Loading from cache: /assets/textures/tinySLATES60.png
15:47:12.939 [FXGL Background Thread 1 ] DEBUG AssetLoader          - Loading from cache: /assets/textures/tinySLATES60.png
15:47:12.939 [FXGL Background Thread 1 ] DEBUG AssetLoader          - Loading from cache: /assets/textures/tinySLATES60.png
15:47:12.939 [FXGL Background Thread 1 ] DEBUG AssetLoader          - Loading from cache: /assets/textures/tinySLATES60.png
15:47:12.939 [FXGL Background Thread 1 ] DEBUG AssetLoader          - Loading from cache: /assets/textures/tinySLATES60.png
15:47:12.939 [FXGL Background Thread 1 ] DEBUG AssetLoader          - Loading from cache: /assets/textures/tinySLATES60.png
15:47:12.940 [FXGL Background Thread 1 ] DEBUG AssetLoader          - Loading from cache: /assets/textures/tinySLATES60.png
15:47:12.940 [FXGL Background Thread 1 ] DEBUG AssetLoader          - Loading from cache: /assets/textures/tinySLATES60.png
15:47:12.940 [FXGL Background Thread 1 ] DEBUG AssetLoader          - Loading from cache: /assets/textures/tinySLATES60.png
15:47:12.940 [FXGL Background Thread 1 ] DEBUG AssetLoader          - Loading from cache: /assets/textures/tinySLATES60.png
15:47:12.940 [FXGL Background Thread 1 ] DEBUG AssetLoader          - Loading from cache: /assets/textures/tinySLATES60.png
15:47:12.940 [FXGL Background Thread 1 ] DEBUG AssetLoader          - Loading from cache: /assets/textures/tinySLATES60.png
15:47:12.940 [FXGL Background Thread 1 ] DEBUG AssetLoader          - Loading from cache: /assets/textures/tinySLATES60.png
15:47:12.940 [FXGL Background Thread 1 ] DEBUG AssetLoader          - Loading from cache: /assets/textures/tinySLATES60.png
15:47:12.940 [FXGL Background Thread 1 ] DEBUG AssetLoader          - Loading from cache: /assets/textures/tinySLATES60.png
15:47:12.940 [FXGL Background Thread 1 ] DEBUG AssetLoader          - Loading from cache: /assets/textures/tinySLATES60.png
15:47:12.941 [FXGL Background Thread 1 ] DEBUG AssetLoader          - Loading from cache: /assets/textures/tinySLATES60.png
15:47:12.941 [FXGL Background Thread 1 ] DEBUG AssetLoader          - Loading from cache: /assets/textures/tinySLATES60.png
15:47:12.941 [FXGL Background Thread 1 ] DEBUG AssetLoader          - Loading from cache: /assets/textures/tinySLATES60.png
15:47:12.941 [FXGL Background Thread 1 ] DEBUG AssetLoader          - Loading from cache: /assets/textures/tinySLATES60.png
15:47:12.941 [FXGL Background Thread 1 ] DEBUG AssetLoader          - Loading from cache: /assets/textures/tinySLATES60.png
15:47:12.941 [FXGL Background Thread 1 ] DEBUG AssetLoader          - Loading from cache: /assets/textures/tinySLATES60.png
15:47:12.941 [FXGL Background Thread 1 ] DEBUG AssetLoader          - Loading from cache: /assets/textures/tinySLATES60.png
15:47:12.941 [FXGL Background Thread 1 ] DEBUG AssetLoader          - Loading from cache: /assets/textures/tinySLATES60.png
15:47:12.941 [FXGL Background Thread 1 ] DEBUG AssetLoader          - Loading from cache: /assets/textures/tinySLATES60.png
15:47:12.941 [FXGL Background Thread 1 ] DEBUG AssetLoader          - Loading from cache: /assets/textures/tinySLATES60.png
15:47:12.941 [FXGL Background Thread 1 ] DEBUG AssetLoader          - Loading from cache: /assets/textures/tinySLATES60.png
15:47:12.942 [FXGL Background Thread 1 ] DEBUG AssetLoader          - Loading from cache: /assets/textures/tinySLATES60.png
15:47:12.942 [FXGL Background Thread 1 ] DEBUG AssetLoader          - Loading from cache: /assets/textures/tinySLATES60.png
15:47:12.942 [FXGL Background Thread 1 ] DEBUG AssetLoader          - Loading from cache: /assets/textures/tinySLATES60.png
15:47:12.942 [FXGL Background Thread 1 ] DEBUG AssetLoader          - Loading from cache: /assets/textures/tinySLATES60.png
15:47:12.942 [FXGL Background Thread 1 ] DEBUG AssetLoader          - Loading from cache: /assets/textures/tinySLATES60.png
15:47:12.942 [FXGL Background Thread 1 ] DEBUG AssetLoader          - Loading from cache: /assets/textures/tinySLATES60.png
15:47:12.942 [FXGL Background Thread 1 ] DEBUG AssetLoader          - Loading from cache: /assets/textures/tinySLATES60.png
15:47:12.942 [FXGL Background Thread 1 ] DEBUG AssetLoader          - Loading from cache: /assets/textures/tinySLATES60.png
15:47:12.942 [FXGL Background Thread 1 ] DEBUG AssetLoader          - Loading from cache: /assets/textures/tinySLATES60.png
15:47:12.943 [FXGL Background Thread 1 ] DEBUG AssetLoader          - Loading from cache: /assets/textures/tinySLATES60.png
15:47:12.943 [FXGL Background Thread 1 ] DEBUG AssetLoader          - Loading from cache: /assets/textures/tinySLATES60.png
15:47:12.943 [FXGL Background Thread 1 ] DEBUG AssetLoader          - Loading from cache: /assets/textures/tinySLATES60.png
15:47:12.943 [FXGL Background Thread 1 ] DEBUG AssetLoader          - Loading from cache: /assets/textures/tinySLATES60.png
15:47:12.943 [FXGL Background Thread 1 ] DEBUG AssetLoader          - Loading from cache: /assets/textures/tinySLATES60.png
15:47:12.943 [FXGL Background Thread 1 ] DEBUG AssetLoader          - Loading from cache: /assets/textures/tinySLATES60.png
15:47:12.943 [FXGL Background Thread 1 ] DEBUG AssetLoader          - Loading from cache: /assets/textures/tinySLATES60.png
15:47:12.943 [FXGL Background Thread 1 ] DEBUG AssetLoader          - Loading from cache: /assets/textures/tinySLATES60.png
15:47:12.943 [FXGL Background Thread 1 ] DEBUG AssetLoader          - Loading from cache: /assets/textures/tinySLATES60.png
15:47:12.943 [FXGL Background Thread 1 ] DEBUG AssetLoader          - Loading from cache: /assets/textures/tinySLATES60.png
15:47:12.943 [FXGL Background Thread 1 ] DEBUG AssetLoader          - Loading from cache: /assets/textures/tinySLATES60.png
15:47:12.944 [FXGL Background Thread 1 ] DEBUG AssetLoader          - Loading from cache: /assets/textures/tinySLATES60.png
15:47:12.944 [FXGL Background Thread 1 ] DEBUG AssetLoader          - Loading from cache: /assets/textures/tinySLATES60.png
15:47:12.944 [FXGL Background Thread 1 ] DEBUG AssetLoader          - Loading from cache: /assets/textures/tinySLATES60.png
15:47:12.944 [FXGL Background Thread 1 ] DEBUG AssetLoader          - Loading from cache: /assets/textures/tinySLATES60.png
15:47:12.944 [FXGL Background Thread 1 ] DEBUG AssetLoader          - Loading from cache: /assets/textures/tinySLATES60.png
15:47:12.944 [FXGL Background Thread 1 ] DEBUG AssetLoader          - Loading from cache: /assets/textures/tinySLATES60.png
15:47:12.944 [FXGL Background Thread 1 ] DEBUG AssetLoader          - Loading from cache: /assets/textures/tinySLATES60.png
15:47:12.945 [FXGL Background Thread 1 ] DEBUG AssetLoader          - Loading from cache: /assets/textures/tinySLATES60.png
15:47:12.945 [FXGL Background Thread 1 ] DEBUG AssetLoader          - Loading from cache: /assets/textures/tinySLATES60.png
15:47:12.945 [FXGL Background Thread 1 ] DEBUG AssetLoader          - Loading from cache: /assets/textures/tinySLATES60.png
15:47:12.945 [FXGL Background Thread 1 ] DEBUG AssetLoader          - Loading from cache: /assets/textures/tinySLATES60.png
15:47:12.945 [FXGL Background Thread 1 ] DEBUG AssetLoader          - Loading from cache: /assets/textures/tinySLATES60.png
15:47:12.945 [FXGL Background Thread 1 ] DEBUG AssetLoader          - Loading from cache: /assets/textures/tinySLATES60.png
15:47:12.946 [FXGL Background Thread 1 ] DEBUG AssetLoader          - Loading from cache: /assets/textures/tinySLATES60.png
15:47:12.946 [FXGL Background Thread 1 ] DEBUG AssetLoader          - Loading from cache: /assets/textures/tinySLATES60.png
15:47:12.946 [FXGL Background Thread 1 ] DEBUG AssetLoader          - Loading from cache: /assets/textures/tinySLATES60.png
15:47:12.946 [FXGL Background Thread 1 ] DEBUG AssetLoader          - Loading from cache: /assets/textures/tinySLATES60.png
15:47:12.946 [FXGL Background Thread 1 ] DEBUG AssetLoader          - Loading from cache: /assets/textures/tinySLATES60.png
15:47:12.946 [FXGL Background Thread 1 ] DEBUG AssetLoader          - Loading from cache: /assets/textures/tinySLATES60.png
15:47:12.947 [FXGL Background Thread 1 ] DEBUG AssetLoader          - Loading from cache: /assets/textures/tinySLATES60.png
15:47:12.947 [FXGL Background Thread 1 ] DEBUG AssetLoader          - Loading from cache: /assets/textures/tinySLATES60.png
15:47:12.947 [FXGL Background Thread 1 ] DEBUG AssetLoader          - Loading from cache: /assets/textures/tinySLATES60.png
15:47:12.947 [FXGL Background Thread 1 ] DEBUG AssetLoader          - Loading from cache: /assets/textures/tinySLATES60.png
15:47:12.947 [FXGL Background Thread 1 ] DEBUG AssetLoader          - Loading from cache: /assets/textures/tinySLATES60.png
15:47:12.947 [FXGL Background Thread 1 ] DEBUG AssetLoader          - Loading from cache: /assets/textures/tinySLATES60.png
15:47:12.947 [FXGL Background Thread 1 ] DEBUG AssetLoader          - Loading from cache: /assets/textures/tinySLATES60.png
15:47:12.947 [FXGL Background Thread 1 ] DEBUG AssetLoader          - Loading from cache: /assets/textures/tinySLATES60.png
15:47:12.947 [FXGL Background Thread 1 ] DEBUG AssetLoader          - Loading from cache: /assets/textures/tinySLATES60.png
15:47:12.948 [FXGL Background Thread 1 ] DEBUG AssetLoader          - Loading from cache: /assets/textures/tinySLATES60.png
15:47:12.948 [FXGL Background Thread 1 ] DEBUG AssetLoader          - Loading from cache: /assets/textures/tinySLATES60.png
15:47:12.948 [FXGL Background Thread 1 ] DEBUG AssetLoader          - Loading from cache: /assets/textures/tinySLATES60.png
15:47:12.948 [FXGL Background Thread 1 ] DEBUG AssetLoader          - Loading from cache: /assets/textures/tinySLATES60.png
15:47:12.948 [FXGL Background Thread 1 ] DEBUG AssetLoader          - Loading from cache: /assets/textures/tinySLATES60.png
15:47:12.948 [FXGL Background Thread 1 ] DEBUG AssetLoader          - Loading from cache: /assets/textures/tinySLATES60.png
15:47:12.948 [FXGL Background Thread 1 ] DEBUG AssetLoader          - Loading from cache: /assets/textures/tinySLATES60.png
15:47:12.948 [FXGL Background Thread 1 ] DEBUG AssetLoader          - Loading from cache: /assets/textures/tinySLATES60.png
15:47:12.948 [FXGL Background Thread 1 ] DEBUG AssetLoader          - Loading from cache: /assets/textures/tinySLATES60.png
15:47:12.949 [FXGL Background Thread 1 ] DEBUG AssetLoader          - Loading from cache: /assets/textures/tinySLATES60.png
15:47:12.949 [FXGL Background Thread 1 ] DEBUG AssetLoader          - Loading from cache: /assets/textures/tinySLATES60.png
15:47:12.949 [FXGL Background Thread 1 ] DEBUG AssetLoader          - Loading from cache: /assets/textures/tinySLATES60.png
15:47:12.949 [FXGL Background Thread 1 ] DEBUG AssetLoader          - Loading from cache: /assets/textures/tinySLATES60.png
15:47:12.949 [FXGL Background Thread 1 ] DEBUG AssetLoader          - Loading from cache: /assets/textures/tinySLATES60.png
15:47:12.949 [FXGL Background Thread 1 ] DEBUG AssetLoader          - Loading from cache: /assets/textures/tinySLATES60.png
15:47:12.949 [FXGL Background Thread 1 ] DEBUG AssetLoader          - Loading from cache: /assets/textures/tinySLATES60.png
15:47:12.949 [FXGL Background Thread 1 ] DEBUG AssetLoader          - Loading from cache: /assets/textures/tinySLATES60.png
15:47:12.949 [FXGL Background Thread 1 ] DEBUG AssetLoader          - Loading from cache: /assets/textures/tinySLATES60.png
15:47:12.949 [FXGL Background Thread 1 ] DEBUG AssetLoader          - Loading from cache: /assets/textures/tinySLATES60.png
15:47:12.950 [FXGL Background Thread 1 ] DEBUG AssetLoader          - Loading from cache: /assets/textures/tinySLATES60.png
15:47:12.950 [FXGL Background Thread 1 ] DEBUG AssetLoader          - Loading from cache: /assets/textures/tinySLATES60.png
15:47:12.950 [FXGL Background Thread 1 ] DEBUG AssetLoader          - Loading from cache: /assets/textures/tinySLATES60.png
15:47:12.950 [FXGL Background Thread 1 ] DEBUG AssetLoader          - Loading from cache: /assets/textures/tinySLATES60.png
15:47:12.950 [FXGL Background Thread 1 ] DEBUG AssetLoader          - Loading from cache: /assets/textures/tinySLATES60.png
15:47:12.950 [FXGL Background Thread 1 ] DEBUG AssetLoader          - Loading from cache: /assets/textures/tinySLATES60.png
15:47:12.950 [FXGL Background Thread 1 ] DEBUG AssetLoader          - Loading from cache: /assets/textures/tinySLATES60.png
15:47:12.950 [FXGL Background Thread 1 ] DEBUG AssetLoader          - Loading from cache: /assets/textures/tinySLATES60.png
15:47:12.950 [FXGL Background Thread 1 ] DEBUG AssetLoader          - Loading from cache: /assets/textures/tinySLATES60.png
15:47:12.950 [FXGL Background Thread 1 ] DEBUG AssetLoader          - Loading from cache: /assets/textures/tinySLATES60.png
15:47:12.950 [FXGL Background Thread 1 ] DEBUG AssetLoader          - Loading from cache: /assets/textures/tinySLATES60.png
15:47:12.951 [FXGL Background Thread 1 ] DEBUG AssetLoader          - Loading from cache: /assets/textures/tinySLATES60.png
15:47:12.951 [FXGL Background Thread 1 ] DEBUG AssetLoader          - Loading from cache: /assets/textures/tinySLATES60.png
15:47:12.951 [FXGL Background Thread 1 ] DEBUG AssetLoader          - Loading from cache: /assets/textures/tinySLATES60.png
15:47:12.951 [FXGL Background Thread 1 ] DEBUG AssetLoader          - Loading from cache: /assets/textures/tinySLATES60.png
15:47:12.951 [FXGL Background Thread 1 ] DEBUG AssetLoader          - Loading from cache: /assets/textures/tinySLATES60.png
15:47:12.951 [FXGL Background Thread 1 ] DEBUG AssetLoader          - Loading from cache: /assets/textures/tinySLATES60.png
15:47:12.951 [FXGL Background Thread 1 ] DEBUG AssetLoader          - Loading from cache: /assets/textures/tinySLATES60.png
15:47:12.952 [FXGL Background Thread 1 ] DEBUG AssetLoader          - Loading from cache: /assets/textures/tinySLATES60.png
15:47:12.952 [FXGL Background Thread 1 ] DEBUG AssetLoader          - Loading from cache: /assets/textures/tinySLATES60.png
15:47:12.952 [FXGL Background Thread 1 ] DEBUG AssetLoader          - Loading from cache: /assets/textures/tinySLATES60.png
15:47:12.952 [FXGL Background Thread 1 ] DEBUG AssetLoader          - Loading from cache: /assets/textures/tinySLATES60.png
15:47:12.952 [FXGL Background Thread 1 ] DEBUG AssetLoader          - Loading from cache: /assets/textures/tinySLATES60.png
15:47:12.952 [FXGL Background Thread 1 ] DEBUG AssetLoader          - Loading from cache: /assets/textures/tinySLATES60.png
15:47:12.952 [FXGL Background Thread 1 ] DEBUG AssetLoader          - Loading from cache: /assets/textures/tinySLATES60.png
15:47:12.952 [FXGL Background Thread 1 ] DEBUG AssetLoader          - Loading from cache: /assets/textures/tinySLATES60.png
15:47:12.952 [FXGL Background Thread 1 ] DEBUG AssetLoader          - Loading from cache: /assets/textures/tinySLATES60.png
15:47:12.952 [FXGL Background Thread 1 ] DEBUG AssetLoader          - Loading from cache: /assets/textures/tinySLATES60.png
15:47:12.953 [FXGL Background Thread 1 ] DEBUG AssetLoader          - Loading from cache: /assets/textures/tinySLATES60.png
15:47:12.953 [FXGL Background Thread 1 ] DEBUG AssetLoader          - Loading from cache: /assets/textures/tinySLATES60.png
15:47:12.953 [FXGL Background Thread 1 ] DEBUG AssetLoader          - Loading from cache: /assets/textures/tinySLATES60.png
15:47:12.953 [FXGL Background Thread 1 ] DEBUG AssetLoader          - Loading from cache: /assets/textures/tinySLATES60.png
15:47:12.953 [FXGL Background Thread 1 ] DEBUG AssetLoader          - Loading from cache: /assets/textures/tinySLATES60.png
15:47:12.953 [FXGL Background Thread 1 ] DEBUG AssetLoader          - Loading from cache: /assets/textures/tinySLATES60.png
15:47:12.953 [FXGL Background Thread 1 ] DEBUG AssetLoader          - Loading from cache: /assets/textures/tinySLATES60.png
15:47:12.953 [FXGL Background Thread 1 ] DEBUG AssetLoader          - Loading from cache: /assets/textures/tinySLATES60.png
15:47:12.953 [FXGL Background Thread 1 ] DEBUG AssetLoader          - Loading from cache: /assets/textures/tinySLATES60.png
15:47:12.953 [FXGL Background Thread 1 ] DEBUG AssetLoader          - Loading from cache: /assets/textures/tinySLATES60.png
15:47:12.953 [FXGL Background Thread 1 ] DEBUG AssetLoader          - Loading from cache: /assets/textures/tinySLATES60.png
15:47:12.954 [FXGL Background Thread 1 ] DEBUG AssetLoader          - Loading from cache: /assets/textures/tinySLATES60.png
15:47:12.954 [FXGL Background Thread 1 ] DEBUG AssetLoader          - Loading from cache: /assets/textures/tinySLATES60.png
15:47:12.954 [FXGL Background Thread 1 ] DEBUG AssetLoader          - Loading from cache: /assets/textures/tinySLATES60.png
15:47:12.954 [FXGL Background Thread 1 ] DEBUG AssetLoader          - Loading from cache: /assets/textures/tinySLATES60.png
15:47:12.954 [FXGL Background Thread 1 ] DEBUG AssetLoader          - Loading from cache: /assets/textures/tinySLATES60.png
15:47:12.954 [FXGL Background Thread 1 ] DEBUG AssetLoader          - Loading from cache: /assets/textures/tinySLATES60.png
15:47:12.954 [FXGL Background Thread 1 ] DEBUG AssetLoader          - Loading from cache: /assets/textures/tinySLATES60.png
15:47:12.954 [FXGL Background Thread 1 ] DEBUG AssetLoader          - Loading from cache: /assets/textures/tinySLATES60.png
15:47:12.954 [FXGL Background Thread 1 ] DEBUG AssetLoader          - Loading from cache: /assets/textures/tinySLATES60.png
15:47:12.954 [FXGL Background Thread 1 ] DEBUG AssetLoader          - Loading from cache: /assets/textures/tinySLATES60.png
15:47:12.954 [FXGL Background Thread 1 ] DEBUG AssetLoader          - Loading from cache: /assets/textures/tinySLATES60.png
15:47:12.955 [FXGL Background Thread 1 ] DEBUG AssetLoader          - Loading from cache: /assets/textures/tinySLATES60.png
15:47:12.955 [FXGL Background Thread 1 ] DEBUG AssetLoader          - Loading from cache: /assets/textures/tinySLATES60.png
15:47:12.955 [FXGL Background Thread 1 ] DEBUG AssetLoader          - Loading from cache: /assets/textures/tinySLATES60.png
15:47:12.955 [FXGL Background Thread 1 ] DEBUG AssetLoader          - Loading from cache: /assets/textures/tinySLATES60.png
15:47:12.955 [FXGL Background Thread 1 ] DEBUG AssetLoader          - Loading from cache: /assets/textures/tinySLATES60.png
15:47:12.955 [FXGL Background Thread 1 ] DEBUG AssetLoader          - Loading from cache: /assets/textures/tinySLATES60.png
15:47:12.955 [FXGL Background Thread 1 ] DEBUG AssetLoader          - Loading from cache: /assets/textures/tinySLATES60.png
15:47:12.955 [FXGL Background Thread 1 ] DEBUG AssetLoader          - Loading from cache: /assets/textures/tinySLATES60.png
15:47:12.955 [FXGL Background Thread 1 ] DEBUG AssetLoader          - Loading from cache: /assets/textures/tinySLATES60.png
15:47:12.955 [FXGL Background Thread 1 ] DEBUG AssetLoader          - Loading from cache: /assets/textures/tinySLATES60.png
15:47:12.955 [FXGL Background Thread 1 ] DEBUG AssetLoader          - Loading from cache: /assets/textures/tinySLATES60.png
15:47:12.955 [FXGL Background Thread 1 ] DEBUG AssetLoader          - Loading from cache: /assets/textures/tinySLATES60.png
15:47:12.956 [FXGL Background Thread 1 ] DEBUG AssetLoader          - Loading from cache: /assets/textures/tinySLATES60.png
15:47:12.956 [FXGL Background Thread 1 ] DEBUG AssetLoader          - Loading from cache: /assets/textures/tinySLATES60.png
15:47:12.956 [FXGL Background Thread 1 ] DEBUG AssetLoader          - Loading from cache: /assets/textures/tinySLATES60.png
15:47:12.956 [FXGL Background Thread 1 ] DEBUG AssetLoader          - Loading from cache: /assets/textures/tinySLATES60.png
15:47:12.956 [FXGL Background Thread 1 ] DEBUG AssetLoader          - Loading from cache: /assets/textures/tinySLATES60.png
15:47:12.956 [FXGL Background Thread 1 ] DEBUG AssetLoader          - Loading from cache: /assets/textures/tinySLATES60.png
15:47:12.956 [FXGL Background Thread 1 ] DEBUG AssetLoader          - Loading from cache: /assets/textures/tinySLATES60.png
15:47:12.956 [FXGL Background Thread 1 ] DEBUG AssetLoader          - Loading from cache: /assets/textures/tinySLATES60.png
15:47:12.956 [FXGL Background Thread 1 ] DEBUG AssetLoader          - Loading from cache: /assets/textures/tinySLATES60.png
15:47:12.956 [FXGL Background Thread 1 ] DEBUG AssetLoader          - Loading from cache: /assets/textures/tinySLATES60.png
15:47:12.956 [FXGL Background Thread 1 ] DEBUG AssetLoader          - Loading from cache: /assets/textures/tinySLATES60.png
15:47:12.956 [FXGL Background Thread 1 ] DEBUG AssetLoader          - Loading from cache: /assets/textures/tinySLATES60.png
15:47:12.957 [FXGL Background Thread 1 ] DEBUG AssetLoader          - Loading from cache: /assets/textures/tinySLATES60.png
15:47:12.957 [FXGL Background Thread 1 ] DEBUG AssetLoader          - Loading from cache: /assets/textures/tinySLATES60.png
15:47:12.957 [FXGL Background Thread 1 ] DEBUG AssetLoader          - Loading from cache: /assets/textures/tinySLATES60.png
15:47:12.957 [FXGL Background Thread 1 ] DEBUG AssetLoader          - Loading from cache: /assets/textures/tinySLATES60.png
15:47:12.957 [FXGL Background Thread 1 ] DEBUG AssetLoader          - Loading from cache: /assets/textures/tinySLATES60.png
15:47:12.957 [FXGL Background Thread 1 ] DEBUG AssetLoader          - Loading from cache: /assets/textures/tinySLATES60.png
15:47:12.957 [FXGL Background Thread 1 ] DEBUG AssetLoader          - Loading from cache: /assets/textures/tinySLATES60.png
15:47:12.957 [FXGL Background Thread 1 ] DEBUG AssetLoader          - Loading from cache: /assets/textures/tinySLATES60.png
15:47:12.957 [FXGL Background Thread 1 ] DEBUG AssetLoader          - Loading from cache: /assets/textures/tinySLATES60.png
15:47:12.957 [FXGL Background Thread 1 ] DEBUG AssetLoader          - Loading from cache: /assets/textures/tinySLATES60.png
15:47:12.958 [FXGL Background Thread 1 ] DEBUG AssetLoader          - Loading from cache: /assets/textures/tinySLATES60.png
15:47:12.958 [FXGL Background Thread 1 ] DEBUG AssetLoader          - Loading from cache: /assets/textures/tinySLATES60.png
15:47:12.958 [FXGL Background Thread 1 ] DEBUG AssetLoader          - Loading from cache: /assets/textures/tinySLATES60.png
15:47:12.958 [FXGL Background Thread 1 ] DEBUG AssetLoader          - Loading from cache: /assets/textures/tinySLATES60.png
15:47:12.958 [FXGL Background Thread 1 ] DEBUG AssetLoader          - Loading from cache: /assets/textures/tinySLATES60.png
15:47:12.958 [FXGL Background Thread 1 ] DEBUG AssetLoader          - Loading from cache: /assets/textures/tinySLATES60.png
15:47:12.958 [FXGL Background Thread 1 ] DEBUG AssetLoader          - Loading from cache: /assets/textures/tinySLATES60.png
15:47:12.958 [FXGL Background Thread 1 ] DEBUG AssetLoader          - Loading from cache: /assets/textures/tinySLATES60.png
15:47:12.958 [FXGL Background Thread 1 ] DEBUG AssetLoader          - Loading from cache: /assets/textures/tinySLATES60.png
15:47:12.958 [FXGL Background Thread 1 ] DEBUG AssetLoader          - Loading from cache: /assets/textures/tinySLATES60.png
15:47:12.959 [FXGL Background Thread 1 ] DEBUG AssetLoader          - Loading from cache: /assets/textures/tinySLATES60.png
15:47:12.959 [FXGL Background Thread 1 ] DEBUG AssetLoader          - Loading from cache: /assets/textures/tinySLATES60.png
15:47:12.959 [FXGL Background Thread 1 ] DEBUG AssetLoader          - Loading from cache: /assets/textures/tinySLATES60.png
15:47:12.959 [FXGL Background Thread 1 ] DEBUG AssetLoader          - Loading from cache: /assets/textures/tinySLATES60.png
15:47:12.959 [FXGL Background Thread 1 ] DEBUG AssetLoader          - Loading from cache: /assets/textures/tinySLATES60.png
15:47:12.959 [FXGL Background Thread 1 ] DEBUG AssetLoader          - Loading from cache: /assets/textures/tinySLATES60.png
15:47:12.959 [FXGL Background Thread 1 ] DEBUG AssetLoader          - Loading from cache: /assets/textures/tinySLATES60.png
15:47:12.959 [FXGL Background Thread 1 ] DEBUG AssetLoader          - Loading from cache: /assets/textures/tinySLATES60.png
15:47:12.959 [FXGL Background Thread 1 ] DEBUG AssetLoader          - Loading from cache: /assets/textures/tinySLATES60.png
15:47:12.959 [FXGL Background Thread 1 ] DEBUG AssetLoader          - Loading from cache: /assets/textures/tinySLATES60.png
15:47:12.959 [FXGL Background Thread 1 ] DEBUG AssetLoader          - Loading from cache: /assets/textures/tinySLATES60.png
15:47:12.959 [FXGL Background Thread 1 ] DEBUG AssetLoader          - Loading from cache: /assets/textures/tinySLATES60.png
15:47:12.959 [FXGL Background Thread 1 ] DEBUG AssetLoader          - Loading from cache: /assets/textures/tinySLATES60.png
15:47:12.959 [FXGL Background Thread 1 ] DEBUG AssetLoader          - Loading from cache: /assets/textures/tinySLATES60.png
15:47:12.960 [FXGL Background Thread 1 ] DEBUG AssetLoader          - Loading from cache: /assets/textures/tinySLATES60.png
15:47:12.960 [FXGL Background Thread 1 ] DEBUG AssetLoader          - Loading from cache: /assets/textures/tinySLATES60.png
15:47:12.960 [FXGL Background Thread 1 ] DEBUG AssetLoader          - Loading from cache: /assets/textures/tinySLATES60.png
15:47:12.960 [FXGL Background Thread 1 ] DEBUG AssetLoader          - Loading from cache: /assets/textures/tinySLATES60.png
15:47:12.960 [FXGL Background Thread 1 ] DEBUG AssetLoader          - Loading from cache: /assets/textures/tinySLATES60.png
15:47:12.960 [FXGL Background Thread 1 ] DEBUG AssetLoader          - Loading from cache: /assets/textures/tinySLATES60.png
15:47:12.960 [FXGL Background Thread 1 ] DEBUG AssetLoader          - Loading from cache: /assets/textures/tinySLATES60.png
15:47:12.960 [FXGL Background Thread 1 ] DEBUG AssetLoader          - Loading from cache: /assets/textures/tinySLATES60.png
15:47:12.960 [FXGL Background Thread 1 ] DEBUG AssetLoader          - Loading from cache: /assets/textures/tinySLATES60.png
15:47:12.960 [FXGL Background Thread 1 ] DEBUG AssetLoader          - Loading from cache: /assets/textures/tinySLATES60.png
15:47:12.960 [FXGL Background Thread 1 ] DEBUG AssetLoader          - Loading from cache: /assets/textures/tinySLATES60.png
15:47:12.960 [FXGL Background Thread 1 ] DEBUG AssetLoader          - Loading from cache: /assets/textures/tinySLATES60.png
15:47:12.960 [FXGL Background Thread 1 ] DEBUG AssetLoader          - Loading from cache: /assets/textures/tinySLATES60.png
15:47:12.961 [FXGL Background Thread 1 ] DEBUG AssetLoader          - Loading from cache: /assets/textures/tinySLATES60.png
15:47:12.961 [FXGL Background Thread 1 ] DEBUG AssetLoader          - Loading from cache: /assets/textures/tinySLATES60.png
15:47:12.961 [FXGL Background Thread 1 ] DEBUG AssetLoader          - Loading from cache: /assets/textures/tinySLATES60.png
15:47:12.961 [FXGL Background Thread 1 ] DEBUG AssetLoader          - Loading from cache: /assets/textures/tinySLATES60.png
15:47:12.961 [FXGL Background Thread 1 ] DEBUG AssetLoader          - Loading from cache: /assets/textures/tinySLATES60.png
15:47:12.961 [FXGL Background Thread 1 ] DEBUG AssetLoader          - Loading from cache: /assets/textures/tinySLATES60.png
15:47:12.961 [FXGL Background Thread 1 ] DEBUG AssetLoader          - Loading from cache: /assets/textures/tinySLATES60.png
15:47:12.961 [FXGL Background Thread 1 ] DEBUG AssetLoader          - Loading from cache: /assets/textures/tinySLATES60.png
15:47:12.961 [FXGL Background Thread 1 ] DEBUG AssetLoader          - Loading from cache: /assets/textures/tinySLATES60.png
15:47:12.961 [FXGL Background Thread 1 ] DEBUG AssetLoader          - Loading from cache: /assets/textures/tinySLATES60.png
15:47:12.961 [FXGL Background Thread 1 ] DEBUG AssetLoader          - Loading from cache: /assets/textures/tinySLATES60.png
15:47:12.961 [FXGL Background Thread 1 ] DEBUG AssetLoader          - Loading from cache: /assets/textures/tinySLATES60.png
15:47:12.961 [FXGL Background Thread 1 ] DEBUG AssetLoader          - Loading from cache: /assets/textures/tinySLATES60.png
15:47:12.961 [FXGL Background Thread 1 ] DEBUG AssetLoader          - Loading from cache: /assets/textures/tinySLATES60.png
15:47:12.962 [FXGL Background Thread 1 ] DEBUG AssetLoader          - Loading from cache: /assets/textures/tinySLATES60.png
15:47:12.962 [FXGL Background Thread 1 ] DEBUG AssetLoader          - Loading from cache: /assets/textures/tinySLATES60.png
15:47:12.962 [FXGL Background Thread 1 ] DEBUG AssetLoader          - Loading from cache: /assets/textures/tinySLATES60.png
15:47:12.962 [FXGL Background Thread 1 ] DEBUG AssetLoader          - Loading from cache: /assets/textures/tinySLATES60.png
15:47:12.962 [FXGL Background Thread 1 ] DEBUG AssetLoader          - Loading from cache: /assets/textures/tinySLATES60.png
15:47:12.962 [FXGL Background Thread 1 ] DEBUG AssetLoader          - Loading from cache: /assets/textures/tinySLATES60.png
15:47:12.962 [FXGL Background Thread 1 ] DEBUG AssetLoader          - Loading from cache: /assets/textures/tinySLATES60.png
15:47:12.962 [FXGL Background Thread 1 ] DEBUG AssetLoader          - Loading from cache: /assets/textures/tinySLATES60.png
15:47:12.962 [FXGL Background Thread 1 ] DEBUG AssetLoader          - Loading from cache: /assets/textures/tinySLATES60.png
15:47:12.962 [FXGL Background Thread 1 ] DEBUG AssetLoader          - Loading from cache: /assets/textures/tinySLATES60.png
15:47:12.962 [FXGL Background Thread 1 ] DEBUG AssetLoader          - Loading from cache: /assets/textures/tinySLATES60.png
15:47:12.962 [FXGL Background Thread 1 ] DEBUG AssetLoader          - Loading from cache: /assets/textures/tinySLATES60.png
15:47:12.962 [FXGL Background Thread 1 ] DEBUG AssetLoader          - Loading from cache: /assets/textures/tinySLATES60.png
15:47:12.962 [FXGL Background Thread 1 ] DEBUG AssetLoader          - Loading from cache: /assets/textures/tinySLATES60.png
15:47:12.962 [FXGL Background Thread 1 ] DEBUG AssetLoader          - Loading from cache: /assets/textures/tinySLATES60.png
15:47:12.963 [FXGL Background Thread 1 ] DEBUG AssetLoader          - Loading from cache: /assets/textures/tinySLATES60.png
15:47:12.963 [FXGL Background Thread 1 ] DEBUG AssetLoader          - Loading from cache: /assets/textures/tinySLATES60.png
15:47:12.963 [FXGL Background Thread 1 ] DEBUG AssetLoader          - Loading from cache: /assets/textures/tinySLATES60.png
15:47:12.963 [FXGL Background Thread 1 ] DEBUG AssetLoader          - Loading from cache: /assets/textures/tinySLATES60.png
15:47:12.963 [FXGL Background Thread 1 ] DEBUG AssetLoader          - Loading from cache: /assets/textures/tinySLATES60.png
15:47:12.963 [FXGL Background Thread 1 ] DEBUG AssetLoader          - Loading from cache: /assets/textures/tinySLATES60.png
15:47:12.963 [FXGL Background Thread 1 ] DEBUG AssetLoader          - Loading from cache: /assets/textures/tinySLATES60.png
15:47:12.963 [FXGL Background Thread 1 ] DEBUG AssetLoader          - Loading from cache: /assets/textures/tinySLATES60.png
15:47:12.963 [FXGL Background Thread 1 ] DEBUG AssetLoader          - Loading from cache: /assets/textures/tinySLATES60.png
15:47:12.963 [FXGL Background Thread 1 ] DEBUG AssetLoader          - Loading from cache: /assets/textures/tinySLATES60.png
15:47:12.963 [FXGL Background Thread 1 ] DEBUG AssetLoader          - Loading from cache: /assets/textures/tinySLATES60.png
15:47:12.963 [FXGL Background Thread 1 ] DEBUG AssetLoader          - Loading from cache: /assets/textures/tinySLATES60.png
15:47:12.963 [FXGL Background Thread 1 ] DEBUG AssetLoader          - Loading from cache: /assets/textures/tinySLATES60.png
15:47:12.964 [FXGL Background Thread 1 ] DEBUG AssetLoader          - Loading from cache: /assets/textures/tinySLATES60.png
15:47:12.964 [FXGL Background Thread 1 ] DEBUG AssetLoader          - Loading from cache: /assets/textures/tinySLATES60.png
15:47:12.964 [FXGL Background Thread 1 ] DEBUG AssetLoader          - Loading from cache: /assets/textures/tinySLATES60.png
15:47:12.964 [FXGL Background Thread 1 ] DEBUG AssetLoader          - Loading from cache: /assets/textures/tinySLATES60.png
15:47:12.964 [FXGL Background Thread 1 ] DEBUG AssetLoader          - Loading from cache: /assets/textures/tinySLATES60.png
15:47:12.964 [FXGL Background Thread 1 ] DEBUG AssetLoader          - Loading from cache: /assets/textures/tinySLATES60.png
15:47:12.964 [FXGL Background Thread 1 ] DEBUG AssetLoader          - Loading from cache: /assets/textures/tinySLATES60.png
15:47:12.964 [FXGL Background Thread 1 ] DEBUG AssetLoader          - Loading from cache: /assets/textures/tinySLATES60.png
15:47:12.964 [FXGL Background Thread 1 ] DEBUG AssetLoader          - Loading from cache: /assets/textures/tinySLATES60.png
15:47:12.964 [FXGL Background Thread 1 ] DEBUG AssetLoader          - Loading from cache: /assets/textures/tinySLATES60.png
15:47:12.964 [FXGL Background Thread 1 ] DEBUG AssetLoader          - Loading from cache: /assets/textures/tinySLATES60.png
15:47:12.964 [FXGL Background Thread 1 ] DEBUG AssetLoader          - Loading from cache: /assets/textures/tinySLATES60.png
15:47:12.965 [FXGL Background Thread 1 ] DEBUG AssetLoader          - Loading from cache: /assets/textures/tinySLATES60.png
15:47:12.965 [FXGL Background Thread 1 ] DEBUG AssetLoader          - Loading from cache: /assets/textures/tinySLATES60.png
15:47:12.965 [FXGL Background Thread 1 ] DEBUG AssetLoader          - Loading from cache: /assets/textures/tinySLATES60.png
15:47:12.965 [FXGL Background Thread 1 ] DEBUG AssetLoader          - Loading from cache: /assets/textures/tinySLATES60.png
15:47:12.965 [FXGL Background Thread 1 ] DEBUG AssetLoader          - Loading from cache: /assets/textures/tinySLATES60.png
15:47:12.965 [FXGL Background Thread 1 ] DEBUG AssetLoader          - Loading from cache: /assets/textures/tinySLATES60.png
15:47:12.965 [FXGL Background Thread 1 ] DEBUG AssetLoader          - Loading from cache: /assets/textures/tinySLATES60.png
15:47:12.965 [FXGL Background Thread 1 ] DEBUG AssetLoader          - Loading from cache: /assets/textures/tinySLATES60.png
15:47:12.965 [FXGL Background Thread 1 ] DEBUG AssetLoader          - Loading from cache: /assets/textures/tinySLATES60.png
15:47:12.965 [FXGL Background Thread 1 ] DEBUG AssetLoader          - Loading from cache: /assets/textures/tinySLATES60.png
15:47:12.966 [FXGL Background Thread 1 ] DEBUG AssetLoader          - Loading from cache: /assets/textures/tinySLATES60.png
15:47:12.966 [FXGL Background Thread 1 ] DEBUG AssetLoader          - Loading from cache: /assets/textures/tinySLATES60.png
15:47:12.966 [FXGL Background Thread 1 ] DEBUG AssetLoader          - Loading from cache: /assets/textures/tinySLATES60.png
15:47:12.966 [FXGL Background Thread 1 ] DEBUG AssetLoader          - Loading from cache: /assets/textures/tinySLATES60.png
15:47:12.966 [FXGL Background Thread 1 ] DEBUG AssetLoader          - Loading from cache: /assets/textures/tinySLATES60.png
15:47:12.966 [FXGL Background Thread 1 ] DEBUG AssetLoader          - Loading from cache: /assets/textures/tinySLATES60.png
15:47:12.966 [FXGL Background Thread 1 ] DEBUG AssetLoader          - Loading from cache: /assets/textures/tinySLATES60.png
15:47:12.966 [FXGL Background Thread 1 ] DEBUG AssetLoader          - Loading from cache: /assets/textures/tinySLATES60.png
15:47:12.966 [FXGL Background Thread 1 ] DEBUG AssetLoader          - Loading from cache: /assets/textures/tinySLATES60.png
15:47:12.966 [FXGL Background Thread 1 ] DEBUG AssetLoader          - Loading from cache: /assets/textures/tinySLATES60.png
15:47:12.967 [FXGL Background Thread 1 ] DEBUG AssetLoader          - Loading from cache: /assets/textures/tinySLATES60.png
15:47:12.967 [FXGL Background Thread 1 ] DEBUG AssetLoader          - Loading from cache: /assets/textures/tinySLATES60.png
15:47:12.967 [FXGL Background Thread 1 ] DEBUG AssetLoader          - Loading from cache: /assets/textures/tinySLATES60.png
15:47:12.967 [FXGL Background Thread 1 ] DEBUG AssetLoader          - Loading from cache: /assets/textures/tinySLATES60.png
15:47:12.967 [FXGL Background Thread 1 ] DEBUG AssetLoader          - Loading from cache: /assets/textures/tinySLATES60.png
15:47:12.967 [FXGL Background Thread 1 ] DEBUG AssetLoader          - Loading from cache: /assets/textures/tinySLATES60.png
15:47:12.967 [FXGL Background Thread 1 ] DEBUG AssetLoader          - Loading from cache: /assets/textures/tinySLATES60.png
15:47:12.967 [FXGL Background Thread 1 ] DEBUG AssetLoader          - Loading from cache: /assets/textures/tinySLATES60.png
15:47:12.967 [FXGL Background Thread 1 ] DEBUG AssetLoader          - Loading from cache: /assets/textures/tinySLATES60.png
15:47:12.967 [FXGL Background Thread 1 ] DEBUG AssetLoader          - Loading from cache: /assets/textures/tinySLATES60.png
15:47:12.967 [FXGL Background Thread 1 ] DEBUG AssetLoader          - Loading from cache: /assets/textures/tinySLATES60.png
15:47:12.968 [FXGL Background Thread 1 ] DEBUG AssetLoader          - Loading from cache: /assets/textures/tinySLATES60.png
15:47:12.968 [FXGL Background Thread 1 ] DEBUG AssetLoader          - Loading from cache: /assets/textures/tinySLATES60.png
15:47:12.968 [FXGL Background Thread 1 ] DEBUG AssetLoader          - Loading from cache: /assets/textures/tinySLATES60.png
15:47:12.968 [FXGL Background Thread 1 ] DEBUG AssetLoader          - Loading from cache: /assets/textures/tinySLATES60.png
15:47:12.968 [FXGL Background Thread 1 ] DEBUG AssetLoader          - Loading from cache: /assets/textures/tinySLATES60.png
15:47:12.968 [FXGL Background Thread 1 ] DEBUG AssetLoader          - Loading from cache: /assets/textures/tinySLATES60.png
15:47:12.968 [FXGL Background Thread 1 ] DEBUG AssetLoader          - Loading from cache: /assets/textures/tinySLATES60.png
15:47:12.968 [FXGL Background Thread 1 ] DEBUG AssetLoader          - Loading from cache: /assets/textures/tinySLATES60.png
15:47:12.969 [FXGL Background Thread 1 ] DEBUG AssetLoader          - Loading from cache: /assets/textures/tinySLATES60.png
15:47:12.969 [FXGL Background Thread 1 ] DEBUG AssetLoader          - Loading from cache: /assets/textures/tinySLATES60.png
15:47:12.969 [FXGL Background Thread 1 ] DEBUG AssetLoader          - Loading from cache: /assets/textures/tinySLATES60.png
15:47:12.969 [FXGL Background Thread 1 ] DEBUG AssetLoader          - Loading from cache: /assets/textures/tinySLATES60.png
15:47:12.969 [FXGL Background Thread 1 ] DEBUG AssetLoader          - Loading from cache: /assets/textures/tinySLATES60.png
15:47:12.969 [FXGL Background Thread 1 ] DEBUG AssetLoader          - Loading from cache: /assets/textures/tinySLATES60.png
15:47:12.969 [FXGL Background Thread 1 ] DEBUG AssetLoader          - Loading from cache: /assets/textures/tinySLATES60.png
15:47:12.969 [FXGL Background Thread 1 ] DEBUG AssetLoader          - Loading from cache: /assets/textures/tinySLATES60.png
15:47:12.971 [FXGL Background Thread 1 ] DEBUG GameScene            - Creating render group for layer: BACKGROUND(1000)
15:47:12.976 [FXGL Background Thread 1 ] DEBUG AssetLoader          - Loading from cache: /assets/textures/tinySLATES60.png
15:47:12.976 [FXGL Background Thread 1 ] DEBUG AssetLoader          - Loading from cache: /assets/textures/tinySLATES60.png
15:47:12.976 [FXGL Background Thread 1 ] DEBUG AssetLoader          - Loading from cache: /assets/textures/tinySLATES60.png
15:47:12.976 [FXGL Background Thread 1 ] DEBUG AssetLoader          - Loading from cache: /assets/textures/tinySLATES60.png
15:47:12.976 [FXGL Background Thread 1 ] DEBUG AssetLoader          - Loading from cache: /assets/textures/tinySLATES60.png
15:47:12.976 [FXGL Background Thread 1 ] DEBUG AssetLoader          - Loading from cache: /assets/textures/tinySLATES60.png
15:47:12.977 [FXGL Background Thread 1 ] DEBUG AssetLoader          - Loading from cache: /assets/textures/tinySLATES60.png
15:47:12.977 [FXGL Background Thread 1 ] DEBUG AssetLoader          - Loading from cache: /assets/textures/tinySLATES60.png
15:47:12.977 [FXGL Background Thread 1 ] DEBUG AssetLoader          - Loading from cache: /assets/textures/tinySLATES60.png
15:47:12.977 [FXGL Background Thread 1 ] DEBUG AssetLoader          - Loading from cache: /assets/textures/tinySLATES60.png
15:47:12.977 [FXGL Background Thread 1 ] DEBUG AssetLoader          - Loading from cache: /assets/textures/tinySLATES60.png
15:47:12.977 [FXGL Background Thread 1 ] DEBUG AssetLoader          - Loading from cache: /assets/textures/tinySLATES60.png
15:47:12.977 [FXGL Background Thread 1 ] DEBUG AssetLoader          - Loading from cache: /assets/textures/tinySLATES60.png
15:47:12.977 [FXGL Background Thread 1 ] DEBUG AssetLoader          - Loading from cache: /assets/textures/tinySLATES60.png
15:47:12.977 [FXGL Background Thread 1 ] DEBUG AssetLoader          - Loading from cache: /assets/textures/tinySLATES60.png
15:47:12.977 [FXGL Background Thread 1 ] DEBUG AssetLoader          - Loading from cache: /assets/textures/tinySLATES60.png
15:47:12.977 [FXGL Background Thread 1 ] DEBUG AssetLoader          - Loading from cache: /assets/textures/tinySLATES60.png
15:47:12.977 [FXGL Background Thread 1 ] DEBUG AssetLoader          - Loading from cache: /assets/textures/tinySLATES60.png
15:47:12.978 [FXGL Background Thread 1 ] DEBUG AssetLoader          - Loading from cache: /assets/textures/tinySLATES60.png
15:47:12.978 [FXGL Background Thread 1 ] DEBUG AssetLoader          - Loading from cache: /assets/textures/tinySLATES60.png
15:47:12.978 [FXGL Background Thread 1 ] DEBUG AssetLoader          - Loading from cache: /assets/textures/tinySLATES60.png
15:47:12.978 [FXGL Background Thread 1 ] DEBUG AssetLoader          - Loading from cache: /assets/textures/tinySLATES60.png
15:47:12.978 [FXGL Background Thread 1 ] DEBUG AssetLoader          - Loading from cache: /assets/textures/tinySLATES60.png
15:47:12.978 [FXGL Background Thread 1 ] DEBUG AssetLoader          - Loading from cache: /assets/textures/tinySLATES60.png
15:47:12.978 [FXGL Background Thread 1 ] DEBUG AssetLoader          - Loading from cache: /assets/textures/tinySLATES60.png
15:47:12.978 [FXGL Background Thread 1 ] DEBUG AssetLoader          - Loading from cache: /assets/textures/tinySLATES60.png
15:47:12.978 [FXGL Background Thread 1 ] DEBUG AssetLoader          - Loading from cache: /assets/textures/tinySLATES60.png
15:47:12.978 [FXGL Background Thread 1 ] DEBUG AssetLoader          - Loading from cache: /assets/textures/tinySLATES60.png
15:47:12.978 [FXGL Background Thread 1 ] DEBUG AssetLoader          - Loading from cache: /assets/textures/tinySLATES60.png
15:47:12.979 [FXGL Background Thread 1 ] DEBUG AssetLoader          - Loading from cache: /assets/textures/tinySLATES60.png
15:47:12.979 [FXGL Background Thread 1 ] DEBUG AssetLoader          - Loading from cache: /assets/textures/tinySLATES60.png
15:47:12.979 [FXGL Background Thread 1 ] DEBUG AssetLoader          - Loading from cache: /assets/textures/tinySLATES60.png
15:47:12.979 [FXGL Background Thread 1 ] DEBUG AssetLoader          - Loading from cache: /assets/textures/tinySLATES60.png
15:47:12.979 [FXGL Background Thread 1 ] DEBUG AssetLoader          - Loading from cache: /assets/textures/tinySLATES60.png
15:47:12.979 [FXGL Background Thread 1 ] DEBUG AssetLoader          - Loading from cache: /assets/textures/tinySLATES60.png
15:47:12.979 [FXGL Background Thread 1 ] DEBUG AssetLoader          - Loading from cache: /assets/textures/tinySLATES60.png
15:47:12.979 [FXGL Background Thread 1 ] DEBUG AssetLoader          - Loading from cache: /assets/textures/tinySLATES60.png
15:47:12.979 [FXGL Background Thread 1 ] DEBUG AssetLoader          - Loading from cache: /assets/textures/tinySLATES60.png
15:47:12.979 [FXGL Background Thread 1 ] DEBUG AssetLoader          - Loading from cache: /assets/textures/tinySLATES60.png
15:47:12.979 [FXGL Background Thread 1 ] DEBUG AssetLoader          - Loading from cache: /assets/textures/tinySLATES60.png
15:47:12.980 [FXGL Background Thread 1 ] DEBUG AssetLoader          - Loading from cache: /assets/textures/tinySLATES60.png
15:47:12.980 [FXGL Background Thread 1 ] DEBUG AssetLoader          - Loading from cache: /assets/textures/tinySLATES60.png
15:47:12.980 [FXGL Background Thread 1 ] DEBUG AssetLoader          - Loading from cache: /assets/textures/tinySLATES60.png
15:47:12.980 [FXGL Background Thread 1 ] DEBUG AssetLoader          - Loading from cache: /assets/textures/tinySLATES60.png
15:47:12.980 [FXGL Background Thread 1 ] DEBUG AssetLoader          - Loading from cache: /assets/textures/tinySLATES60.png
15:47:12.980 [FXGL Background Thread 1 ] DEBUG AssetLoader          - Loading from cache: /assets/textures/tinySLATES60.png
15:47:12.980 [FXGL Background Thread 1 ] DEBUG AssetLoader          - Loading from cache: /assets/textures/tinySLATES60.png
15:47:12.980 [FXGL Background Thread 1 ] DEBUG AssetLoader          - Loading from cache: /assets/textures/tinySLATES60.png
15:47:12.980 [FXGL Background Thread 1 ] DEBUG AssetLoader          - Loading from cache: /assets/textures/tinySLATES60.png
15:47:12.980 [FXGL Background Thread 1 ] DEBUG AssetLoader          - Loading from cache: /assets/textures/tinySLATES60.png
15:47:12.980 [FXGL Background Thread 1 ] DEBUG AssetLoader          - Loading from cache: /assets/textures/tinySLATES60.png
15:47:12.980 [FXGL Background Thread 1 ] DEBUG AssetLoader          - Loading from cache: /assets/textures/tinySLATES60.png
15:47:12.981 [FXGL Background Thread 1 ] DEBUG AssetLoader          - Loading from cache: /assets/textures/tinySLATES60.png
15:47:12.981 [FXGL Background Thread 1 ] DEBUG AssetLoader          - Loading from cache: /assets/textures/tinySLATES60.png
15:47:12.981 [FXGL Background Thread 1 ] DEBUG AssetLoader          - Loading from cache: /assets/textures/tinySLATES60.png
15:47:12.981 [FXGL Background Thread 1 ] DEBUG AssetLoader          - Loading from cache: /assets/textures/tinySLATES60.png
15:47:12.981 [FXGL Background Thread 1 ] DEBUG AssetLoader          - Loading from cache: /assets/textures/tinySLATES60.png
15:47:12.981 [FXGL Background Thread 1 ] DEBUG AssetLoader          - Loading from cache: /assets/textures/tinySLATES60.png
15:47:12.981 [FXGL Background Thread 1 ] DEBUG AssetLoader          - Loading from cache: /assets/textures/tinySLATES60.png
15:47:12.981 [FXGL Background Thread 1 ] DEBUG AssetLoader          - Loading from cache: /assets/textures/tinySLATES60.png
15:47:12.981 [FXGL Background Thread 1 ] DEBUG AssetLoader          - Loading from cache: /assets/textures/tinySLATES60.png
15:47:12.981 [FXGL Background Thread 1 ] DEBUG AssetLoader          - Loading from cache: /assets/textures/tinySLATES60.png
15:47:12.981 [FXGL Background Thread 1 ] DEBUG AssetLoader          - Loading from cache: /assets/textures/tinySLATES60.png
15:47:12.981 [FXGL Background Thread 1 ] DEBUG AssetLoader          - Loading from cache: /assets/textures/tinySLATES60.png
15:47:12.981 [FXGL Background Thread 1 ] DEBUG AssetLoader          - Loading from cache: /assets/textures/tinySLATES60.png
15:47:12.982 [FXGL Background Thread 1 ] DEBUG AssetLoader          - Loading from cache: /assets/textures/tinySLATES60.png
15:47:12.982 [FXGL Background Thread 1 ] DEBUG AssetLoader          - Loading from cache: /assets/textures/tinySLATES60.png
15:47:12.982 [FXGL Background Thread 1 ] DEBUG AssetLoader          - Loading from cache: /assets/textures/tinySLATES60.png
15:47:12.982 [FXGL Background Thread 1 ] DEBUG AssetLoader          - Loading from cache: /assets/textures/tinySLATES60.png
15:47:12.982 [FXGL Background Thread 1 ] DEBUG AssetLoader          - Loading from cache: /assets/textures/tinySLATES60.png
15:47:12.982 [FXGL Background Thread 1 ] DEBUG AssetLoader          - Loading from cache: /assets/textures/tinySLATES60.png
15:47:12.982 [FXGL Background Thread 1 ] DEBUG AssetLoader          - Loading from cache: /assets/textures/tinySLATES60.png
15:47:12.982 [FXGL Background Thread 1 ] DEBUG AssetLoader          - Loading from cache: /assets/textures/tinySLATES60.png
15:47:12.982 [FXGL Background Thread 1 ] DEBUG AssetLoader          - Loading from cache: /assets/textures/tinySLATES60.png
15:47:12.982 [FXGL Background Thread 1 ] DEBUG AssetLoader          - Loading from cache: /assets/textures/tinySLATES60.png
15:47:12.982 [FXGL Background Thread 1 ] DEBUG AssetLoader          - Loading from cache: /assets/textures/tinySLATES60.png
15:47:12.982 [FXGL Background Thread 1 ] DEBUG AssetLoader          - Loading from cache: /assets/textures/tinySLATES60.png
15:47:12.982 [FXGL Background Thread 1 ] DEBUG AssetLoader          - Loading from cache: /assets/textures/tinySLATES60.png
15:47:12.982 [FXGL Background Thread 1 ] DEBUG AssetLoader          - Loading from cache: /assets/textures/tinySLATES60.png
15:47:12.983 [FXGL Background Thread 1 ] DEBUG AssetLoader          - Loading from cache: /assets/textures/tinySLATES60.png
15:47:12.983 [FXGL Background Thread 1 ] DEBUG AssetLoader          - Loading from cache: /assets/textures/tinySLATES60.png
15:47:12.983 [FXGL Background Thread 1 ] DEBUG AssetLoader          - Loading from cache: /assets/textures/tinySLATES60.png
15:47:12.983 [FXGL Background Thread 1 ] DEBUG AssetLoader          - Loading from cache: /assets/textures/tinySLATES60.png
15:47:12.983 [FXGL Background Thread 1 ] DEBUG AssetLoader          - Loading from cache: /assets/textures/tinySLATES60.png
15:47:12.983 [FXGL Background Thread 1 ] DEBUG AssetLoader          - Loading from cache: /assets/textures/tinySLATES60.png
15:47:12.983 [FXGL Background Thread 1 ] DEBUG AssetLoader          - Loading from cache: /assets/textures/tinySLATES60.png
15:47:12.983 [FXGL Background Thread 1 ] DEBUG AssetLoader          - Loading from cache: /assets/textures/tinySLATES60.png
15:47:12.983 [FXGL Background Thread 1 ] DEBUG AssetLoader          - Loading from cache: /assets/textures/tinySLATES60.png
15:47:12.983 [FXGL Background Thread 1 ] DEBUG AssetLoader          - Loading from cache: /assets/textures/tinySLATES60.png
15:47:12.983 [FXGL Background Thread 1 ] DEBUG AssetLoader          - Loading from cache: /assets/textures/tinySLATES60.png
15:47:12.983 [FXGL Background Thread 1 ] DEBUG AssetLoader          - Loading from cache: /assets/textures/tinySLATES60.png
15:47:12.983 [FXGL Background Thread 1 ] DEBUG AssetLoader          - Loading from cache: /assets/textures/tinySLATES60.png
15:47:12.984 [FXGL Background Thread 1 ] DEBUG AssetLoader          - Loading from cache: /assets/textures/tinySLATES60.png
15:47:12.984 [FXGL Background Thread 1 ] DEBUG AssetLoader          - Loading from cache: /assets/textures/tinySLATES60.png
15:47:12.984 [FXGL Background Thread 1 ] DEBUG AssetLoader          - Loading from cache: /assets/textures/tinySLATES60.png
15:47:12.984 [FXGL Background Thread 1 ] DEBUG AssetLoader          - Loading from cache: /assets/textures/tinySLATES60.png
15:47:12.984 [FXGL Background Thread 1 ] DEBUG AssetLoader          - Loading from cache: /assets/textures/tinySLATES60.png
15:47:12.984 [FXGL Background Thread 1 ] DEBUG AssetLoader          - Loading from cache: /assets/textures/tinySLATES60.png
15:47:12.984 [FXGL Background Thread 1 ] DEBUG AssetLoader          - Loading from cache: /assets/textures/tinySLATES60.png
15:47:12.984 [FXGL Background Thread 1 ] DEBUG AssetLoader          - Loading from cache: /assets/textures/tinySLATES60.png
15:47:12.984 [FXGL Background Thread 1 ] DEBUG AssetLoader          - Loading from cache: /assets/textures/tinySLATES60.png
15:47:12.984 [FXGL Background Thread 1 ] DEBUG AssetLoader          - Loading from cache: /assets/textures/tinySLATES60.png
15:47:12.984 [FXGL Background Thread 1 ] DEBUG AssetLoader          - Loading from cache: /assets/textures/tinySLATES60.png
15:47:12.984 [FXGL Background Thread 1 ] DEBUG AssetLoader          - Loading from cache: /assets/textures/tinySLATES60.png
15:47:12.985 [FXGL Background Thread 1 ] DEBUG AssetLoader          - Loading from cache: /assets/textures/tinySLATES60.png
15:47:12.985 [FXGL Background Thread 1 ] DEBUG AssetLoader          - Loading from cache: /assets/textures/tinySLATES60.png
15:47:12.985 [FXGL Background Thread 1 ] DEBUG AssetLoader          - Loading from cache: /assets/textures/tinySLATES60.png
15:47:12.985 [FXGL Background Thread 1 ] DEBUG AssetLoader          - Loading from cache: /assets/textures/tinySLATES60.png
15:47:12.985 [FXGL Background Thread 1 ] DEBUG AssetLoader          - Loading from cache: /assets/textures/tinySLATES60.png
15:47:12.985 [FXGL Background Thread 1 ] DEBUG AssetLoader          - Loading from cache: /assets/textures/tinySLATES60.png
15:47:12.985 [FXGL Background Thread 1 ] DEBUG AssetLoader          - Loading from cache: /assets/textures/tinySLATES60.png
15:47:12.985 [FXGL Background Thread 1 ] DEBUG AssetLoader          - Loading from cache: /assets/textures/tinySLATES60.png
15:47:12.985 [FXGL Background Thread 1 ] DEBUG AssetLoader          - Loading from cache: /assets/textures/tinySLATES60.png
15:47:12.985 [FXGL Background Thread 1 ] DEBUG AssetLoader          - Loading from cache: /assets/textures/tinySLATES60.png
15:47:12.985 [FXGL Background Thread 1 ] DEBUG AssetLoader          - Loading from cache: /assets/textures/tinySLATES60.png
15:47:12.985 [FXGL Background Thread 1 ] DEBUG AssetLoader          - Loading from cache: /assets/textures/tinySLATES60.png
15:47:12.985 [FXGL Background Thread 1 ] DEBUG AssetLoader          - Loading from cache: /assets/textures/tinySLATES60.png
15:47:12.986 [FXGL Background Thread 1 ] DEBUG AssetLoader          - Loading from cache: /assets/textures/tinySLATES60.png
15:47:12.986 [FXGL Background Thread 1 ] DEBUG AssetLoader          - Loading from cache: /assets/textures/tinySLATES60.png
15:47:12.986 [FXGL Background Thread 1 ] DEBUG AssetLoader          - Loading from cache: /assets/textures/tinySLATES60.png
15:47:12.986 [FXGL Background Thread 1 ] DEBUG AssetLoader          - Loading from cache: /assets/textures/tinySLATES60.png
15:47:12.986 [FXGL Background Thread 1 ] DEBUG AssetLoader          - Loading from cache: /assets/textures/tinySLATES60.png
15:47:12.986 [FXGL Background Thread 1 ] DEBUG AssetLoader          - Loading from cache: /assets/textures/tinySLATES60.png
15:47:12.986 [FXGL Background Thread 1 ] DEBUG AssetLoader          - Loading from cache: /assets/textures/tinySLATES60.png
15:47:12.986 [FXGL Background Thread 1 ] DEBUG AssetLoader          - Loading from cache: /assets/textures/tinySLATES60.png
15:47:12.986 [FXGL Background Thread 1 ] DEBUG AssetLoader          - Loading from cache: /assets/textures/tinySLATES60.png
15:47:12.987 [FXGL Background Thread 1 ] DEBUG AssetLoader          - Loading from cache: /assets/textures/tinySLATES60.png
15:47:12.987 [FXGL Background Thread 1 ] DEBUG AssetLoader          - Loading from cache: /assets/textures/tinySLATES60.png
15:47:12.987 [FXGL Background Thread 1 ] DEBUG AssetLoader          - Loading from cache: /assets/textures/tinySLATES60.png
15:47:12.987 [FXGL Background Thread 1 ] DEBUG AssetLoader          - Loading from cache: /assets/textures/tinySLATES60.png
15:47:12.987 [FXGL Background Thread 1 ] DEBUG AssetLoader          - Loading from cache: /assets/textures/tinySLATES60.png
15:47:12.987 [FXGL Background Thread 1 ] DEBUG AssetLoader          - Loading from cache: /assets/textures/tinySLATES60.png
15:47:12.987 [FXGL Background Thread 1 ] DEBUG AssetLoader          - Loading from cache: /assets/textures/tinySLATES60.png
15:47:12.987 [FXGL Background Thread 1 ] DEBUG AssetLoader          - Loading from cache: /assets/textures/tinySLATES60.png
15:47:12.987 [FXGL Background Thread 1 ] DEBUG AssetLoader          - Loading from cache: /assets/textures/tinySLATES60.png
15:47:12.987 [FXGL Background Thread 1 ] DEBUG AssetLoader          - Loading from cache: /assets/textures/tinySLATES60.png
15:47:12.994 [FXGL Background Thread 1 ] DEBUG AssetLoader          - Loading from cache: /assets/textures/tinySLATES60.png
15:47:12.994 [FXGL Background Thread 1 ] DEBUG AssetLoader          - Loading from cache: /assets/textures/tinySLATES60.png
15:47:12.994 [FXGL Background Thread 1 ] DEBUG AssetLoader          - Loading from cache: /assets/textures/tinySLATES60.png
15:47:12.994 [FXGL Background Thread 1 ] DEBUG AssetLoader          - Loading from cache: /assets/textures/tinySLATES60.png
15:47:12.994 [FXGL Background Thread 1 ] DEBUG AssetLoader          - Loading from cache: /assets/textures/tinySLATES60.png
15:47:12.994 [FXGL Background Thread 1 ] DEBUG AssetLoader          - Loading from cache: /assets/textures/tinySLATES60.png
15:47:12.995 [FXGL Background Thread 1 ] DEBUG AssetLoader          - Loading from cache: /assets/textures/tinySLATES60.png
15:47:12.995 [FXGL Background Thread 1 ] DEBUG AssetLoader          - Loading from cache: /assets/textures/tinySLATES60.png
15:47:12.995 [FXGL Background Thread 1 ] DEBUG AssetLoader          - Loading from cache: /assets/textures/tinySLATES60.png
15:47:12.995 [FXGL Background Thread 1 ] DEBUG AssetLoader          - Loading from cache: /assets/textures/tinySLATES60.png
15:47:12.995 [FXGL Background Thread 1 ] DEBUG AssetLoader          - Loading from cache: /assets/textures/tinySLATES60.png
15:47:12.995 [FXGL Background Thread 1 ] DEBUG AssetLoader          - Loading from cache: /assets/textures/tinySLATES60.png
15:47:12.995 [FXGL Background Thread 1 ] DEBUG AssetLoader          - Loading from cache: /assets/textures/tinySLATES60.png
15:47:12.995 [FXGL Background Thread 1 ] DEBUG AssetLoader          - Loading from cache: /assets/textures/tinySLATES60.png
15:47:12.995 [FXGL Background Thread 1 ] DEBUG AssetLoader          - Loading from cache: /assets/textures/tinySLATES60.png
15:47:12.995 [FXGL Background Thread 1 ] DEBUG AssetLoader          - Loading from cache: /assets/textures/tinySLATES60.png
15:47:12.995 [FXGL Background Thread 1 ] DEBUG AssetLoader          - Loading from cache: /assets/textures/tinySLATES60.png
15:47:12.996 [FXGL Background Thread 1 ] DEBUG AssetLoader          - Loading from cache: /assets/textures/tinySLATES60.png
15:47:12.996 [FXGL Background Thread 1 ] DEBUG AssetLoader          - Loading from cache: /assets/textures/tinySLATES60.png
15:47:12.996 [FXGL Background Thread 1 ] DEBUG AssetLoader          - Loading from cache: /assets/textures/tinySLATES60.png
15:47:12.996 [FXGL Background Thread 1 ] DEBUG AssetLoader          - Loading from cache: /assets/textures/tinySLATES60.png
15:47:12.996 [FXGL Background Thread 1 ] DEBUG AssetLoader          - Loading from cache: /assets/textures/tinySLATES60.png
15:47:12.996 [FXGL Background Thread 1 ] DEBUG AssetLoader          - Loading from cache: /assets/textures/tinySLATES60.png
15:47:12.996 [FXGL Background Thread 1 ] DEBUG AssetLoader          - Loading from cache: /assets/textures/tinySLATES60.png
15:47:12.996 [FXGL Background Thread 1 ] DEBUG AssetLoader          - Loading from cache: /assets/textures/tinySLATES60.png
15:47:12.996 [FXGL Background Thread 1 ] DEBUG AssetLoader          - Loading from cache: /assets/textures/tinySLATES60.png
15:47:12.996 [FXGL Background Thread 1 ] DEBUG AssetLoader          - Loading from cache: /assets/textures/tinySLATES60.png
15:47:12.996 [FXGL Background Thread 1 ] DEBUG AssetLoader          - Loading from cache: /assets/textures/tinySLATES60.png
15:47:12.997 [FXGL Background Thread 1 ] DEBUG AssetLoader          - Loading from cache: /assets/textures/tinySLATES60.png
15:47:12.997 [FXGL Background Thread 1 ] DEBUG AssetLoader          - Loading from cache: /assets/textures/tinySLATES60.png
15:47:12.997 [FXGL Background Thread 1 ] DEBUG AssetLoader          - Loading from cache: /assets/textures/tinySLATES60.png
15:47:12.997 [FXGL Background Thread 1 ] DEBUG AssetLoader          - Loading from cache: /assets/textures/tinySLATES60.png
15:47:12.997 [FXGL Background Thread 1 ] DEBUG AssetLoader          - Loading from cache: /assets/textures/tinySLATES60.png
15:47:12.997 [FXGL Background Thread 1 ] DEBUG AssetLoader          - Loading from cache: /assets/textures/tinySLATES60.png
15:47:12.997 [FXGL Background Thread 1 ] DEBUG AssetLoader          - Loading from cache: /assets/textures/tinySLATES60.png
15:47:12.997 [FXGL Background Thread 1 ] DEBUG AssetLoader          - Loading from cache: /assets/textures/tinySLATES60.png
15:47:12.997 [FXGL Background Thread 1 ] DEBUG AssetLoader          - Loading from cache: /assets/textures/tinySLATES60.png
15:47:12.997 [FXGL Background Thread 1 ] DEBUG AssetLoader          - Loading from cache: /assets/textures/tinySLATES60.png
15:47:12.997 [FXGL Background Thread 1 ] DEBUG AssetLoader          - Loading from cache: /assets/textures/tinySLATES60.png
15:47:12.998 [FXGL Background Thread 1 ] DEBUG AssetLoader          - Loading from cache: /assets/textures/tinySLATES60.png
15:47:12.998 [FXGL Background Thread 1 ] DEBUG AssetLoader          - Loading from cache: /assets/textures/tinySLATES60.png
15:47:12.998 [FXGL Background Thread 1 ] DEBUG AssetLoader          - Loading from cache: /assets/textures/tinySLATES60.png
15:47:12.998 [FXGL Background Thread 1 ] DEBUG AssetLoader          - Loading from cache: /assets/textures/tinySLATES60.png
15:47:12.998 [FXGL Background Thread 1 ] DEBUG AssetLoader          - Loading from cache: /assets/textures/tinySLATES60.png
15:47:12.998 [FXGL Background Thread 1 ] DEBUG AssetLoader          - Loading from cache: /assets/textures/tinySLATES60.png
15:47:12.998 [FXGL Background Thread 1 ] DEBUG AssetLoader          - Loading from cache: /assets/textures/tinySLATES60.png
15:47:12.998 [FXGL Background Thread 1 ] DEBUG AssetLoader          - Loading from cache: /assets/textures/tinySLATES60.png
15:47:12.998 [FXGL Background Thread 1 ] DEBUG AssetLoader          - Loading from cache: /assets/textures/tinySLATES60.png
15:47:12.999 [FXGL Background Thread 1 ] DEBUG AssetLoader          - Loading from cache: /assets/textures/tinySLATES60.png
15:47:12.999 [FXGL Background Thread 1 ] DEBUG AssetLoader          - Loading from cache: /assets/textures/tinySLATES60.png
15:47:12.999 [FXGL Background Thread 1 ] DEBUG AssetLoader          - Loading from cache: /assets/textures/tinySLATES60.png
15:47:12.999 [FXGL Background Thread 1 ] DEBUG AssetLoader          - Loading from cache: /assets/textures/tinySLATES60.png
15:47:12.999 [FXGL Background Thread 1 ] DEBUG AssetLoader          - Loading from cache: /assets/textures/tinySLATES60.png
15:47:12.999 [FXGL Background Thread 1 ] DEBUG AssetLoader          - Loading from cache: /assets/textures/tinySLATES60.png
15:47:12.999 [FXGL Background Thread 1 ] DEBUG AssetLoader          - Loading from cache: /assets/textures/tinySLATES60.png
15:47:12.999 [FXGL Background Thread 1 ] DEBUG AssetLoader          - Loading from cache: /assets/textures/tinySLATES60.png
15:47:12.999 [FXGL Background Thread 1 ] DEBUG AssetLoader          - Loading from cache: /assets/textures/tinySLATES60.png
15:47:12.999 [FXGL Background Thread 1 ] DEBUG AssetLoader          - Loading from cache: /assets/textures/tinySLATES60.png
15:47:13.000 [FXGL Background Thread 1 ] DEBUG AssetLoader          - Loading from cache: /assets/textures/tinySLATES60.png
15:47:13.000 [FXGL Background Thread 1 ] DEBUG AssetLoader          - Loading from cache: /assets/textures/tinySLATES60.png
15:47:13.000 [FXGL Background Thread 1 ] DEBUG AssetLoader          - Loading from cache: /assets/textures/tinySLATES60.png
15:47:13.000 [FXGL Background Thread 1 ] DEBUG AssetLoader          - Loading from cache: /assets/textures/tinySLATES60.png
15:47:13.000 [FXGL Background Thread 1 ] DEBUG AssetLoader          - Loading from cache: /assets/textures/tinySLATES60.png
15:47:13.000 [FXGL Background Thread 1 ] DEBUG AssetLoader          - Loading from cache: /assets/textures/tinySLATES60.png
15:47:13.000 [FXGL Background Thread 1 ] DEBUG AssetLoader          - Loading from cache: /assets/textures/tinySLATES60.png
15:47:13.000 [FXGL Background Thread 1 ] DEBUG AssetLoader          - Loading from cache: /assets/textures/tinySLATES60.png
15:47:13.000 [FXGL Background Thread 1 ] DEBUG AssetLoader          - Loading from cache: /assets/textures/tinySLATES60.png
15:47:13.001 [FXGL Background Thread 1 ] DEBUG AssetLoader          - Loading from cache: /assets/textures/tinySLATES60.png
15:47:13.001 [FXGL Background Thread 1 ] DEBUG AssetLoader          - Loading from cache: /assets/textures/tinySLATES60.png
15:47:13.001 [FXGL Background Thread 1 ] DEBUG AssetLoader          - Loading from cache: /assets/textures/tinySLATES60.png
15:47:13.001 [FXGL Background Thread 1 ] DEBUG AssetLoader          - Loading from cache: /assets/textures/tinySLATES60.png
15:47:13.001 [FXGL Background Thread 1 ] DEBUG AssetLoader          - Loading from cache: /assets/textures/tinySLATES60.png
15:47:13.001 [FXGL Background Thread 1 ] DEBUG AssetLoader          - Loading from cache: /assets/textures/tinySLATES60.png
15:47:13.001 [FXGL Background Thread 1 ] DEBUG AssetLoader          - Loading from cache: /assets/textures/tinySLATES60.png
15:47:13.001 [FXGL Background Thread 1 ] DEBUG AssetLoader          - Loading from cache: /assets/textures/tinySLATES60.png
15:47:13.002 [FXGL Background Thread 1 ] DEBUG AssetLoader          - Loading from cache: /assets/textures/tinySLATES60.png
15:47:13.002 [FXGL Background Thread 1 ] DEBUG AssetLoader          - Loading from cache: /assets/textures/tinySLATES60.png
15:47:13.002 [FXGL Background Thread 1 ] DEBUG AssetLoader          - Loading from cache: /assets/textures/tinySLATES60.png
15:47:13.002 [FXGL Background Thread 1 ] DEBUG AssetLoader          - Loading from cache: /assets/textures/tinySLATES60.png
15:47:13.002 [FXGL Background Thread 1 ] DEBUG AssetLoader          - Loading from cache: /assets/textures/tinySLATES60.png
15:47:13.002 [FXGL Background Thread 1 ] DEBUG AssetLoader          - Loading from cache: /assets/textures/tinySLATES60.png
15:47:13.002 [FXGL Background Thread 1 ] DEBUG AssetLoader          - Loading from cache: /assets/textures/tinySLATES60.png
15:47:13.002 [FXGL Background Thread 1 ] DEBUG AssetLoader          - Loading from cache: /assets/textures/tinySLATES60.png
15:47:13.012 [FXGL Background Thread 1 ] DEBUG AssetLoader          - Loading from disk: /assets/textures/redHero.png
15:47:13.014 [FXGL Background Thread 1 ] DEBUG GameScene            - Creating render group for layer: DEFAULT(100000)
15:47:13.015 [FXGL Background Thread 1 ] DEBUG AssetLoader          - Loading from disk: /assets/textures/blueHero.png
15:47:13.016 [FXGL Background Thread 1 ] DEBUG AssetLoader          - Loading from disk: /assets/textures/greenHero.png
15:47:13.018 [FXGL Background Thread 1 ] DEBUG AssetLoader          - Loading from disk: /assets/textures/UI.png
15:47:13.021 [FXGL Background Thread 1 ] DEBUG InitAppTask          - Initializing Physics
15:47:13.021 [FXGL Background Thread 1 ] DEBUG InitAppTask          - Initializing UI
15:47:13.024 [FXGL Background Thread 1 ] DEBUG AssetLoader          - Loading from disk: /assets/ui/cursors/cursor.png
15:47:13.042 [FXGL Background Thread 1 ] DEBUG InitAppTask          - Initialization Complete
15:47:13.042 [FXGL Background Thread 1 ] INFO  InitAppTask          - Game initialization took: 0,354 sec
15:47:13.080 [JavaFX Application Thread] DEBUG Input                - Clearing active input actions
15:47:13.080 [JavaFX Application Thread] DEBUG AssetLoader          - Loading from disk: /assets/ui/css/fxgl_dark.css
15:47:13.088 [JavaFX Application Thread] DEBUG AppStateMachine      - LoadingState -> PlayState
15:48:58.507 [JavaFX Application Thread] DEBUG LoopRunner           - Pausing loop
15:51:51.795 [JavaFX Application Thread] DEBUG LoopRunner           - Resuming loop
15:52:30.035 [JavaFX Application Thread] DEBUG LoopRunner           - Pausing loop
16:17:28.149 [JavaFX Application Thread] DEBUG LoopRunner           - Resuming loop
16:17:28.825 [JavaFX Application Thread] DEBUG LoopRunner           - Pausing loop
16:46:26.596 [JavaFX Application Thread] DEBUG FXGL                 - Exiting FXGL
16:46:26.597 [JavaFX Application Thread] DEBUG FXGL                 - Shutting down background threads
16:46:26.599 [JavaFX Application Thread] DEBUG FXGL                 - Saving FXGL system data
16:46:26.617 [JavaFX Application Thread] DEBUG DesktopFSService     - Writing to: system\fxgl.bundle
16:46:26.626 [JavaFX Application Thread] DEBUG FXGL                 - Closing logger and exiting JavaFX
