00:17:49.781 [JavaFX Application Thread] DEBUG GameApplication      - Logger initialized
00:17:49.797 [JavaFX Application Thread] DEBUG GameApplication      - Logging settings
Title: Journey down the den
Version: 0.3
Width: 1920
Height: 1080
Fullscreen: true
Intro: false
Menus: false
Profiling: true
Single step:false
App Mode: DEVELOPER
Menu Key: ESCAPE
Stage Style: DECORATED
Scene Factory: class com.almasb.fxgl.scene.SceneFactory
Dialog Factory: class com.almasb.fxgl.ui.FXGLDialogFactory
UI Factory: class com.almasb.fxgl.ui.FXGLUIFactory
Notification Service: class com.almasb.fxgl.gameplay.notification.XboxNotificationView
Exception Handler: class com.almasb.fxgl.app.FXGLExceptionHandler
00:17:49.797 [JavaFX Application Thread] DEBUG GameApplication      - Starting FXGL
00:17:49.803 [JavaFX Application Thread] INFO  FXGL                 - FXGL-0.5.4 on DESKTOP
00:17:49.804 [JavaFX Application Thread] INFO  FXGL                 - Source code and latest versions at: https://github.com/AlmasB/FXGL
00:17:49.804 [JavaFX Application Thread] INFO  FXGL                 -              Join the FXGL chat at: https://gitter.im/AlmasB/FXGL
00:17:49.804 [JavaFX Application Thread] DEBUG FXGL                 - FXGL started
00:17:49.804 [JavaFX Application Thread] DEBUG FXGL                 - Initializing FXGL
00:17:49.857 [JavaFX Application Thread] DEBUG AssetLoader          - Loading from disk: /assets/ui/cursors/fxgl_default.png
00:17:49.938 [JavaFX Application Thread] DEBUG AssetLoader          - Loading from disk: /assets/ui/fonts/VarelaRound-Regular.ttf
00:17:50.293 [JavaFX Application Thread] DEBUG MainWindow           - Creating a JavaFX scene
00:17:50.323 [JavaFX Application Thread] DEBUG MainWindow           - Target settings size: 1920.0 x 1080.0
00:17:50.323 [JavaFX Application Thread] DEBUG MainWindow           - Scaled scene size:    1920.0 x 1080.0
00:17:50.324 [JavaFX Application Thread] DEBUG MainWindow           - Scaled ratio: (1.0, 1.0)
00:17:50.335 [JavaFX Application Thread] DEBUG AssetLoader          - Loading from disk: /assets/ui/css/fxgl_dark.css
00:17:50.339 [JavaFX Application Thread] DEBUG AssetLoader          - Loading from disk: /assets/textures/JDTD_icon.png
00:17:50.346 [JavaFX Application Thread] DEBUG MainWindow           - Opening main window
00:17:50.517 [JavaFX Application Thread] DEBUG MainWindow           - Window border size: (16.0, 20.0)
00:17:50.517 [JavaFX Application Thread] DEBUG MainWindow           - Scaled size: 1920.0 x 1080.0
00:17:50.517 [JavaFX Application Thread] DEBUG MainWindow           - Scaled ratio: (1.0, 1.0)
00:17:50.517 [JavaFX Application Thread] DEBUG MainWindow           - Scene size: 1920.0 x 1080.0
00:17:50.517 [JavaFX Application Thread] DEBUG MainWindow           - Stage size: 1936.0 x 1100.0
00:17:50.549 [ForkJoinPool.commonPool-worker-9] DEBUG FS                   - Loaded DesktopFSService
00:17:50.549 [ForkJoinPool.commonPool-worker-9] DEBUG FXGL                 - Loading FXGL system data
00:17:50.557 [ForkJoinPool.commonPool-worker-9] DEBUG DesktopFSService     - Reading from: system\fxgl.bundle
00:17:50.565 [ForkJoinPool.commonPool-worker-9] DEBUG Bundle               - Logging bundle: FXGL
00:17:50.566 [ForkJoinPool.commonPool-worker-9] DEBUG Bundle               - FXGL.offline.timer.version.check=2020-11-18T09:51:52.340
00:17:50.566 [ForkJoinPool.commonPool-worker-9] DEBUG FXGL                 - Initializing state machine and application states
00:17:50.569 [ForkJoinPool.commonPool-worker-9] DEBUG AssetLoader          - Loading from disk: /assets/ui/cursors/fxgl_default.png
00:17:50.578 [ForkJoinPool.commonPool-worker-9] DEBUG AssetLoader          - Loading from disk: /assets/ui/cursors/fxgl_default.png
00:17:50.583 [ForkJoinPool.commonPool-worker-9] DEBUG AssetLoader          - Loading from cache: /assets/ui/fonts/VarelaRound-Regular.ttf
00:17:50.586 [ForkJoinPool.commonPool-worker-9] DEBUG AssetLoader          - Loading from disk: /assets/ui/cursors/fxgl_default.png
00:17:50.587 [ForkJoinPool.commonPool-worker-9] DEBUG AssetLoader          - Loading from disk: /assets/ui/fonts/lucida_console.ttf
00:17:50.593 [ForkJoinPool.commonPool-worker-9] DEBUG GameScene            - Game scene initialized: 1920x1080
00:17:50.600 [ForkJoinPool.commonPool-worker-9] DEBUG GameWorld            - Game world initialized
00:17:50.646 [ForkJoinPool.commonPool-worker-9] DEBUG PhysicsWorld         - Physics world initialized: appHeight=1080, physics.ppm=50,0
00:17:50.676 [ForkJoinPool.commonPool-worker-9] DEBUG Input                - Registered new binding: Pause - Esc
00:17:50.709 [JavaFX Application Thread] DEBUG FXGL                 - Running preInit()
00:17:50.711 [JavaFX Application Thread] DEBUG Input                - Registered new binding: Screenshot - P
00:17:50.711 [JavaFX Application Thread] DEBUG Input                - Registered new binding: Dev Options - CTRL+0
00:17:50.711 [JavaFX Application Thread] DEBUG Input                - Registered new binding: System info dump - CTRL+9
00:17:50.712 [JavaFX Application Thread] DEBUG Input                - Registered new binding: Restart - CTRL+R
00:17:50.712 [JavaFX Application Thread] DEBUG Input                - Registered new binding: Show grid - F
00:17:50.713 [JavaFX Application Thread] INFO  FXGL                 - FXGL initialization took: 0,909 sec
00:17:50.713 [JavaFX Application Thread] DEBUG LoopRunner           - Starting loop
00:17:50.715 [JavaFX Application Thread] DEBUG StartupState         - STARTUP
00:17:50.715 [JavaFX Application Thread] DEBUG GameApplication      - Starting new game
00:17:50.716 [JavaFX Application Thread] DEBUG Input                - Clearing active input actions
00:17:50.716 [JavaFX Application Thread] DEBUG AssetLoader          - Loading from disk: /assets/ui/css/fxgl_dark.css
00:17:50.721 [JavaFX Application Thread] DEBUG AppStateMachine      - StartupState -> LoadingState
00:17:50.726 [FXGL Background Thread 1 ] DEBUG InitAppTask          - Clearing previous game
00:17:50.726 [FXGL Background Thread 1 ] DEBUG GameWorld            - Clearing game world
00:17:50.726 [FXGL Background Thread 1 ] DEBUG PhysicsWorld         - Clearing physics world
00:17:50.726 [FXGL Background Thread 1 ] DEBUG GameScene            - Clearing game scene
00:17:50.727 [FXGL Background Thread 1 ] DEBUG InitAppTask          - Initializing Game
00:17:50.744 [FXGL Background Thread 1 ] DEBUG AssetLoader          - Loading from disk: /assets/tmx/level1.tmx
00:17:50.762 [FXGL Background Thread 1 ] WARN  TMXParser            - TiledMap generated from 1.4.2. Supported version: 1.1.2. Some features may not be parsed fully.
00:17:50.778 [FXGL Background Thread 1 ] DEBUG GameWorld            - Clearing removable entities
00:17:50.778 [FXGL Background Thread 1 ] DEBUG GameWorld            - Setting level from map
00:17:50.818 [FXGL Background Thread 1 ] DEBUG AssetLoader          - Loading from disk: /assets/textures/iso-64x64-outside.png
00:17:50.819 [FXGL Background Thread 1 ] FATAL AssetLoader          - Loading failed for asset: iso-64x64-outside.png. Cause: Asset "/assets/textures/iso-64x64-outside.png" was not found!
00:17:50.819 [JavaFX Application Thread] FATAL FXGL                 - Uncaught Exception:

Fatal exception occurred: java.lang.IllegalArgumentException : Failed to load asset: iso-64x64-outside.png. Cause: Asset "/assets/textures/iso-64x64-outside.png" was not found!
E: com.almasb.fxgl.asset.AssetLoader.loadFailed(AssetLoader.kt:737)
E: com.almasb.fxgl.asset.AssetLoader.loadTexture(AssetLoader.kt:200)
E: com.almasb.fxgl.entity.Entities.loadTilesetImage(Entities.java:447)
E: com.almasb.fxgl.entity.Entities.access$400(Entities.java:39)
E: com.almasb.fxgl.entity.Entities$EntityBuilder.tilesToView(Entities.java:332)
E: com.almasb.fxgl.entity.Entities$EntityBuilder.viewFromTiles(Entities.java:284)
E: com.almasb.fxgl.entity.GameWorld.setLevelFromMap(GameWorld.kt:272)
E: com.almasb.fxgl.entity.GameWorld.setLevelFromMap(GameWorld.kt:258)
E: jeu.BasicGameApp.initGame(BasicGameApp.java:57)
E: com.almasb.fxgl.app.GameApplication.internalInitGame(GameApplication.java:238)
E: com.almasb.fxgl.app.LoadingState$InitAppTask.initGame(AppStates.kt:168)
E: com.almasb.fxgl.app.LoadingState$InitAppTask.call(AppStates.kt:138)
E: com.almasb.fxgl.app.LoadingState$InitAppTask.call(AppStates.kt:127)
E: javafx.concurrent.Task$TaskCallable.call(Task.java:1423)
E: java.util.concurrent.FutureTask.run(FutureTask.java:266)
E: java.util.concurrent.Executors$RunnableAdapter.call(Executors.java:511)
E: java.util.concurrent.FutureTask.run(FutureTask.java:266)
E: java.util.concurrent.ThreadPoolExecutor.runWorker(ThreadPoolExecutor.java:1149)
E: java.util.concurrent.ThreadPoolExecutor$Worker.run(ThreadPoolExecutor.java:624)
E: java.lang.Thread.run(Thread.java:748)

00:17:50.820 [JavaFX Application Thread] FATAL FXGL                 - Application will now exit
00:17:50.820 [JavaFX Application Thread] DEBUG LoopRunner           - Stopping loop
00:17:53.016 [JavaFX Application Thread] DEBUG FXGL                 - Exiting FXGL
00:17:53.016 [JavaFX Application Thread] DEBUG FXGL                 - Shutting down background threads
00:17:53.016 [JavaFX Application Thread] INFO  Profiler             - Processed Frames: 7
00:17:53.017 [JavaFX Application Thread] INFO  Profiler             - Average FPS: 51
00:17:53.017 [JavaFX Application Thread] INFO  Profiler             - Avg Frame Took: 1,44 ms
00:17:53.018 [JavaFX Application Thread] INFO  Profiler             - Avg Memory Usage: 12 MB
00:17:53.018 [JavaFX Application Thread] INFO  Profiler             - Min Memory Usage: 9 MB
00:17:53.018 [JavaFX Application Thread] INFO  Profiler             - Max Memory Usage: 25 MB
00:17:53.018 [JavaFX Application Thread] INFO  Profiler             - Estimated GC runs: 1
00:17:53.018 [JavaFX Application Thread] DEBUG FXGL                 - Saving FXGL system data
00:17:53.024 [JavaFX Application Thread] DEBUG DesktopFSService     - Writing to: system\fxgl.bundle
00:17:53.031 [JavaFX Application Thread] DEBUG FXGL                 - Closing logger and exiting JavaFX
