00:15:47.134 [JavaFX Application Thread] DEBUG GameApplication      - Logger initialized
00:15:47.149 [JavaFX Application Thread] DEBUG GameApplication      - Logging settings
Title: Journey down the den
Version: 0.3
Width: 1920
Height: 1080
Fullscreen: true
Intro: false
Menus: false
Profiling: true
Single step:false
App Mode: DEVELOPER
Menu Key: ESCAPE
Stage Style: DECORATED
Scene Factory: class com.almasb.fxgl.scene.SceneFactory
Dialog Factory: class com.almasb.fxgl.ui.FXGLDialogFactory
UI Factory: class com.almasb.fxgl.ui.FXGLUIFactory
Notification Service: class com.almasb.fxgl.gameplay.notification.XboxNotificationView
Exception Handler: class com.almasb.fxgl.app.FXGLExceptionHandler
00:15:47.150 [JavaFX Application Thread] DEBUG GameApplication      - Starting FXGL
00:15:47.156 [JavaFX Application Thread] INFO  FXGL                 - FXGL-0.5.4 on DESKTOP
00:15:47.156 [JavaFX Application Thread] INFO  FXGL                 - Source code and latest versions at: https://github.com/AlmasB/FXGL
00:15:47.156 [JavaFX Application Thread] INFO  FXGL                 -              Join the FXGL chat at: https://gitter.im/AlmasB/FXGL
00:15:47.156 [JavaFX Application Thread] DEBUG FXGL                 - FXGL started
00:15:47.156 [JavaFX Application Thread] DEBUG FXGL                 - Initializing FXGL
00:15:47.205 [JavaFX Application Thread] DEBUG AssetLoader          - Loading from disk: /assets/ui/cursors/fxgl_default.png
00:15:47.276 [JavaFX Application Thread] DEBUG AssetLoader          - Loading from disk: /assets/ui/fonts/VarelaRound-Regular.ttf
00:15:47.629 [JavaFX Application Thread] DEBUG MainWindow           - Creating a JavaFX scene
00:15:47.658 [JavaFX Application Thread] DEBUG MainWindow           - Target settings size: 1920.0 x 1080.0
00:15:47.658 [JavaFX Application Thread] DEBUG MainWindow           - Scaled scene size:    1920.0 x 1080.0
00:15:47.658 [JavaFX Application Thread] DEBUG MainWindow           - Scaled ratio: (1.0, 1.0)
00:15:47.669 [JavaFX Application Thread] DEBUG AssetLoader          - Loading from disk: /assets/ui/css/fxgl_dark.css
00:15:47.673 [JavaFX Application Thread] DEBUG AssetLoader          - Loading from disk: /assets/textures/JDTD_icon.png
00:15:47.681 [JavaFX Application Thread] DEBUG MainWindow           - Opening main window
00:15:47.853 [JavaFX Application Thread] DEBUG MainWindow           - Window border size: (16.0, 20.0)
00:15:47.854 [JavaFX Application Thread] DEBUG MainWindow           - Scaled size: 1920.0 x 1080.0
00:15:47.854 [JavaFX Application Thread] DEBUG MainWindow           - Scaled ratio: (1.0, 1.0)
00:15:47.854 [JavaFX Application Thread] DEBUG MainWindow           - Scene size: 1920.0 x 1080.0
00:15:47.854 [JavaFX Application Thread] DEBUG MainWindow           - Stage size: 1936.0 x 1100.0
00:15:47.884 [ForkJoinPool.commonPool-worker-9] DEBUG FS                   - Loaded DesktopFSService
00:15:47.884 [ForkJoinPool.commonPool-worker-9] DEBUG FXGL                 - Loading FXGL system data
00:15:47.891 [ForkJoinPool.commonPool-worker-9] DEBUG DesktopFSService     - Reading from: system\fxgl.bundle
00:15:47.899 [ForkJoinPool.commonPool-worker-9] DEBUG Bundle               - Logging bundle: FXGL
00:15:47.899 [ForkJoinPool.commonPool-worker-9] DEBUG Bundle               - FXGL.offline.timer.version.check=2020-11-18T09:51:52.340
00:15:47.900 [ForkJoinPool.commonPool-worker-9] DEBUG FXGL                 - Initializing state machine and application states
00:15:47.901 [ForkJoinPool.commonPool-worker-9] DEBUG AssetLoader          - Loading from disk: /assets/ui/cursors/fxgl_default.png
00:15:47.906 [ForkJoinPool.commonPool-worker-9] DEBUG AssetLoader          - Loading from disk: /assets/ui/cursors/fxgl_default.png
00:15:47.917 [ForkJoinPool.commonPool-worker-9] DEBUG AssetLoader          - Loading from cache: /assets/ui/fonts/VarelaRound-Regular.ttf
00:15:47.919 [ForkJoinPool.commonPool-worker-9] DEBUG AssetLoader          - Loading from disk: /assets/ui/cursors/fxgl_default.png
00:15:47.920 [ForkJoinPool.commonPool-worker-9] DEBUG AssetLoader          - Loading from disk: /assets/ui/fonts/lucida_console.ttf
00:15:47.929 [ForkJoinPool.commonPool-worker-9] DEBUG GameScene            - Game scene initialized: 1920x1080
00:15:47.935 [ForkJoinPool.commonPool-worker-9] DEBUG GameWorld            - Game world initialized
00:15:47.980 [ForkJoinPool.commonPool-worker-9] DEBUG PhysicsWorld         - Physics world initialized: appHeight=1080, physics.ppm=50,0
00:15:48.010 [ForkJoinPool.commonPool-worker-9] DEBUG Input                - Registered new binding: Pause - Esc
00:15:48.043 [JavaFX Application Thread] DEBUG FXGL                 - Running preInit()
00:15:48.044 [JavaFX Application Thread] DEBUG Input                - Registered new binding: Screenshot - P
00:15:48.045 [JavaFX Application Thread] DEBUG Input                - Registered new binding: Dev Options - CTRL+0
00:15:48.045 [JavaFX Application Thread] DEBUG Input                - Registered new binding: System info dump - CTRL+9
00:15:48.046 [JavaFX Application Thread] DEBUG Input                - Registered new binding: Restart - CTRL+R
00:15:48.046 [JavaFX Application Thread] DEBUG Input                - Registered new binding: Show grid - F
00:15:48.046 [JavaFX Application Thread] INFO  FXGL                 - FXGL initialization took: 0,889 sec
00:15:48.046 [JavaFX Application Thread] DEBUG LoopRunner           - Starting loop
00:15:48.048 [JavaFX Application Thread] DEBUG StartupState         - STARTUP
00:15:48.048 [JavaFX Application Thread] DEBUG GameApplication      - Starting new game
00:15:48.048 [JavaFX Application Thread] DEBUG Input                - Clearing active input actions
00:15:48.049 [JavaFX Application Thread] DEBUG AssetLoader          - Loading from disk: /assets/ui/css/fxgl_dark.css
00:15:48.053 [JavaFX Application Thread] DEBUG AppStateMachine      - StartupState -> LoadingState
00:15:48.058 [FXGL Background Thread 1 ] DEBUG InitAppTask          - Clearing previous game
00:15:48.058 [FXGL Background Thread 1 ] DEBUG GameWorld            - Clearing game world
00:15:48.058 [FXGL Background Thread 1 ] DEBUG PhysicsWorld         - Clearing physics world
00:15:48.058 [FXGL Background Thread 1 ] DEBUG GameScene            - Clearing game scene
00:15:48.059 [FXGL Background Thread 1 ] DEBUG InitAppTask          - Initializing Game
00:15:48.078 [FXGL Background Thread 1 ] DEBUG AssetLoader          - Loading from disk: /assets/tmx/level1.tmx
00:15:48.114 [FXGL Background Thread 1 ] WARN  TMXParser            - TiledMap generated from 1.4.2. Supported version: 1.1.2. Some features may not be parsed fully.
00:15:48.130 [FXGL Background Thread 1 ] DEBUG GameWorld            - Clearing removable entities
00:15:48.130 [FXGL Background Thread 1 ] DEBUG GameWorld            - Setting level from map
00:15:48.171 [FXGL Background Thread 1 ] DEBUG AssetLoader          - Loading from disk: /assets/textures/iso-64x64-outside.png
00:15:48.172 [FXGL Background Thread 1 ] FATAL AssetLoader          - Loading failed for asset: iso-64x64-outside.png. Cause: Asset "/assets/textures/iso-64x64-outside.png" was not found!
00:15:48.173 [JavaFX Application Thread] FATAL FXGL                 - Uncaught Exception:

Fatal exception occurred: java.lang.IllegalArgumentException : Failed to load asset: iso-64x64-outside.png. Cause: Asset "/assets/textures/iso-64x64-outside.png" was not found!
E: com.almasb.fxgl.asset.AssetLoader.loadFailed(AssetLoader.kt:737)
E: com.almasb.fxgl.asset.AssetLoader.loadTexture(AssetLoader.kt:200)
E: com.almasb.fxgl.entity.Entities.loadTilesetImage(Entities.java:447)
E: com.almasb.fxgl.entity.Entities.access$400(Entities.java:39)
E: com.almasb.fxgl.entity.Entities$EntityBuilder.tilesToView(Entities.java:332)
E: com.almasb.fxgl.entity.Entities$EntityBuilder.viewFromTiles(Entities.java:284)
E: com.almasb.fxgl.entity.GameWorld.setLevelFromMap(GameWorld.kt:272)
E: com.almasb.fxgl.entity.GameWorld.setLevelFromMap(GameWorld.kt:258)
E: jeu.BasicGameApp.initGame(BasicGameApp.java:57)
E: com.almasb.fxgl.app.GameApplication.internalInitGame(GameApplication.java:238)
E: com.almasb.fxgl.app.LoadingState$InitAppTask.initGame(AppStates.kt:168)
E: com.almasb.fxgl.app.LoadingState$InitAppTask.call(AppStates.kt:138)
E: com.almasb.fxgl.app.LoadingState$InitAppTask.call(AppStates.kt:127)
E: javafx.concurrent.Task$TaskCallable.call(Task.java:1423)
E: java.util.concurrent.FutureTask.run(FutureTask.java:266)
E: java.util.concurrent.Executors$RunnableAdapter.call(Executors.java:511)
E: java.util.concurrent.FutureTask.run(FutureTask.java:266)
E: java.util.concurrent.ThreadPoolExecutor.runWorker(ThreadPoolExecutor.java:1149)
E: java.util.concurrent.ThreadPoolExecutor$Worker.run(ThreadPoolExecutor.java:624)
E: java.lang.Thread.run(Thread.java:748)

00:15:48.173 [JavaFX Application Thread] FATAL FXGL                 - Application will now exit
00:15:48.173 [JavaFX Application Thread] DEBUG LoopRunner           - Stopping loop
00:16:05.171 [JavaFX Application Thread] DEBUG FXGL                 - Exiting FXGL
00:16:05.171 [JavaFX Application Thread] DEBUG FXGL                 - Shutting down background threads
00:16:05.172 [JavaFX Application Thread] INFO  Profiler             - Processed Frames: 8
00:16:05.172 [JavaFX Application Thread] INFO  Profiler             - Average FPS: 52
00:16:05.172 [JavaFX Application Thread] INFO  Profiler             - Avg Frame Took: 1,21 ms
00:16:05.172 [JavaFX Application Thread] INFO  Profiler             - Avg Memory Usage: 12 MB
00:16:05.172 [JavaFX Application Thread] INFO  Profiler             - Min Memory Usage: 9 MB
00:16:05.172 [JavaFX Application Thread] INFO  Profiler             - Max Memory Usage: 25 MB
00:16:05.172 [JavaFX Application Thread] INFO  Profiler             - Estimated GC runs: 1
00:16:05.173 [JavaFX Application Thread] DEBUG FXGL                 - Saving FXGL system data
00:16:05.175 [JavaFX Application Thread] DEBUG DesktopFSService     - Writing to: system\fxgl.bundle
00:16:05.178 [JavaFX Application Thread] DEBUG FXGL                 - Closing logger and exiting JavaFX
