11:05:03.487 [JavaFX Application Thread] DEBUG GameApplication      - Logger initialized
11:05:03.503 [JavaFX Application Thread] DEBUG GameApplication      - Logging settings
Title: Journey down the den
Version: 0.2
Width: 1920
Height: 1080
Fullscreen: true
Intro: false
Menus: false
Profiling: true
Single step:false
App Mode: DEVELOPER
Menu Key: ESCAPE
Stage Style: DECORATED
Scene Factory: class com.almasb.fxgl.scene.SceneFactory
Dialog Factory: class com.almasb.fxgl.ui.FXGLDialogFactory
UI Factory: class com.almasb.fxgl.ui.FXGLUIFactory
Notification Service: class com.almasb.fxgl.gameplay.notification.XboxNotificationView
Exception Handler: class com.almasb.fxgl.app.FXGLExceptionHandler
11:05:03.504 [JavaFX Application Thread] DEBUG GameApplication      - Starting FXGL
11:05:03.510 [JavaFX Application Thread] INFO  FXGL                 - FXGL-0.5.4 on DESKTOP
11:05:03.511 [JavaFX Application Thread] INFO  FXGL                 - Source code and latest versions at: https://github.com/AlmasB/FXGL
11:05:03.511 [JavaFX Application Thread] INFO  FXGL                 -              Join the FXGL chat at: https://gitter.im/AlmasB/FXGL
11:05:03.511 [JavaFX Application Thread] DEBUG FXGL                 - FXGL started
11:05:03.511 [JavaFX Application Thread] DEBUG FXGL                 - Initializing FXGL
11:05:03.568 [JavaFX Application Thread] DEBUG AssetLoader          - Loading from disk: /assets/ui/cursors/fxgl_default.png
11:05:03.648 [JavaFX Application Thread] DEBUG AssetLoader          - Loading from disk: /assets/ui/fonts/VarelaRound-Regular.ttf
11:05:04.026 [JavaFX Application Thread] DEBUG MainWindow           - Creating a JavaFX scene
11:05:04.057 [JavaFX Application Thread] DEBUG MainWindow           - Target settings size: 1920.0 x 1080.0
11:05:04.057 [JavaFX Application Thread] DEBUG MainWindow           - Scaled scene size:    1920.0 x 1080.0
11:05:04.057 [JavaFX Application Thread] DEBUG MainWindow           - Scaled ratio: (1.0, 1.0)
11:05:04.072 [JavaFX Application Thread] DEBUG AssetLoader          - Loading from disk: /assets/ui/css/fxgl_dark.css
11:05:04.076 [JavaFX Application Thread] DEBUG AssetLoader          - Loading from disk: /assets/textures/JDTD_icon.png
11:05:04.086 [JavaFX Application Thread] DEBUG MainWindow           - Opening main window
11:05:04.262 [JavaFX Application Thread] DEBUG MainWindow           - Window border size: (16.0, 20.0)
11:05:04.262 [JavaFX Application Thread] DEBUG MainWindow           - Scaled size: 1920.0 x 1080.0
11:05:04.262 [JavaFX Application Thread] DEBUG MainWindow           - Scaled ratio: (1.0, 1.0)
11:05:04.262 [JavaFX Application Thread] DEBUG MainWindow           - Scene size: 1920.0 x 1080.0
11:05:04.262 [JavaFX Application Thread] DEBUG MainWindow           - Stage size: 1936.0 x 1100.0
11:05:04.295 [ForkJoinPool.commonPool-worker-9] DEBUG FS                   - Loaded DesktopFSService
11:05:04.295 [ForkJoinPool.commonPool-worker-9] DEBUG FXGL                 - Loading FXGL system data
11:05:04.301 [ForkJoinPool.commonPool-worker-9] DEBUG DesktopFSService     - Reading from: system\fxgl.bundle
11:05:04.308 [ForkJoinPool.commonPool-worker-9] DEBUG Bundle               - Logging bundle: FXGL
11:05:04.308 [ForkJoinPool.commonPool-worker-9] DEBUG Bundle               - FXGL.offline.timer.version.check=2020-11-18T09:51:52.340
11:05:04.309 [ForkJoinPool.commonPool-worker-9] DEBUG FXGL                 - Initializing state machine and application states
11:05:04.310 [ForkJoinPool.commonPool-worker-9] DEBUG AssetLoader          - Loading from disk: /assets/ui/cursors/fxgl_default.png
11:05:04.315 [ForkJoinPool.commonPool-worker-9] DEBUG AssetLoader          - Loading from disk: /assets/ui/cursors/fxgl_default.png
11:05:04.324 [ForkJoinPool.commonPool-worker-9] DEBUG AssetLoader          - Loading from cache: /assets/ui/fonts/VarelaRound-Regular.ttf
11:05:04.326 [ForkJoinPool.commonPool-worker-9] DEBUG AssetLoader          - Loading from disk: /assets/ui/cursors/fxgl_default.png
11:05:04.327 [ForkJoinPool.commonPool-worker-9] DEBUG AssetLoader          - Loading from disk: /assets/ui/fonts/lucida_console.ttf
11:05:04.335 [ForkJoinPool.commonPool-worker-9] DEBUG GameScene            - Game scene initialized: 1920x1080
11:05:04.339 [ForkJoinPool.commonPool-worker-9] DEBUG GameWorld            - Game world initialized
11:05:04.386 [ForkJoinPool.commonPool-worker-9] DEBUG PhysicsWorld         - Physics world initialized: appHeight=1080, physics.ppm=50,0
11:05:04.418 [ForkJoinPool.commonPool-worker-9] DEBUG Input                - Registered new binding: Pause - Esc
11:05:04.452 [JavaFX Application Thread] DEBUG FXGL                 - Running preInit()
11:05:04.454 [JavaFX Application Thread] DEBUG Input                - Registered new binding: Screenshot - P
11:05:04.454 [JavaFX Application Thread] DEBUG Input                - Registered new binding: Dev Options - CTRL+0
11:05:04.455 [JavaFX Application Thread] DEBUG Input                - Registered new binding: System info dump - CTRL+9
11:05:04.455 [JavaFX Application Thread] DEBUG Input                - Registered new binding: Restart - CTRL+R
11:05:04.455 [JavaFX Application Thread] DEBUG Input                - Registered new binding: Show grid - F
11:05:04.456 [JavaFX Application Thread] INFO  FXGL                 - FXGL initialization took: 0,944 sec
11:05:04.456 [JavaFX Application Thread] DEBUG LoopRunner           - Starting loop
11:05:04.457 [JavaFX Application Thread] DEBUG StartupState         - STARTUP
11:05:04.457 [JavaFX Application Thread] DEBUG GameApplication      - Starting new game
11:05:04.457 [JavaFX Application Thread] DEBUG Input                - Clearing active input actions
11:05:04.458 [JavaFX Application Thread] DEBUG AssetLoader          - Loading from disk: /assets/ui/css/fxgl_dark.css
11:05:04.463 [JavaFX Application Thread] DEBUG AppStateMachine      - StartupState -> LoadingState
11:05:04.468 [FXGL Background Thread 1 ] DEBUG InitAppTask          - Clearing previous game
11:05:04.468 [FXGL Background Thread 1 ] DEBUG GameWorld            - Clearing game world
11:05:04.468 [FXGL Background Thread 1 ] DEBUG PhysicsWorld         - Clearing physics world
11:05:04.468 [FXGL Background Thread 1 ] DEBUG GameScene            - Clearing game scene
11:05:04.469 [FXGL Background Thread 1 ] DEBUG InitAppTask          - Initializing Game
11:05:04.505 [FXGL Background Thread 1 ] DEBUG AssetLoader          - Loading from disk: /assets/textures/redHero.png
11:05:04.511 [FXGL Background Thread 1 ] DEBUG GameScene            - Creating render group for layer: DEFAULT(100000)
11:05:04.519 [FXGL Background Thread 1 ] DEBUG AssetLoader          - Loading from disk: /assets/textures/Hero1_full.png
11:05:04.522 [FXGL Background Thread 1 ] DEBUG InitAppTask          - Initializing Physics
11:05:04.522 [FXGL Background Thread 1 ] DEBUG InitAppTask          - Initializing UI
11:05:04.522 [FXGL Background Thread 1 ] DEBUG AssetLoader          - Loading from disk: /assets/ui/cursors/cursor.png
11:05:04.527 [FXGL Background Thread 1 ] DEBUG InitAppTask          - Initialization Complete
11:05:04.528 [FXGL Background Thread 1 ] INFO  InitAppTask          - Game initialization took: 0,059 sec
11:05:04.537 [JavaFX Application Thread] DEBUG Input                - Clearing active input actions
11:05:04.537 [JavaFX Application Thread] DEBUG AssetLoader          - Loading from disk: /assets/ui/css/fxgl_dark.css
11:05:04.541 [JavaFX Application Thread] DEBUG AppStateMachine      - LoadingState -> PlayState
11:05:05.049 [JavaFX Application Thread] DEBUG AssetLoader          - Loading from disk: /assets/textures/grille.png
11:05:05.112 [JavaFX Application Thread] DEBUG AssetLoader          - Loading from cache: /assets/textures/grille.png
11:05:05.126 [JavaFX Application Thread] DEBUG AssetLoader          - Loading from cache: /assets/textures/grille.png
11:05:05.141 [JavaFX Application Thread] DEBUG AssetLoader          - Loading from cache: /assets/textures/grille.png
11:05:05.154 [JavaFX Application Thread] DEBUG AssetLoader          - Loading from cache: /assets/textures/grille.png
11:05:05.168 [JavaFX Application Thread] DEBUG AssetLoader          - Loading from cache: /assets/textures/grille.png
11:05:05.182 [JavaFX Application Thread] DEBUG AssetLoader          - Loading from cache: /assets/textures/grille.png
11:05:05.192 [JavaFX Application Thread] DEBUG AssetLoader          - Loading from cache: /assets/textures/grille.png
11:05:06.544 [JavaFX Application Thread] DEBUG FXGL                 - Exiting FXGL
11:05:06.544 [JavaFX Application Thread] DEBUG FXGL                 - Shutting down background threads
11:05:06.544 [JavaFX Application Thread] INFO  Profiler             - Processed Frames: 141
11:05:06.544 [JavaFX Application Thread] INFO  Profiler             - Average FPS: 59
11:05:06.545 [JavaFX Application Thread] INFO  Profiler             - Avg Frame Took: 0,58 ms
11:05:06.545 [JavaFX Application Thread] INFO  Profiler             - Avg Memory Usage: 15 MB
11:05:06.545 [JavaFX Application Thread] INFO  Profiler             - Min Memory Usage: 8 MB
11:05:06.545 [JavaFX Application Thread] INFO  Profiler             - Max Memory Usage: 18 MB
11:05:06.545 [JavaFX Application Thread] INFO  Profiler             - Estimated GC runs: 3
11:05:06.545 [JavaFX Application Thread] DEBUG FXGL                 - Saving FXGL system data
11:05:06.548 [JavaFX Application Thread] DEBUG DesktopFSService     - Writing to: system\fxgl.bundle
11:05:06.551 [JavaFX Application Thread] DEBUG FXGL                 - Closing logger and exiting JavaFX
