11:06:54.254 [JavaFX Application Thread] DEBUG GameApplication      - Logger initialized
11:06:54.269 [JavaFX Application Thread] DEBUG GameApplication      - Logging settings
Title: Journey down the den
Version: 0.2
Width: 1920
Height: 1080
Fullscreen: true
Intro: false
Menus: false
Profiling: true
Single step:false
App Mode: DEVELOPER
Menu Key: ESCAPE
Stage Style: DECORATED
Scene Factory: class com.almasb.fxgl.scene.SceneFactory
Dialog Factory: class com.almasb.fxgl.ui.FXGLDialogFactory
UI Factory: class com.almasb.fxgl.ui.FXGLUIFactory
Notification Service: class com.almasb.fxgl.gameplay.notification.XboxNotificationView
Exception Handler: class com.almasb.fxgl.app.FXGLExceptionHandler
11:06:54.270 [JavaFX Application Thread] DEBUG GameApplication      - Starting FXGL
11:06:54.276 [JavaFX Application Thread] INFO  FXGL                 - FXGL-0.5.4 on DESKTOP
11:06:54.276 [JavaFX Application Thread] INFO  FXGL                 - Source code and latest versions at: https://github.com/AlmasB/FXGL
11:06:54.276 [JavaFX Application Thread] INFO  FXGL                 -              Join the FXGL chat at: https://gitter.im/AlmasB/FXGL
11:06:54.277 [JavaFX Application Thread] DEBUG FXGL                 - FXGL started
11:06:54.277 [JavaFX Application Thread] DEBUG FXGL                 - Initializing FXGL
11:06:54.326 [JavaFX Application Thread] DEBUG AssetLoader          - Loading from disk: /assets/ui/cursors/fxgl_default.png
11:06:54.400 [JavaFX Application Thread] DEBUG AssetLoader          - Loading from disk: /assets/ui/fonts/VarelaRound-Regular.ttf
11:06:54.747 [JavaFX Application Thread] DEBUG MainWindow           - Creating a JavaFX scene
11:06:54.775 [JavaFX Application Thread] DEBUG MainWindow           - Target settings size: 1920.0 x 1080.0
11:06:54.775 [JavaFX Application Thread] DEBUG MainWindow           - Scaled scene size:    1920.0 x 1080.0
11:06:54.775 [JavaFX Application Thread] DEBUG MainWindow           - Scaled ratio: (1.0, 1.0)
11:06:54.787 [JavaFX Application Thread] DEBUG AssetLoader          - Loading from disk: /assets/ui/css/fxgl_dark.css
11:06:54.790 [JavaFX Application Thread] DEBUG AssetLoader          - Loading from disk: /assets/textures/JDTD_icon.png
11:06:54.799 [JavaFX Application Thread] DEBUG MainWindow           - Opening main window
11:06:54.970 [JavaFX Application Thread] DEBUG MainWindow           - Window border size: (16.0, 20.0)
11:06:54.970 [JavaFX Application Thread] DEBUG MainWindow           - Scaled size: 1920.0 x 1080.0
11:06:54.970 [JavaFX Application Thread] DEBUG MainWindow           - Scaled ratio: (1.0, 1.0)
11:06:54.970 [JavaFX Application Thread] DEBUG MainWindow           - Scene size: 1920.0 x 1080.0
11:06:54.971 [JavaFX Application Thread] DEBUG MainWindow           - Stage size: 1936.0 x 1100.0
11:06:55.002 [ForkJoinPool.commonPool-worker-9] DEBUG FS                   - Loaded DesktopFSService
11:06:55.002 [ForkJoinPool.commonPool-worker-9] DEBUG FXGL                 - Loading FXGL system data
11:06:55.008 [ForkJoinPool.commonPool-worker-9] DEBUG DesktopFSService     - Reading from: system\fxgl.bundle
11:06:55.015 [ForkJoinPool.commonPool-worker-9] DEBUG Bundle               - Logging bundle: FXGL
11:06:55.016 [ForkJoinPool.commonPool-worker-9] DEBUG Bundle               - FXGL.offline.timer.version.check=2020-11-18T09:51:52.340
11:06:55.016 [ForkJoinPool.commonPool-worker-9] DEBUG FXGL                 - Initializing state machine and application states
11:06:55.018 [ForkJoinPool.commonPool-worker-9] DEBUG AssetLoader          - Loading from disk: /assets/ui/cursors/fxgl_default.png
11:06:55.026 [ForkJoinPool.commonPool-worker-9] DEBUG AssetLoader          - Loading from disk: /assets/ui/cursors/fxgl_default.png
11:06:55.031 [ForkJoinPool.commonPool-worker-9] DEBUG AssetLoader          - Loading from cache: /assets/ui/fonts/VarelaRound-Regular.ttf
11:06:55.034 [ForkJoinPool.commonPool-worker-9] DEBUG AssetLoader          - Loading from disk: /assets/ui/cursors/fxgl_default.png
11:06:55.034 [ForkJoinPool.commonPool-worker-9] DEBUG AssetLoader          - Loading from disk: /assets/ui/fonts/lucida_console.ttf
11:06:55.041 [ForkJoinPool.commonPool-worker-9] DEBUG GameScene            - Game scene initialized: 1920x1080
11:06:55.046 [ForkJoinPool.commonPool-worker-9] DEBUG GameWorld            - Game world initialized
11:06:55.093 [ForkJoinPool.commonPool-worker-9] DEBUG PhysicsWorld         - Physics world initialized: appHeight=1080, physics.ppm=50,0
11:06:55.123 [ForkJoinPool.commonPool-worker-9] DEBUG Input                - Registered new binding: Pause - Esc
11:06:55.155 [JavaFX Application Thread] DEBUG FXGL                 - Running preInit()
11:06:55.157 [JavaFX Application Thread] DEBUG Input                - Registered new binding: Screenshot - P
11:06:55.157 [JavaFX Application Thread] DEBUG Input                - Registered new binding: Dev Options - CTRL+0
11:06:55.158 [JavaFX Application Thread] DEBUG Input                - Registered new binding: System info dump - CTRL+9
11:06:55.158 [JavaFX Application Thread] DEBUG Input                - Registered new binding: Restart - CTRL+R
11:06:55.158 [JavaFX Application Thread] DEBUG Input                - Registered new binding: Show grid - F
11:06:55.159 [JavaFX Application Thread] INFO  FXGL                 - FXGL initialization took: 0,881 sec
11:06:55.159 [JavaFX Application Thread] DEBUG LoopRunner           - Starting loop
11:06:55.160 [JavaFX Application Thread] DEBUG StartupState         - STARTUP
11:06:55.160 [JavaFX Application Thread] DEBUG GameApplication      - Starting new game
11:06:55.160 [JavaFX Application Thread] DEBUG Input                - Clearing active input actions
11:06:55.161 [JavaFX Application Thread] DEBUG AssetLoader          - Loading from disk: /assets/ui/css/fxgl_dark.css
11:06:55.165 [JavaFX Application Thread] DEBUG AppStateMachine      - StartupState -> LoadingState
11:06:55.169 [FXGL Background Thread 1 ] DEBUG InitAppTask          - Clearing previous game
11:06:55.169 [FXGL Background Thread 1 ] DEBUG GameWorld            - Clearing game world
11:06:55.169 [FXGL Background Thread 1 ] DEBUG PhysicsWorld         - Clearing physics world
11:06:55.170 [FXGL Background Thread 1 ] DEBUG GameScene            - Clearing game scene
11:06:55.171 [FXGL Background Thread 1 ] DEBUG InitAppTask          - Initializing Game
11:06:55.205 [FXGL Background Thread 1 ] DEBUG AssetLoader          - Loading from disk: /assets/textures/redHero.png
11:06:55.214 [FXGL Background Thread 1 ] DEBUG GameScene            - Creating render group for layer: DEFAULT(100000)
11:06:55.217 [FXGL Background Thread 1 ] DEBUG AssetLoader          - Loading from disk: /assets/textures/Hero1_full.png
11:06:55.219 [FXGL Background Thread 1 ] DEBUG InitAppTask          - Initializing Physics
11:06:55.220 [FXGL Background Thread 1 ] DEBUG InitAppTask          - Initializing UI
11:06:55.220 [FXGL Background Thread 1 ] DEBUG AssetLoader          - Loading from disk: /assets/ui/cursors/cursor.png
11:06:55.225 [FXGL Background Thread 1 ] DEBUG InitAppTask          - Initialization Complete
11:06:55.225 [FXGL Background Thread 1 ] INFO  InitAppTask          - Game initialization took: 0,056 sec
11:06:55.226 [JavaFX Application Thread] DEBUG Input                - Clearing active input actions
11:06:55.226 [JavaFX Application Thread] DEBUG AssetLoader          - Loading from disk: /assets/ui/css/fxgl_dark.css
11:06:55.230 [JavaFX Application Thread] DEBUG AppStateMachine      - LoadingState -> PlayState
11:06:57.571 [JavaFX Application Thread] DEBUG FXGL                 - Exiting FXGL
11:06:57.571 [JavaFX Application Thread] DEBUG FXGL                 - Shutting down background threads
11:06:57.572 [JavaFX Application Thread] INFO  Profiler             - Processed Frames: 156
11:06:57.572 [JavaFX Application Thread] INFO  Profiler             - Average FPS: 59
11:06:57.573 [JavaFX Application Thread] INFO  Profiler             - Avg Frame Took: 0,17 ms
11:06:57.573 [JavaFX Application Thread] INFO  Profiler             - Avg Memory Usage: 14 MB
11:06:57.573 [JavaFX Application Thread] INFO  Profiler             - Min Memory Usage: 9 MB
11:06:57.573 [JavaFX Application Thread] INFO  Profiler             - Max Memory Usage: 15 MB
11:06:57.573 [JavaFX Application Thread] INFO  Profiler             - Estimated GC runs: 1
11:06:57.574 [JavaFX Application Thread] DEBUG FXGL                 - Saving FXGL system data
11:06:57.577 [JavaFX Application Thread] DEBUG DesktopFSService     - Writing to: system\fxgl.bundle
11:06:57.580 [JavaFX Application Thread] DEBUG FXGL                 - Closing logger and exiting JavaFX
