15:15:54.088 [JavaFX Application Thread] DEBUG GameApplication      - Logger initialized
15:15:54.108 [JavaFX Application Thread] DEBUG GameApplication      - Logging settings
Title: Journey down the den
Version: 0.1
Width: 1920
Height: 1080
Fullscreen: false
Intro: false
Menus: false
Profiling: false
Single step:false
App Mode: DEVELOPER
Menu Key: ESCAPE
Stage Style: DECORATED
Scene Factory: class com.almasb.fxgl.scene.SceneFactory
Dialog Factory: class com.almasb.fxgl.ui.FXGLDialogFactory
UI Factory: class com.almasb.fxgl.ui.FXGLUIFactory
Notification Service: class com.almasb.fxgl.gameplay.notification.XboxNotificationView
Exception Handler: class com.almasb.fxgl.app.FXGLExceptionHandler
15:15:54.108 [JavaFX Application Thread] DEBUG GameApplication      - Starting FXGL
15:15:54.116 [JavaFX Application Thread] INFO  FXGL                 - FXGL-0.5.4 on DESKTOP
15:15:54.116 [JavaFX Application Thread] INFO  FXGL                 - Source code and latest versions at: https://github.com/AlmasB/FXGL
15:15:54.116 [JavaFX Application Thread] INFO  FXGL                 -              Join the FXGL chat at: https://gitter.im/AlmasB/FXGL
15:15:54.117 [JavaFX Application Thread] DEBUG FXGL                 - FXGL started
15:15:54.117 [JavaFX Application Thread] DEBUG FXGL                 - Initializing FXGL
15:15:54.168 [JavaFX Application Thread] DEBUG AssetLoader          - Loading from disk: /assets/ui/cursors/fxgl_default.png
15:15:54.246 [JavaFX Application Thread] DEBUG AssetLoader          - Loading from disk: /assets/ui/fonts/VarelaRound-Regular.ttf
15:15:54.611 [JavaFX Application Thread] DEBUG MainWindow           - Creating a JavaFX scene
15:15:54.612 [JavaFX Application Thread] DEBUG MainWindow           - Target size > screen size
15:15:54.643 [JavaFX Application Thread] DEBUG MainWindow           - Target settings size: 1920.0 x 1080.0
15:15:54.644 [JavaFX Application Thread] DEBUG MainWindow           - Scaled scene size:    1823.0 x 1039.0
15:15:54.644 [JavaFX Application Thread] DEBUG MainWindow           - Scaled ratio: (0.9494791666666667, 0.962037037037037)
15:15:54.654 [JavaFX Application Thread] DEBUG AssetLoader          - Loading from disk: /assets/ui/css/fxgl_dark.css
15:15:54.660 [JavaFX Application Thread] DEBUG AssetLoader          - Loading from disk: /assets/textures/fxgl_icon.png
15:15:54.666 [JavaFX Application Thread] DEBUG MainWindow           - Opening main window
15:15:54.846 [JavaFX Application Thread] DEBUG MainWindow           - Window border size: (16.0, 39.0)
15:15:54.846 [JavaFX Application Thread] DEBUG MainWindow           - Scaled size: 1823.0 x 1039.0
15:15:54.847 [JavaFX Application Thread] DEBUG MainWindow           - Scaled ratio: (0.9494791666666667, 0.962037037037037)
15:15:54.847 [JavaFX Application Thread] DEBUG MainWindow           - Scene size: 1823.0 x 1039.0
15:15:54.847 [JavaFX Application Thread] DEBUG MainWindow           - Stage size: 1839.0 x 1078.0
15:15:54.878 [ForkJoinPool.commonPool-worker-9] DEBUG FS                   - Loaded DesktopFSService
15:15:54.879 [ForkJoinPool.commonPool-worker-9] DEBUG FXGL                 - Loading FXGL system data
15:15:54.886 [ForkJoinPool.commonPool-worker-9] DEBUG DesktopFSService     - Reading from: system\fxgl.bundle
15:15:54.898 [ForkJoinPool.commonPool-worker-9] DEBUG Bundle               - Logging bundle: FXGL
15:15:54.899 [ForkJoinPool.commonPool-worker-9] DEBUG Bundle               - FXGL.offline.timer.version.check=2020-10-14T00:11:39.825
15:15:54.899 [ForkJoinPool.commonPool-worker-9] DEBUG FXGL                 - Initializing state machine and application states
15:15:54.901 [ForkJoinPool.commonPool-worker-9] DEBUG AssetLoader          - Loading from disk: /assets/ui/cursors/fxgl_default.png
15:15:54.905 [ForkJoinPool.commonPool-worker-9] DEBUG AssetLoader          - Loading from disk: /assets/ui/cursors/fxgl_default.png
15:15:54.914 [ForkJoinPool.commonPool-worker-9] DEBUG AssetLoader          - Loading from cache: /assets/ui/fonts/VarelaRound-Regular.ttf
15:15:54.916 [ForkJoinPool.commonPool-worker-9] DEBUG AssetLoader          - Loading from disk: /assets/ui/cursors/fxgl_default.png
15:15:54.918 [ForkJoinPool.commonPool-worker-9] DEBUG GameScene            - Game scene initialized: 1920x1080
15:15:54.923 [ForkJoinPool.commonPool-worker-9] DEBUG GameWorld            - Game world initialized
15:15:54.968 [ForkJoinPool.commonPool-worker-9] DEBUG PhysicsWorld         - Physics world initialized: appHeight=1080, physics.ppm=50,0
15:15:54.997 [ForkJoinPool.commonPool-worker-9] DEBUG Input                - Registered new binding: Pause - Esc
15:15:55.026 [JavaFX Application Thread] DEBUG FXGL                 - Running preInit()
15:15:55.028 [JavaFX Application Thread] DEBUG Input                - Registered new binding: Screenshot - P
15:15:55.028 [JavaFX Application Thread] DEBUG Input                - Registered new binding: Dev Options - CTRL+0
15:15:55.029 [JavaFX Application Thread] DEBUG Input                - Registered new binding: System info dump - CTRL+9
15:15:55.029 [JavaFX Application Thread] DEBUG Input                - Registered new binding: Restart - CTRL+R
15:15:55.029 [JavaFX Application Thread] DEBUG Input                - Registered new binding: Move Right - D
15:15:55.030 [JavaFX Application Thread] DEBUG Input                - Registered new binding: Move Left - Q
15:15:55.030 [JavaFX Application Thread] DEBUG Input                - Registered new binding: Move Up - Z
15:15:55.030 [JavaFX Application Thread] DEBUG Input                - Registered new binding: Move Down - S
15:15:55.030 [JavaFX Application Thread] INFO  FXGL                 - FXGL initialization took: 0,914 sec
15:15:55.031 [JavaFX Application Thread] DEBUG LoopRunner           - Starting loop
15:15:55.032 [JavaFX Application Thread] DEBUG StartupState         - STARTUP
15:15:55.033 [JavaFX Application Thread] DEBUG GameApplication      - Starting new game
15:15:55.033 [JavaFX Application Thread] DEBUG Input                - Clearing active input actions
15:15:55.033 [JavaFX Application Thread] DEBUG AssetLoader          - Loading from disk: /assets/ui/css/fxgl_dark.css
15:15:55.038 [JavaFX Application Thread] DEBUG AppStateMachine      - StartupState -> LoadingState
15:15:55.042 [FXGL Background Thread 1 ] DEBUG InitAppTask          - Clearing previous game
15:15:55.042 [FXGL Background Thread 1 ] DEBUG GameWorld            - Clearing game world
15:15:55.042 [FXGL Background Thread 1 ] DEBUG PhysicsWorld         - Clearing physics world
15:15:55.043 [FXGL Background Thread 1 ] DEBUG GameScene            - Clearing game scene
15:15:55.043 [FXGL Background Thread 1 ] DEBUG InitAppTask          - Initializing Game
15:15:55.072 [FXGL Background Thread 1 ] DEBUG AssetLoader          - Loading from disk: /assets/textures/mapTest.png
15:15:55.102 [FXGL Background Thread 1 ] DEBUG GameScene            - Creating render group for layer: DEFAULT(100000)
15:15:55.104 [FXGL Background Thread 1 ] DEBUG AssetLoader          - Loading from disk: /assets/textures/down_character.png
15:15:55.481 [FXGL Background Thread 1 ] DEBUG AudioPlayer          - Playing music com.almasb.fxgl.audio.Music@1b3e457
15:15:55.483 [FXGL Background Thread 1 ] DEBUG InitAppTask          - Initializing Physics
15:15:55.483 [FXGL Background Thread 1 ] DEBUG InitAppTask          - Initializing UI
15:15:55.483 [FXGL Background Thread 1 ] DEBUG AssetLoader          - Loading from cache: /assets/ui/fonts/VarelaRound-Regular.ttf
15:15:55.483 [FXGL Background Thread 1 ] DEBUG AssetLoader          - Loading from disk: /assets/ui/cursors/cursor.png
15:15:55.486 [FXGL Background Thread 1 ] DEBUG InitAppTask          - Initialization Complete
15:15:55.487 [FXGL Background Thread 1 ] INFO  InitAppTask          - Game initialization took: 0,444 sec
15:15:55.490 [JavaFX Application Thread] DEBUG Input                - Clearing active input actions
15:15:55.490 [JavaFX Application Thread] DEBUG AssetLoader          - Loading from disk: /assets/ui/css/fxgl_dark.css
15:15:55.531 [JavaFX Application Thread] DEBUG AppStateMachine      - LoadingState -> PlayState
15:16:04.299 [JavaFX Application Thread] DEBUG FXGL                 - Exiting FXGL
15:16:04.299 [JavaFX Application Thread] DEBUG FXGL                 - Shutting down background threads
15:16:04.300 [JavaFX Application Thread] DEBUG FXGL                 - Saving FXGL system data
15:16:04.302 [JavaFX Application Thread] DEBUG DesktopFSService     - Writing to: system\fxgl.bundle
15:16:04.305 [JavaFX Application Thread] DEBUG FXGL                 - Closing logger and exiting JavaFX
