09:58:42.171 [JavaFX Application Thread] DEBUG GameApplication      - Logger initialized
09:58:42.186 [JavaFX Application Thread] DEBUG GameApplication      - Logging settings
Title: Journey down the den
Version: 0.2
Width: 1920
Height: 1080
Fullscreen: true
Intro: false
Menus: false
Profiling: true
Single step:false
App Mode: DEVELOPER
Menu Key: ESCAPE
Stage Style: DECORATED
Scene Factory: class com.almasb.fxgl.scene.SceneFactory
Dialog Factory: class com.almasb.fxgl.ui.FXGLDialogFactory
UI Factory: class com.almasb.fxgl.ui.FXGLUIFactory
Notification Service: class com.almasb.fxgl.gameplay.notification.XboxNotificationView
Exception Handler: class com.almasb.fxgl.app.FXGLExceptionHandler
09:58:42.186 [JavaFX Application Thread] DEBUG GameApplication      - Starting FXGL
09:58:42.192 [JavaFX Application Thread] INFO  FXGL                 - FXGL-0.5.4 on DESKTOP
09:58:42.192 [JavaFX Application Thread] INFO  FXGL                 - Source code and latest versions at: https://github.com/AlmasB/FXGL
09:58:42.192 [JavaFX Application Thread] INFO  FXGL                 -              Join the FXGL chat at: https://gitter.im/AlmasB/FXGL
09:58:42.192 [JavaFX Application Thread] DEBUG FXGL                 - FXGL started
09:58:42.193 [JavaFX Application Thread] DEBUG FXGL                 - Initializing FXGL
09:58:42.241 [JavaFX Application Thread] DEBUG AssetLoader          - Loading from disk: /assets/ui/cursors/fxgl_default.png
09:58:42.316 [JavaFX Application Thread] DEBUG AssetLoader          - Loading from disk: /assets/ui/fonts/VarelaRound-Regular.ttf
09:58:42.663 [JavaFX Application Thread] DEBUG MainWindow           - Creating a JavaFX scene
09:58:42.691 [JavaFX Application Thread] DEBUG MainWindow           - Target settings size: 1920.0 x 1080.0
09:58:42.691 [JavaFX Application Thread] DEBUG MainWindow           - Scaled scene size:    1920.0 x 1080.0
09:58:42.691 [JavaFX Application Thread] DEBUG MainWindow           - Scaled ratio: (1.0, 1.0)
09:58:42.703 [JavaFX Application Thread] DEBUG AssetLoader          - Loading from disk: /assets/ui/css/fxgl_dark.css
09:58:42.706 [JavaFX Application Thread] DEBUG AssetLoader          - Loading from disk: /assets/textures/JDTD_icon.png
09:58:42.714 [JavaFX Application Thread] DEBUG MainWindow           - Opening main window
09:58:42.884 [JavaFX Application Thread] DEBUG MainWindow           - Window border size: (16.0, 20.0)
09:58:42.884 [JavaFX Application Thread] DEBUG MainWindow           - Scaled size: 1920.0 x 1080.0
09:58:42.884 [JavaFX Application Thread] DEBUG MainWindow           - Scaled ratio: (1.0, 1.0)
09:58:42.884 [JavaFX Application Thread] DEBUG MainWindow           - Scene size: 1920.0 x 1080.0
09:58:42.884 [JavaFX Application Thread] DEBUG MainWindow           - Stage size: 1936.0 x 1100.0
09:58:42.919 [ForkJoinPool.commonPool-worker-9] DEBUG FS                   - Loaded DesktopFSService
09:58:42.919 [ForkJoinPool.commonPool-worker-9] DEBUG FXGL                 - Loading FXGL system data
09:58:42.925 [ForkJoinPool.commonPool-worker-9] DEBUG DesktopFSService     - Reading from: system\fxgl.bundle
09:58:42.933 [ForkJoinPool.commonPool-worker-9] DEBUG Bundle               - Logging bundle: FXGL
09:58:42.933 [ForkJoinPool.commonPool-worker-9] DEBUG Bundle               - FXGL.offline.timer.version.check=2020-11-18T09:51:52.340
09:58:42.934 [ForkJoinPool.commonPool-worker-9] DEBUG FXGL                 - Initializing state machine and application states
09:58:42.936 [ForkJoinPool.commonPool-worker-9] DEBUG AssetLoader          - Loading from disk: /assets/ui/cursors/fxgl_default.png
09:58:42.940 [ForkJoinPool.commonPool-worker-9] DEBUG AssetLoader          - Loading from disk: /assets/ui/cursors/fxgl_default.png
09:58:42.949 [ForkJoinPool.commonPool-worker-9] DEBUG AssetLoader          - Loading from cache: /assets/ui/fonts/VarelaRound-Regular.ttf
09:58:42.952 [ForkJoinPool.commonPool-worker-9] DEBUG AssetLoader          - Loading from disk: /assets/ui/cursors/fxgl_default.png
09:58:42.953 [ForkJoinPool.commonPool-worker-9] DEBUG AssetLoader          - Loading from disk: /assets/ui/fonts/lucida_console.ttf
09:58:42.959 [ForkJoinPool.commonPool-worker-9] DEBUG GameScene            - Game scene initialized: 1920x1080
09:58:42.965 [ForkJoinPool.commonPool-worker-9] DEBUG GameWorld            - Game world initialized
09:58:43.013 [ForkJoinPool.commonPool-worker-9] DEBUG PhysicsWorld         - Physics world initialized: appHeight=1080, physics.ppm=50,0
09:58:43.043 [ForkJoinPool.commonPool-worker-9] DEBUG Input                - Registered new binding: Pause - Esc
09:58:43.073 [JavaFX Application Thread] DEBUG FXGL                 - Running preInit()
09:58:43.075 [JavaFX Application Thread] DEBUG Input                - Registered new binding: Screenshot - P
09:58:43.076 [JavaFX Application Thread] DEBUG Input                - Registered new binding: Dev Options - CTRL+0
09:58:43.076 [JavaFX Application Thread] DEBUG Input                - Registered new binding: System info dump - CTRL+9
09:58:43.076 [JavaFX Application Thread] DEBUG Input                - Registered new binding: Restart - CTRL+R
09:58:43.076 [JavaFX Application Thread] DEBUG Input                - Registered new binding: Show grid - F
09:58:43.077 [JavaFX Application Thread] INFO  FXGL                 - FXGL initialization took: 0,885 sec
09:58:43.077 [JavaFX Application Thread] DEBUG LoopRunner           - Starting loop
09:58:43.078 [JavaFX Application Thread] DEBUG StartupState         - STARTUP
09:58:43.079 [JavaFX Application Thread] DEBUG GameApplication      - Starting new game
09:58:43.079 [JavaFX Application Thread] DEBUG Input                - Clearing active input actions
09:58:43.080 [JavaFX Application Thread] DEBUG AssetLoader          - Loading from disk: /assets/ui/css/fxgl_dark.css
09:58:43.084 [JavaFX Application Thread] DEBUG AppStateMachine      - StartupState -> LoadingState
09:58:43.088 [FXGL Background Thread 1 ] DEBUG InitAppTask          - Clearing previous game
09:58:43.088 [FXGL Background Thread 1 ] DEBUG GameWorld            - Clearing game world
09:58:43.088 [FXGL Background Thread 1 ] DEBUG PhysicsWorld         - Clearing physics world
09:58:43.089 [FXGL Background Thread 1 ] DEBUG GameScene            - Clearing game scene
09:58:43.090 [FXGL Background Thread 1 ] DEBUG InitAppTask          - Initializing Game
09:58:43.123 [FXGL Background Thread 1 ] DEBUG AssetLoader          - Loading from disk: /assets/textures/down_hero1.png
09:58:43.133 [FXGL Background Thread 1 ] DEBUG GameScene            - Creating render group for layer: DEFAULT(100000)
09:58:43.135 [FXGL Background Thread 1 ] DEBUG AssetLoader          - Loading from disk: /assets/textures/Hero1_full.png
09:58:43.138 [FXGL Background Thread 1 ] DEBUG InitAppTask          - Initializing Physics
09:58:43.138 [FXGL Background Thread 1 ] DEBUG InitAppTask          - Initializing UI
09:58:43.138 [FXGL Background Thread 1 ] DEBUG AssetLoader          - Loading from disk: /assets/ui/cursors/cursor.png
09:58:43.142 [FXGL Background Thread 1 ] DEBUG InitAppTask          - Initialization Complete
09:58:43.143 [FXGL Background Thread 1 ] INFO  InitAppTask          - Game initialization took: 0,054 sec
09:58:43.151 [JavaFX Application Thread] DEBUG Input                - Clearing active input actions
09:58:43.151 [JavaFX Application Thread] DEBUG AssetLoader          - Loading from disk: /assets/ui/css/fxgl_dark.css
09:58:43.155 [JavaFX Application Thread] DEBUG AppStateMachine      - LoadingState -> PlayState
09:58:44.675 [JavaFX Application Thread] DEBUG AssetLoader          - Loading from disk: /assets/textures/grille.png
09:58:44.756 [JavaFX Application Thread] DEBUG AssetLoader          - Loading from cache: /assets/textures/grille.png
09:58:44.769 [JavaFX Application Thread] DEBUG AssetLoader          - Loading from cache: /assets/textures/grille.png
09:58:50.916 [JavaFX Application Thread] DEBUG FXGL                 - Exiting FXGL
09:58:50.916 [JavaFX Application Thread] DEBUG FXGL                 - Shutting down background threads
09:58:50.916 [JavaFX Application Thread] INFO  Profiler             - Processed Frames: 504
09:58:50.916 [JavaFX Application Thread] INFO  Profiler             - Average FPS: 59
09:58:50.916 [JavaFX Application Thread] INFO  Profiler             - Avg Frame Took: 0,20 ms
09:58:50.916 [JavaFX Application Thread] INFO  Profiler             - Avg Memory Usage: 16 MB
09:58:50.916 [JavaFX Application Thread] INFO  Profiler             - Min Memory Usage: 8 MB
09:58:50.917 [JavaFX Application Thread] INFO  Profiler             - Max Memory Usage: 19 MB
09:58:50.917 [JavaFX Application Thread] INFO  Profiler             - Estimated GC runs: 2
09:58:50.917 [JavaFX Application Thread] DEBUG FXGL                 - Saving FXGL system data
09:58:50.919 [JavaFX Application Thread] DEBUG DesktopFSService     - Writing to: system\fxgl.bundle
09:58:50.922 [JavaFX Application Thread] DEBUG FXGL                 - Closing logger and exiting JavaFX
