17:30:43.008 [JavaFX Application Thread] DEBUG GameApplication      - Logger initialized
17:30:43.022 [JavaFX Application Thread] DEBUG GameApplication      - Logging settings
Title: Journey down the den
Version: 0.2
Width: 1920
Height: 1080
Fullscreen: true
Intro: false
Menus: false
Profiling: false
Single step:false
App Mode: DEVELOPER
Menu Key: ESCAPE
Stage Style: DECORATED
Scene Factory: class com.almasb.fxgl.scene.SceneFactory
Dialog Factory: class com.almasb.fxgl.ui.FXGLDialogFactory
UI Factory: class com.almasb.fxgl.ui.FXGLUIFactory
Notification Service: class com.almasb.fxgl.gameplay.notification.XboxNotificationView
Exception Handler: class com.almasb.fxgl.app.FXGLExceptionHandler
17:30:43.023 [JavaFX Application Thread] DEBUG GameApplication      - Starting FXGL
17:30:43.029 [JavaFX Application Thread] INFO  FXGL                 - FXGL-0.5.4 on DESKTOP
17:30:43.029 [JavaFX Application Thread] INFO  FXGL                 - Source code and latest versions at: https://github.com/AlmasB/FXGL
17:30:43.029 [JavaFX Application Thread] INFO  FXGL                 -              Join the FXGL chat at: https://gitter.im/AlmasB/FXGL
17:30:43.029 [JavaFX Application Thread] DEBUG FXGL                 - FXGL started
17:30:43.029 [JavaFX Application Thread] DEBUG FXGL                 - Initializing FXGL
17:30:43.078 [JavaFX Application Thread] DEBUG AssetLoader          - Loading from disk: /assets/ui/cursors/fxgl_default.png
17:30:43.149 [JavaFX Application Thread] DEBUG AssetLoader          - Loading from disk: /assets/ui/fonts/VarelaRound-Regular.ttf
17:30:43.488 [JavaFX Application Thread] DEBUG MainWindow           - Creating a JavaFX scene
17:30:43.516 [JavaFX Application Thread] DEBUG MainWindow           - Target settings size: 1920.0 x 1080.0
17:30:43.516 [JavaFX Application Thread] DEBUG MainWindow           - Scaled scene size:    1920.0 x 1080.0
17:30:43.516 [JavaFX Application Thread] DEBUG MainWindow           - Scaled ratio: (1.0, 1.0)
17:30:43.528 [JavaFX Application Thread] DEBUG AssetLoader          - Loading from disk: /assets/ui/css/fxgl_dark.css
17:30:43.531 [JavaFX Application Thread] DEBUG AssetLoader          - Loading from disk: /assets/textures/JDTD_icon.png
17:30:43.538 [JavaFX Application Thread] DEBUG MainWindow           - Opening main window
17:30:43.710 [JavaFX Application Thread] DEBUG MainWindow           - Window border size: (16.0, 20.0)
17:30:43.710 [JavaFX Application Thread] DEBUG MainWindow           - Scaled size: 1920.0 x 1080.0
17:30:43.710 [JavaFX Application Thread] DEBUG MainWindow           - Scaled ratio: (1.0, 1.0)
17:30:43.710 [JavaFX Application Thread] DEBUG MainWindow           - Scene size: 1920.0 x 1080.0
17:30:43.710 [JavaFX Application Thread] DEBUG MainWindow           - Stage size: 1936.0 x 1100.0
17:30:43.739 [ForkJoinPool.commonPool-worker-9] DEBUG FS                   - Loaded DesktopFSService
17:30:43.739 [ForkJoinPool.commonPool-worker-9] DEBUG FXGL                 - Loading FXGL system data
17:30:43.744 [ForkJoinPool.commonPool-worker-9] DEBUG DesktopFSService     - Reading from: system\fxgl.bundle
17:30:43.753 [ForkJoinPool.commonPool-worker-9] DEBUG Bundle               - Logging bundle: FXGL
17:30:43.753 [ForkJoinPool.commonPool-worker-9] DEBUG Bundle               - FXGL.offline.timer.version.check=2020-10-26T10:24:59.802
17:30:43.754 [ForkJoinPool.commonPool-worker-9] DEBUG FXGL                 - Initializing state machine and application states
17:30:43.755 [ForkJoinPool.commonPool-worker-9] DEBUG AssetLoader          - Loading from disk: /assets/ui/cursors/fxgl_default.png
17:30:43.755 [ForkJoinPool.commonPool-worker-2] DEBUG UpdaterTask          - Checking for updates
17:30:43.763 [ForkJoinPool.commonPool-worker-9] DEBUG AssetLoader          - Loading from disk: /assets/ui/cursors/fxgl_default.png
17:30:43.769 [ForkJoinPool.commonPool-worker-9] DEBUG AssetLoader          - Loading from cache: /assets/ui/fonts/VarelaRound-Regular.ttf
17:30:43.771 [ForkJoinPool.commonPool-worker-9] DEBUG AssetLoader          - Loading from disk: /assets/ui/cursors/fxgl_default.png
17:30:43.774 [ForkJoinPool.commonPool-worker-9] DEBUG GameScene            - Game scene initialized: 1920x1080
17:30:43.779 [ForkJoinPool.commonPool-worker-9] DEBUG GameWorld            - Game world initialized
17:30:43.837 [ForkJoinPool.commonPool-worker-9] DEBUG PhysicsWorld         - Physics world initialized: appHeight=1080, physics.ppm=50,0
17:30:43.858 [ForkJoinPool.commonPool-worker-9] DEBUG Input                - Registered new binding: Pause - Esc
17:30:43.895 [JavaFX Application Thread] DEBUG FXGL                 - Running preInit()
17:30:43.896 [JavaFX Application Thread] DEBUG Input                - Registered new binding: Screenshot - P
17:30:43.897 [JavaFX Application Thread] DEBUG Input                - Registered new binding: Dev Options - CTRL+0
17:30:43.897 [JavaFX Application Thread] DEBUG Input                - Registered new binding: System info dump - CTRL+9
17:30:43.897 [JavaFX Application Thread] DEBUG Input                - Registered new binding: Restart - CTRL+R
17:30:43.898 [JavaFX Application Thread] DEBUG Input                - Registered new binding: Show grid - F
17:30:43.898 [JavaFX Application Thread] INFO  FXGL                 - FXGL initialization took: 0,868 sec
17:30:43.898 [JavaFX Application Thread] DEBUG LoopRunner           - Starting loop
17:30:43.899 [JavaFX Application Thread] DEBUG StartupState         - STARTUP
17:30:43.899 [JavaFX Application Thread] DEBUG GameApplication      - Starting new game
17:30:43.900 [JavaFX Application Thread] DEBUG Input                - Clearing active input actions
17:30:43.900 [JavaFX Application Thread] DEBUG AssetLoader          - Loading from disk: /assets/ui/css/fxgl_dark.css
17:30:43.906 [JavaFX Application Thread] DEBUG AppStateMachine      - StartupState -> LoadingState
17:30:43.910 [FXGL Background Thread 1 ] DEBUG InitAppTask          - Clearing previous game
17:30:43.910 [FXGL Background Thread 1 ] DEBUG GameWorld            - Clearing game world
17:30:43.910 [FXGL Background Thread 1 ] DEBUG PhysicsWorld         - Clearing physics world
17:30:43.910 [FXGL Background Thread 1 ] DEBUG GameScene            - Clearing game scene
17:30:43.911 [FXGL Background Thread 1 ] DEBUG InitAppTask          - Initializing Game
17:30:43.946 [FXGL Background Thread 1 ] DEBUG AssetLoader          - Loading from disk: /assets/textures/mapTest.png
17:30:43.967 [FXGL Background Thread 1 ] DEBUG GameScene            - Creating render group for layer: DEFAULT(100000)
17:30:43.969 [FXGL Background Thread 1 ] DEBUG AssetLoader          - Loading from disk: /assets/textures/down_hero1.png
17:30:43.971 [FXGL Background Thread 1 ] DEBUG AssetLoader          - Loading from disk: /assets/textures/Hero1_full.png
17:30:43.974 [FXGL Background Thread 1 ] DEBUG AssetLoader          - Loading from disk: /assets/textures/goblin_down.png
17:30:43.974 [FXGL Background Thread 1 ] DEBUG InitAppTask          - Initializing Physics
17:30:43.975 [FXGL Background Thread 1 ] DEBUG InitAppTask          - Initializing UI
17:30:43.975 [FXGL Background Thread 1 ] DEBUG AssetLoader          - Loading from disk: /assets/ui/cursors/cursor.png
17:30:44.000 [FXGL Background Thread 1 ] DEBUG InitAppTask          - Initialization Complete
17:30:44.000 [FXGL Background Thread 1 ] INFO  InitAppTask          - Game initialization took: 0,090 sec
17:30:44.001 [JavaFX Application Thread] DEBUG Input                - Clearing active input actions
17:30:44.002 [JavaFX Application Thread] DEBUG AssetLoader          - Loading from disk: /assets/ui/css/fxgl_dark.css
17:30:44.006 [JavaFX Application Thread] DEBUG AppStateMachine      - LoadingState -> PlayState
17:30:44.530 [ForkJoinPool.commonPool-worker-2] INFO  UpdaterTask          - Your current version:  0.5.4
17:30:44.530 [ForkJoinPool.commonPool-worker-2] INFO  UpdaterTask          - Latest stable version: dev-SNAPSHOT
17:30:44.552 [JavaFX Application Thread] DEBUG AssetLoader          - Loading from disk: /assets/textures/rangeUnitOf2.png
17:30:44.556 [JavaFX Application Thread] DEBUG AssetLoader          - Loading from cache: /assets/textures/rangeUnitOf2.png
17:30:44.556 [JavaFX Application Thread] DEBUG AssetLoader          - Loading from cache: /assets/textures/rangeUnitOf2.png
17:30:44.558 [JavaFX Application Thread] DEBUG AssetLoader          - Loading from cache: /assets/textures/rangeUnitOf2.png
17:30:44.559 [JavaFX Application Thread] DEBUG AssetLoader          - Loading from cache: /assets/textures/rangeUnitOf2.png
17:30:44.560 [JavaFX Application Thread] DEBUG AssetLoader          - Loading from cache: /assets/textures/rangeUnitOf2.png
17:30:44.561 [JavaFX Application Thread] DEBUG AssetLoader          - Loading from cache: /assets/textures/rangeUnitOf2.png
17:30:44.562 [JavaFX Application Thread] DEBUG AssetLoader          - Loading from cache: /assets/textures/rangeUnitOf2.png
17:30:44.564 [JavaFX Application Thread] DEBUG AssetLoader          - Loading from cache: /assets/textures/rangeUnitOf2.png
17:30:44.565 [JavaFX Application Thread] DEBUG AssetLoader          - Loading from cache: /assets/textures/rangeUnitOf2.png
17:30:44.566 [JavaFX Application Thread] DEBUG AssetLoader          - Loading from cache: /assets/textures/rangeUnitOf2.png
17:30:44.567 [JavaFX Application Thread] DEBUG AssetLoader          - Loading from cache: /assets/textures/rangeUnitOf2.png
17:30:44.568 [JavaFX Application Thread] DEBUG AssetLoader          - Loading from cache: /assets/textures/rangeUnitOf2.png
17:30:44.571 [JavaFX Application Thread] DEBUG AssetLoader          - Loading from cache: /assets/textures/rangeUnitOf2.png
17:30:44.572 [JavaFX Application Thread] DEBUG AssetLoader          - Loading from cache: /assets/textures/rangeUnitOf2.png
17:30:44.573 [JavaFX Application Thread] DEBUG AssetLoader          - Loading from cache: /assets/textures/rangeUnitOf2.png
17:30:44.578 [JavaFX Application Thread] DEBUG AssetLoader          - Loading from cache: /assets/textures/rangeUnitOf2.png
17:30:44.580 [JavaFX Application Thread] DEBUG AssetLoader          - Loading from cache: /assets/textures/rangeUnitOf2.png
17:30:44.582 [JavaFX Application Thread] DEBUG AssetLoader          - Loading from cache: /assets/textures/rangeUnitOf2.png
17:30:46.160 [JavaFX Application Thread] DEBUG AssetLoader          - Loading from disk: /assets/textures/grille.png
17:30:46.222 [JavaFX Application Thread] DEBUG AssetLoader          - Loading from cache: /assets/textures/grille.png
17:30:46.236 [JavaFX Application Thread] DEBUG AssetLoader          - Loading from cache: /assets/textures/grille.png
17:30:46.256 [JavaFX Application Thread] DEBUG AssetLoader          - Loading from cache: /assets/textures/grille.png
17:30:46.268 [JavaFX Application Thread] DEBUG AssetLoader          - Loading from cache: /assets/textures/grille.png
17:30:46.280 [JavaFX Application Thread] DEBUG AssetLoader          - Loading from cache: /assets/textures/grille.png
17:30:46.292 [JavaFX Application Thread] DEBUG AssetLoader          - Loading from cache: /assets/textures/grille.png
17:30:46.355 [JavaFX Application Thread] DEBUG AssetLoader          - Loading from cache: /assets/textures/rangeUnitOf2.png
17:30:46.358 [JavaFX Application Thread] DEBUG AssetLoader          - Loading from cache: /assets/textures/rangeUnitOf2.png
17:30:46.361 [JavaFX Application Thread] DEBUG AssetLoader          - Loading from cache: /assets/textures/rangeUnitOf2.png
17:30:46.363 [JavaFX Application Thread] DEBUG AssetLoader          - Loading from cache: /assets/textures/rangeUnitOf2.png
17:30:46.366 [JavaFX Application Thread] DEBUG AssetLoader          - Loading from cache: /assets/textures/rangeUnitOf2.png
17:30:46.370 [JavaFX Application Thread] DEBUG AssetLoader          - Loading from cache: /assets/textures/rangeUnitOf2.png
17:30:46.374 [JavaFX Application Thread] DEBUG AssetLoader          - Loading from cache: /assets/textures/rangeUnitOf2.png
17:30:46.377 [JavaFX Application Thread] DEBUG AssetLoader          - Loading from cache: /assets/textures/rangeUnitOf2.png
17:30:46.381 [JavaFX Application Thread] DEBUG AssetLoader          - Loading from cache: /assets/textures/rangeUnitOf2.png
17:30:46.382 [JavaFX Application Thread] DEBUG AssetLoader          - Loading from cache: /assets/textures/rangeUnitOf2.png
17:30:46.384 [JavaFX Application Thread] DEBUG AssetLoader          - Loading from cache: /assets/textures/rangeUnitOf2.png
17:30:46.386 [JavaFX Application Thread] DEBUG AssetLoader          - Loading from cache: /assets/textures/rangeUnitOf2.png
17:30:46.389 [JavaFX Application Thread] DEBUG AssetLoader          - Loading from cache: /assets/textures/rangeUnitOf2.png
17:30:46.392 [JavaFX Application Thread] DEBUG AssetLoader          - Loading from cache: /assets/textures/rangeUnitOf2.png
17:30:46.395 [JavaFX Application Thread] DEBUG AssetLoader          - Loading from cache: /assets/textures/rangeUnitOf2.png
17:30:46.399 [JavaFX Application Thread] DEBUG AssetLoader          - Loading from cache: /assets/textures/rangeUnitOf2.png
17:30:46.405 [JavaFX Application Thread] DEBUG AssetLoader          - Loading from cache: /assets/textures/rangeUnitOf2.png
17:30:46.502 [JavaFX Application Thread] DEBUG AssetLoader          - Loading from cache: /assets/textures/rangeUnitOf2.png
17:30:46.516 [JavaFX Application Thread] DEBUG AssetLoader          - Loading from cache: /assets/textures/rangeUnitOf2.png
17:30:46.526 [JavaFX Application Thread] DEBUG AssetLoader          - Loading from cache: /assets/textures/rangeUnitOf2.png
17:30:46.534 [JavaFX Application Thread] DEBUG AssetLoader          - Loading from cache: /assets/textures/rangeUnitOf2.png
17:30:46.540 [JavaFX Application Thread] DEBUG AssetLoader          - Loading from cache: /assets/textures/rangeUnitOf2.png
17:30:46.540 [JavaFX Application Thread] DEBUG AssetLoader          - Loading from cache: /assets/textures/rangeUnitOf2.png
17:30:46.545 [JavaFX Application Thread] DEBUG AssetLoader          - Loading from cache: /assets/textures/rangeUnitOf2.png
17:30:46.549 [JavaFX Application Thread] DEBUG AssetLoader          - Loading from cache: /assets/textures/rangeUnitOf2.png
17:30:46.552 [JavaFX Application Thread] DEBUG AssetLoader          - Loading from cache: /assets/textures/rangeUnitOf2.png
17:30:46.556 [JavaFX Application Thread] DEBUG AssetLoader          - Loading from cache: /assets/textures/rangeUnitOf2.png
17:30:46.559 [JavaFX Application Thread] DEBUG AssetLoader          - Loading from cache: /assets/textures/rangeUnitOf2.png
17:30:46.562 [JavaFX Application Thread] DEBUG AssetLoader          - Loading from cache: /assets/textures/rangeUnitOf2.png
17:30:46.563 [JavaFX Application Thread] DEBUG AssetLoader          - Loading from cache: /assets/textures/rangeUnitOf2.png
17:30:46.565 [JavaFX Application Thread] DEBUG AssetLoader          - Loading from cache: /assets/textures/rangeUnitOf2.png
17:30:47.143 [JavaFX Application Thread] DEBUG AssetLoader          - Loading from cache: /assets/textures/rangeUnitOf2.png
17:30:47.146 [JavaFX Application Thread] DEBUG AssetLoader          - Loading from cache: /assets/textures/rangeUnitOf2.png
17:30:47.148 [JavaFX Application Thread] DEBUG AssetLoader          - Loading from cache: /assets/textures/rangeUnitOf2.png
17:30:47.151 [JavaFX Application Thread] DEBUG AssetLoader          - Loading from cache: /assets/textures/rangeUnitOf2.png
17:30:47.153 [JavaFX Application Thread] DEBUG AssetLoader          - Loading from cache: /assets/textures/rangeUnitOf2.png
17:30:47.154 [JavaFX Application Thread] DEBUG AssetLoader          - Loading from cache: /assets/textures/rangeUnitOf2.png
17:30:47.156 [JavaFX Application Thread] DEBUG AssetLoader          - Loading from cache: /assets/textures/rangeUnitOf2.png
17:30:47.162 [JavaFX Application Thread] DEBUG AssetLoader          - Loading from cache: /assets/textures/rangeUnitOf2.png
17:30:47.164 [JavaFX Application Thread] DEBUG AssetLoader          - Loading from cache: /assets/textures/rangeUnitOf2.png
17:30:47.168 [JavaFX Application Thread] DEBUG AssetLoader          - Loading from cache: /assets/textures/rangeUnitOf2.png
17:30:47.174 [JavaFX Application Thread] DEBUG AssetLoader          - Loading from cache: /assets/textures/rangeUnitOf2.png
17:30:47.178 [JavaFX Application Thread] DEBUG AssetLoader          - Loading from cache: /assets/textures/rangeUnitOf2.png
17:30:47.219 [JavaFX Application Thread] DEBUG AssetLoader          - Loading from cache: /assets/textures/rangeUnitOf2.png
17:30:47.224 [JavaFX Application Thread] DEBUG AssetLoader          - Loading from cache: /assets/textures/rangeUnitOf2.png
17:30:47.227 [JavaFX Application Thread] DEBUG AssetLoader          - Loading from cache: /assets/textures/rangeUnitOf2.png
17:30:47.229 [JavaFX Application Thread] DEBUG AssetLoader          - Loading from cache: /assets/textures/rangeUnitOf2.png
17:30:47.231 [JavaFX Application Thread] DEBUG AssetLoader          - Loading from cache: /assets/textures/rangeUnitOf2.png
17:30:47.232 [JavaFX Application Thread] DEBUG AssetLoader          - Loading from cache: /assets/textures/rangeUnitOf2.png
17:30:47.234 [JavaFX Application Thread] DEBUG AssetLoader          - Loading from cache: /assets/textures/rangeUnitOf2.png
17:30:47.236 [JavaFX Application Thread] DEBUG AssetLoader          - Loading from cache: /assets/textures/rangeUnitOf2.png
17:30:47.238 [JavaFX Application Thread] DEBUG AssetLoader          - Loading from cache: /assets/textures/rangeUnitOf2.png
17:30:48.316 [JavaFX Application Thread] DEBUG AssetLoader          - Loading from cache: /assets/textures/rangeUnitOf2.png
17:30:48.318 [JavaFX Application Thread] DEBUG AssetLoader          - Loading from cache: /assets/textures/rangeUnitOf2.png
17:30:48.321 [JavaFX Application Thread] DEBUG AssetLoader          - Loading from cache: /assets/textures/rangeUnitOf2.png
17:30:48.322 [JavaFX Application Thread] DEBUG AssetLoader          - Loading from cache: /assets/textures/rangeUnitOf2.png
17:30:48.323 [JavaFX Application Thread] DEBUG AssetLoader          - Loading from cache: /assets/textures/rangeUnitOf2.png
17:30:48.325 [JavaFX Application Thread] DEBUG AssetLoader          - Loading from cache: /assets/textures/rangeUnitOf2.png
17:30:48.326 [JavaFX Application Thread] DEBUG AssetLoader          - Loading from cache: /assets/textures/rangeUnitOf2.png
17:30:48.327 [JavaFX Application Thread] DEBUG AssetLoader          - Loading from cache: /assets/textures/rangeUnitOf2.png
17:30:48.329 [JavaFX Application Thread] DEBUG AssetLoader          - Loading from cache: /assets/textures/rangeUnitOf2.png
17:30:48.331 [JavaFX Application Thread] DEBUG AssetLoader          - Loading from cache: /assets/textures/rangeUnitOf2.png
17:30:48.335 [JavaFX Application Thread] DEBUG AssetLoader          - Loading from cache: /assets/textures/rangeUnitOf2.png
17:30:48.336 [JavaFX Application Thread] DEBUG AssetLoader          - Loading from cache: /assets/textures/rangeUnitOf2.png
17:30:48.336 [JavaFX Application Thread] DEBUG AssetLoader          - Loading from cache: /assets/textures/rangeUnitOf2.png
17:30:48.339 [JavaFX Application Thread] DEBUG AssetLoader          - Loading from cache: /assets/textures/rangeUnitOf2.png
17:30:48.342 [JavaFX Application Thread] DEBUG AssetLoader          - Loading from cache: /assets/textures/rangeUnitOf2.png
17:30:48.345 [JavaFX Application Thread] DEBUG AssetLoader          - Loading from cache: /assets/textures/rangeUnitOf2.png
17:30:48.349 [JavaFX Application Thread] DEBUG AssetLoader          - Loading from cache: /assets/textures/rangeUnitOf2.png
17:30:48.354 [JavaFX Application Thread] DEBUG AssetLoader          - Loading from cache: /assets/textures/rangeUnitOf2.png
17:30:48.361 [JavaFX Application Thread] DEBUG AssetLoader          - Loading from cache: /assets/textures/rangeUnitOf2.png
17:30:48.367 [JavaFX Application Thread] DEBUG AssetLoader          - Loading from cache: /assets/textures/rangeUnitOf2.png
17:30:48.387 [JavaFX Application Thread] DEBUG AssetLoader          - Loading from cache: /assets/textures/rangeUnitOf2.png
17:30:49.457 [JavaFX Application Thread] DEBUG AssetLoader          - Loading from cache: /assets/textures/rangeUnitOf2.png
17:30:49.459 [JavaFX Application Thread] DEBUG AssetLoader          - Loading from cache: /assets/textures/rangeUnitOf2.png
17:30:49.461 [JavaFX Application Thread] DEBUG AssetLoader          - Loading from cache: /assets/textures/rangeUnitOf2.png
17:30:49.463 [JavaFX Application Thread] DEBUG AssetLoader          - Loading from cache: /assets/textures/rangeUnitOf2.png
17:30:49.465 [JavaFX Application Thread] DEBUG AssetLoader          - Loading from cache: /assets/textures/rangeUnitOf2.png
17:30:49.467 [JavaFX Application Thread] DEBUG AssetLoader          - Loading from cache: /assets/textures/rangeUnitOf2.png
17:30:49.469 [JavaFX Application Thread] DEBUG AssetLoader          - Loading from cache: /assets/textures/rangeUnitOf2.png
17:30:49.471 [JavaFX Application Thread] DEBUG AssetLoader          - Loading from cache: /assets/textures/rangeUnitOf2.png
17:30:49.474 [JavaFX Application Thread] DEBUG AssetLoader          - Loading from cache: /assets/textures/rangeUnitOf2.png
17:30:49.476 [JavaFX Application Thread] DEBUG AssetLoader          - Loading from cache: /assets/textures/rangeUnitOf2.png
17:30:49.480 [JavaFX Application Thread] DEBUG AssetLoader          - Loading from cache: /assets/textures/rangeUnitOf2.png
17:30:49.482 [JavaFX Application Thread] DEBUG AssetLoader          - Loading from cache: /assets/textures/rangeUnitOf2.png
17:30:49.488 [JavaFX Application Thread] DEBUG AssetLoader          - Loading from cache: /assets/textures/rangeUnitOf2.png
17:30:49.491 [JavaFX Application Thread] DEBUG AssetLoader          - Loading from cache: /assets/textures/rangeUnitOf2.png
17:30:49.496 [JavaFX Application Thread] DEBUG AssetLoader          - Loading from cache: /assets/textures/rangeUnitOf2.png
17:30:51.588 [JavaFX Application Thread] DEBUG LoopRunner           - Pausing loop
17:31:37.388 [JavaFX Application Thread] DEBUG LoopRunner           - Resuming loop
17:31:40.780 [JavaFX Application Thread] DEBUG AssetLoader          - Loading from cache: /assets/textures/rangeUnitOf2.png
17:31:40.781 [JavaFX Application Thread] DEBUG AssetLoader          - Loading from cache: /assets/textures/rangeUnitOf2.png
17:31:40.781 [JavaFX Application Thread] DEBUG AssetLoader          - Loading from cache: /assets/textures/rangeUnitOf2.png
17:31:40.784 [JavaFX Application Thread] DEBUG AssetLoader          - Loading from cache: /assets/textures/rangeUnitOf2.png
17:31:40.785 [JavaFX Application Thread] DEBUG AssetLoader          - Loading from cache: /assets/textures/rangeUnitOf2.png
17:31:40.785 [JavaFX Application Thread] DEBUG AssetLoader          - Loading from cache: /assets/textures/rangeUnitOf2.png
17:31:40.787 [JavaFX Application Thread] DEBUG AssetLoader          - Loading from cache: /assets/textures/rangeUnitOf2.png
17:31:40.789 [JavaFX Application Thread] DEBUG AssetLoader          - Loading from cache: /assets/textures/rangeUnitOf2.png
17:31:40.789 [JavaFX Application Thread] DEBUG AssetLoader          - Loading from cache: /assets/textures/rangeUnitOf2.png
17:31:40.789 [JavaFX Application Thread] DEBUG AssetLoader          - Loading from cache: /assets/textures/rangeUnitOf2.png
17:31:40.790 [JavaFX Application Thread] DEBUG AssetLoader          - Loading from cache: /assets/textures/rangeUnitOf2.png
17:31:40.791 [JavaFX Application Thread] DEBUG AssetLoader          - Loading from cache: /assets/textures/rangeUnitOf2.png
17:31:40.793 [JavaFX Application Thread] DEBUG AssetLoader          - Loading from cache: /assets/textures/rangeUnitOf2.png
17:31:40.793 [JavaFX Application Thread] DEBUG AssetLoader          - Loading from cache: /assets/textures/rangeUnitOf2.png
17:31:40.794 [JavaFX Application Thread] DEBUG AssetLoader          - Loading from cache: /assets/textures/rangeUnitOf2.png
17:31:40.795 [JavaFX Application Thread] DEBUG AssetLoader          - Loading from cache: /assets/textures/rangeUnitOf2.png
17:31:40.796 [JavaFX Application Thread] DEBUG AssetLoader          - Loading from cache: /assets/textures/rangeUnitOf2.png
17:31:40.798 [JavaFX Application Thread] DEBUG AssetLoader          - Loading from cache: /assets/textures/rangeUnitOf2.png
17:31:40.799 [JavaFX Application Thread] DEBUG AssetLoader          - Loading from cache: /assets/textures/rangeUnitOf2.png
17:31:40.800 [JavaFX Application Thread] DEBUG AssetLoader          - Loading from cache: /assets/textures/rangeUnitOf2.png
17:31:40.801 [JavaFX Application Thread] DEBUG AssetLoader          - Loading from cache: /assets/textures/rangeUnitOf2.png
17:31:40.803 [JavaFX Application Thread] DEBUG AssetLoader          - Loading from cache: /assets/textures/rangeUnitOf2.png
17:31:40.804 [JavaFX Application Thread] DEBUG AssetLoader          - Loading from cache: /assets/textures/rangeUnitOf2.png
17:31:40.805 [JavaFX Application Thread] DEBUG AssetLoader          - Loading from cache: /assets/textures/rangeUnitOf2.png
17:31:40.806 [JavaFX Application Thread] DEBUG AssetLoader          - Loading from cache: /assets/textures/rangeUnitOf2.png
17:31:40.807 [JavaFX Application Thread] DEBUG AssetLoader          - Loading from cache: /assets/textures/rangeUnitOf2.png
17:31:40.809 [JavaFX Application Thread] DEBUG AssetLoader          - Loading from cache: /assets/textures/rangeUnitOf2.png
17:31:40.810 [JavaFX Application Thread] DEBUG AssetLoader          - Loading from cache: /assets/textures/rangeUnitOf2.png
17:31:40.811 [JavaFX Application Thread] DEBUG AssetLoader          - Loading from cache: /assets/textures/rangeUnitOf2.png
17:31:40.812 [JavaFX Application Thread] DEBUG AssetLoader          - Loading from cache: /assets/textures/rangeUnitOf2.png
17:31:40.812 [JavaFX Application Thread] DEBUG AssetLoader          - Loading from cache: /assets/textures/rangeUnitOf2.png
17:31:40.815 [JavaFX Application Thread] DEBUG AssetLoader          - Loading from cache: /assets/textures/rangeUnitOf2.png
17:31:40.816 [JavaFX Application Thread] DEBUG AssetLoader          - Loading from cache: /assets/textures/rangeUnitOf2.png
17:31:40.818 [JavaFX Application Thread] DEBUG AssetLoader          - Loading from cache: /assets/textures/rangeUnitOf2.png
17:31:40.819 [JavaFX Application Thread] DEBUG AssetLoader          - Loading from cache: /assets/textures/rangeUnitOf2.png
17:31:40.820 [JavaFX Application Thread] DEBUG AssetLoader          - Loading from cache: /assets/textures/rangeUnitOf2.png
17:31:40.822 [JavaFX Application Thread] DEBUG AssetLoader          - Loading from cache: /assets/textures/rangeUnitOf2.png
17:31:40.823 [JavaFX Application Thread] DEBUG AssetLoader          - Loading from cache: /assets/textures/rangeUnitOf2.png
17:31:40.825 [JavaFX Application Thread] DEBUG AssetLoader          - Loading from cache: /assets/textures/rangeUnitOf2.png
17:31:40.826 [JavaFX Application Thread] DEBUG AssetLoader          - Loading from cache: /assets/textures/rangeUnitOf2.png
17:31:40.830 [JavaFX Application Thread] DEBUG AssetLoader          - Loading from cache: /assets/textures/rangeUnitOf2.png
17:31:40.833 [JavaFX Application Thread] DEBUG AssetLoader          - Loading from cache: /assets/textures/rangeUnitOf2.png
17:31:41.399 [JavaFX Application Thread] DEBUG AssetLoader          - Loading from cache: /assets/textures/rangeUnitOf2.png
17:31:41.400 [JavaFX Application Thread] DEBUG AssetLoader          - Loading from cache: /assets/textures/rangeUnitOf2.png
17:31:41.401 [JavaFX Application Thread] DEBUG AssetLoader          - Loading from cache: /assets/textures/rangeUnitOf2.png
17:31:41.402 [JavaFX Application Thread] DEBUG AssetLoader          - Loading from cache: /assets/textures/rangeUnitOf2.png
17:31:41.403 [JavaFX Application Thread] DEBUG AssetLoader          - Loading from cache: /assets/textures/rangeUnitOf2.png
17:31:41.405 [JavaFX Application Thread] DEBUG AssetLoader          - Loading from cache: /assets/textures/rangeUnitOf2.png
17:31:41.407 [JavaFX Application Thread] DEBUG AssetLoader          - Loading from cache: /assets/textures/rangeUnitOf2.png
17:31:41.407 [JavaFX Application Thread] DEBUG AssetLoader          - Loading from cache: /assets/textures/rangeUnitOf2.png
17:31:41.408 [JavaFX Application Thread] DEBUG AssetLoader          - Loading from cache: /assets/textures/rangeUnitOf2.png
17:31:41.410 [JavaFX Application Thread] DEBUG AssetLoader          - Loading from cache: /assets/textures/rangeUnitOf2.png
17:31:41.412 [JavaFX Application Thread] DEBUG AssetLoader          - Loading from cache: /assets/textures/rangeUnitOf2.png
17:31:41.414 [JavaFX Application Thread] DEBUG AssetLoader          - Loading from cache: /assets/textures/rangeUnitOf2.png
17:31:41.414 [JavaFX Application Thread] DEBUG AssetLoader          - Loading from cache: /assets/textures/rangeUnitOf2.png
17:31:41.415 [JavaFX Application Thread] DEBUG AssetLoader          - Loading from cache: /assets/textures/rangeUnitOf2.png
17:31:41.416 [JavaFX Application Thread] DEBUG AssetLoader          - Loading from cache: /assets/textures/rangeUnitOf2.png
17:31:41.419 [JavaFX Application Thread] DEBUG AssetLoader          - Loading from cache: /assets/textures/rangeUnitOf2.png
17:31:41.420 [JavaFX Application Thread] DEBUG AssetLoader          - Loading from cache: /assets/textures/rangeUnitOf2.png
17:31:41.422 [JavaFX Application Thread] DEBUG AssetLoader          - Loading from cache: /assets/textures/rangeUnitOf2.png
17:31:41.427 [JavaFX Application Thread] DEBUG AssetLoader          - Loading from cache: /assets/textures/rangeUnitOf2.png
17:31:41.428 [JavaFX Application Thread] DEBUG AssetLoader          - Loading from cache: /assets/textures/rangeUnitOf2.png
17:31:41.430 [JavaFX Application Thread] DEBUG AssetLoader          - Loading from cache: /assets/textures/rangeUnitOf2.png
17:31:41.433 [JavaFX Application Thread] DEBUG AssetLoader          - Loading from cache: /assets/textures/rangeUnitOf2.png
17:31:41.434 [JavaFX Application Thread] DEBUG AssetLoader          - Loading from cache: /assets/textures/rangeUnitOf2.png
17:31:41.437 [JavaFX Application Thread] DEBUG AssetLoader          - Loading from cache: /assets/textures/rangeUnitOf2.png
17:31:41.440 [JavaFX Application Thread] DEBUG AssetLoader          - Loading from cache: /assets/textures/rangeUnitOf2.png
17:31:41.441 [JavaFX Application Thread] DEBUG AssetLoader          - Loading from cache: /assets/textures/rangeUnitOf2.png
17:31:41.443 [JavaFX Application Thread] DEBUG AssetLoader          - Loading from cache: /assets/textures/rangeUnitOf2.png
17:31:41.444 [JavaFX Application Thread] DEBUG AssetLoader          - Loading from cache: /assets/textures/rangeUnitOf2.png
17:31:41.446 [JavaFX Application Thread] DEBUG AssetLoader          - Loading from cache: /assets/textures/rangeUnitOf2.png
17:31:41.450 [JavaFX Application Thread] DEBUG AssetLoader          - Loading from cache: /assets/textures/rangeUnitOf2.png
17:31:41.455 [JavaFX Application Thread] DEBUG AssetLoader          - Loading from cache: /assets/textures/rangeUnitOf2.png
17:31:41.464 [JavaFX Application Thread] DEBUG AssetLoader          - Loading from cache: /assets/textures/rangeUnitOf2.png
17:31:41.521 [JavaFX Application Thread] DEBUG AssetLoader          - Loading from cache: /assets/textures/rangeUnitOf2.png
17:31:41.522 [JavaFX Application Thread] DEBUG AssetLoader          - Loading from cache: /assets/textures/rangeUnitOf2.png
17:31:41.530 [JavaFX Application Thread] DEBUG AssetLoader          - Loading from cache: /assets/textures/rangeUnitOf2.png
17:31:41.533 [JavaFX Application Thread] DEBUG AssetLoader          - Loading from cache: /assets/textures/rangeUnitOf2.png
17:31:41.537 [JavaFX Application Thread] DEBUG AssetLoader          - Loading from cache: /assets/textures/rangeUnitOf2.png
17:31:41.544 [JavaFX Application Thread] DEBUG AssetLoader          - Loading from cache: /assets/textures/rangeUnitOf2.png
17:31:41.547 [JavaFX Application Thread] DEBUG AssetLoader          - Loading from cache: /assets/textures/rangeUnitOf2.png
17:31:41.561 [JavaFX Application Thread] DEBUG AssetLoader          - Loading from cache: /assets/textures/rangeUnitOf2.png
17:31:41.562 [JavaFX Application Thread] DEBUG AssetLoader          - Loading from cache: /assets/textures/rangeUnitOf2.png
17:31:41.577 [JavaFX Application Thread] DEBUG AssetLoader          - Loading from cache: /assets/textures/rangeUnitOf2.png
17:31:41.584 [JavaFX Application Thread] DEBUG AssetLoader          - Loading from cache: /assets/textures/rangeUnitOf2.png
17:31:41.595 [JavaFX Application Thread] DEBUG AssetLoader          - Loading from cache: /assets/textures/rangeUnitOf2.png
17:31:41.606 [JavaFX Application Thread] DEBUG AssetLoader          - Loading from cache: /assets/textures/rangeUnitOf2.png
17:31:41.611 [JavaFX Application Thread] DEBUG AssetLoader          - Loading from cache: /assets/textures/rangeUnitOf2.png
17:31:41.621 [JavaFX Application Thread] DEBUG AssetLoader          - Loading from cache: /assets/textures/rangeUnitOf2.png
17:31:41.624 [JavaFX Application Thread] DEBUG AssetLoader          - Loading from cache: /assets/textures/rangeUnitOf2.png
17:31:41.632 [JavaFX Application Thread] DEBUG AssetLoader          - Loading from cache: /assets/textures/rangeUnitOf2.png
17:31:41.635 [JavaFX Application Thread] DEBUG AssetLoader          - Loading from cache: /assets/textures/rangeUnitOf2.png
17:31:41.641 [JavaFX Application Thread] DEBUG AssetLoader          - Loading from cache: /assets/textures/rangeUnitOf2.png
17:31:41.645 [JavaFX Application Thread] DEBUG AssetLoader          - Loading from cache: /assets/textures/rangeUnitOf2.png
17:31:41.652 [JavaFX Application Thread] DEBUG AssetLoader          - Loading from cache: /assets/textures/rangeUnitOf2.png
17:31:41.659 [JavaFX Application Thread] DEBUG AssetLoader          - Loading from cache: /assets/textures/rangeUnitOf2.png
17:31:41.662 [JavaFX Application Thread] DEBUG AssetLoader          - Loading from cache: /assets/textures/rangeUnitOf2.png
17:31:41.672 [JavaFX Application Thread] DEBUG AssetLoader          - Loading from cache: /assets/textures/rangeUnitOf2.png
17:31:41.679 [JavaFX Application Thread] DEBUG AssetLoader          - Loading from cache: /assets/textures/rangeUnitOf2.png
17:31:41.683 [JavaFX Application Thread] DEBUG AssetLoader          - Loading from cache: /assets/textures/rangeUnitOf2.png
17:31:41.693 [JavaFX Application Thread] DEBUG AssetLoader          - Loading from cache: /assets/textures/rangeUnitOf2.png
17:31:41.703 [JavaFX Application Thread] DEBUG AssetLoader          - Loading from cache: /assets/textures/rangeUnitOf2.png
17:31:41.704 [JavaFX Application Thread] DEBUG AssetLoader          - Loading from cache: /assets/textures/rangeUnitOf2.png
17:31:41.713 [JavaFX Application Thread] DEBUG AssetLoader          - Loading from cache: /assets/textures/rangeUnitOf2.png
17:31:41.722 [JavaFX Application Thread] DEBUG AssetLoader          - Loading from cache: /assets/textures/rangeUnitOf2.png
17:31:41.731 [JavaFX Application Thread] DEBUG AssetLoader          - Loading from cache: /assets/textures/rangeUnitOf2.png
17:31:41.738 [JavaFX Application Thread] DEBUG AssetLoader          - Loading from cache: /assets/textures/rangeUnitOf2.png
17:31:41.750 [JavaFX Application Thread] DEBUG AssetLoader          - Loading from cache: /assets/textures/rangeUnitOf2.png
17:31:41.758 [JavaFX Application Thread] DEBUG AssetLoader          - Loading from cache: /assets/textures/grille.png
17:31:41.773 [JavaFX Application Thread] DEBUG AssetLoader          - Loading from cache: /assets/textures/grille.png
17:31:41.778 [JavaFX Application Thread] DEBUG AssetLoader          - Loading from cache: /assets/textures/rangeUnitOf2.png
17:31:41.787 [JavaFX Application Thread] DEBUG AssetLoader          - Loading from cache: /assets/textures/grille.png
17:31:41.801 [JavaFX Application Thread] DEBUG AssetLoader          - Loading from cache: /assets/textures/grille.png
17:31:41.815 [JavaFX Application Thread] DEBUG AssetLoader          - Loading from cache: /assets/textures/grille.png
17:31:41.829 [JavaFX Application Thread] DEBUG AssetLoader          - Loading from cache: /assets/textures/grille.png
17:31:41.837 [JavaFX Application Thread] DEBUG AssetLoader          - Loading from cache: /assets/textures/grille.png
17:31:41.853 [JavaFX Application Thread] DEBUG AssetLoader          - Loading from cache: /assets/textures/grille.png
17:31:41.870 [JavaFX Application Thread] DEBUG AssetLoader          - Loading from cache: /assets/textures/grille.png
17:31:41.885 [JavaFX Application Thread] DEBUG AssetLoader          - Loading from cache: /assets/textures/grille.png
17:31:41.898 [JavaFX Application Thread] DEBUG AssetLoader          - Loading from cache: /assets/textures/grille.png
17:31:41.912 [JavaFX Application Thread] DEBUG AssetLoader          - Loading from cache: /assets/textures/grille.png
17:31:42.083 [JavaFX Application Thread] DEBUG AssetLoader          - Loading from cache: /assets/textures/grille.png
17:31:42.093 [JavaFX Application Thread] DEBUG AssetLoader          - Loading from cache: /assets/textures/grille.png
17:31:42.106 [JavaFX Application Thread] DEBUG AssetLoader          - Loading from cache: /assets/textures/grille.png
17:31:42.121 [JavaFX Application Thread] DEBUG AssetLoader          - Loading from cache: /assets/textures/grille.png
17:31:42.134 [JavaFX Application Thread] DEBUG AssetLoader          - Loading from cache: /assets/textures/grille.png
17:31:42.148 [JavaFX Application Thread] DEBUG AssetLoader          - Loading from cache: /assets/textures/grille.png
17:31:42.157 [JavaFX Application Thread] DEBUG AssetLoader          - Loading from cache: /assets/textures/grille.png
17:31:42.173 [JavaFX Application Thread] DEBUG AssetLoader          - Loading from cache: /assets/textures/grille.png
17:31:42.189 [JavaFX Application Thread] DEBUG AssetLoader          - Loading from cache: /assets/textures/grille.png
17:31:42.204 [JavaFX Application Thread] DEBUG AssetLoader          - Loading from cache: /assets/textures/grille.png
17:31:42.382 [JavaFX Application Thread] DEBUG AssetLoader          - Loading from cache: /assets/textures/rangeUnitOf2.png
17:31:42.405 [JavaFX Application Thread] DEBUG AssetLoader          - Loading from cache: /assets/textures/rangeUnitOf2.png
17:31:42.542 [JavaFX Application Thread] DEBUG AssetLoader          - Loading from cache: /assets/textures/rangeUnitOf2.png
17:31:42.599 [JavaFX Application Thread] DEBUG AssetLoader          - Loading from cache: /assets/textures/rangeUnitOf2.png
17:31:42.622 [JavaFX Application Thread] DEBUG AssetLoader          - Loading from cache: /assets/textures/grille.png
17:31:42.628 [JavaFX Application Thread] DEBUG AssetLoader          - Loading from cache: /assets/textures/grille.png
17:31:42.638 [JavaFX Application Thread] DEBUG AssetLoader          - Loading from cache: /assets/textures/grille.png
17:31:42.653 [JavaFX Application Thread] DEBUG AssetLoader          - Loading from cache: /assets/textures/grille.png
17:31:42.669 [JavaFX Application Thread] DEBUG AssetLoader          - Loading from cache: /assets/textures/grille.png
17:31:42.683 [JavaFX Application Thread] DEBUG AssetLoader          - Loading from cache: /assets/textures/grille.png
17:31:42.697 [JavaFX Application Thread] DEBUG AssetLoader          - Loading from cache: /assets/textures/grille.png
17:31:42.711 [JavaFX Application Thread] DEBUG AssetLoader          - Loading from cache: /assets/textures/grille.png
17:31:42.725 [JavaFX Application Thread] DEBUG AssetLoader          - Loading from cache: /assets/textures/grille.png
17:31:42.870 [JavaFX Application Thread] DEBUG AssetLoader          - Loading from cache: /assets/textures/rangeUnitOf2.png
17:31:42.885 [JavaFX Application Thread] DEBUG AssetLoader          - Loading from cache: /assets/textures/rangeUnitOf2.png
17:31:42.906 [JavaFX Application Thread] DEBUG AssetLoader          - Loading from cache: /assets/textures/rangeUnitOf2.png
17:31:43.037 [JavaFX Application Thread] DEBUG AssetLoader          - Loading from cache: /assets/textures/rangeUnitOf2.png
17:31:43.054 [JavaFX Application Thread] DEBUG AssetLoader          - Loading from cache: /assets/textures/grille.png
17:31:43.059 [JavaFX Application Thread] DEBUG AssetLoader          - Loading from cache: /assets/textures/grille.png
17:31:43.061 [JavaFX Application Thread] DEBUG AssetLoader          - Loading from cache: /assets/textures/rangeUnitOf2.png
17:31:43.069 [JavaFX Application Thread] DEBUG AssetLoader          - Loading from cache: /assets/textures/grille.png
17:31:43.101 [JavaFX Application Thread] DEBUG AssetLoader          - Loading from cache: /assets/textures/grille.png
17:31:43.117 [JavaFX Application Thread] DEBUG AssetLoader          - Loading from cache: /assets/textures/grille.png
17:31:43.133 [JavaFX Application Thread] DEBUG AssetLoader          - Loading from cache: /assets/textures/grille.png
17:31:43.148 [JavaFX Application Thread] DEBUG AssetLoader          - Loading from cache: /assets/textures/grille.png
17:31:43.162 [JavaFX Application Thread] DEBUG AssetLoader          - Loading from cache: /assets/textures/grille.png
17:31:43.176 [JavaFX Application Thread] DEBUG AssetLoader          - Loading from cache: /assets/textures/grille.png
17:31:43.438 [JavaFX Application Thread] DEBUG AssetLoader          - Loading from cache: /assets/textures/grille.png
17:31:43.448 [JavaFX Application Thread] DEBUG AssetLoader          - Loading from cache: /assets/textures/grille.png
17:31:43.461 [JavaFX Application Thread] DEBUG AssetLoader          - Loading from cache: /assets/textures/grille.png
17:31:43.469 [JavaFX Application Thread] DEBUG AssetLoader          - Loading from cache: /assets/textures/grille.png
17:31:43.486 [JavaFX Application Thread] DEBUG AssetLoader          - Loading from cache: /assets/textures/grille.png
17:31:43.501 [JavaFX Application Thread] DEBUG AssetLoader          - Loading from cache: /assets/textures/grille.png
17:31:43.516 [JavaFX Application Thread] DEBUG AssetLoader          - Loading from cache: /assets/textures/grille.png
17:31:43.530 [JavaFX Application Thread] DEBUG AssetLoader          - Loading from cache: /assets/textures/grille.png
17:31:43.544 [JavaFX Application Thread] DEBUG AssetLoader          - Loading from cache: /assets/textures/grille.png
17:31:48.091 [JavaFX Application Thread] DEBUG FXGL                 - Exiting FXGL
17:31:48.091 [JavaFX Application Thread] DEBUG FXGL                 - Shutting down background threads
17:31:48.091 [JavaFX Application Thread] DEBUG FXGL                 - Saving FXGL system data
17:31:48.094 [JavaFX Application Thread] DEBUG DesktopFSService     - Writing to: system\fxgl.bundle
17:31:48.096 [JavaFX Application Thread] DEBUG FXGL                 - Closing logger and exiting JavaFX
