10:50:21.014 [JavaFX Application Thread] DEBUG GameApplication      - Logger initialized
10:50:21.029 [JavaFX Application Thread] DEBUG GameApplication      - Logging settings
Title: Journey down the den
Version: 0.2
Width: 1920
Height: 1080
Fullscreen: true
Intro: false
Menus: false
Profiling: true
Single step:false
App Mode: DEVELOPER
Menu Key: ESCAPE
Stage Style: DECORATED
Scene Factory: class com.almasb.fxgl.scene.SceneFactory
Dialog Factory: class com.almasb.fxgl.ui.FXGLDialogFactory
UI Factory: class com.almasb.fxgl.ui.FXGLUIFactory
Notification Service: class com.almasb.fxgl.gameplay.notification.XboxNotificationView
Exception Handler: class com.almasb.fxgl.app.FXGLExceptionHandler
10:50:21.030 [JavaFX Application Thread] DEBUG GameApplication      - Starting FXGL
10:50:21.036 [JavaFX Application Thread] INFO  FXGL                 - FXGL-0.5.4 on DESKTOP
10:50:21.037 [JavaFX Application Thread] INFO  FXGL                 - Source code and latest versions at: https://github.com/AlmasB/FXGL
10:50:21.037 [JavaFX Application Thread] INFO  FXGL                 -              Join the FXGL chat at: https://gitter.im/AlmasB/FXGL
10:50:21.037 [JavaFX Application Thread] DEBUG FXGL                 - FXGL started
10:50:21.037 [JavaFX Application Thread] DEBUG FXGL                 - Initializing FXGL
10:50:21.088 [JavaFX Application Thread] DEBUG AssetLoader          - Loading from disk: /assets/ui/cursors/fxgl_default.png
10:50:21.161 [JavaFX Application Thread] DEBUG AssetLoader          - Loading from disk: /assets/ui/fonts/VarelaRound-Regular.ttf
10:50:21.516 [JavaFX Application Thread] DEBUG MainWindow           - Creating a JavaFX scene
10:50:21.546 [JavaFX Application Thread] DEBUG MainWindow           - Target settings size: 1920.0 x 1080.0
10:50:21.546 [JavaFX Application Thread] DEBUG MainWindow           - Scaled scene size:    1920.0 x 1080.0
10:50:21.546 [JavaFX Application Thread] DEBUG MainWindow           - Scaled ratio: (1.0, 1.0)
10:50:21.557 [JavaFX Application Thread] DEBUG AssetLoader          - Loading from disk: /assets/ui/css/fxgl_dark.css
10:50:21.560 [JavaFX Application Thread] DEBUG AssetLoader          - Loading from disk: /assets/textures/JDTD_icon.png
10:50:21.569 [JavaFX Application Thread] DEBUG MainWindow           - Opening main window
10:50:21.747 [JavaFX Application Thread] DEBUG MainWindow           - Window border size: (16.0, 20.0)
10:50:21.748 [JavaFX Application Thread] DEBUG MainWindow           - Scaled size: 1920.0 x 1080.0
10:50:21.748 [JavaFX Application Thread] DEBUG MainWindow           - Scaled ratio: (1.0, 1.0)
10:50:21.748 [JavaFX Application Thread] DEBUG MainWindow           - Scene size: 1920.0 x 1080.0
10:50:21.748 [JavaFX Application Thread] DEBUG MainWindow           - Stage size: 1936.0 x 1100.0
10:50:21.783 [ForkJoinPool.commonPool-worker-9] DEBUG FS                   - Loaded DesktopFSService
10:50:21.783 [ForkJoinPool.commonPool-worker-9] DEBUG FXGL                 - Loading FXGL system data
10:50:21.789 [ForkJoinPool.commonPool-worker-9] DEBUG DesktopFSService     - Reading from: system\fxgl.bundle
10:50:21.796 [ForkJoinPool.commonPool-worker-9] DEBUG Bundle               - Logging bundle: FXGL
10:50:21.797 [ForkJoinPool.commonPool-worker-9] DEBUG Bundle               - FXGL.offline.timer.version.check=2020-11-18T09:51:52.340
10:50:21.797 [ForkJoinPool.commonPool-worker-9] DEBUG FXGL                 - Initializing state machine and application states
10:50:21.799 [ForkJoinPool.commonPool-worker-9] DEBUG AssetLoader          - Loading from disk: /assets/ui/cursors/fxgl_default.png
10:50:21.803 [ForkJoinPool.commonPool-worker-9] DEBUG AssetLoader          - Loading from disk: /assets/ui/cursors/fxgl_default.png
10:50:21.813 [ForkJoinPool.commonPool-worker-9] DEBUG AssetLoader          - Loading from cache: /assets/ui/fonts/VarelaRound-Regular.ttf
10:50:21.815 [ForkJoinPool.commonPool-worker-9] DEBUG AssetLoader          - Loading from disk: /assets/ui/cursors/fxgl_default.png
10:50:21.816 [ForkJoinPool.commonPool-worker-9] DEBUG AssetLoader          - Loading from disk: /assets/ui/fonts/lucida_console.ttf
10:50:21.822 [ForkJoinPool.commonPool-worker-9] DEBUG GameScene            - Game scene initialized: 1920x1080
10:50:21.827 [ForkJoinPool.commonPool-worker-9] DEBUG GameWorld            - Game world initialized
10:50:21.873 [ForkJoinPool.commonPool-worker-9] DEBUG PhysicsWorld         - Physics world initialized: appHeight=1080, physics.ppm=50,0
10:50:21.904 [ForkJoinPool.commonPool-worker-9] DEBUG Input                - Registered new binding: Pause - Esc
10:50:21.940 [JavaFX Application Thread] DEBUG FXGL                 - Running preInit()
10:50:21.941 [JavaFX Application Thread] DEBUG Input                - Registered new binding: Screenshot - P
10:50:21.942 [JavaFX Application Thread] DEBUG Input                - Registered new binding: Dev Options - CTRL+0
10:50:21.942 [JavaFX Application Thread] DEBUG Input                - Registered new binding: System info dump - CTRL+9
10:50:21.942 [JavaFX Application Thread] DEBUG Input                - Registered new binding: Restart - CTRL+R
10:50:21.943 [JavaFX Application Thread] DEBUG Input                - Registered new binding: Show grid - F
10:50:21.943 [JavaFX Application Thread] INFO  FXGL                 - FXGL initialization took: 0,905 sec
10:50:21.943 [JavaFX Application Thread] DEBUG LoopRunner           - Starting loop
10:50:21.944 [JavaFX Application Thread] DEBUG StartupState         - STARTUP
10:50:21.945 [JavaFX Application Thread] DEBUG GameApplication      - Starting new game
10:50:21.945 [JavaFX Application Thread] DEBUG Input                - Clearing active input actions
10:50:21.946 [JavaFX Application Thread] DEBUG AssetLoader          - Loading from disk: /assets/ui/css/fxgl_dark.css
10:50:21.951 [JavaFX Application Thread] DEBUG AppStateMachine      - StartupState -> LoadingState
10:50:21.955 [FXGL Background Thread 1 ] DEBUG InitAppTask          - Clearing previous game
10:50:21.955 [FXGL Background Thread 1 ] DEBUG GameWorld            - Clearing game world
10:50:21.955 [FXGL Background Thread 1 ] DEBUG PhysicsWorld         - Clearing physics world
10:50:21.955 [FXGL Background Thread 1 ] DEBUG GameScene            - Clearing game scene
10:50:21.956 [FXGL Background Thread 1 ] DEBUG InitAppTask          - Initializing Game
10:50:21.989 [FXGL Background Thread 1 ] DEBUG AssetLoader          - Loading from disk: /assets/textures/redHero
10:50:21.990 [FXGL Background Thread 1 ] FATAL AssetLoader          - Loading failed for asset: redHero. Cause: Asset "/assets/textures/redHero" was not found!
10:50:22.000 [JavaFX Application Thread] FATAL FXGL                 - Uncaught Exception:

Fatal exception occurred: java.lang.IllegalArgumentException : Failed to load asset: redHero. Cause: Asset "/assets/textures/redHero" was not found!
E: com.almasb.fxgl.asset.AssetLoader.loadFailed(AssetLoader.kt:737)
E: com.almasb.fxgl.asset.AssetLoader.loadTexture(AssetLoader.kt:200)
E: com.almasb.fxgl.entity.components.ViewComponent.setTexture(ViewComponent.java:169)
E: com.almasb.fxgl.entity.components.ViewComponent.setTexture(ViewComponent.java:159)
E: com.almasb.fxgl.entity.Entities$EntityBuilder.viewFromTexture(Entities.java:220)
E: jeu.EntityGenerate.newRedHero(EntityGenerate.java:16)
E: sun.reflect.NativeMethodAccessorImpl.invoke0(Native Method)
E: sun.reflect.NativeMethodAccessorImpl.invoke(NativeMethodAccessorImpl.java:62)
E: sun.reflect.DelegatingMethodAccessorImpl.invoke(DelegatingMethodAccessorImpl.java:43)
E: java.lang.reflect.Method.invoke(Method.java:498)
E: com.almasb.fxgl.core.reflect.ReflectionUtils.lambda$null$1(ReflectionUtils.java:79)
E: com.sun.proxy.$Proxy3.apply(Unknown Source)
E: com.almasb.fxgl.entity.GameWorld$create$2.invoke(GameWorld.kt:436)
E: com.almasb.fxgl.entity.GameWorld$create$2.invoke(GameWorld.kt:35)
E: com.almasb.fxgl.app.DSLKt.tryCatchRoot(DSL.kt:476)
E: com.almasb.fxgl.entity.GameWorld.create(GameWorld.kt:436)
E: com.almasb.fxgl.entity.GameWorld.spawn(GameWorld.kt:413)
E: com.almasb.fxgl.entity.GameWorld.spawn(GameWorld.kt:401)
E: com.almasb.fxgl.entity.GameWorld.spawn(GameWorld.kt:388)
E: jeu.BasicGameApp.initGame(BasicGameApp.java:59)
E: com.almasb.fxgl.app.GameApplication.internalInitGame(GameApplication.java:238)
E: com.almasb.fxgl.app.LoadingState$InitAppTask.initGame(AppStates.kt:168)
E: com.almasb.fxgl.app.LoadingState$InitAppTask.call(AppStates.kt:138)
E: com.almasb.fxgl.app.LoadingState$InitAppTask.call(AppStates.kt:127)
E: javafx.concurrent.Task$TaskCallable.call(Task.java:1423)
E: java.util.concurrent.FutureTask.run(FutureTask.java:266)
E: java.util.concurrent.Executors$RunnableAdapter.call(Executors.java:511)
E: java.util.concurrent.FutureTask.run(FutureTask.java:266)
E: java.util.concurrent.ThreadPoolExecutor.runWorker(ThreadPoolExecutor.java:1149)
E: java.util.concurrent.ThreadPoolExecutor$Worker.run(ThreadPoolExecutor.java:624)
E: java.lang.Thread.run(Thread.java:748)

10:50:22.000 [JavaFX Application Thread] FATAL FXGL                 - Application will now exit
10:50:22.000 [JavaFX Application Thread] DEBUG LoopRunner           - Stopping loop
10:50:23.381 [JavaFX Application Thread] DEBUG FXGL                 - Exiting FXGL
10:50:23.381 [JavaFX Application Thread] DEBUG FXGL                 - Shutting down background threads
10:50:23.381 [JavaFX Application Thread] INFO  Profiler             - Processed Frames: 3
10:50:23.381 [JavaFX Application Thread] INFO  Profiler             - Average FPS: 40
10:50:23.381 [JavaFX Application Thread] INFO  Profiler             - Avg Frame Took: 3,31 ms
10:50:23.382 [JavaFX Application Thread] INFO  Profiler             - Avg Memory Usage: 6 MB
10:50:23.382 [JavaFX Application Thread] INFO  Profiler             - Min Memory Usage: 8 MB
10:50:23.382 [JavaFX Application Thread] INFO  Profiler             - Max Memory Usage: 9 MB
10:50:23.382 [JavaFX Application Thread] INFO  Profiler             - Estimated GC runs: 1
10:50:23.382 [JavaFX Application Thread] DEBUG FXGL                 - Saving FXGL system data
10:50:23.385 [JavaFX Application Thread] DEBUG DesktopFSService     - Writing to: system\fxgl.bundle
10:50:23.387 [JavaFX Application Thread] DEBUG FXGL                 - Closing logger and exiting JavaFX
