23:02:24.996 [JavaFX Application Thread] DEBUG GameApplication      - Logger initialized
23:02:25.013 [JavaFX Application Thread] DEBUG GameApplication      - Logging settings
Title: Journey down the den
Version: 0.3
Width: 1920
Height: 1080
Fullscreen: true
Intro: true
Menus: false
Profiling: true
Single step:false
App Mode: DEVELOPER
Menu Key: ESCAPE
Stage Style: DECORATED
Scene Factory: class com.almasb.fxgl.scene.SceneFactory
Dialog Factory: class com.almasb.fxgl.ui.FXGLDialogFactory
UI Factory: class com.almasb.fxgl.ui.FXGLUIFactory
Notification Service: class com.almasb.fxgl.gameplay.notification.XboxNotificationView
Exception Handler: class com.almasb.fxgl.app.FXGLExceptionHandler
23:02:25.013 [JavaFX Application Thread] DEBUG GameApplication      - Starting FXGL
23:02:25.020 [JavaFX Application Thread] INFO  FXGL                 - FXGL-0.5.4 on DESKTOP
23:02:25.020 [JavaFX Application Thread] INFO  FXGL                 - Source code and latest versions at: https://github.com/AlmasB/FXGL
23:02:25.020 [JavaFX Application Thread] INFO  FXGL                 -              Join the FXGL chat at: https://gitter.im/AlmasB/FXGL
23:02:25.021 [JavaFX Application Thread] DEBUG FXGL                 - FXGL started
23:02:25.021 [JavaFX Application Thread] DEBUG FXGL                 - Initializing FXGL
23:02:25.076 [JavaFX Application Thread] DEBUG AssetLoader          - Loading from disk: /assets/ui/cursors/fxgl_default.png
23:02:25.151 [JavaFX Application Thread] DEBUG AssetLoader          - Loading from disk: /assets/ui/fonts/VarelaRound-Regular.ttf
23:02:25.530 [JavaFX Application Thread] DEBUG MainWindow           - Creating a JavaFX scene
23:02:25.559 [JavaFX Application Thread] DEBUG MainWindow           - Target settings size: 1920.0 x 1080.0
23:02:25.560 [JavaFX Application Thread] DEBUG MainWindow           - Scaled scene size:    1920.0 x 1080.0
23:02:25.560 [JavaFX Application Thread] DEBUG MainWindow           - Scaled ratio: (1.0, 1.0)
23:02:25.573 [JavaFX Application Thread] DEBUG AssetLoader          - Loading from disk: /assets/ui/css/fxgl_dark.css
23:02:25.576 [JavaFX Application Thread] DEBUG AssetLoader          - Loading from disk: /assets/textures/JDTD_icon.png
23:02:25.594 [JavaFX Application Thread] DEBUG MainWindow           - Opening main window
23:02:25.783 [JavaFX Application Thread] DEBUG MainWindow           - Window border size: (16.0, 20.0)
23:02:25.783 [JavaFX Application Thread] DEBUG MainWindow           - Scaled size: 1920.0 x 1080.0
23:02:25.783 [JavaFX Application Thread] DEBUG MainWindow           - Scaled ratio: (1.0, 1.0)
23:02:25.784 [JavaFX Application Thread] DEBUG MainWindow           - Scene size: 1920.0 x 1080.0
23:02:25.784 [JavaFX Application Thread] DEBUG MainWindow           - Stage size: 1936.0 x 1100.0
23:02:25.815 [ForkJoinPool.commonPool-worker-9] DEBUG FS                   - Loaded DesktopFSService
23:02:25.816 [ForkJoinPool.commonPool-worker-9] DEBUG FXGL                 - Loading FXGL system data
23:02:25.822 [ForkJoinPool.commonPool-worker-9] DEBUG DesktopFSService     - Reading from: system\fxgl.bundle
23:02:25.832 [ForkJoinPool.commonPool-worker-9] DEBUG Bundle               - Logging bundle: FXGL
23:02:25.833 [ForkJoinPool.commonPool-worker-9] DEBUG Bundle               - FXGL.offline.timer.version.check=2020-11-18T09:51:52.340
23:02:25.834 [ForkJoinPool.commonPool-worker-9] DEBUG FXGL                 - Initializing state machine and application states
23:02:25.836 [ForkJoinPool.commonPool-worker-9] DEBUG AssetLoader          - Loading from disk: /assets/ui/cursors/fxgl_default.png
23:02:25.846 [ForkJoinPool.commonPool-worker-9] DEBUG AssetLoader          - Loading from disk: /assets/ui/cursors/fxgl_default.png
23:02:25.854 [ForkJoinPool.commonPool-worker-9] DEBUG AssetLoader          - Loading from cache: /assets/ui/fonts/VarelaRound-Regular.ttf
23:02:25.856 [ForkJoinPool.commonPool-worker-9] DEBUG AssetLoader          - Loading from disk: /assets/ui/cursors/fxgl_default.png
23:02:25.858 [ForkJoinPool.commonPool-worker-9] DEBUG AssetLoader          - Loading from disk: /assets/ui/fonts/lucida_console.ttf
23:02:25.867 [ForkJoinPool.commonPool-worker-9] DEBUG GameScene            - Game scene initialized: 1920x1080
23:02:25.873 [ForkJoinPool.commonPool-worker-9] DEBUG GameWorld            - Game world initialized
23:02:25.923 [ForkJoinPool.commonPool-worker-9] DEBUG PhysicsWorld         - Physics world initialized: appHeight=1080, physics.ppm=50,0
23:02:25.953 [ForkJoinPool.commonPool-worker-9] DEBUG Input                - Registered new binding: Pause - Esc
23:02:25.970 [ForkJoinPool.commonPool-worker-9] DEBUG AssetLoader          - Loading from disk: /assets/ui/cursors/fxgl_default.png
23:02:25.975 [ForkJoinPool.commonPool-worker-9] DEBUG AssetLoader          - Loading from disk: /assets/textures/particles/explosion.png
23:02:26.020 [ForkJoinPool.commonPool-worker-9] DEBUG AssetLoader          - Loading from cache: /assets/ui/fonts/VarelaRound-Regular.ttf
23:02:26.022 [ForkJoinPool.commonPool-worker-9] DEBUG AssetLoader          - Loading from cache: /assets/ui/fonts/VarelaRound-Regular.ttf
23:02:26.022 [ForkJoinPool.commonPool-worker-9] DEBUG AssetLoader          - Loading from cache: /assets/ui/fonts/VarelaRound-Regular.ttf
23:02:26.023 [ForkJoinPool.commonPool-worker-9] DEBUG AssetLoader          - Loading from cache: /assets/ui/fonts/VarelaRound-Regular.ttf
23:02:26.055 [JavaFX Application Thread] DEBUG FXGL                 - Running preInit()
23:02:26.056 [JavaFX Application Thread] DEBUG Input                - Registered new binding: Screenshot - P
23:02:26.057 [JavaFX Application Thread] DEBUG Input                - Registered new binding: Dev Options - CTRL+0
23:02:26.057 [JavaFX Application Thread] DEBUG Input                - Registered new binding: System info dump - CTRL+9
23:02:26.057 [JavaFX Application Thread] DEBUG Input                - Registered new binding: Restart - CTRL+R
23:02:26.058 [JavaFX Application Thread] DEBUG Input                - Registered new binding: Show grid - F
23:02:26.058 [JavaFX Application Thread] INFO  FXGL                 - FXGL initialization took: 1,037 sec
23:02:26.058 [JavaFX Application Thread] DEBUG LoopRunner           - Starting loop
23:02:26.060 [JavaFX Application Thread] DEBUG StartupState         - STARTUP
23:02:26.060 [JavaFX Application Thread] DEBUG Input                - Clearing active input actions
23:02:26.061 [JavaFX Application Thread] DEBUG AssetLoader          - Loading from disk: /assets/ui/css/fxgl_dark.css
23:02:26.065 [JavaFX Application Thread] DEBUG AppStateMachine      - StartupState -> IntroState
23:02:30.588 [JavaFX Application Thread] DEBUG EventBus             - Firing event: IntroFinishedEvent
23:02:30.592 [JavaFX Application Thread] DEBUG GameApplication      - Starting new game
23:02:30.592 [JavaFX Application Thread] DEBUG Input                - Clearing active input actions
23:02:30.592 [JavaFX Application Thread] DEBUG AssetLoader          - Loading from disk: /assets/ui/css/fxgl_dark.css
23:02:30.597 [JavaFX Application Thread] DEBUG AppStateMachine      - IntroState -> LoadingState
23:02:30.602 [FXGL Background Thread 1 ] DEBUG InitAppTask          - Clearing previous game
23:02:30.602 [FXGL Background Thread 1 ] DEBUG GameWorld            - Clearing game world
23:02:30.602 [FXGL Background Thread 1 ] DEBUG PhysicsWorld         - Clearing physics world
23:02:30.602 [FXGL Background Thread 1 ] DEBUG GameScene            - Clearing game scene
23:02:30.603 [FXGL Background Thread 1 ] DEBUG InitAppTask          - Initializing Game
23:02:30.637 [FXGL Background Thread 1 ] DEBUG AssetLoader          - Loading from disk: /assets/textures/redHero.png
23:02:30.640 [FXGL Background Thread 1 ] DEBUG GameScene            - Creating render group for layer: DEFAULT(100000)
23:02:30.642 [FXGL Background Thread 1 ] DEBUG AssetLoader          - Loading from disk: /assets/textures/blueHero.png
23:02:30.644 [FXGL Background Thread 1 ] DEBUG AssetLoader          - Loading from disk: /assets/textures/greenHero.png
23:02:30.645 [FXGL Background Thread 1 ] DEBUG AssetLoader          - Loading from disk: /assets/textures/Hero1_full.png
23:02:30.647 [FXGL Background Thread 1 ] DEBUG InitAppTask          - Initializing Physics
23:02:30.648 [FXGL Background Thread 1 ] DEBUG InitAppTask          - Initializing UI
23:02:30.648 [FXGL Background Thread 1 ] DEBUG AssetLoader          - Loading from disk: /assets/ui/cursors/cursor.png
23:02:30.653 [FXGL Background Thread 1 ] DEBUG InitAppTask          - Initialization Complete
23:02:30.653 [FXGL Background Thread 1 ] INFO  InitAppTask          - Game initialization took: 0,052 sec
23:02:30.658 [JavaFX Application Thread] DEBUG Input                - Clearing active input actions
23:02:30.658 [JavaFX Application Thread] DEBUG AssetLoader          - Loading from disk: /assets/ui/css/fxgl_dark.css
23:02:30.662 [JavaFX Application Thread] DEBUG AppStateMachine      - LoadingState -> PlayState
23:02:36.188 [JavaFX Application Thread] DEBUG FXGL                 - Exiting FXGL
23:02:36.188 [JavaFX Application Thread] DEBUG FXGL                 - Shutting down background threads
23:02:36.188 [JavaFX Application Thread] INFO  Profiler             - Processed Frames: 765
23:02:36.188 [JavaFX Application Thread] INFO  Profiler             - Average FPS: 59
23:02:36.189 [JavaFX Application Thread] INFO  Profiler             - Avg Frame Took: 1,51 ms
23:02:36.189 [JavaFX Application Thread] INFO  Profiler             - Avg Memory Usage: 26 MB
23:02:36.189 [JavaFX Application Thread] INFO  Profiler             - Min Memory Usage: 9 MB
23:02:36.189 [JavaFX Application Thread] INFO  Profiler             - Max Memory Usage: 38 MB
23:02:36.189 [JavaFX Application Thread] INFO  Profiler             - Estimated GC runs: 9
23:02:36.189 [JavaFX Application Thread] DEBUG FXGL                 - Saving FXGL system data
23:02:36.191 [JavaFX Application Thread] DEBUG DesktopFSService     - Writing to: system\fxgl.bundle
23:02:36.194 [JavaFX Application Thread] DEBUG FXGL                 - Closing logger and exiting JavaFX
