12:59:58.673 [JavaFX Application Thread] DEBUG GameApplication      - Logger initialized
12:59:58.690 [JavaFX Application Thread] DEBUG GameApplication      - Logging settings
Title: Journey down the den
Version: 0.2
Width: 1920
Height: 1080
Fullscreen: true
Intro: false
Menus: false
Profiling: true
Single step:false
App Mode: DEVELOPER
Menu Key: ESCAPE
Stage Style: DECORATED
Scene Factory: class com.almasb.fxgl.scene.SceneFactory
Dialog Factory: class com.almasb.fxgl.ui.FXGLDialogFactory
UI Factory: class com.almasb.fxgl.ui.FXGLUIFactory
Notification Service: class com.almasb.fxgl.gameplay.notification.XboxNotificationView
Exception Handler: class com.almasb.fxgl.app.FXGLExceptionHandler
12:59:58.690 [JavaFX Application Thread] DEBUG GameApplication      - Starting FXGL
12:59:58.696 [JavaFX Application Thread] INFO  FXGL                 - FXGL-0.5.4 on DESKTOP
12:59:58.697 [JavaFX Application Thread] INFO  FXGL                 - Source code and latest versions at: https://github.com/AlmasB/FXGL
12:59:58.697 [JavaFX Application Thread] INFO  FXGL                 -              Join the FXGL chat at: https://gitter.im/AlmasB/FXGL
12:59:58.697 [JavaFX Application Thread] DEBUG FXGL                 - FXGL started
12:59:58.697 [JavaFX Application Thread] DEBUG FXGL                 - Initializing FXGL
12:59:58.750 [JavaFX Application Thread] DEBUG AssetLoader          - Loading from disk: /assets/ui/cursors/fxgl_default.png
12:59:58.824 [JavaFX Application Thread] DEBUG AssetLoader          - Loading from disk: /assets/ui/fonts/VarelaRound-Regular.ttf
12:59:59.170 [JavaFX Application Thread] DEBUG MainWindow           - Creating a JavaFX scene
12:59:59.201 [JavaFX Application Thread] DEBUG MainWindow           - Target settings size: 1920.0 x 1080.0
12:59:59.202 [JavaFX Application Thread] DEBUG MainWindow           - Scaled scene size:    1920.0 x 1080.0
12:59:59.202 [JavaFX Application Thread] DEBUG MainWindow           - Scaled ratio: (1.0, 1.0)
12:59:59.216 [JavaFX Application Thread] DEBUG AssetLoader          - Loading from disk: /assets/ui/css/fxgl_dark.css
12:59:59.219 [JavaFX Application Thread] DEBUG AssetLoader          - Loading from disk: /assets/textures/JDTD_icon.png
12:59:59.229 [JavaFX Application Thread] DEBUG MainWindow           - Opening main window
12:59:59.414 [JavaFX Application Thread] DEBUG MainWindow           - Window border size: (16.0, 20.0)
12:59:59.414 [JavaFX Application Thread] DEBUG MainWindow           - Scaled size: 1920.0 x 1080.0
12:59:59.415 [JavaFX Application Thread] DEBUG MainWindow           - Scaled ratio: (1.0, 1.0)
12:59:59.415 [JavaFX Application Thread] DEBUG MainWindow           - Scene size: 1920.0 x 1080.0
12:59:59.415 [JavaFX Application Thread] DEBUG MainWindow           - Stage size: 1936.0 x 1100.0
12:59:59.444 [ForkJoinPool.commonPool-worker-9] DEBUG FS                   - Loaded DesktopFSService
12:59:59.445 [ForkJoinPool.commonPool-worker-9] DEBUG FXGL                 - Loading FXGL system data
12:59:59.450 [ForkJoinPool.commonPool-worker-9] DEBUG DesktopFSService     - Reading from: system\fxgl.bundle
12:59:59.458 [ForkJoinPool.commonPool-worker-9] DEBUG Bundle               - Logging bundle: FXGL
12:59:59.459 [ForkJoinPool.commonPool-worker-9] DEBUG Bundle               - FXGL.offline.timer.version.check=2020-11-18T09:51:52.340
12:59:59.459 [ForkJoinPool.commonPool-worker-9] DEBUG FXGL                 - Initializing state machine and application states
12:59:59.461 [ForkJoinPool.commonPool-worker-9] DEBUG AssetLoader          - Loading from disk: /assets/ui/cursors/fxgl_default.png
12:59:59.468 [ForkJoinPool.commonPool-worker-9] DEBUG AssetLoader          - Loading from disk: /assets/ui/cursors/fxgl_default.png
12:59:59.474 [ForkJoinPool.commonPool-worker-9] DEBUG AssetLoader          - Loading from cache: /assets/ui/fonts/VarelaRound-Regular.ttf
12:59:59.477 [ForkJoinPool.commonPool-worker-9] DEBUG AssetLoader          - Loading from disk: /assets/ui/cursors/fxgl_default.png
12:59:59.478 [ForkJoinPool.commonPool-worker-9] DEBUG AssetLoader          - Loading from disk: /assets/ui/fonts/lucida_console.ttf
12:59:59.484 [ForkJoinPool.commonPool-worker-9] DEBUG GameScene            - Game scene initialized: 1920x1080
12:59:59.489 [ForkJoinPool.commonPool-worker-9] DEBUG GameWorld            - Game world initialized
12:59:59.534 [ForkJoinPool.commonPool-worker-9] DEBUG PhysicsWorld         - Physics world initialized: appHeight=1080, physics.ppm=50,0
12:59:59.564 [ForkJoinPool.commonPool-worker-9] DEBUG Input                - Registered new binding: Pause - Esc
12:59:59.595 [JavaFX Application Thread] DEBUG FXGL                 - Running preInit()
12:59:59.597 [JavaFX Application Thread] DEBUG Input                - Registered new binding: Screenshot - P
12:59:59.598 [JavaFX Application Thread] DEBUG Input                - Registered new binding: Dev Options - CTRL+0
12:59:59.598 [JavaFX Application Thread] DEBUG Input                - Registered new binding: System info dump - CTRL+9
12:59:59.598 [JavaFX Application Thread] DEBUG Input                - Registered new binding: Restart - CTRL+R
12:59:59.599 [JavaFX Application Thread] DEBUG Input                - Registered new binding: Show grid - F
12:59:59.599 [JavaFX Application Thread] INFO  FXGL                 - FXGL initialization took: 0,901 sec
12:59:59.599 [JavaFX Application Thread] DEBUG LoopRunner           - Starting loop
12:59:59.601 [JavaFX Application Thread] DEBUG StartupState         - STARTUP
12:59:59.601 [JavaFX Application Thread] DEBUG GameApplication      - Starting new game
12:59:59.601 [JavaFX Application Thread] DEBUG Input                - Clearing active input actions
12:59:59.602 [JavaFX Application Thread] DEBUG AssetLoader          - Loading from disk: /assets/ui/css/fxgl_dark.css
12:59:59.607 [JavaFX Application Thread] DEBUG AppStateMachine      - StartupState -> LoadingState
12:59:59.611 [FXGL Background Thread 1 ] DEBUG InitAppTask          - Clearing previous game
12:59:59.611 [FXGL Background Thread 1 ] DEBUG GameWorld            - Clearing game world
12:59:59.611 [FXGL Background Thread 1 ] DEBUG PhysicsWorld         - Clearing physics world
12:59:59.611 [FXGL Background Thread 1 ] DEBUG GameScene            - Clearing game scene
12:59:59.612 [FXGL Background Thread 1 ] DEBUG InitAppTask          - Initializing Game
12:59:59.646 [FXGL Background Thread 1 ] DEBUG AssetLoader          - Loading from disk: /assets/textures/redHero.png
12:59:59.656 [FXGL Background Thread 1 ] DEBUG GameScene            - Creating render group for layer: DEFAULT(100000)
12:59:59.658 [FXGL Background Thread 1 ] DEBUG AssetLoader          - Loading from disk: /assets/textures/blueHero.png
12:59:59.660 [FXGL Background Thread 1 ] DEBUG AssetLoader          - Loading from disk: /assets/textures/greenHero.png
12:59:59.662 [FXGL Background Thread 1 ] DEBUG AssetLoader          - Loading from disk: /assets/textures/Hero1_full.png
12:59:59.664 [FXGL Background Thread 1 ] DEBUG InitAppTask          - Initializing Physics
12:59:59.665 [FXGL Background Thread 1 ] DEBUG InitAppTask          - Initializing UI
12:59:59.665 [FXGL Background Thread 1 ] DEBUG AssetLoader          - Loading from disk: /assets/ui/cursors/cursor.png
12:59:59.671 [FXGL Background Thread 1 ] DEBUG InitAppTask          - Initialization Complete
12:59:59.672 [FXGL Background Thread 1 ] INFO  InitAppTask          - Game initialization took: 0,061 sec
12:59:59.681 [JavaFX Application Thread] DEBUG Input                - Clearing active input actions
12:59:59.681 [JavaFX Application Thread] DEBUG AssetLoader          - Loading from disk: /assets/ui/css/fxgl_dark.css
12:59:59.685 [JavaFX Application Thread] DEBUG AppStateMachine      - LoadingState -> PlayState
13:00:20.276 [JavaFX Application Thread] DEBUG AssetLoader          - Loading from disk: /assets/textures/grille.png
13:00:20.707 [JavaFX Application Thread] DEBUG AssetLoader          - Loading from cache: /assets/textures/grille.png
13:00:20.715 [JavaFX Application Thread] DEBUG AssetLoader          - Loading from cache: /assets/textures/grille.png
13:00:20.729 [JavaFX Application Thread] DEBUG AssetLoader          - Loading from cache: /assets/textures/grille.png
13:00:20.739 [JavaFX Application Thread] DEBUG AssetLoader          - Loading from cache: /assets/textures/grille.png
13:00:20.755 [JavaFX Application Thread] DEBUG AssetLoader          - Loading from cache: /assets/textures/grille.png
13:00:20.771 [JavaFX Application Thread] DEBUG AssetLoader          - Loading from cache: /assets/textures/grille.png
13:00:20.785 [JavaFX Application Thread] DEBUG AssetLoader          - Loading from cache: /assets/textures/grille.png
13:00:20.799 [JavaFX Application Thread] DEBUG AssetLoader          - Loading from cache: /assets/textures/grille.png
13:00:20.813 [JavaFX Application Thread] DEBUG AssetLoader          - Loading from cache: /assets/textures/grille.png
13:00:20.827 [JavaFX Application Thread] DEBUG AssetLoader          - Loading from cache: /assets/textures/grille.png
13:00:20.835 [JavaFX Application Thread] DEBUG AssetLoader          - Loading from cache: /assets/textures/grille.png
13:00:32.819 [JavaFX Application Thread] DEBUG FXGL                 - Exiting FXGL
13:00:32.819 [JavaFX Application Thread] DEBUG FXGL                 - Shutting down background threads
13:00:32.819 [JavaFX Application Thread] INFO  Profiler             - Processed Frames: 2168
13:00:32.819 [JavaFX Application Thread] INFO  Profiler             - Average FPS: 59
13:00:32.819 [JavaFX Application Thread] INFO  Profiler             - Avg Frame Took: 0,08 ms
13:00:32.820 [JavaFX Application Thread] INFO  Profiler             - Avg Memory Usage: 15 MB
13:00:32.820 [JavaFX Application Thread] INFO  Profiler             - Min Memory Usage: 8 MB
13:00:32.820 [JavaFX Application Thread] INFO  Profiler             - Max Memory Usage: 22 MB
13:00:32.820 [JavaFX Application Thread] INFO  Profiler             - Estimated GC runs: 4
13:00:32.820 [JavaFX Application Thread] DEBUG FXGL                 - Saving FXGL system data
13:00:32.822 [JavaFX Application Thread] DEBUG DesktopFSService     - Writing to: system\fxgl.bundle
13:00:32.825 [JavaFX Application Thread] DEBUG FXGL                 - Closing logger and exiting JavaFX
