12:45:19.425 [JavaFX Application Thread] DEBUG GameApplication      - Logger initialized
12:45:19.441 [JavaFX Application Thread] DEBUG GameApplication      - Logging settings
Title: Journey down the den
Version: 0.2
Width: 1920
Height: 1080
Fullscreen: true
Intro: false
Menus: false
Profiling: true
Single step:false
App Mode: DEVELOPER
Menu Key: ESCAPE
Stage Style: DECORATED
Scene Factory: class com.almasb.fxgl.scene.SceneFactory
Dialog Factory: class com.almasb.fxgl.ui.FXGLDialogFactory
UI Factory: class com.almasb.fxgl.ui.FXGLUIFactory
Notification Service: class com.almasb.fxgl.gameplay.notification.XboxNotificationView
Exception Handler: class com.almasb.fxgl.app.FXGLExceptionHandler
12:45:19.441 [JavaFX Application Thread] DEBUG GameApplication      - Starting FXGL
12:45:19.447 [JavaFX Application Thread] INFO  FXGL                 - FXGL-0.5.4 on DESKTOP
12:45:19.448 [JavaFX Application Thread] INFO  FXGL                 - Source code and latest versions at: https://github.com/AlmasB/FXGL
12:45:19.448 [JavaFX Application Thread] INFO  FXGL                 -              Join the FXGL chat at: https://gitter.im/AlmasB/FXGL
12:45:19.448 [JavaFX Application Thread] DEBUG FXGL                 - FXGL started
12:45:19.448 [JavaFX Application Thread] DEBUG FXGL                 - Initializing FXGL
12:45:19.498 [JavaFX Application Thread] DEBUG AssetLoader          - Loading from disk: /assets/ui/cursors/fxgl_default.png
12:45:19.569 [JavaFX Application Thread] DEBUG AssetLoader          - Loading from disk: /assets/ui/fonts/VarelaRound-Regular.ttf
12:45:19.924 [JavaFX Application Thread] DEBUG MainWindow           - Creating a JavaFX scene
12:45:19.957 [JavaFX Application Thread] DEBUG MainWindow           - Target settings size: 1920.0 x 1080.0
12:45:19.957 [JavaFX Application Thread] DEBUG MainWindow           - Scaled scene size:    1920.0 x 1080.0
12:45:19.957 [JavaFX Application Thread] DEBUG MainWindow           - Scaled ratio: (1.0, 1.0)
12:45:19.968 [JavaFX Application Thread] DEBUG AssetLoader          - Loading from disk: /assets/ui/css/fxgl_dark.css
12:45:19.972 [JavaFX Application Thread] DEBUG AssetLoader          - Loading from disk: /assets/textures/JDTD_icon.png
12:45:19.979 [JavaFX Application Thread] DEBUG MainWindow           - Opening main window
12:45:20.145 [JavaFX Application Thread] DEBUG MainWindow           - Window border size: (16.0, 20.0)
12:45:20.145 [JavaFX Application Thread] DEBUG MainWindow           - Scaled size: 1920.0 x 1080.0
12:45:20.145 [JavaFX Application Thread] DEBUG MainWindow           - Scaled ratio: (1.0, 1.0)
12:45:20.145 [JavaFX Application Thread] DEBUG MainWindow           - Scene size: 1920.0 x 1080.0
12:45:20.146 [JavaFX Application Thread] DEBUG MainWindow           - Stage size: 1936.0 x 1100.0
12:45:20.175 [ForkJoinPool.commonPool-worker-9] DEBUG FS                   - Loaded DesktopFSService
12:45:20.175 [ForkJoinPool.commonPool-worker-9] DEBUG FXGL                 - Loading FXGL system data
12:45:20.181 [ForkJoinPool.commonPool-worker-9] DEBUG DesktopFSService     - Reading from: system\fxgl.bundle
12:45:20.188 [ForkJoinPool.commonPool-worker-9] DEBUG Bundle               - Logging bundle: FXGL
12:45:20.189 [ForkJoinPool.commonPool-worker-9] DEBUG Bundle               - FXGL.offline.timer.version.check=2020-11-18T09:51:52.340
12:45:20.189 [ForkJoinPool.commonPool-worker-9] DEBUG FXGL                 - Initializing state machine and application states
12:45:20.191 [ForkJoinPool.commonPool-worker-9] DEBUG AssetLoader          - Loading from disk: /assets/ui/cursors/fxgl_default.png
12:45:20.195 [ForkJoinPool.commonPool-worker-9] DEBUG AssetLoader          - Loading from disk: /assets/ui/cursors/fxgl_default.png
12:45:20.205 [ForkJoinPool.commonPool-worker-9] DEBUG AssetLoader          - Loading from cache: /assets/ui/fonts/VarelaRound-Regular.ttf
12:45:20.207 [ForkJoinPool.commonPool-worker-9] DEBUG AssetLoader          - Loading from disk: /assets/ui/cursors/fxgl_default.png
12:45:20.208 [ForkJoinPool.commonPool-worker-9] DEBUG AssetLoader          - Loading from disk: /assets/ui/fonts/lucida_console.ttf
12:45:20.216 [ForkJoinPool.commonPool-worker-9] DEBUG GameScene            - Game scene initialized: 1920x1080
12:45:20.223 [ForkJoinPool.commonPool-worker-9] DEBUG GameWorld            - Game world initialized
12:45:20.275 [ForkJoinPool.commonPool-worker-9] DEBUG PhysicsWorld         - Physics world initialized: appHeight=1080, physics.ppm=50,0
12:45:20.312 [ForkJoinPool.commonPool-worker-9] DEBUG Input                - Registered new binding: Pause - Esc
12:45:20.352 [JavaFX Application Thread] DEBUG FXGL                 - Running preInit()
12:45:20.353 [JavaFX Application Thread] DEBUG Input                - Registered new binding: Screenshot - P
12:45:20.354 [JavaFX Application Thread] DEBUG Input                - Registered new binding: Dev Options - CTRL+0
12:45:20.354 [JavaFX Application Thread] DEBUG Input                - Registered new binding: System info dump - CTRL+9
12:45:20.354 [JavaFX Application Thread] DEBUG Input                - Registered new binding: Restart - CTRL+R
12:45:20.355 [JavaFX Application Thread] DEBUG Input                - Registered new binding: Show grid - F
12:45:20.355 [JavaFX Application Thread] INFO  FXGL                 - FXGL initialization took: 0,907 sec
12:45:20.355 [JavaFX Application Thread] DEBUG LoopRunner           - Starting loop
12:45:20.357 [JavaFX Application Thread] DEBUG StartupState         - STARTUP
12:45:20.357 [JavaFX Application Thread] DEBUG GameApplication      - Starting new game
12:45:20.357 [JavaFX Application Thread] DEBUG Input                - Clearing active input actions
12:45:20.358 [JavaFX Application Thread] DEBUG AssetLoader          - Loading from disk: /assets/ui/css/fxgl_dark.css
12:45:20.363 [JavaFX Application Thread] DEBUG AppStateMachine      - StartupState -> LoadingState
12:45:20.367 [FXGL Background Thread 1 ] DEBUG InitAppTask          - Clearing previous game
12:45:20.367 [FXGL Background Thread 1 ] DEBUG GameWorld            - Clearing game world
12:45:20.367 [FXGL Background Thread 1 ] DEBUG PhysicsWorld         - Clearing physics world
12:45:20.368 [FXGL Background Thread 1 ] DEBUG GameScene            - Clearing game scene
12:45:20.369 [FXGL Background Thread 1 ] DEBUG InitAppTask          - Initializing Game
12:45:20.414 [FXGL Background Thread 1 ] DEBUG AssetLoader          - Loading from disk: /assets/textures/redHero.png
12:45:20.424 [FXGL Background Thread 1 ] DEBUG GameScene            - Creating render group for layer: DEFAULT(100000)
12:45:20.426 [FXGL Background Thread 1 ] DEBUG AssetLoader          - Loading from disk: /assets/textures/blueHero.png
12:45:20.428 [FXGL Background Thread 1 ] DEBUG AssetLoader          - Loading from disk: /assets/textures/greenHero.png
12:45:20.436 [FXGL Background Thread 1 ] DEBUG AssetLoader          - Loading from disk: /assets/textures/Hero1_full.png
12:45:20.439 [FXGL Background Thread 1 ] DEBUG InitAppTask          - Initializing Physics
12:45:20.440 [FXGL Background Thread 1 ] DEBUG InitAppTask          - Initializing UI
12:45:20.440 [FXGL Background Thread 1 ] DEBUG AssetLoader          - Loading from disk: /assets/ui/cursors/cursor.png
12:45:20.445 [FXGL Background Thread 1 ] DEBUG InitAppTask          - Initialization Complete
12:45:20.445 [FXGL Background Thread 1 ] INFO  InitAppTask          - Game initialization took: 0,078 sec
12:45:20.447 [JavaFX Application Thread] DEBUG Input                - Clearing active input actions
12:45:20.447 [JavaFX Application Thread] DEBUG AssetLoader          - Loading from disk: /assets/ui/css/fxgl_dark.css
12:45:20.451 [JavaFX Application Thread] DEBUG AppStateMachine      - LoadingState -> PlayState
12:45:34.280 [JavaFX Application Thread] DEBUG FXGL                 - Exiting FXGL
12:45:34.281 [JavaFX Application Thread] DEBUG FXGL                 - Shutting down background threads
12:45:34.281 [JavaFX Application Thread] INFO  Profiler             - Processed Frames: 703
12:45:34.281 [JavaFX Application Thread] INFO  Profiler             - Average FPS: 59
12:45:34.281 [JavaFX Application Thread] INFO  Profiler             - Avg Frame Took: 0,09 ms
12:45:34.282 [JavaFX Application Thread] INFO  Profiler             - Avg Memory Usage: 13 MB
12:45:34.282 [JavaFX Application Thread] INFO  Profiler             - Min Memory Usage: 8 MB
12:45:34.282 [JavaFX Application Thread] INFO  Profiler             - Max Memory Usage: 15 MB
12:45:34.282 [JavaFX Application Thread] INFO  Profiler             - Estimated GC runs: 2
12:45:34.282 [JavaFX Application Thread] DEBUG FXGL                 - Saving FXGL system data
12:45:34.284 [JavaFX Application Thread] DEBUG DesktopFSService     - Writing to: system\fxgl.bundle
12:45:34.287 [JavaFX Application Thread] DEBUG FXGL                 - Closing logger and exiting JavaFX
