09:58:18.077 [JavaFX Application Thread] DEBUG GameApplication      - Logger initialized
09:58:18.092 [JavaFX Application Thread] DEBUG GameApplication      - Logging settings
Title: Journey down the den
Version: 0.2
Width: 1920
Height: 1080
Fullscreen: true
Intro: false
Menus: false
Profiling: true
Single step:false
App Mode: DEVELOPER
Menu Key: ESCAPE
Stage Style: DECORATED
Scene Factory: class com.almasb.fxgl.scene.SceneFactory
Dialog Factory: class com.almasb.fxgl.ui.FXGLDialogFactory
UI Factory: class com.almasb.fxgl.ui.FXGLUIFactory
Notification Service: class com.almasb.fxgl.gameplay.notification.XboxNotificationView
Exception Handler: class com.almasb.fxgl.app.FXGLExceptionHandler
09:58:18.092 [JavaFX Application Thread] DEBUG GameApplication      - Starting FXGL
09:58:18.099 [JavaFX Application Thread] INFO  FXGL                 - FXGL-0.5.4 on DESKTOP
09:58:18.099 [JavaFX Application Thread] INFO  FXGL                 - Source code and latest versions at: https://github.com/AlmasB/FXGL
09:58:18.099 [JavaFX Application Thread] INFO  FXGL                 -              Join the FXGL chat at: https://gitter.im/AlmasB/FXGL
09:58:18.099 [JavaFX Application Thread] DEBUG FXGL                 - FXGL started
09:58:18.099 [JavaFX Application Thread] DEBUG FXGL                 - Initializing FXGL
09:58:18.149 [JavaFX Application Thread] DEBUG AssetLoader          - Loading from disk: /assets/ui/cursors/fxgl_default.png
09:58:18.222 [JavaFX Application Thread] DEBUG AssetLoader          - Loading from disk: /assets/ui/fonts/VarelaRound-Regular.ttf
09:58:18.578 [JavaFX Application Thread] DEBUG MainWindow           - Creating a JavaFX scene
09:58:18.607 [JavaFX Application Thread] DEBUG MainWindow           - Target settings size: 1920.0 x 1080.0
09:58:18.607 [JavaFX Application Thread] DEBUG MainWindow           - Scaled scene size:    1920.0 x 1080.0
09:58:18.607 [JavaFX Application Thread] DEBUG MainWindow           - Scaled ratio: (1.0, 1.0)
09:58:18.620 [JavaFX Application Thread] DEBUG AssetLoader          - Loading from disk: /assets/ui/css/fxgl_dark.css
09:58:18.623 [JavaFX Application Thread] DEBUG AssetLoader          - Loading from disk: /assets/textures/JDTD_icon.png
09:58:18.630 [JavaFX Application Thread] DEBUG MainWindow           - Opening main window
09:58:18.801 [JavaFX Application Thread] DEBUG MainWindow           - Window border size: (16.0, 20.0)
09:58:18.801 [JavaFX Application Thread] DEBUG MainWindow           - Scaled size: 1920.0 x 1080.0
09:58:18.801 [JavaFX Application Thread] DEBUG MainWindow           - Scaled ratio: (1.0, 1.0)
09:58:18.801 [JavaFX Application Thread] DEBUG MainWindow           - Scene size: 1920.0 x 1080.0
09:58:18.801 [JavaFX Application Thread] DEBUG MainWindow           - Stage size: 1936.0 x 1100.0
09:58:18.834 [ForkJoinPool.commonPool-worker-9] DEBUG FS                   - Loaded DesktopFSService
09:58:18.834 [ForkJoinPool.commonPool-worker-9] DEBUG FXGL                 - Loading FXGL system data
09:58:18.840 [ForkJoinPool.commonPool-worker-9] DEBUG DesktopFSService     - Reading from: system\fxgl.bundle
09:58:18.849 [ForkJoinPool.commonPool-worker-9] DEBUG Bundle               - Logging bundle: FXGL
09:58:18.849 [ForkJoinPool.commonPool-worker-9] DEBUG Bundle               - FXGL.offline.timer.version.check=2020-11-18T09:51:52.340
09:58:18.850 [ForkJoinPool.commonPool-worker-9] DEBUG FXGL                 - Initializing state machine and application states
09:58:18.851 [ForkJoinPool.commonPool-worker-9] DEBUG AssetLoader          - Loading from disk: /assets/ui/cursors/fxgl_default.png
09:58:18.856 [ForkJoinPool.commonPool-worker-9] DEBUG AssetLoader          - Loading from disk: /assets/ui/cursors/fxgl_default.png
09:58:18.865 [ForkJoinPool.commonPool-worker-9] DEBUG AssetLoader          - Loading from cache: /assets/ui/fonts/VarelaRound-Regular.ttf
09:58:18.868 [ForkJoinPool.commonPool-worker-9] DEBUG AssetLoader          - Loading from disk: /assets/ui/cursors/fxgl_default.png
09:58:18.869 [ForkJoinPool.commonPool-worker-9] DEBUG AssetLoader          - Loading from disk: /assets/ui/fonts/lucida_console.ttf
09:58:18.876 [ForkJoinPool.commonPool-worker-9] DEBUG GameScene            - Game scene initialized: 1920x1080
09:58:18.882 [ForkJoinPool.commonPool-worker-9] DEBUG GameWorld            - Game world initialized
09:58:18.929 [ForkJoinPool.commonPool-worker-9] DEBUG PhysicsWorld         - Physics world initialized: appHeight=1080, physics.ppm=50,0
09:58:18.959 [ForkJoinPool.commonPool-worker-9] DEBUG Input                - Registered new binding: Pause - Esc
09:58:18.992 [JavaFX Application Thread] DEBUG FXGL                 - Running preInit()
09:58:18.993 [JavaFX Application Thread] DEBUG Input                - Registered new binding: Screenshot - P
09:58:18.994 [JavaFX Application Thread] DEBUG Input                - Registered new binding: Dev Options - CTRL+0
09:58:18.994 [JavaFX Application Thread] DEBUG Input                - Registered new binding: System info dump - CTRL+9
09:58:18.994 [JavaFX Application Thread] DEBUG Input                - Registered new binding: Restart - CTRL+R
09:58:18.995 [JavaFX Application Thread] DEBUG Input                - Registered new binding: Show grid - F
09:58:18.995 [JavaFX Application Thread] INFO  FXGL                 - FXGL initialization took: 0,895 sec
09:58:18.995 [JavaFX Application Thread] DEBUG LoopRunner           - Starting loop
09:58:18.997 [JavaFX Application Thread] DEBUG StartupState         - STARTUP
09:58:18.997 [JavaFX Application Thread] DEBUG GameApplication      - Starting new game
09:58:18.998 [JavaFX Application Thread] DEBUG Input                - Clearing active input actions
09:58:18.998 [JavaFX Application Thread] DEBUG AssetLoader          - Loading from disk: /assets/ui/css/fxgl_dark.css
09:58:19.003 [JavaFX Application Thread] DEBUG AppStateMachine      - StartupState -> LoadingState
09:58:19.007 [FXGL Background Thread 1 ] DEBUG InitAppTask          - Clearing previous game
09:58:19.007 [FXGL Background Thread 1 ] DEBUG GameWorld            - Clearing game world
09:58:19.007 [FXGL Background Thread 1 ] DEBUG PhysicsWorld         - Clearing physics world
09:58:19.007 [FXGL Background Thread 1 ] DEBUG GameScene            - Clearing game scene
09:58:19.008 [FXGL Background Thread 1 ] DEBUG InitAppTask          - Initializing Game
09:58:19.044 [FXGL Background Thread 1 ] DEBUG AssetLoader          - Loading from disk: /assets/textures/down_hero1.png
09:58:19.053 [FXGL Background Thread 1 ] DEBUG GameScene            - Creating render group for layer: DEFAULT(100000)
09:58:19.056 [FXGL Background Thread 1 ] DEBUG AssetLoader          - Loading from disk: /assets/textures/Hero1_full.png
09:58:19.059 [FXGL Background Thread 1 ] DEBUG InitAppTask          - Initializing Physics
09:58:19.059 [FXGL Background Thread 1 ] DEBUG InitAppTask          - Initializing UI
09:58:19.059 [FXGL Background Thread 1 ] DEBUG AssetLoader          - Loading from disk: /assets/ui/cursors/cursor.png
09:58:19.067 [FXGL Background Thread 1 ] DEBUG InitAppTask          - Initialization Complete
09:58:19.067 [FXGL Background Thread 1 ] INFO  InitAppTask          - Game initialization took: 0,060 sec
09:58:19.069 [JavaFX Application Thread] DEBUG Input                - Clearing active input actions
09:58:19.069 [JavaFX Application Thread] DEBUG AssetLoader          - Loading from disk: /assets/ui/css/fxgl_dark.css
09:58:19.074 [JavaFX Application Thread] DEBUG AppStateMachine      - LoadingState -> PlayState
09:58:20.774 [JavaFX Application Thread] DEBUG AssetLoader          - Loading from disk: /assets/textures/grille.png
09:58:20.852 [JavaFX Application Thread] DEBUG AssetLoader          - Loading from cache: /assets/textures/grille.png
09:58:20.866 [JavaFX Application Thread] DEBUG AssetLoader          - Loading from cache: /assets/textures/grille.png
09:58:21.157 [JavaFX Application Thread] DEBUG AssetLoader          - Loading from cache: /assets/textures/grille.png
09:58:21.164 [JavaFX Application Thread] DEBUG AssetLoader          - Loading from cache: /assets/textures/grille.png
09:58:21.173 [JavaFX Application Thread] DEBUG AssetLoader          - Loading from cache: /assets/textures/grille.png
09:58:21.190 [JavaFX Application Thread] DEBUG AssetLoader          - Loading from cache: /assets/textures/grille.png
09:58:21.206 [JavaFX Application Thread] DEBUG AssetLoader          - Loading from cache: /assets/textures/grille.png
09:58:21.220 [JavaFX Application Thread] DEBUG AssetLoader          - Loading from cache: /assets/textures/grille.png
09:58:21.233 [JavaFX Application Thread] DEBUG AssetLoader          - Loading from cache: /assets/textures/grille.png
09:58:21.248 [JavaFX Application Thread] DEBUG AssetLoader          - Loading from cache: /assets/textures/grille.png
09:58:21.261 [JavaFX Application Thread] DEBUG AssetLoader          - Loading from cache: /assets/textures/grille.png
09:58:21.270 [JavaFX Application Thread] DEBUG AssetLoader          - Loading from cache: /assets/textures/grille.png
09:58:21.286 [JavaFX Application Thread] DEBUG AssetLoader          - Loading from cache: /assets/textures/grille.png
09:58:21.302 [JavaFX Application Thread] DEBUG AssetLoader          - Loading from cache: /assets/textures/grille.png
09:58:40.075 [JavaFX Application Thread] DEBUG FXGL                 - Exiting FXGL
09:58:40.075 [JavaFX Application Thread] DEBUG FXGL                 - Shutting down background threads
09:58:40.075 [JavaFX Application Thread] INFO  Profiler             - Processed Frames: 1367
09:58:40.075 [JavaFX Application Thread] INFO  Profiler             - Average FPS: 59
09:58:40.075 [JavaFX Application Thread] INFO  Profiler             - Avg Frame Took: 0,11 ms
09:58:40.076 [JavaFX Application Thread] INFO  Profiler             - Avg Memory Usage: 19 MB
09:58:40.076 [JavaFX Application Thread] INFO  Profiler             - Min Memory Usage: 9 MB
09:58:40.076 [JavaFX Application Thread] INFO  Profiler             - Max Memory Usage: 23 MB
09:58:40.076 [JavaFX Application Thread] INFO  Profiler             - Estimated GC runs: 2
09:58:40.076 [JavaFX Application Thread] DEBUG FXGL                 - Saving FXGL system data
09:58:40.078 [JavaFX Application Thread] DEBUG DesktopFSService     - Writing to: system\fxgl.bundle
09:58:40.080 [JavaFX Application Thread] DEBUG FXGL                 - Closing logger and exiting JavaFX
