15:14:24.300 [JavaFX Application Thread] DEBUG GameApplication      - Logger initialized
15:14:24.312 [JavaFX Application Thread] DEBUG GameApplication      - Logging settings
Title: Journey down the den
Version: 0.1
Width: 1920
Height: 1080
Fullscreen: false
Intro: false
Menus: false
Profiling: false
Single step:false
App Mode: DEVELOPER
Menu Key: ESCAPE
Stage Style: DECORATED
Scene Factory: class com.almasb.fxgl.scene.SceneFactory
Dialog Factory: class com.almasb.fxgl.ui.FXGLDialogFactory
UI Factory: class com.almasb.fxgl.ui.FXGLUIFactory
Notification Service: class com.almasb.fxgl.gameplay.notification.XboxNotificationView
Exception Handler: class com.almasb.fxgl.app.FXGLExceptionHandler
15:14:24.312 [JavaFX Application Thread] DEBUG GameApplication      - Starting FXGL
15:14:24.319 [JavaFX Application Thread] INFO  FXGL                 - FXGL-0.5.4 on DESKTOP
15:14:24.319 [JavaFX Application Thread] INFO  FXGL                 - Source code and latest versions at: https://github.com/AlmasB/FXGL
15:14:24.319 [JavaFX Application Thread] INFO  FXGL                 -              Join the FXGL chat at: https://gitter.im/AlmasB/FXGL
15:14:24.320 [JavaFX Application Thread] DEBUG FXGL                 - FXGL started
15:14:24.320 [JavaFX Application Thread] DEBUG FXGL                 - Initializing FXGL
15:14:24.372 [JavaFX Application Thread] DEBUG AssetLoader          - Loading from disk: /assets/ui/cursors/fxgl_default.png
15:14:24.449 [JavaFX Application Thread] DEBUG AssetLoader          - Loading from disk: /assets/ui/fonts/VarelaRound-Regular.ttf
15:14:24.797 [JavaFX Application Thread] DEBUG MainWindow           - Creating a JavaFX scene
15:14:24.797 [JavaFX Application Thread] DEBUG MainWindow           - Target size > screen size
15:14:24.826 [JavaFX Application Thread] DEBUG MainWindow           - Target settings size: 1920.0 x 1080.0
15:14:24.826 [JavaFX Application Thread] DEBUG MainWindow           - Scaled scene size:    1823.0 x 1039.0
15:14:24.827 [JavaFX Application Thread] DEBUG MainWindow           - Scaled ratio: (0.9494791666666667, 0.962037037037037)
15:14:24.838 [JavaFX Application Thread] DEBUG AssetLoader          - Loading from disk: /assets/ui/css/fxgl_dark.css
15:14:24.842 [JavaFX Application Thread] DEBUG AssetLoader          - Loading from disk: /assets/textures/fxgl_icon.png
15:14:24.849 [JavaFX Application Thread] DEBUG MainWindow           - Opening main window
15:14:25.044 [JavaFX Application Thread] DEBUG MainWindow           - Window border size: (16.0, 39.0)
15:14:25.044 [JavaFX Application Thread] DEBUG MainWindow           - Scaled size: 1823.0 x 1039.0
15:14:25.045 [JavaFX Application Thread] DEBUG MainWindow           - Scaled ratio: (0.9494791666666667, 0.962037037037037)
15:14:25.045 [JavaFX Application Thread] DEBUG MainWindow           - Scene size: 1823.0 x 1039.0
15:14:25.045 [JavaFX Application Thread] DEBUG MainWindow           - Stage size: 1839.0 x 1078.0
15:14:25.077 [ForkJoinPool.commonPool-worker-9] DEBUG FS                   - Loaded DesktopFSService
15:14:25.077 [ForkJoinPool.commonPool-worker-9] DEBUG FXGL                 - Loading FXGL system data
15:14:25.081 [ForkJoinPool.commonPool-worker-9] DEBUG DesktopFSService     - Reading from: system\fxgl.bundle
15:14:25.086 [ForkJoinPool.commonPool-worker-9] DEBUG Bundle               - Logging bundle: FXGL
15:14:25.087 [ForkJoinPool.commonPool-worker-9] DEBUG Bundle               - FXGL.offline.timer.version.check=2020-10-14T00:11:39.825
15:14:25.087 [ForkJoinPool.commonPool-worker-9] DEBUG FXGL                 - Initializing state machine and application states
15:14:25.089 [ForkJoinPool.commonPool-worker-9] DEBUG AssetLoader          - Loading from disk: /assets/ui/cursors/fxgl_default.png
15:14:25.093 [ForkJoinPool.commonPool-worker-9] DEBUG AssetLoader          - Loading from disk: /assets/ui/cursors/fxgl_default.png
15:14:25.102 [ForkJoinPool.commonPool-worker-9] DEBUG AssetLoader          - Loading from cache: /assets/ui/fonts/VarelaRound-Regular.ttf
15:14:25.105 [ForkJoinPool.commonPool-worker-9] DEBUG AssetLoader          - Loading from disk: /assets/ui/cursors/fxgl_default.png
15:14:25.107 [ForkJoinPool.commonPool-worker-9] DEBUG GameScene            - Game scene initialized: 1920x1080
15:14:25.112 [ForkJoinPool.commonPool-worker-9] DEBUG GameWorld            - Game world initialized
15:14:25.159 [ForkJoinPool.commonPool-worker-9] DEBUG PhysicsWorld         - Physics world initialized: appHeight=1080, physics.ppm=50,0
15:14:25.176 [ForkJoinPool.commonPool-worker-9] DEBUG Input                - Registered new binding: Pause - Esc
15:14:25.212 [JavaFX Application Thread] DEBUG FXGL                 - Running preInit()
15:14:25.214 [JavaFX Application Thread] DEBUG Input                - Registered new binding: Screenshot - P
15:14:25.215 [JavaFX Application Thread] DEBUG Input                - Registered new binding: Dev Options - CTRL+0
15:14:25.215 [JavaFX Application Thread] DEBUG Input                - Registered new binding: System info dump - CTRL+9
15:14:25.215 [JavaFX Application Thread] DEBUG Input                - Registered new binding: Restart - CTRL+R
15:14:25.215 [JavaFX Application Thread] DEBUG Input                - Registered new binding: Move Right - D
15:14:25.216 [JavaFX Application Thread] DEBUG Input                - Registered new binding: Move Left - Q
15:14:25.216 [JavaFX Application Thread] DEBUG Input                - Registered new binding: Move Up - Z
15:14:25.216 [JavaFX Application Thread] DEBUG Input                - Registered new binding: Move Down - S
15:14:25.216 [JavaFX Application Thread] INFO  FXGL                 - FXGL initialization took: 0,897 sec
15:14:25.217 [JavaFX Application Thread] DEBUG LoopRunner           - Starting loop
15:14:25.218 [JavaFX Application Thread] DEBUG StartupState         - STARTUP
15:14:25.218 [JavaFX Application Thread] DEBUG GameApplication      - Starting new game
15:14:25.218 [JavaFX Application Thread] DEBUG Input                - Clearing active input actions
15:14:25.219 [JavaFX Application Thread] DEBUG AssetLoader          - Loading from disk: /assets/ui/css/fxgl_dark.css
15:14:25.223 [JavaFX Application Thread] DEBUG AppStateMachine      - StartupState -> LoadingState
15:14:25.227 [FXGL Background Thread 1 ] DEBUG InitAppTask          - Clearing previous game
15:14:25.227 [FXGL Background Thread 1 ] DEBUG GameWorld            - Clearing game world
15:14:25.227 [FXGL Background Thread 1 ] DEBUG PhysicsWorld         - Clearing physics world
15:14:25.227 [FXGL Background Thread 1 ] DEBUG GameScene            - Clearing game scene
15:14:25.228 [FXGL Background Thread 1 ] DEBUG InitAppTask          - Initializing Game
15:14:25.262 [FXGL Background Thread 1 ] DEBUG AssetLoader          - Loading from disk: /assets/textures/mapTest.png
15:14:25.296 [FXGL Background Thread 1 ] DEBUG GameScene            - Creating render group for layer: DEFAULT(100000)
15:14:25.298 [FXGL Background Thread 1 ] DEBUG AssetLoader          - Loading from disk: /assets/textures/down_character.png
15:14:25.648 [FXGL Background Thread 1 ] DEBUG AudioPlayer          - Playing music com.almasb.fxgl.audio.Music@e82863
15:14:25.650 [FXGL Background Thread 1 ] DEBUG InitAppTask          - Initializing Physics
15:14:25.650 [FXGL Background Thread 1 ] DEBUG InitAppTask          - Initializing UI
15:14:25.651 [FXGL Background Thread 1 ] DEBUG AssetLoader          - Loading from cache: /assets/ui/fonts/VarelaRound-Regular.ttf
15:14:25.651 [FXGL Background Thread 1 ] DEBUG AssetLoader          - Loading from disk: /assets/ui/cursors/cursor.png
15:14:25.654 [FXGL Background Thread 1 ] DEBUG InitAppTask          - Initialization Complete
15:14:25.654 [FXGL Background Thread 1 ] INFO  InitAppTask          - Game initialization took: 0,427 sec
15:14:25.664 [JavaFX Application Thread] DEBUG Input                - Clearing active input actions
15:14:25.665 [JavaFX Application Thread] DEBUG AssetLoader          - Loading from disk: /assets/ui/css/fxgl_dark.css
15:14:25.706 [JavaFX Application Thread] DEBUG AppStateMachine      - LoadingState -> PlayState
15:16:03.495 [JavaFX Application Thread] DEBUG FXGL                 - Exiting FXGL
15:16:03.495 [JavaFX Application Thread] DEBUG FXGL                 - Shutting down background threads
15:16:03.495 [JavaFX Application Thread] DEBUG FXGL                 - Saving FXGL system data
15:16:03.497 [JavaFX Application Thread] DEBUG DesktopFSService     - Writing to: system\fxgl.bundle
15:16:03.499 [JavaFX Application Thread] DEBUG FXGL                 - Closing logger and exiting JavaFX
