14:51:39.843 [JavaFX Application Thread] DEBUG GameApplication      - Logger initialized
14:51:39.855 [JavaFX Application Thread] DEBUG GameApplication      - Logging settings
Title: Journey down the den
Version: 0.1
Width: 1920
Height: 1080
Fullscreen: false
Intro: false
Menus: false
Profiling: false
Single step:false
App Mode: DEVELOPER
Menu Key: ESCAPE
Stage Style: DECORATED
Scene Factory: class com.almasb.fxgl.scene.SceneFactory
Dialog Factory: class com.almasb.fxgl.ui.FXGLDialogFactory
UI Factory: class com.almasb.fxgl.ui.FXGLUIFactory
Notification Service: class com.almasb.fxgl.gameplay.notification.XboxNotificationView
Exception Handler: class com.almasb.fxgl.app.FXGLExceptionHandler
14:51:39.855 [JavaFX Application Thread] DEBUG GameApplication      - Starting FXGL
14:51:39.862 [JavaFX Application Thread] INFO  FXGL                 - FXGL-0.5.4 on DESKTOP
14:51:39.862 [JavaFX Application Thread] INFO  FXGL                 - Source code and latest versions at: https://github.com/AlmasB/FXGL
14:51:39.862 [JavaFX Application Thread] INFO  FXGL                 -              Join the FXGL chat at: https://gitter.im/AlmasB/FXGL
14:51:39.862 [JavaFX Application Thread] DEBUG FXGL                 - FXGL started
14:51:39.862 [JavaFX Application Thread] DEBUG FXGL                 - Initializing FXGL
14:51:39.914 [JavaFX Application Thread] DEBUG AssetLoader          - Loading from disk: /assets/ui/cursors/fxgl_default.png
14:51:39.988 [JavaFX Application Thread] DEBUG AssetLoader          - Loading from disk: /assets/ui/fonts/VarelaRound-Regular.ttf
14:51:40.331 [JavaFX Application Thread] DEBUG MainWindow           - Creating a JavaFX scene
14:51:40.331 [JavaFX Application Thread] DEBUG MainWindow           - Target size > screen size
14:51:40.357 [JavaFX Application Thread] DEBUG MainWindow           - Target settings size: 1920.0 x 1080.0
14:51:40.357 [JavaFX Application Thread] DEBUG MainWindow           - Scaled scene size:    1823.0 x 1039.0
14:51:40.358 [JavaFX Application Thread] DEBUG MainWindow           - Scaled ratio: (0.9494791666666667, 0.962037037037037)
14:51:40.367 [JavaFX Application Thread] DEBUG AssetLoader          - Loading from disk: /assets/ui/css/fxgl_dark.css
14:51:40.372 [JavaFX Application Thread] DEBUG AssetLoader          - Loading from disk: /assets/textures/fxgl_icon.png
14:51:40.378 [JavaFX Application Thread] DEBUG MainWindow           - Opening main window
14:51:40.558 [JavaFX Application Thread] DEBUG MainWindow           - Window border size: (16.0, 39.0)
14:51:40.558 [JavaFX Application Thread] DEBUG MainWindow           - Scaled size: 1823.0 x 1039.0
14:51:40.558 [JavaFX Application Thread] DEBUG MainWindow           - Scaled ratio: (0.9494791666666667, 0.962037037037037)
14:51:40.558 [JavaFX Application Thread] DEBUG MainWindow           - Scene size: 1823.0 x 1039.0
14:51:40.558 [JavaFX Application Thread] DEBUG MainWindow           - Stage size: 1839.0 x 1078.0
14:51:40.587 [ForkJoinPool.commonPool-worker-9] DEBUG FS                   - Loaded DesktopFSService
14:51:40.588 [ForkJoinPool.commonPool-worker-9] DEBUG FXGL                 - Loading FXGL system data
14:51:40.592 [ForkJoinPool.commonPool-worker-9] DEBUG DesktopFSService     - Reading from: system\fxgl.bundle
14:51:40.596 [ForkJoinPool.commonPool-worker-9] DEBUG Bundle               - Logging bundle: FXGL
14:51:40.597 [ForkJoinPool.commonPool-worker-9] DEBUG Bundle               - FXGL.offline.timer.version.check=2020-10-14T00:11:39.825
14:51:40.598 [ForkJoinPool.commonPool-worker-9] DEBUG FXGL                 - Initializing state machine and application states
14:51:40.599 [ForkJoinPool.commonPool-worker-9] DEBUG AssetLoader          - Loading from disk: /assets/ui/cursors/fxgl_default.png
14:51:40.604 [ForkJoinPool.commonPool-worker-9] DEBUG AssetLoader          - Loading from disk: /assets/ui/cursors/fxgl_default.png
14:51:40.614 [ForkJoinPool.commonPool-worker-9] DEBUG AssetLoader          - Loading from cache: /assets/ui/fonts/VarelaRound-Regular.ttf
14:51:40.616 [ForkJoinPool.commonPool-worker-9] DEBUG AssetLoader          - Loading from disk: /assets/ui/cursors/fxgl_default.png
14:51:40.618 [ForkJoinPool.commonPool-worker-9] DEBUG GameScene            - Game scene initialized: 1920x1080
14:51:40.623 [ForkJoinPool.commonPool-worker-9] DEBUG GameWorld            - Game world initialized
14:51:40.669 [ForkJoinPool.commonPool-worker-9] DEBUG PhysicsWorld         - Physics world initialized: appHeight=1080, physics.ppm=50,0
14:51:40.686 [ForkJoinPool.commonPool-worker-9] DEBUG Input                - Registered new binding: Pause - Esc
14:51:40.720 [JavaFX Application Thread] DEBUG FXGL                 - Running preInit()
14:51:40.722 [JavaFX Application Thread] DEBUG Input                - Registered new binding: Screenshot - P
14:51:40.722 [JavaFX Application Thread] DEBUG Input                - Registered new binding: Dev Options - CTRL+0
14:51:40.722 [JavaFX Application Thread] DEBUG Input                - Registered new binding: System info dump - CTRL+9
14:51:40.723 [JavaFX Application Thread] DEBUG Input                - Registered new binding: Restart - CTRL+R
14:51:40.723 [JavaFX Application Thread] DEBUG Input                - Registered new binding: Move Right - D
14:51:40.723 [JavaFX Application Thread] DEBUG Input                - Registered new binding: Move Left - Q
14:51:40.723 [JavaFX Application Thread] DEBUG Input                - Registered new binding: Move Up - Z
14:51:40.724 [JavaFX Application Thread] DEBUG Input                - Registered new binding: Move Down - S
14:51:40.724 [JavaFX Application Thread] INFO  FXGL                 - FXGL initialization took: 0,862 sec
14:51:40.724 [JavaFX Application Thread] DEBUG LoopRunner           - Starting loop
14:51:40.726 [JavaFX Application Thread] DEBUG StartupState         - STARTUP
14:51:40.726 [JavaFX Application Thread] DEBUG GameApplication      - Starting new game
14:51:40.726 [JavaFX Application Thread] DEBUG Input                - Clearing active input actions
14:51:40.727 [JavaFX Application Thread] DEBUG AssetLoader          - Loading from disk: /assets/ui/css/fxgl_dark.css
14:51:40.736 [JavaFX Application Thread] DEBUG AppStateMachine      - StartupState -> LoadingState
14:51:40.741 [FXGL Background Thread 1 ] DEBUG InitAppTask          - Clearing previous game
14:51:40.741 [FXGL Background Thread 1 ] DEBUG GameWorld            - Clearing game world
14:51:40.741 [FXGL Background Thread 1 ] DEBUG PhysicsWorld         - Clearing physics world
14:51:40.741 [FXGL Background Thread 1 ] DEBUG GameScene            - Clearing game scene
14:51:40.742 [FXGL Background Thread 1 ] DEBUG InitAppTask          - Initializing Game
14:51:40.776 [FXGL Background Thread 1 ] DEBUG AssetLoader          - Loading from disk: /assets/textures/mapTest.png
14:51:40.798 [FXGL Background Thread 1 ] DEBUG GameScene            - Creating render group for layer: DEFAULT(100000)
14:51:40.800 [FXGL Background Thread 1 ] DEBUG AssetLoader          - Loading from disk: /assets/textures/down_character.png
14:51:41.175 [FXGL Background Thread 1 ] DEBUG AudioPlayer          - Playing music com.almasb.fxgl.audio.Music@1638d9d
14:51:41.176 [FXGL Background Thread 1 ] DEBUG InitAppTask          - Initializing Physics
14:51:41.177 [FXGL Background Thread 1 ] DEBUG InitAppTask          - Initializing UI
14:51:41.177 [FXGL Background Thread 1 ] DEBUG AssetLoader          - Loading from cache: /assets/ui/fonts/VarelaRound-Regular.ttf
14:51:41.177 [FXGL Background Thread 1 ] DEBUG AssetLoader          - Loading from disk: /assets/ui/cursors/cursor.png
14:51:41.180 [FXGL Background Thread 1 ] DEBUG InitAppTask          - Initialization Complete
14:51:41.180 [FXGL Background Thread 1 ] INFO  InitAppTask          - Game initialization took: 0,440 sec
14:51:41.205 [JavaFX Application Thread] DEBUG Input                - Clearing active input actions
14:51:41.205 [JavaFX Application Thread] DEBUG AssetLoader          - Loading from disk: /assets/ui/css/fxgl_dark.css
14:51:41.247 [JavaFX Application Thread] DEBUG AppStateMachine      - LoadingState -> PlayState
14:51:45.854 [JavaFX Application Thread] DEBUG FXGL                 - Exiting FXGL
14:51:45.854 [JavaFX Application Thread] DEBUG FXGL                 - Shutting down background threads
14:51:45.854 [JavaFX Application Thread] DEBUG FXGL                 - Saving FXGL system data
14:51:45.856 [JavaFX Application Thread] DEBUG DesktopFSService     - Writing to: system\fxgl.bundle
14:51:45.859 [JavaFX Application Thread] DEBUG FXGL                 - Closing logger and exiting JavaFX
