11:05:39.120 [JavaFX Application Thread] DEBUG GameApplication      - Logger initialized
11:05:39.135 [JavaFX Application Thread] DEBUG GameApplication      - Logging settings
Title: Journey down the den
Version: 0.2
Width: 1920
Height: 1080
Fullscreen: true
Intro: false
Menus: false
Profiling: true
Single step:false
App Mode: DEVELOPER
Menu Key: ESCAPE
Stage Style: DECORATED
Scene Factory: class com.almasb.fxgl.scene.SceneFactory
Dialog Factory: class com.almasb.fxgl.ui.FXGLDialogFactory
UI Factory: class com.almasb.fxgl.ui.FXGLUIFactory
Notification Service: class com.almasb.fxgl.gameplay.notification.XboxNotificationView
Exception Handler: class com.almasb.fxgl.app.FXGLExceptionHandler
11:05:39.135 [JavaFX Application Thread] DEBUG GameApplication      - Starting FXGL
11:05:39.142 [JavaFX Application Thread] INFO  FXGL                 - FXGL-0.5.4 on DESKTOP
11:05:39.142 [JavaFX Application Thread] INFO  FXGL                 - Source code and latest versions at: https://github.com/AlmasB/FXGL
11:05:39.142 [JavaFX Application Thread] INFO  FXGL                 -              Join the FXGL chat at: https://gitter.im/AlmasB/FXGL
11:05:39.142 [JavaFX Application Thread] DEBUG FXGL                 - FXGL started
11:05:39.143 [JavaFX Application Thread] DEBUG FXGL                 - Initializing FXGL
11:05:39.194 [JavaFX Application Thread] DEBUG AssetLoader          - Loading from disk: /assets/ui/cursors/fxgl_default.png
11:05:39.272 [JavaFX Application Thread] DEBUG AssetLoader          - Loading from disk: /assets/ui/fonts/VarelaRound-Regular.ttf
11:05:39.642 [JavaFX Application Thread] DEBUG MainWindow           - Creating a JavaFX scene
11:05:39.676 [JavaFX Application Thread] DEBUG MainWindow           - Target settings size: 1920.0 x 1080.0
11:05:39.677 [JavaFX Application Thread] DEBUG MainWindow           - Scaled scene size:    1920.0 x 1080.0
11:05:39.677 [JavaFX Application Thread] DEBUG MainWindow           - Scaled ratio: (1.0, 1.0)
11:05:39.690 [JavaFX Application Thread] DEBUG AssetLoader          - Loading from disk: /assets/ui/css/fxgl_dark.css
11:05:39.698 [JavaFX Application Thread] DEBUG AssetLoader          - Loading from disk: /assets/textures/JDTD_icon.png
11:05:39.708 [JavaFX Application Thread] DEBUG MainWindow           - Opening main window
11:05:39.880 [JavaFX Application Thread] DEBUG MainWindow           - Window border size: (16.0, 20.0)
11:05:39.881 [JavaFX Application Thread] DEBUG MainWindow           - Scaled size: 1920.0 x 1080.0
11:05:39.881 [JavaFX Application Thread] DEBUG MainWindow           - Scaled ratio: (1.0, 1.0)
11:05:39.881 [JavaFX Application Thread] DEBUG MainWindow           - Scene size: 1920.0 x 1080.0
11:05:39.881 [JavaFX Application Thread] DEBUG MainWindow           - Stage size: 1936.0 x 1100.0
11:05:39.912 [ForkJoinPool.commonPool-worker-9] DEBUG FS                   - Loaded DesktopFSService
11:05:39.912 [ForkJoinPool.commonPool-worker-9] DEBUG FXGL                 - Loading FXGL system data
11:05:39.919 [ForkJoinPool.commonPool-worker-9] DEBUG DesktopFSService     - Reading from: system\fxgl.bundle
11:05:39.929 [ForkJoinPool.commonPool-worker-9] DEBUG Bundle               - Logging bundle: FXGL
11:05:39.930 [ForkJoinPool.commonPool-worker-9] DEBUG Bundle               - FXGL.offline.timer.version.check=2020-11-18T09:51:52.340
11:05:39.931 [ForkJoinPool.commonPool-worker-9] DEBUG FXGL                 - Initializing state machine and application states
11:05:39.933 [ForkJoinPool.commonPool-worker-9] DEBUG AssetLoader          - Loading from disk: /assets/ui/cursors/fxgl_default.png
11:05:39.940 [ForkJoinPool.commonPool-worker-9] DEBUG AssetLoader          - Loading from disk: /assets/ui/cursors/fxgl_default.png
11:05:39.946 [ForkJoinPool.commonPool-worker-9] DEBUG AssetLoader          - Loading from cache: /assets/ui/fonts/VarelaRound-Regular.ttf
11:05:39.948 [ForkJoinPool.commonPool-worker-9] DEBUG AssetLoader          - Loading from disk: /assets/ui/cursors/fxgl_default.png
11:05:39.949 [ForkJoinPool.commonPool-worker-9] DEBUG AssetLoader          - Loading from disk: /assets/ui/fonts/lucida_console.ttf
11:05:39.956 [ForkJoinPool.commonPool-worker-9] DEBUG GameScene            - Game scene initialized: 1920x1080
11:05:39.962 [ForkJoinPool.commonPool-worker-9] DEBUG GameWorld            - Game world initialized
11:05:40.015 [ForkJoinPool.commonPool-worker-9] DEBUG PhysicsWorld         - Physics world initialized: appHeight=1080, physics.ppm=50,0
11:05:40.044 [ForkJoinPool.commonPool-worker-9] DEBUG Input                - Registered new binding: Pause - Esc
11:05:40.084 [JavaFX Application Thread] DEBUG FXGL                 - Running preInit()
11:05:40.086 [JavaFX Application Thread] DEBUG Input                - Registered new binding: Screenshot - P
11:05:40.086 [JavaFX Application Thread] DEBUG Input                - Registered new binding: Dev Options - CTRL+0
11:05:40.087 [JavaFX Application Thread] DEBUG Input                - Registered new binding: System info dump - CTRL+9
11:05:40.087 [JavaFX Application Thread] DEBUG Input                - Registered new binding: Restart - CTRL+R
11:05:40.087 [JavaFX Application Thread] DEBUG Input                - Registered new binding: Show grid - F
11:05:40.088 [JavaFX Application Thread] INFO  FXGL                 - FXGL initialization took: 0,945 sec
11:05:40.088 [JavaFX Application Thread] DEBUG LoopRunner           - Starting loop
11:05:40.090 [JavaFX Application Thread] DEBUG StartupState         - STARTUP
11:05:40.091 [JavaFX Application Thread] DEBUG GameApplication      - Starting new game
11:05:40.091 [JavaFX Application Thread] DEBUG Input                - Clearing active input actions
11:05:40.092 [JavaFX Application Thread] DEBUG AssetLoader          - Loading from disk: /assets/ui/css/fxgl_dark.css
11:05:40.096 [JavaFX Application Thread] DEBUG AppStateMachine      - StartupState -> LoadingState
11:05:40.100 [FXGL Background Thread 1 ] DEBUG InitAppTask          - Clearing previous game
11:05:40.101 [FXGL Background Thread 1 ] DEBUG GameWorld            - Clearing game world
11:05:40.101 [FXGL Background Thread 1 ] DEBUG PhysicsWorld         - Clearing physics world
11:05:40.101 [FXGL Background Thread 1 ] DEBUG GameScene            - Clearing game scene
11:05:40.102 [FXGL Background Thread 1 ] DEBUG InitAppTask          - Initializing Game
11:05:40.144 [FXGL Background Thread 1 ] DEBUG AssetLoader          - Loading from disk: /assets/textures/redHero.png
11:05:40.154 [FXGL Background Thread 1 ] DEBUG GameScene            - Creating render group for layer: DEFAULT(100000)
11:05:40.158 [FXGL Background Thread 1 ] DEBUG AssetLoader          - Loading from disk: /assets/textures/Hero1_full.png
11:05:40.161 [FXGL Background Thread 1 ] DEBUG InitAppTask          - Initializing Physics
11:05:40.161 [FXGL Background Thread 1 ] DEBUG InitAppTask          - Initializing UI
11:05:40.161 [FXGL Background Thread 1 ] DEBUG AssetLoader          - Loading from disk: /assets/ui/cursors/cursor.png
11:05:40.166 [FXGL Background Thread 1 ] DEBUG InitAppTask          - Initialization Complete
11:05:40.167 [FXGL Background Thread 1 ] INFO  InitAppTask          - Game initialization took: 0,066 sec
11:05:40.176 [JavaFX Application Thread] DEBUG Input                - Clearing active input actions
11:05:40.176 [JavaFX Application Thread] DEBUG AssetLoader          - Loading from disk: /assets/ui/css/fxgl_dark.css
11:05:40.180 [JavaFX Application Thread] DEBUG AppStateMachine      - LoadingState -> PlayState
11:05:40.592 [JavaFX Application Thread] DEBUG AssetLoader          - Loading from disk: /assets/textures/grille.png
11:05:40.669 [JavaFX Application Thread] DEBUG AssetLoader          - Loading from cache: /assets/textures/grille.png
11:05:40.683 [JavaFX Application Thread] DEBUG AssetLoader          - Loading from cache: /assets/textures/grille.png
11:05:40.698 [JavaFX Application Thread] DEBUG AssetLoader          - Loading from cache: /assets/textures/grille.png
11:05:40.711 [JavaFX Application Thread] DEBUG AssetLoader          - Loading from cache: /assets/textures/grille.png
11:05:40.720 [JavaFX Application Thread] DEBUG AssetLoader          - Loading from cache: /assets/textures/grille.png
11:05:42.829 [JavaFX Application Thread] DEBUG FXGL                 - Exiting FXGL
11:05:42.829 [JavaFX Application Thread] DEBUG FXGL                 - Shutting down background threads
11:05:42.829 [JavaFX Application Thread] INFO  Profiler             - Processed Frames: 183
11:05:42.829 [JavaFX Application Thread] INFO  Profiler             - Average FPS: 59
11:05:42.830 [JavaFX Application Thread] INFO  Profiler             - Avg Frame Took: 0,52 ms
11:05:42.830 [JavaFX Application Thread] INFO  Profiler             - Avg Memory Usage: 16 MB
11:05:42.830 [JavaFX Application Thread] INFO  Profiler             - Min Memory Usage: 9 MB
11:05:42.830 [JavaFX Application Thread] INFO  Profiler             - Max Memory Usage: 18 MB
11:05:42.830 [JavaFX Application Thread] INFO  Profiler             - Estimated GC runs: 0
11:05:42.830 [JavaFX Application Thread] DEBUG FXGL                 - Saving FXGL system data
11:05:42.834 [JavaFX Application Thread] DEBUG DesktopFSService     - Writing to: system\fxgl.bundle
11:05:42.835 [JavaFX Application Thread] DEBUG FXGL                 - Closing logger and exiting JavaFX
