23:02:11.877 [JavaFX Application Thread] DEBUG GameApplication      - Logger initialized
23:02:11.894 [JavaFX Application Thread] DEBUG GameApplication      - Logging settings
Title: Journey down the den
Version: 0.3
Width: 1920
Height: 1080
Fullscreen: true
Intro: false
Menus: false
Profiling: true
Single step:false
App Mode: DEVELOPER
Menu Key: ESCAPE
Stage Style: DECORATED
Scene Factory: class com.almasb.fxgl.scene.SceneFactory
Dialog Factory: class com.almasb.fxgl.ui.FXGLDialogFactory
UI Factory: class com.almasb.fxgl.ui.FXGLUIFactory
Notification Service: class com.almasb.fxgl.gameplay.notification.XboxNotificationView
Exception Handler: class com.almasb.fxgl.app.FXGLExceptionHandler
23:02:11.894 [JavaFX Application Thread] DEBUG GameApplication      - Starting FXGL
23:02:11.901 [JavaFX Application Thread] INFO  FXGL                 - FXGL-0.5.4 on DESKTOP
23:02:11.901 [JavaFX Application Thread] INFO  FXGL                 - Source code and latest versions at: https://github.com/AlmasB/FXGL
23:02:11.901 [JavaFX Application Thread] INFO  FXGL                 -              Join the FXGL chat at: https://gitter.im/AlmasB/FXGL
23:02:11.901 [JavaFX Application Thread] DEBUG FXGL                 - FXGL started
23:02:11.902 [JavaFX Application Thread] DEBUG FXGL                 - Initializing FXGL
23:02:11.962 [JavaFX Application Thread] DEBUG AssetLoader          - Loading from disk: /assets/ui/cursors/fxgl_default.png
23:02:12.041 [JavaFX Application Thread] DEBUG AssetLoader          - Loading from disk: /assets/ui/fonts/VarelaRound-Regular.ttf
23:02:12.418 [JavaFX Application Thread] DEBUG MainWindow           - Creating a JavaFX scene
23:02:12.449 [JavaFX Application Thread] DEBUG MainWindow           - Target settings size: 1920.0 x 1080.0
23:02:12.449 [JavaFX Application Thread] DEBUG MainWindow           - Scaled scene size:    1920.0 x 1080.0
23:02:12.449 [JavaFX Application Thread] DEBUG MainWindow           - Scaled ratio: (1.0, 1.0)
23:02:12.461 [JavaFX Application Thread] DEBUG AssetLoader          - Loading from disk: /assets/ui/css/fxgl_dark.css
23:02:12.465 [JavaFX Application Thread] DEBUG AssetLoader          - Loading from disk: /assets/textures/JDTD_icon.png
23:02:12.475 [JavaFX Application Thread] DEBUG MainWindow           - Opening main window
23:02:12.657 [JavaFX Application Thread] DEBUG MainWindow           - Window border size: (16.0, 20.0)
23:02:12.657 [JavaFX Application Thread] DEBUG MainWindow           - Scaled size: 1920.0 x 1080.0
23:02:12.657 [JavaFX Application Thread] DEBUG MainWindow           - Scaled ratio: (1.0, 1.0)
23:02:12.657 [JavaFX Application Thread] DEBUG MainWindow           - Scene size: 1920.0 x 1080.0
23:02:12.658 [JavaFX Application Thread] DEBUG MainWindow           - Stage size: 1936.0 x 1100.0
23:02:12.691 [ForkJoinPool.commonPool-worker-9] DEBUG FS                   - Loaded DesktopFSService
23:02:12.692 [ForkJoinPool.commonPool-worker-9] DEBUG FXGL                 - Loading FXGL system data
23:02:12.699 [ForkJoinPool.commonPool-worker-9] DEBUG DesktopFSService     - Reading from: system\fxgl.bundle
23:02:12.707 [ForkJoinPool.commonPool-worker-9] DEBUG Bundle               - Logging bundle: FXGL
23:02:12.708 [ForkJoinPool.commonPool-worker-9] DEBUG Bundle               - FXGL.offline.timer.version.check=2020-11-18T09:51:52.340
23:02:12.709 [ForkJoinPool.commonPool-worker-9] DEBUG FXGL                 - Initializing state machine and application states
23:02:12.710 [ForkJoinPool.commonPool-worker-9] DEBUG AssetLoader          - Loading from disk: /assets/ui/cursors/fxgl_default.png
23:02:12.719 [ForkJoinPool.commonPool-worker-9] DEBUG AssetLoader          - Loading from disk: /assets/ui/cursors/fxgl_default.png
23:02:12.726 [ForkJoinPool.commonPool-worker-9] DEBUG AssetLoader          - Loading from cache: /assets/ui/fonts/VarelaRound-Regular.ttf
23:02:12.729 [ForkJoinPool.commonPool-worker-9] DEBUG AssetLoader          - Loading from disk: /assets/ui/cursors/fxgl_default.png
23:02:12.730 [ForkJoinPool.commonPool-worker-9] DEBUG AssetLoader          - Loading from disk: /assets/ui/fonts/lucida_console.ttf
23:02:12.738 [ForkJoinPool.commonPool-worker-9] DEBUG GameScene            - Game scene initialized: 1920x1080
23:02:12.744 [ForkJoinPool.commonPool-worker-9] DEBUG GameWorld            - Game world initialized
23:02:12.795 [ForkJoinPool.commonPool-worker-9] DEBUG PhysicsWorld         - Physics world initialized: appHeight=1080, physics.ppm=50,0
23:02:12.830 [ForkJoinPool.commonPool-worker-9] DEBUG Input                - Registered new binding: Pause - Esc
23:02:12.867 [JavaFX Application Thread] DEBUG FXGL                 - Running preInit()
23:02:12.869 [JavaFX Application Thread] DEBUG Input                - Registered new binding: Screenshot - P
23:02:12.869 [JavaFX Application Thread] DEBUG Input                - Registered new binding: Dev Options - CTRL+0
23:02:12.870 [JavaFX Application Thread] DEBUG Input                - Registered new binding: System info dump - CTRL+9
23:02:12.870 [JavaFX Application Thread] DEBUG Input                - Registered new binding: Restart - CTRL+R
23:02:12.870 [JavaFX Application Thread] DEBUG Input                - Registered new binding: Show grid - F
23:02:12.871 [JavaFX Application Thread] INFO  FXGL                 - FXGL initialization took: 0,969 sec
23:02:12.871 [JavaFX Application Thread] DEBUG LoopRunner           - Starting loop
23:02:12.873 [JavaFX Application Thread] DEBUG StartupState         - STARTUP
23:02:12.873 [JavaFX Application Thread] DEBUG GameApplication      - Starting new game
23:02:12.873 [JavaFX Application Thread] DEBUG Input                - Clearing active input actions
23:02:12.874 [JavaFX Application Thread] DEBUG AssetLoader          - Loading from disk: /assets/ui/css/fxgl_dark.css
23:02:12.879 [JavaFX Application Thread] DEBUG AppStateMachine      - StartupState -> LoadingState
23:02:12.883 [FXGL Background Thread 1 ] DEBUG InitAppTask          - Clearing previous game
23:02:12.883 [FXGL Background Thread 1 ] DEBUG GameWorld            - Clearing game world
23:02:12.883 [FXGL Background Thread 1 ] DEBUG PhysicsWorld         - Clearing physics world
23:02:12.883 [FXGL Background Thread 1 ] DEBUG GameScene            - Clearing game scene
23:02:12.884 [FXGL Background Thread 1 ] DEBUG InitAppTask          - Initializing Game
23:02:12.928 [FXGL Background Thread 1 ] DEBUG AssetLoader          - Loading from disk: /assets/textures/redHero.png
23:02:12.939 [FXGL Background Thread 1 ] DEBUG GameScene            - Creating render group for layer: DEFAULT(100000)
23:02:12.941 [FXGL Background Thread 1 ] DEBUG AssetLoader          - Loading from disk: /assets/textures/blueHero.png
23:02:12.943 [FXGL Background Thread 1 ] DEBUG AssetLoader          - Loading from disk: /assets/textures/greenHero.png
23:02:12.951 [FXGL Background Thread 1 ] DEBUG AssetLoader          - Loading from disk: /assets/textures/Hero1_full.png
23:02:12.954 [FXGL Background Thread 1 ] DEBUG InitAppTask          - Initializing Physics
23:02:12.955 [FXGL Background Thread 1 ] DEBUG InitAppTask          - Initializing UI
23:02:12.955 [FXGL Background Thread 1 ] DEBUG AssetLoader          - Loading from disk: /assets/ui/cursors/cursor.png
23:02:12.960 [FXGL Background Thread 1 ] DEBUG InitAppTask          - Initialization Complete
23:02:12.960 [FXGL Background Thread 1 ] INFO  InitAppTask          - Game initialization took: 0,077 sec
23:02:12.961 [JavaFX Application Thread] DEBUG Input                - Clearing active input actions
23:02:12.961 [JavaFX Application Thread] DEBUG AssetLoader          - Loading from disk: /assets/ui/css/fxgl_dark.css
23:02:12.966 [JavaFX Application Thread] DEBUG AppStateMachine      - LoadingState -> PlayState
23:02:13.300 [JavaFX Application Thread] DEBUG Input                - Registered new binding: Resume - Esc
23:02:13.300 [JavaFX Application Thread] DEBUG AssetLoader          - Loading from disk: /assets/textures/pause_menu_bg.png
23:02:13.327 [JavaFX Application Thread] DEBUG AssetLoader          - Loading from disk: /assets/properties/languages/english.properties
23:02:13.329 [JavaFX Application Thread] DEBUG AssetLoader          - Loading from cache: /assets/ui/fonts/VarelaRound-Regular.ttf
23:02:13.330 [JavaFX Application Thread] DEBUG AssetLoader          - Loading from cache: /assets/properties/languages/english.properties
23:02:13.331 [JavaFX Application Thread] DEBUG AssetLoader          - Loading from cache: /assets/ui/fonts/VarelaRound-Regular.ttf
23:02:13.339 [JavaFX Application Thread] DEBUG AppStateMachine      - Push state: PauseMenuSubState
23:02:13.339 [JavaFX Application Thread] DEBUG Input                - Clearing active input actions
23:02:13.340 [JavaFX Application Thread] DEBUG AppStateMachine      - PlayState -> PauseMenuSubState
23:02:14.049 [JavaFX Application Thread] DEBUG AssetLoader          - Loading from cache: /assets/sounds/menu/select.wav
23:02:14.071 [JavaFX Application Thread] DEBUG AssetLoader          - Loading from cache: /assets/sounds/menu/select.wav
23:02:14.313 [JavaFX Application Thread] DEBUG AssetLoader          - Loading from cache: /assets/sounds/menu/select.wav
23:02:14.549 [JavaFX Application Thread] DEBUG AssetLoader          - Loading from cache: /assets/sounds/menu/select.wav
23:02:14.670 [JavaFX Application Thread] DEBUG AssetLoader          - Loading from cache: /assets/sounds/menu/select.wav
23:02:14.711 [JavaFX Application Thread] DEBUG AssetLoader          - Loading from cache: /assets/sounds/menu/select.wav
23:02:14.745 [JavaFX Application Thread] DEBUG AssetLoader          - Loading from cache: /assets/sounds/menu/select.wav
23:02:14.842 [JavaFX Application Thread] DEBUG AssetLoader          - Loading from cache: /assets/sounds/menu/select.wav
23:02:14.887 [JavaFX Application Thread] DEBUG AssetLoader          - Loading from cache: /assets/sounds/menu/select.wav
23:02:15.063 [JavaFX Application Thread] DEBUG AssetLoader          - Loading from cache: /assets/sounds/menu/select.wav
23:02:15.147 [JavaFX Application Thread] DEBUG AssetLoader          - Loading from cache: /assets/sounds/menu/select.wav
23:02:15.263 [JavaFX Application Thread] DEBUG AssetLoader          - Loading from cache: /assets/sounds/menu/select.wav
23:02:15.312 [JavaFX Application Thread] DEBUG AssetLoader          - Loading from cache: /assets/sounds/menu/select.wav
23:02:15.388 [JavaFX Application Thread] DEBUG AssetLoader          - Loading from cache: /assets/sounds/menu/select.wav
23:02:15.555 [JavaFX Application Thread] DEBUG AssetLoader          - Loading from cache: /assets/sounds/menu/select.wav
23:02:15.616 [JavaFX Application Thread] DEBUG AssetLoader          - Loading from cache: /assets/sounds/menu/select.wav
23:02:16.062 [JavaFX Application Thread] DEBUG AssetLoader          - Loading from cache: /assets/sounds/menu/select.wav
23:02:16.651 [JavaFX Application Thread] DEBUG AssetLoader          - Loading from cache: /assets/sounds/menu/select.wav
23:02:16.715 [JavaFX Application Thread] DEBUG AssetLoader          - Loading from cache: /assets/sounds/menu/select.wav
23:02:16.920 [JavaFX Application Thread] DEBUG AssetLoader          - Loading from cache: /assets/sounds/menu/select.wav
23:02:17.794 [JavaFX Application Thread] DEBUG FXGL                 - Exiting FXGL
23:02:17.794 [JavaFX Application Thread] DEBUG FXGL                 - Shutting down background threads
23:02:17.794 [JavaFX Application Thread] INFO  Profiler             - Processed Frames: 379
23:02:17.795 [JavaFX Application Thread] INFO  Profiler             - Average FPS: 59
23:02:17.795 [JavaFX Application Thread] INFO  Profiler             - Avg Frame Took: 0,06 ms
23:02:17.795 [JavaFX Application Thread] INFO  Profiler             - Avg Memory Usage: 14 MB
23:02:17.795 [JavaFX Application Thread] INFO  Profiler             - Min Memory Usage: 8 MB
23:02:17.795 [JavaFX Application Thread] INFO  Profiler             - Max Memory Usage: 17 MB
23:02:17.795 [JavaFX Application Thread] INFO  Profiler             - Estimated GC runs: 5
23:02:17.795 [JavaFX Application Thread] DEBUG FXGL                 - Saving FXGL system data
23:02:17.798 [JavaFX Application Thread] DEBUG DesktopFSService     - Writing to: system\fxgl.bundle
23:02:17.800 [JavaFX Application Thread] DEBUG FXGL                 - Closing logger and exiting JavaFX
