17:39:17.327 [JavaFX Application Thread] DEBUG GameApplication      - Logger initialized
17:39:17.341 [JavaFX Application Thread] DEBUG GameApplication      - Logging settings
Title: Journey down the den
Version: 0.2
Width: 1920
Height: 1080
Fullscreen: true
Intro: false
Menus: false
Profiling: false
Single step:false
App Mode: DEVELOPER
Menu Key: ESCAPE
Stage Style: DECORATED
Scene Factory: class com.almasb.fxgl.scene.SceneFactory
Dialog Factory: class com.almasb.fxgl.ui.FXGLDialogFactory
UI Factory: class com.almasb.fxgl.ui.FXGLUIFactory
Notification Service: class com.almasb.fxgl.gameplay.notification.XboxNotificationView
Exception Handler: class com.almasb.fxgl.app.FXGLExceptionHandler
17:39:17.341 [JavaFX Application Thread] DEBUG GameApplication      - Starting FXGL
17:39:17.349 [JavaFX Application Thread] INFO  FXGL                 - FXGL-0.5.4 on DESKTOP
17:39:17.349 [JavaFX Application Thread] INFO  FXGL                 - Source code and latest versions at: https://github.com/AlmasB/FXGL
17:39:17.349 [JavaFX Application Thread] INFO  FXGL                 -              Join the FXGL chat at: https://gitter.im/AlmasB/FXGL
17:39:17.350 [JavaFX Application Thread] DEBUG FXGL                 - FXGL started
17:39:17.350 [JavaFX Application Thread] DEBUG FXGL                 - Initializing FXGL
17:39:17.406 [JavaFX Application Thread] DEBUG AssetLoader          - Loading from disk: /assets/ui/cursors/fxgl_default.png
17:39:17.480 [JavaFX Application Thread] DEBUG AssetLoader          - Loading from disk: /assets/ui/fonts/VarelaRound-Regular.ttf
17:39:17.832 [JavaFX Application Thread] DEBUG MainWindow           - Creating a JavaFX scene
17:39:17.861 [JavaFX Application Thread] DEBUG MainWindow           - Target settings size: 1920.0 x 1080.0
17:39:17.861 [JavaFX Application Thread] DEBUG MainWindow           - Scaled scene size:    1920.0 x 1080.0
17:39:17.861 [JavaFX Application Thread] DEBUG MainWindow           - Scaled ratio: (1.0, 1.0)
17:39:17.873 [JavaFX Application Thread] DEBUG AssetLoader          - Loading from disk: /assets/ui/css/fxgl_dark.css
17:39:17.877 [JavaFX Application Thread] DEBUG AssetLoader          - Loading from disk: /assets/textures/JDTD_icon.png
17:39:17.884 [JavaFX Application Thread] DEBUG MainWindow           - Opening main window
17:39:18.058 [JavaFX Application Thread] DEBUG MainWindow           - Window border size: (16.0, 20.0)
17:39:18.059 [JavaFX Application Thread] DEBUG MainWindow           - Scaled size: 1920.0 x 1080.0
17:39:18.059 [JavaFX Application Thread] DEBUG MainWindow           - Scaled ratio: (1.0, 1.0)
17:39:18.059 [JavaFX Application Thread] DEBUG MainWindow           - Scene size: 1920.0 x 1080.0
17:39:18.060 [JavaFX Application Thread] DEBUG MainWindow           - Stage size: 1936.0 x 1100.0
17:39:18.093 [ForkJoinPool.commonPool-worker-9] DEBUG FS                   - Loaded DesktopFSService
17:39:18.094 [ForkJoinPool.commonPool-worker-9] DEBUG FXGL                 - Loading FXGL system data
17:39:18.099 [ForkJoinPool.commonPool-worker-9] DEBUG DesktopFSService     - Reading from: system\fxgl.bundle
17:39:18.107 [ForkJoinPool.commonPool-worker-9] DEBUG Bundle               - Logging bundle: FXGL
17:39:18.108 [ForkJoinPool.commonPool-worker-9] DEBUG Bundle               - FXGL.offline.timer.version.check=2020-11-10T17:30:44.530
17:39:18.108 [ForkJoinPool.commonPool-worker-9] DEBUG FXGL                 - Initializing state machine and application states
17:39:18.110 [ForkJoinPool.commonPool-worker-9] DEBUG AssetLoader          - Loading from disk: /assets/ui/cursors/fxgl_default.png
17:39:18.118 [ForkJoinPool.commonPool-worker-9] DEBUG AssetLoader          - Loading from disk: /assets/ui/cursors/fxgl_default.png
17:39:18.123 [ForkJoinPool.commonPool-worker-9] DEBUG AssetLoader          - Loading from cache: /assets/ui/fonts/VarelaRound-Regular.ttf
17:39:18.125 [ForkJoinPool.commonPool-worker-9] DEBUG AssetLoader          - Loading from disk: /assets/ui/cursors/fxgl_default.png
17:39:18.128 [ForkJoinPool.commonPool-worker-9] DEBUG GameScene            - Game scene initialized: 1920x1080
17:39:18.132 [ForkJoinPool.commonPool-worker-9] DEBUG GameWorld            - Game world initialized
17:39:18.178 [ForkJoinPool.commonPool-worker-9] DEBUG PhysicsWorld         - Physics world initialized: appHeight=1080, physics.ppm=50,0
17:39:18.206 [ForkJoinPool.commonPool-worker-9] DEBUG Input                - Registered new binding: Pause - Esc
17:39:18.240 [JavaFX Application Thread] DEBUG FXGL                 - Running preInit()
17:39:18.241 [JavaFX Application Thread] DEBUG Input                - Registered new binding: Screenshot - P
17:39:18.242 [JavaFX Application Thread] DEBUG Input                - Registered new binding: Dev Options - CTRL+0
17:39:18.242 [JavaFX Application Thread] DEBUG Input                - Registered new binding: System info dump - CTRL+9
17:39:18.243 [JavaFX Application Thread] DEBUG Input                - Registered new binding: Restart - CTRL+R
17:39:18.243 [JavaFX Application Thread] DEBUG Input                - Registered new binding: Show grid - F
17:39:18.243 [JavaFX Application Thread] INFO  FXGL                 - FXGL initialization took: 0,893 sec
17:39:18.244 [JavaFX Application Thread] DEBUG LoopRunner           - Starting loop
17:39:18.246 [JavaFX Application Thread] DEBUG StartupState         - STARTUP
17:39:18.246 [JavaFX Application Thread] DEBUG GameApplication      - Starting new game
17:39:18.246 [JavaFX Application Thread] DEBUG Input                - Clearing active input actions
17:39:18.247 [JavaFX Application Thread] DEBUG AssetLoader          - Loading from disk: /assets/ui/css/fxgl_dark.css
17:39:18.251 [JavaFX Application Thread] DEBUG AppStateMachine      - StartupState -> LoadingState
17:39:18.255 [FXGL Background Thread 1 ] DEBUG InitAppTask          - Clearing previous game
17:39:18.255 [FXGL Background Thread 1 ] DEBUG GameWorld            - Clearing game world
17:39:18.255 [FXGL Background Thread 1 ] DEBUG PhysicsWorld         - Clearing physics world
17:39:18.255 [FXGL Background Thread 1 ] DEBUG GameScene            - Clearing game scene
17:39:18.256 [FXGL Background Thread 1 ] DEBUG InitAppTask          - Initializing Game
17:39:18.287 [FXGL Background Thread 1 ] DEBUG AssetLoader          - Loading from disk: /assets/textures/mapTest.png
17:39:18.309 [FXGL Background Thread 1 ] DEBUG GameScene            - Creating render group for layer: DEFAULT(100000)
17:39:18.310 [FXGL Background Thread 1 ] DEBUG AssetLoader          - Loading from disk: /assets/textures/down_hero1.png
17:39:18.312 [FXGL Background Thread 1 ] DEBUG AssetLoader          - Loading from disk: /assets/textures/Hero1_full.png
17:39:18.315 [FXGL Background Thread 1 ] DEBUG AssetLoader          - Loading from disk: /assets/textures/goblin_down.png
17:39:18.316 [FXGL Background Thread 1 ] DEBUG InitAppTask          - Initializing Physics
17:39:18.316 [FXGL Background Thread 1 ] DEBUG InitAppTask          - Initializing UI
17:39:18.316 [FXGL Background Thread 1 ] DEBUG AssetLoader          - Loading from disk: /assets/ui/cursors/cursor.png
17:39:18.320 [FXGL Background Thread 1 ] DEBUG InitAppTask          - Initialization Complete
17:39:18.320 [FXGL Background Thread 1 ] INFO  InitAppTask          - Game initialization took: 0,065 sec
17:39:18.328 [JavaFX Application Thread] DEBUG Input                - Clearing active input actions
17:39:18.328 [JavaFX Application Thread] DEBUG AssetLoader          - Loading from disk: /assets/ui/css/fxgl_dark.css
17:39:18.332 [JavaFX Application Thread] DEBUG AppStateMachine      - LoadingState -> PlayState
17:39:19.656 [JavaFX Application Thread] DEBUG AssetLoader          - Loading from disk: /assets/textures/grille.png
17:39:19.717 [JavaFX Application Thread] DEBUG AssetLoader          - Loading from cache: /assets/textures/grille.png
17:39:19.731 [JavaFX Application Thread] DEBUG AssetLoader          - Loading from cache: /assets/textures/grille.png
17:39:19.745 [JavaFX Application Thread] DEBUG AssetLoader          - Loading from cache: /assets/textures/grille.png
17:39:19.753 [JavaFX Application Thread] DEBUG AssetLoader          - Loading from cache: /assets/textures/grille.png
17:39:26.883 [JavaFX Application Thread] DEBUG FXGL                 - Exiting FXGL
17:39:26.883 [JavaFX Application Thread] DEBUG FXGL                 - Shutting down background threads
17:39:26.883 [JavaFX Application Thread] DEBUG FXGL                 - Saving FXGL system data
17:39:26.885 [JavaFX Application Thread] DEBUG DesktopFSService     - Writing to: system\fxgl.bundle
17:39:26.887 [JavaFX Application Thread] DEBUG FXGL                 - Closing logger and exiting JavaFX
