15:03:39.375 [JavaFX Application Thread] DEBUG GameApplication      - Logger initialized
15:03:39.390 [JavaFX Application Thread] DEBUG GameApplication      - Logging settings
Title: Journey down the den
Version: 0.3
Width: 1920
Height: 1080
Fullscreen: true
Intro: false
Menus: false
Profiling: true
Single step:false
App Mode: DEVELOPER
Menu Key: ESCAPE
Stage Style: DECORATED
Scene Factory: class com.almasb.fxgl.scene.SceneFactory
Dialog Factory: class com.almasb.fxgl.ui.FXGLDialogFactory
UI Factory: class com.almasb.fxgl.ui.FXGLUIFactory
Notification Service: class com.almasb.fxgl.gameplay.notification.XboxNotificationView
Exception Handler: class com.almasb.fxgl.app.FXGLExceptionHandler
15:03:39.390 [JavaFX Application Thread] DEBUG GameApplication      - Starting FXGL
15:03:39.397 [JavaFX Application Thread] INFO  FXGL                 - FXGL-0.5.4 on DESKTOP
15:03:39.397 [JavaFX Application Thread] INFO  FXGL                 - Source code and latest versions at: https://github.com/AlmasB/FXGL
15:03:39.397 [JavaFX Application Thread] INFO  FXGL                 -              Join the FXGL chat at: https://gitter.im/AlmasB/FXGL
15:03:39.397 [JavaFX Application Thread] DEBUG FXGL                 - FXGL started
15:03:39.397 [JavaFX Application Thread] DEBUG FXGL                 - Initializing FXGL
15:03:39.447 [JavaFX Application Thread] DEBUG AssetLoader          - Loading from disk: /assets/ui/cursors/fxgl_default.png
15:03:39.528 [JavaFX Application Thread] DEBUG AssetLoader          - Loading from disk: /assets/ui/fonts/VarelaRound-Regular.ttf
15:03:39.884 [JavaFX Application Thread] DEBUG MainWindow           - Creating a JavaFX scene
15:03:39.912 [JavaFX Application Thread] DEBUG MainWindow           - Target settings size: 1920.0 x 1080.0
15:03:39.912 [JavaFX Application Thread] DEBUG MainWindow           - Scaled scene size:    1920.0 x 1080.0
15:03:39.912 [JavaFX Application Thread] DEBUG MainWindow           - Scaled ratio: (1.0, 1.0)
15:03:39.923 [JavaFX Application Thread] DEBUG AssetLoader          - Loading from disk: /assets/ui/css/fxgl_dark.css
15:03:39.926 [JavaFX Application Thread] DEBUG AssetLoader          - Loading from disk: /assets/textures/JDTD_icon.png
15:03:39.934 [JavaFX Application Thread] DEBUG MainWindow           - Opening main window
15:03:40.106 [JavaFX Application Thread] DEBUG MainWindow           - Window border size: (16.0, 20.0)
15:03:40.106 [JavaFX Application Thread] DEBUG MainWindow           - Scaled size: 1920.0 x 1080.0
15:03:40.106 [JavaFX Application Thread] DEBUG MainWindow           - Scaled ratio: (1.0, 1.0)
15:03:40.106 [JavaFX Application Thread] DEBUG MainWindow           - Scene size: 1920.0 x 1080.0
15:03:40.106 [JavaFX Application Thread] DEBUG MainWindow           - Stage size: 1936.0 x 1100.0
15:03:40.136 [ForkJoinPool.commonPool-worker-9] DEBUG FS                   - Loaded DesktopFSService
15:03:40.137 [ForkJoinPool.commonPool-worker-9] DEBUG FXGL                 - Loading FXGL system data
15:03:40.142 [ForkJoinPool.commonPool-worker-9] DEBUG DesktopFSService     - Reading from: system\fxgl.bundle
15:03:40.149 [ForkJoinPool.commonPool-worker-9] DEBUG Bundle               - Logging bundle: FXGL
15:03:40.149 [ForkJoinPool.commonPool-worker-9] DEBUG Bundle               - FXGL.offline.timer.version.check=2020-11-18T09:51:52.340
15:03:40.150 [ForkJoinPool.commonPool-worker-9] DEBUG FXGL                 - Initializing state machine and application states
15:03:40.151 [ForkJoinPool.commonPool-worker-9] DEBUG AssetLoader          - Loading from disk: /assets/ui/cursors/fxgl_default.png
15:03:40.156 [ForkJoinPool.commonPool-worker-9] DEBUG AssetLoader          - Loading from disk: /assets/ui/cursors/fxgl_default.png
15:03:40.165 [ForkJoinPool.commonPool-worker-9] DEBUG AssetLoader          - Loading from cache: /assets/ui/fonts/VarelaRound-Regular.ttf
15:03:40.167 [ForkJoinPool.commonPool-worker-9] DEBUG AssetLoader          - Loading from disk: /assets/ui/cursors/fxgl_default.png
15:03:40.168 [ForkJoinPool.commonPool-worker-9] DEBUG AssetLoader          - Loading from disk: /assets/ui/fonts/lucida_console.ttf
15:03:40.175 [ForkJoinPool.commonPool-worker-9] DEBUG GameScene            - Game scene initialized: 1920x1080
15:03:40.180 [ForkJoinPool.commonPool-worker-9] DEBUG GameWorld            - Game world initialized
15:03:40.227 [ForkJoinPool.commonPool-worker-9] DEBUG PhysicsWorld         - Physics world initialized: appHeight=1080, physics.ppm=50,0
15:03:40.257 [ForkJoinPool.commonPool-worker-9] DEBUG Input                - Registered new binding: Pause - Esc
15:03:40.288 [JavaFX Application Thread] DEBUG FXGL                 - Running preInit()
15:03:40.290 [JavaFX Application Thread] DEBUG Input                - Registered new binding: Screenshot - P
15:03:40.291 [JavaFX Application Thread] DEBUG Input                - Registered new binding: Dev Options - CTRL+0
15:03:40.291 [JavaFX Application Thread] DEBUG Input                - Registered new binding: System info dump - CTRL+9
15:03:40.291 [JavaFX Application Thread] DEBUG Input                - Registered new binding: Restart - CTRL+R
15:03:40.292 [JavaFX Application Thread] DEBUG Input                - Registered new binding: Show grid - F
15:03:40.292 [JavaFX Application Thread] INFO  FXGL                 - FXGL initialization took: 0,895 sec
15:03:40.292 [JavaFX Application Thread] DEBUG LoopRunner           - Starting loop
15:03:40.294 [JavaFX Application Thread] DEBUG StartupState         - STARTUP
15:03:40.294 [JavaFX Application Thread] DEBUG GameApplication      - Starting new game
15:03:40.294 [JavaFX Application Thread] DEBUG Input                - Clearing active input actions
15:03:40.295 [JavaFX Application Thread] DEBUG AssetLoader          - Loading from disk: /assets/ui/css/fxgl_dark.css
15:03:40.299 [JavaFX Application Thread] DEBUG AppStateMachine      - StartupState -> LoadingState
15:03:40.304 [FXGL Background Thread 1 ] DEBUG InitAppTask          - Clearing previous game
15:03:40.304 [FXGL Background Thread 1 ] DEBUG GameWorld            - Clearing game world
15:03:40.304 [FXGL Background Thread 1 ] DEBUG PhysicsWorld         - Clearing physics world
15:03:40.304 [FXGL Background Thread 1 ] DEBUG GameScene            - Clearing game scene
15:03:40.306 [FXGL Background Thread 1 ] DEBUG InitAppTask          - Initializing Game
15:03:40.343 [FXGL Background Thread 1 ] DEBUG AssetLoader          - Loading from disk: /assets/textures/redHero.png
15:03:40.354 [FXGL Background Thread 1 ] DEBUG GameScene            - Creating render group for layer: DEFAULT(100000)
15:03:40.356 [FXGL Background Thread 1 ] DEBUG AssetLoader          - Loading from disk: /assets/textures/blueHero.png
15:03:40.357 [FXGL Background Thread 1 ] DEBUG AssetLoader          - Loading from disk: /assets/textures/greenHero.png
15:03:40.359 [FXGL Background Thread 1 ] DEBUG AssetLoader          - Loading from disk: /assets/textures/Hero1_full.png
15:03:40.361 [FXGL Background Thread 1 ] DEBUG InitAppTask          - Initializing Physics
15:03:40.362 [FXGL Background Thread 1 ] DEBUG InitAppTask          - Initializing UI
15:03:40.362 [FXGL Background Thread 1 ] DEBUG AssetLoader          - Loading from disk: /assets/ui/cursors/cursor.png
15:03:40.368 [FXGL Background Thread 1 ] DEBUG InitAppTask          - Initialization Complete
15:03:40.369 [FXGL Background Thread 1 ] INFO  InitAppTask          - Game initialization took: 0,065 sec
15:03:40.371 [JavaFX Application Thread] DEBUG Input                - Clearing active input actions
15:03:40.371 [JavaFX Application Thread] DEBUG AssetLoader          - Loading from disk: /assets/ui/css/fxgl_dark.css
15:03:40.375 [JavaFX Application Thread] DEBUG AppStateMachine      - LoadingState -> PlayState
15:03:40.737 [JavaFX Application Thread] DEBUG AssetLoader          - Loading from disk: /assets/textures/grille.png
15:03:40.811 [JavaFX Application Thread] DEBUG AssetLoader          - Loading from cache: /assets/textures/grille.png
15:03:40.825 [JavaFX Application Thread] DEBUG AssetLoader          - Loading from cache: /assets/textures/grille.png
15:03:40.840 [JavaFX Application Thread] DEBUG AssetLoader          - Loading from cache: /assets/textures/grille.png
15:03:40.848 [JavaFX Application Thread] DEBUG AssetLoader          - Loading from cache: /assets/textures/grille.png
15:03:40.864 [JavaFX Application Thread] DEBUG AssetLoader          - Loading from cache: /assets/textures/grille.png
15:03:40.880 [JavaFX Application Thread] DEBUG AssetLoader          - Loading from cache: /assets/textures/grille.png
15:03:47.631 [JavaFX Application Thread] DEBUG LoopRunner           - Pausing loop
15:03:47.996 [JavaFX Application Thread] DEBUG LoopRunner           - Resuming loop
15:03:48.571 [JavaFX Application Thread] DEBUG LoopRunner           - Pausing loop
15:03:57.411 [JavaFX Application Thread] DEBUG LoopRunner           - Resuming loop
15:06:53.556 [JavaFX Application Thread] DEBUG LoopRunner           - Pausing loop
15:08:35.135 [JavaFX Application Thread] DEBUG LoopRunner           - Resuming loop
15:08:35.691 [JavaFX Application Thread] DEBUG LoopRunner           - Pausing loop
15:11:03.945 [JavaFX Application Thread] DEBUG LoopRunner           - Resuming loop
15:11:04.576 [JavaFX Application Thread] DEBUG LoopRunner           - Pausing loop
15:11:05.417 [JavaFX Application Thread] DEBUG LoopRunner           - Resuming loop
15:11:23.619 [JavaFX Application Thread] DEBUG FXGL                 - Exiting FXGL
15:11:23.619 [JavaFX Application Thread] DEBUG FXGL                 - Shutting down background threads
15:11:23.619 [JavaFX Application Thread] INFO  Profiler             - Processed Frames: 12809
15:11:23.619 [JavaFX Application Thread] INFO  Profiler             - Average FPS: 59
15:11:23.619 [JavaFX Application Thread] INFO  Profiler             - Avg Frame Took: 0,03 ms
15:11:23.620 [JavaFX Application Thread] INFO  Profiler             - Avg Memory Usage: 20 MB
15:11:23.620 [JavaFX Application Thread] INFO  Profiler             - Min Memory Usage: 9 MB
15:11:23.620 [JavaFX Application Thread] INFO  Profiler             - Max Memory Usage: 23 MB
15:11:23.620 [JavaFX Application Thread] INFO  Profiler             - Estimated GC runs: 5
15:11:23.620 [JavaFX Application Thread] DEBUG FXGL                 - Saving FXGL system data
15:11:23.622 [JavaFX Application Thread] DEBUG DesktopFSService     - Writing to: system\fxgl.bundle
15:11:23.625 [JavaFX Application Thread] DEBUG FXGL                 - Closing logger and exiting JavaFX
