22:07:12.774 [JavaFX Application Thread] DEBUG GameApplication      - Logger initialized
22:07:12.794 [JavaFX Application Thread] DEBUG GameApplication      - Logging settings
Title: Journey down the den
Version: 0.3
Width: 1920
Height: 1080
Fullscreen: true
Intro: false
Menus: false
Profiling: false
Single step:false
App Mode: DEVELOPER
Menu Key: ESCAPE
Stage Style: DECORATED
Scene Factory: class com.almasb.fxgl.scene.SceneFactory
Dialog Factory: class com.almasb.fxgl.ui.FXGLDialogFactory
UI Factory: class com.almasb.fxgl.ui.FXGLUIFactory
Notification Service: class com.almasb.fxgl.gameplay.notification.XboxNotificationView
Exception Handler: class com.almasb.fxgl.app.FXGLExceptionHandler
22:07:12.794 [JavaFX Application Thread] DEBUG GameApplication      - Starting FXGL
22:07:12.802 [JavaFX Application Thread] INFO  FXGL                 - FXGL-0.5.4 on DESKTOP
22:07:12.802 [JavaFX Application Thread] INFO  FXGL                 - Source code and latest versions at: https://github.com/AlmasB/FXGL
22:07:12.803 [JavaFX Application Thread] INFO  FXGL                 -              Join the FXGL chat at: https://gitter.im/AlmasB/FXGL
22:07:12.803 [JavaFX Application Thread] DEBUG FXGL                 - FXGL started
22:07:12.803 [JavaFX Application Thread] DEBUG FXGL                 - Initializing FXGL
22:07:12.870 [JavaFX Application Thread] DEBUG AssetLoader          - Loading from disk: /assets/ui/cursors/fxgl_default.png
22:07:12.958 [JavaFX Application Thread] DEBUG AssetLoader          - Loading from disk: /assets/ui/fonts/VarelaRound-Regular.ttf
22:07:13.353 [JavaFX Application Thread] DEBUG MainWindow           - Creating a JavaFX scene
22:07:13.387 [JavaFX Application Thread] DEBUG MainWindow           - Target settings size: 1920.0 x 1080.0
22:07:13.387 [JavaFX Application Thread] DEBUG MainWindow           - Scaled scene size:    1920.0 x 1080.0
22:07:13.387 [JavaFX Application Thread] DEBUG MainWindow           - Scaled ratio: (1.0, 1.0)
22:07:13.399 [JavaFX Application Thread] DEBUG AssetLoader          - Loading from disk: /assets/ui/css/fxgl_dark.css
22:07:13.406 [JavaFX Application Thread] DEBUG AssetLoader          - Loading from disk: /assets/textures/JDTD_icon.png
22:07:13.418 [JavaFX Application Thread] DEBUG MainWindow           - Opening main window
22:07:13.633 [JavaFX Application Thread] DEBUG MainWindow           - Window border size: (16.0, 20.0)
22:07:13.633 [JavaFX Application Thread] DEBUG MainWindow           - Scaled size: 1920.0 x 1080.0
22:07:13.633 [JavaFX Application Thread] DEBUG MainWindow           - Scaled ratio: (1.0, 1.0)
22:07:13.633 [JavaFX Application Thread] DEBUG MainWindow           - Scene size: 1920.0 x 1080.0
22:07:13.633 [JavaFX Application Thread] DEBUG MainWindow           - Stage size: 1936.0 x 1100.0
22:07:13.673 [ForkJoinPool.commonPool-worker-9] DEBUG FS                   - Loaded DesktopFSService
22:07:13.674 [ForkJoinPool.commonPool-worker-9] DEBUG FXGL                 - Loading FXGL system data
22:07:13.682 [ForkJoinPool.commonPool-worker-9] DEBUG DesktopFSService     - Reading from: system\fxgl.bundle
22:07:13.693 [ForkJoinPool.commonPool-worker-9] DEBUG Bundle               - Logging bundle: FXGL
22:07:13.694 [ForkJoinPool.commonPool-worker-9] DEBUG Bundle               - FXGL.offline.timer.version.check=2020-11-26T09:58:30.574
22:07:13.695 [ForkJoinPool.commonPool-worker-9] DEBUG FXGL                 - Initializing state machine and application states
22:07:13.697 [ForkJoinPool.commonPool-worker-9] DEBUG AssetLoader          - Loading from disk: /assets/ui/cursors/fxgl_default.png
22:07:13.701 [ForkJoinPool.commonPool-worker-9] DEBUG AssetLoader          - Loading from disk: /assets/ui/cursors/fxgl_default.png
22:07:13.711 [ForkJoinPool.commonPool-worker-9] DEBUG AssetLoader          - Loading from cache: /assets/ui/fonts/VarelaRound-Regular.ttf
22:07:13.714 [ForkJoinPool.commonPool-worker-9] DEBUG AssetLoader          - Loading from disk: /assets/ui/cursors/fxgl_default.png
22:07:13.717 [ForkJoinPool.commonPool-worker-9] DEBUG GameScene            - Game scene initialized: 1920x1080
22:07:13.725 [ForkJoinPool.commonPool-worker-9] DEBUG GameWorld            - Game world initialized
22:07:13.786 [ForkJoinPool.commonPool-worker-9] DEBUG PhysicsWorld         - Physics world initialized: appHeight=1080, physics.ppm=50,0
22:07:13.821 [ForkJoinPool.commonPool-worker-9] DEBUG Input                - Registered new binding: Pause - Esc
22:07:13.860 [JavaFX Application Thread] DEBUG FXGL                 - Running preInit()
22:07:13.862 [JavaFX Application Thread] DEBUG Input                - Registered new binding: Screenshot - P
22:07:13.862 [JavaFX Application Thread] DEBUG Input                - Registered new binding: Dev Options - CTRL+0
22:07:13.863 [JavaFX Application Thread] DEBUG Input                - Registered new binding: System info dump - CTRL+9
22:07:13.864 [JavaFX Application Thread] DEBUG Input                - Registered new binding: Restart - CTRL+R
22:07:13.864 [JavaFX Application Thread] DEBUG Input                - Registered new binding: Show grid - F
22:07:13.864 [JavaFX Application Thread] INFO  FXGL                 - FXGL initialization took: 1,062 sec
22:07:13.865 [JavaFX Application Thread] DEBUG LoopRunner           - Starting loop
22:07:13.866 [JavaFX Application Thread] DEBUG StartupState         - STARTUP
22:07:13.866 [JavaFX Application Thread] DEBUG GameApplication      - Starting new game
22:07:13.866 [JavaFX Application Thread] DEBUG Input                - Clearing active input actions
22:07:13.867 [JavaFX Application Thread] DEBUG AssetLoader          - Loading from disk: /assets/ui/css/fxgl_dark.css
22:07:13.871 [JavaFX Application Thread] DEBUG AppStateMachine      - StartupState -> LoadingState
22:07:13.876 [FXGL Background Thread 1 ] DEBUG InitAppTask          - Clearing previous game
22:07:13.876 [FXGL Background Thread 1 ] DEBUG GameWorld            - Clearing game world
22:07:13.876 [FXGL Background Thread 1 ] DEBUG PhysicsWorld         - Clearing physics world
22:07:13.876 [FXGL Background Thread 1 ] DEBUG GameScene            - Clearing game scene
22:07:13.877 [FXGL Background Thread 1 ] DEBUG InitAppTask          - Initializing Game
22:07:13.887 [FXGL Background Thread 1 ] DEBUG AssetLoader          - Loading from disk: /assets/tmx/map1.tmx
22:07:13.919 [FXGL Background Thread 1 ] WARN  TMXParser            - TiledMap generated from 1.4.2. Supported version: 1.1.2. Some features may not be parsed fully.
22:07:13.946 [FXGL Background Thread 1 ] DEBUG GameWorld            - Clearing removable entities
22:07:13.946 [FXGL Background Thread 1 ] DEBUG GameWorld            - Setting level from map
22:07:13.993 [FXGL Background Thread 1 ] DEBUG AssetLoader          - Loading from disk: /assets/textures/tinySLATES60.png
22:07:14.129 [FXGL Background Thread 1 ] DEBUG AssetLoader          - Loading from cache: /assets/textures/tinySLATES60.png
22:07:14.130 [FXGL Background Thread 1 ] DEBUG AssetLoader          - Loading from cache: /assets/textures/tinySLATES60.png
22:07:14.130 [FXGL Background Thread 1 ] DEBUG AssetLoader          - Loading from cache: /assets/textures/tinySLATES60.png
22:07:14.130 [FXGL Background Thread 1 ] DEBUG AssetLoader          - Loading from cache: /assets/textures/tinySLATES60.png
22:07:14.130 [FXGL Background Thread 1 ] DEBUG AssetLoader          - Loading from cache: /assets/textures/tinySLATES60.png
22:07:14.133 [FXGL Background Thread 1 ] DEBUG GameScene            - Creating render group for layer: BACKGROUND(1000)
22:07:14.143 [FXGL Background Thread 1 ] DEBUG AssetLoader          - Loading from disk: /assets/textures/redHero.png
22:07:14.145 [FXGL Background Thread 1 ] DEBUG GameScene            - Creating render group for layer: DEFAULT(100000)
22:07:14.153 [FXGL Background Thread 1 ] DEBUG AssetLoader          - Loading from disk: /assets/textures/blueHero.png
22:07:14.155 [FXGL Background Thread 1 ] DEBUG AssetLoader          - Loading from disk: /assets/textures/greenHero.png
22:07:14.158 [FXGL Background Thread 1 ] DEBUG AssetLoader          - Loading from disk: /assets/textures/Hero1_full.png
22:07:14.161 [FXGL Background Thread 1 ] DEBUG InitAppTask          - Initializing Physics
22:07:14.162 [FXGL Background Thread 1 ] DEBUG InitAppTask          - Initializing UI
22:07:14.162 [FXGL Background Thread 1 ] DEBUG AssetLoader          - Loading from disk: /assets/ui/cursors/cursor.png
22:07:14.167 [FXGL Background Thread 1 ] DEBUG InitAppTask          - Initialization Complete
22:07:14.167 [FXGL Background Thread 1 ] INFO  InitAppTask          - Game initialization took: 0,292 sec
22:07:14.169 [JavaFX Application Thread] DEBUG Input                - Clearing active input actions
22:07:14.169 [JavaFX Application Thread] DEBUG AssetLoader          - Loading from disk: /assets/ui/css/fxgl_dark.css
22:07:14.175 [JavaFX Application Thread] DEBUG AppStateMachine      - LoadingState -> PlayState
22:07:15.388 [JavaFX Application Thread] DEBUG AssetLoader          - Loading from disk: /assets/textures/gridgimp.png
22:07:15.450 [JavaFX Application Thread] DEBUG AssetLoader          - Loading from cache: /assets/textures/gridgimp.png
22:07:15.466 [JavaFX Application Thread] DEBUG AssetLoader          - Loading from cache: /assets/textures/gridgimp.png
22:07:15.482 [JavaFX Application Thread] DEBUG AssetLoader          - Loading from cache: /assets/textures/gridgimp.png
22:07:15.495 [JavaFX Application Thread] DEBUG AssetLoader          - Loading from cache: /assets/textures/gridgimp.png
22:07:15.509 [JavaFX Application Thread] DEBUG AssetLoader          - Loading from cache: /assets/textures/gridgimp.png
22:07:15.524 [JavaFX Application Thread] DEBUG AssetLoader          - Loading from cache: /assets/textures/gridgimp.png
22:07:15.538 [JavaFX Application Thread] DEBUG AssetLoader          - Loading from cache: /assets/textures/gridgimp.png
22:07:15.546 [JavaFX Application Thread] DEBUG AssetLoader          - Loading from cache: /assets/textures/gridgimp.png
22:07:16.427 [JavaFX Application Thread] DEBUG AssetLoader          - Loading from cache: /assets/textures/gridgimp.png
22:07:16.440 [JavaFX Application Thread] DEBUG AssetLoader          - Loading from cache: /assets/textures/gridgimp.png
22:07:16.455 [JavaFX Application Thread] DEBUG AssetLoader          - Loading from cache: /assets/textures/gridgimp.png
22:07:16.468 [JavaFX Application Thread] DEBUG AssetLoader          - Loading from cache: /assets/textures/gridgimp.png
22:07:16.482 [JavaFX Application Thread] DEBUG AssetLoader          - Loading from cache: /assets/textures/gridgimp.png
22:07:16.496 [JavaFX Application Thread] DEBUG AssetLoader          - Loading from cache: /assets/textures/gridgimp.png
22:07:16.506 [JavaFX Application Thread] DEBUG AssetLoader          - Loading from cache: /assets/textures/gridgimp.png
22:07:16.522 [JavaFX Application Thread] DEBUG AssetLoader          - Loading from cache: /assets/textures/gridgimp.png
22:07:16.952 [JavaFX Application Thread] DEBUG FXGL                 - Exiting FXGL
22:07:16.953 [JavaFX Application Thread] DEBUG FXGL                 - Shutting down background threads
22:07:16.953 [JavaFX Application Thread] DEBUG FXGL                 - Saving FXGL system data
22:07:16.957 [JavaFX Application Thread] DEBUG DesktopFSService     - Writing to: system\fxgl.bundle
22:07:16.960 [JavaFX Application Thread] DEBUG FXGL                 - Closing logger and exiting JavaFX
