22:09:43.498 [JavaFX Application Thread] DEBUG GameApplication      - Logger initialized
22:09:43.516 [JavaFX Application Thread] DEBUG GameApplication      - Logging settings
Title: Journey down the den
Version: 0.3
Width: 1920
Height: 1080
Fullscreen: true
Intro: false
Menus: false
Profiling: false
Single step:false
App Mode: DEVELOPER
Menu Key: ESCAPE
Stage Style: DECORATED
Scene Factory: class com.almasb.fxgl.scene.SceneFactory
Dialog Factory: class com.almasb.fxgl.ui.FXGLDialogFactory
UI Factory: class com.almasb.fxgl.ui.FXGLUIFactory
Notification Service: class com.almasb.fxgl.gameplay.notification.XboxNotificationView
Exception Handler: class com.almasb.fxgl.app.FXGLExceptionHandler
22:09:43.516 [JavaFX Application Thread] DEBUG GameApplication      - Starting FXGL
22:09:43.523 [JavaFX Application Thread] INFO  FXGL                 - FXGL-0.5.4 on DESKTOP
22:09:43.523 [JavaFX Application Thread] INFO  FXGL                 - Source code and latest versions at: https://github.com/AlmasB/FXGL
22:09:43.524 [JavaFX Application Thread] INFO  FXGL                 -              Join the FXGL chat at: https://gitter.im/AlmasB/FXGL
22:09:43.524 [JavaFX Application Thread] DEBUG FXGL                 - FXGL started
22:09:43.524 [JavaFX Application Thread] DEBUG FXGL                 - Initializing FXGL
22:09:43.587 [JavaFX Application Thread] DEBUG AssetLoader          - Loading from disk: /assets/ui/cursors/fxgl_default.png
22:09:43.669 [JavaFX Application Thread] DEBUG AssetLoader          - Loading from disk: /assets/ui/fonts/VarelaRound-Regular.ttf
22:09:44.088 [JavaFX Application Thread] DEBUG MainWindow           - Creating a JavaFX scene
22:09:44.122 [JavaFX Application Thread] DEBUG MainWindow           - Target settings size: 1920.0 x 1080.0
22:09:44.122 [JavaFX Application Thread] DEBUG MainWindow           - Scaled scene size:    1920.0 x 1080.0
22:09:44.122 [JavaFX Application Thread] DEBUG MainWindow           - Scaled ratio: (1.0, 1.0)
22:09:44.135 [JavaFX Application Thread] DEBUG AssetLoader          - Loading from disk: /assets/ui/css/fxgl_dark.css
22:09:44.143 [JavaFX Application Thread] DEBUG AssetLoader          - Loading from disk: /assets/textures/JDTD_icon.png
22:09:44.152 [JavaFX Application Thread] DEBUG MainWindow           - Opening main window
22:09:44.382 [JavaFX Application Thread] DEBUG MainWindow           - Window border size: (16.0, 20.0)
22:09:44.382 [JavaFX Application Thread] DEBUG MainWindow           - Scaled size: 1920.0 x 1080.0
22:09:44.382 [JavaFX Application Thread] DEBUG MainWindow           - Scaled ratio: (1.0, 1.0)
22:09:44.382 [JavaFX Application Thread] DEBUG MainWindow           - Scene size: 1920.0 x 1080.0
22:09:44.382 [JavaFX Application Thread] DEBUG MainWindow           - Stage size: 1936.0 x 1100.0
22:09:44.419 [ForkJoinPool.commonPool-worker-9] DEBUG FS                   - Loaded DesktopFSService
22:09:44.419 [ForkJoinPool.commonPool-worker-9] DEBUG FXGL                 - Loading FXGL system data
22:09:44.429 [ForkJoinPool.commonPool-worker-9] DEBUG DesktopFSService     - Reading from: system\fxgl.bundle
22:09:44.442 [ForkJoinPool.commonPool-worker-9] DEBUG Bundle               - Logging bundle: FXGL
22:09:44.443 [ForkJoinPool.commonPool-worker-9] DEBUG Bundle               - FXGL.offline.timer.version.check=2020-11-26T09:58:30.574
22:09:44.444 [ForkJoinPool.commonPool-worker-9] DEBUG FXGL                 - Initializing state machine and application states
22:09:44.446 [ForkJoinPool.commonPool-worker-9] DEBUG AssetLoader          - Loading from disk: /assets/ui/cursors/fxgl_default.png
22:09:44.450 [ForkJoinPool.commonPool-worker-9] DEBUG AssetLoader          - Loading from disk: /assets/ui/cursors/fxgl_default.png
22:09:44.464 [ForkJoinPool.commonPool-worker-9] DEBUG AssetLoader          - Loading from cache: /assets/ui/fonts/VarelaRound-Regular.ttf
22:09:44.467 [ForkJoinPool.commonPool-worker-9] DEBUG AssetLoader          - Loading from disk: /assets/ui/cursors/fxgl_default.png
22:09:44.471 [ForkJoinPool.commonPool-worker-9] DEBUG GameScene            - Game scene initialized: 1920x1080
22:09:44.480 [ForkJoinPool.commonPool-worker-9] DEBUG GameWorld            - Game world initialized
22:09:44.544 [ForkJoinPool.commonPool-worker-9] DEBUG PhysicsWorld         - Physics world initialized: appHeight=1080, physics.ppm=50,0
22:09:44.582 [ForkJoinPool.commonPool-worker-9] DEBUG Input                - Registered new binding: Pause - Esc
22:09:44.630 [JavaFX Application Thread] DEBUG FXGL                 - Running preInit()
22:09:44.632 [JavaFX Application Thread] DEBUG Input                - Registered new binding: Screenshot - P
22:09:44.633 [JavaFX Application Thread] DEBUG Input                - Registered new binding: Dev Options - CTRL+0
22:09:44.634 [JavaFX Application Thread] DEBUG Input                - Registered new binding: System info dump - CTRL+9
22:09:44.635 [JavaFX Application Thread] DEBUG Input                - Registered new binding: Restart - CTRL+R
22:09:44.635 [JavaFX Application Thread] DEBUG Input                - Registered new binding: Show grid - F
22:09:44.635 [JavaFX Application Thread] INFO  FXGL                 - FXGL initialization took: 1,111 sec
22:09:44.635 [JavaFX Application Thread] DEBUG LoopRunner           - Starting loop
22:09:44.638 [JavaFX Application Thread] DEBUG StartupState         - STARTUP
22:09:44.638 [JavaFX Application Thread] DEBUG GameApplication      - Starting new game
22:09:44.639 [JavaFX Application Thread] DEBUG Input                - Clearing active input actions
22:09:44.640 [JavaFX Application Thread] DEBUG AssetLoader          - Loading from disk: /assets/ui/css/fxgl_dark.css
22:09:44.649 [JavaFX Application Thread] DEBUG AppStateMachine      - StartupState -> LoadingState
22:09:44.656 [FXGL Background Thread 1 ] DEBUG InitAppTask          - Clearing previous game
22:09:44.656 [FXGL Background Thread 1 ] DEBUG GameWorld            - Clearing game world
22:09:44.656 [FXGL Background Thread 1 ] DEBUG PhysicsWorld         - Clearing physics world
22:09:44.656 [FXGL Background Thread 1 ] DEBUG GameScene            - Clearing game scene
22:09:44.658 [FXGL Background Thread 1 ] DEBUG InitAppTask          - Initializing Game
22:09:44.668 [FXGL Background Thread 1 ] DEBUG AssetLoader          - Loading from disk: /assets/tmx/map1.tmx
22:09:44.710 [FXGL Background Thread 1 ] WARN  TMXParser            - TiledMap generated from 1.4.2. Supported version: 1.1.2. Some features may not be parsed fully.
22:09:44.743 [FXGL Background Thread 1 ] DEBUG GameWorld            - Clearing removable entities
22:09:44.743 [FXGL Background Thread 1 ] DEBUG GameWorld            - Setting level from map
22:09:44.789 [FXGL Background Thread 1 ] DEBUG AssetLoader          - Loading from disk: /assets/textures/tinySLATES60.png
22:09:44.940 [FXGL Background Thread 1 ] DEBUG AssetLoader          - Loading from cache: /assets/textures/tinySLATES60.png
22:09:44.941 [FXGL Background Thread 1 ] DEBUG AssetLoader          - Loading from cache: /assets/textures/tinySLATES60.png
22:09:44.941 [FXGL Background Thread 1 ] DEBUG AssetLoader          - Loading from cache: /assets/textures/tinySLATES60.png
22:09:44.941 [FXGL Background Thread 1 ] DEBUG AssetLoader          - Loading from cache: /assets/textures/tinySLATES60.png
22:09:44.941 [FXGL Background Thread 1 ] DEBUG AssetLoader          - Loading from cache: /assets/textures/tinySLATES60.png
22:09:44.941 [FXGL Background Thread 1 ] DEBUG AssetLoader          - Loading from cache: /assets/textures/tinySLATES60.png
22:09:44.942 [FXGL Background Thread 1 ] DEBUG AssetLoader          - Loading from cache: /assets/textures/tinySLATES60.png
22:09:44.942 [FXGL Background Thread 1 ] DEBUG AssetLoader          - Loading from cache: /assets/textures/tinySLATES60.png
22:09:44.942 [FXGL Background Thread 1 ] DEBUG AssetLoader          - Loading from cache: /assets/textures/tinySLATES60.png
22:09:44.942 [FXGL Background Thread 1 ] DEBUG AssetLoader          - Loading from cache: /assets/textures/tinySLATES60.png
22:09:44.942 [FXGL Background Thread 1 ] DEBUG AssetLoader          - Loading from cache: /assets/textures/tinySLATES60.png
22:09:44.942 [FXGL Background Thread 1 ] DEBUG AssetLoader          - Loading from cache: /assets/textures/tinySLATES60.png
22:09:44.943 [FXGL Background Thread 1 ] DEBUG AssetLoader          - Loading from cache: /assets/textures/tinySLATES60.png
22:09:44.943 [FXGL Background Thread 1 ] DEBUG AssetLoader          - Loading from cache: /assets/textures/tinySLATES60.png
22:09:44.943 [FXGL Background Thread 1 ] DEBUG AssetLoader          - Loading from cache: /assets/textures/tinySLATES60.png
22:09:44.943 [FXGL Background Thread 1 ] DEBUG AssetLoader          - Loading from cache: /assets/textures/tinySLATES60.png
22:09:44.943 [FXGL Background Thread 1 ] DEBUG AssetLoader          - Loading from cache: /assets/textures/tinySLATES60.png
22:09:44.943 [FXGL Background Thread 1 ] DEBUG AssetLoader          - Loading from cache: /assets/textures/tinySLATES60.png
22:09:44.944 [FXGL Background Thread 1 ] DEBUG AssetLoader          - Loading from cache: /assets/textures/tinySLATES60.png
22:09:44.944 [FXGL Background Thread 1 ] DEBUG AssetLoader          - Loading from cache: /assets/textures/tinySLATES60.png
22:09:44.944 [FXGL Background Thread 1 ] DEBUG AssetLoader          - Loading from cache: /assets/textures/tinySLATES60.png
22:09:44.944 [FXGL Background Thread 1 ] DEBUG AssetLoader          - Loading from cache: /assets/textures/tinySLATES60.png
22:09:44.944 [FXGL Background Thread 1 ] DEBUG AssetLoader          - Loading from cache: /assets/textures/tinySLATES60.png
22:09:44.944 [FXGL Background Thread 1 ] DEBUG AssetLoader          - Loading from cache: /assets/textures/tinySLATES60.png
22:09:44.944 [FXGL Background Thread 1 ] DEBUG AssetLoader          - Loading from cache: /assets/textures/tinySLATES60.png
22:09:44.944 [FXGL Background Thread 1 ] DEBUG AssetLoader          - Loading from cache: /assets/textures/tinySLATES60.png
22:09:44.945 [FXGL Background Thread 1 ] DEBUG AssetLoader          - Loading from cache: /assets/textures/tinySLATES60.png
22:09:44.945 [FXGL Background Thread 1 ] DEBUG AssetLoader          - Loading from cache: /assets/textures/tinySLATES60.png
22:09:44.945 [FXGL Background Thread 1 ] DEBUG AssetLoader          - Loading from cache: /assets/textures/tinySLATES60.png
22:09:44.945 [FXGL Background Thread 1 ] DEBUG AssetLoader          - Loading from cache: /assets/textures/tinySLATES60.png
22:09:44.945 [FXGL Background Thread 1 ] DEBUG AssetLoader          - Loading from cache: /assets/textures/tinySLATES60.png
22:09:44.945 [FXGL Background Thread 1 ] DEBUG AssetLoader          - Loading from cache: /assets/textures/tinySLATES60.png
22:09:44.945 [FXGL Background Thread 1 ] DEBUG AssetLoader          - Loading from cache: /assets/textures/tinySLATES60.png
22:09:44.945 [FXGL Background Thread 1 ] DEBUG AssetLoader          - Loading from cache: /assets/textures/tinySLATES60.png
22:09:44.946 [FXGL Background Thread 1 ] DEBUG AssetLoader          - Loading from cache: /assets/textures/tinySLATES60.png
22:09:44.946 [FXGL Background Thread 1 ] DEBUG AssetLoader          - Loading from cache: /assets/textures/tinySLATES60.png
22:09:44.946 [FXGL Background Thread 1 ] DEBUG AssetLoader          - Loading from cache: /assets/textures/tinySLATES60.png
22:09:44.946 [FXGL Background Thread 1 ] DEBUG AssetLoader          - Loading from cache: /assets/textures/tinySLATES60.png
22:09:44.946 [FXGL Background Thread 1 ] DEBUG AssetLoader          - Loading from cache: /assets/textures/tinySLATES60.png
22:09:44.946 [FXGL Background Thread 1 ] DEBUG AssetLoader          - Loading from cache: /assets/textures/tinySLATES60.png
22:09:44.946 [FXGL Background Thread 1 ] DEBUG AssetLoader          - Loading from cache: /assets/textures/tinySLATES60.png
22:09:44.946 [FXGL Background Thread 1 ] DEBUG AssetLoader          - Loading from cache: /assets/textures/tinySLATES60.png
22:09:44.947 [FXGL Background Thread 1 ] DEBUG AssetLoader          - Loading from cache: /assets/textures/tinySLATES60.png
22:09:44.947 [FXGL Background Thread 1 ] DEBUG AssetLoader          - Loading from cache: /assets/textures/tinySLATES60.png
22:09:44.947 [FXGL Background Thread 1 ] DEBUG AssetLoader          - Loading from cache: /assets/textures/tinySLATES60.png
22:09:44.947 [FXGL Background Thread 1 ] DEBUG AssetLoader          - Loading from cache: /assets/textures/tinySLATES60.png
22:09:44.947 [FXGL Background Thread 1 ] DEBUG AssetLoader          - Loading from cache: /assets/textures/tinySLATES60.png
22:09:44.947 [FXGL Background Thread 1 ] DEBUG AssetLoader          - Loading from cache: /assets/textures/tinySLATES60.png
22:09:44.947 [FXGL Background Thread 1 ] DEBUG AssetLoader          - Loading from cache: /assets/textures/tinySLATES60.png
22:09:44.948 [FXGL Background Thread 1 ] DEBUG AssetLoader          - Loading from cache: /assets/textures/tinySLATES60.png
22:09:44.948 [FXGL Background Thread 1 ] DEBUG AssetLoader          - Loading from cache: /assets/textures/tinySLATES60.png
22:09:44.948 [FXGL Background Thread 1 ] DEBUG AssetLoader          - Loading from cache: /assets/textures/tinySLATES60.png
22:09:44.948 [FXGL Background Thread 1 ] DEBUG AssetLoader          - Loading from cache: /assets/textures/tinySLATES60.png
22:09:44.948 [FXGL Background Thread 1 ] DEBUG AssetLoader          - Loading from cache: /assets/textures/tinySLATES60.png
22:09:44.948 [FXGL Background Thread 1 ] DEBUG AssetLoader          - Loading from cache: /assets/textures/tinySLATES60.png
22:09:44.948 [FXGL Background Thread 1 ] DEBUG AssetLoader          - Loading from cache: /assets/textures/tinySLATES60.png
22:09:44.948 [FXGL Background Thread 1 ] DEBUG AssetLoader          - Loading from cache: /assets/textures/tinySLATES60.png
22:09:44.949 [FXGL Background Thread 1 ] DEBUG AssetLoader          - Loading from cache: /assets/textures/tinySLATES60.png
22:09:44.949 [FXGL Background Thread 1 ] DEBUG AssetLoader          - Loading from cache: /assets/textures/tinySLATES60.png
22:09:44.949 [FXGL Background Thread 1 ] DEBUG AssetLoader          - Loading from cache: /assets/textures/tinySLATES60.png
22:09:44.949 [FXGL Background Thread 1 ] DEBUG AssetLoader          - Loading from cache: /assets/textures/tinySLATES60.png
22:09:44.949 [FXGL Background Thread 1 ] DEBUG AssetLoader          - Loading from cache: /assets/textures/tinySLATES60.png
22:09:44.950 [FXGL Background Thread 1 ] DEBUG AssetLoader          - Loading from cache: /assets/textures/tinySLATES60.png
22:09:44.950 [FXGL Background Thread 1 ] DEBUG AssetLoader          - Loading from cache: /assets/textures/tinySLATES60.png
22:09:44.950 [FXGL Background Thread 1 ] DEBUG AssetLoader          - Loading from cache: /assets/textures/tinySLATES60.png
22:09:44.950 [FXGL Background Thread 1 ] DEBUG AssetLoader          - Loading from cache: /assets/textures/tinySLATES60.png
22:09:44.950 [FXGL Background Thread 1 ] DEBUG AssetLoader          - Loading from cache: /assets/textures/tinySLATES60.png
22:09:44.950 [FXGL Background Thread 1 ] DEBUG AssetLoader          - Loading from cache: /assets/textures/tinySLATES60.png
22:09:44.950 [FXGL Background Thread 1 ] DEBUG AssetLoader          - Loading from cache: /assets/textures/tinySLATES60.png
22:09:44.950 [FXGL Background Thread 1 ] DEBUG AssetLoader          - Loading from cache: /assets/textures/tinySLATES60.png
22:09:44.951 [FXGL Background Thread 1 ] DEBUG AssetLoader          - Loading from cache: /assets/textures/tinySLATES60.png
22:09:44.951 [FXGL Background Thread 1 ] DEBUG AssetLoader          - Loading from cache: /assets/textures/tinySLATES60.png
22:09:44.951 [FXGL Background Thread 1 ] DEBUG AssetLoader          - Loading from cache: /assets/textures/tinySLATES60.png
22:09:44.951 [FXGL Background Thread 1 ] DEBUG AssetLoader          - Loading from cache: /assets/textures/tinySLATES60.png
22:09:44.951 [FXGL Background Thread 1 ] DEBUG AssetLoader          - Loading from cache: /assets/textures/tinySLATES60.png
22:09:44.951 [FXGL Background Thread 1 ] DEBUG AssetLoader          - Loading from cache: /assets/textures/tinySLATES60.png
22:09:44.951 [FXGL Background Thread 1 ] DEBUG AssetLoader          - Loading from cache: /assets/textures/tinySLATES60.png
22:09:44.952 [FXGL Background Thread 1 ] DEBUG AssetLoader          - Loading from cache: /assets/textures/tinySLATES60.png
22:09:44.952 [FXGL Background Thread 1 ] DEBUG AssetLoader          - Loading from cache: /assets/textures/tinySLATES60.png
22:09:44.952 [FXGL Background Thread 1 ] DEBUG AssetLoader          - Loading from cache: /assets/textures/tinySLATES60.png
22:09:44.952 [FXGL Background Thread 1 ] DEBUG AssetLoader          - Loading from cache: /assets/textures/tinySLATES60.png
22:09:44.952 [FXGL Background Thread 1 ] DEBUG AssetLoader          - Loading from cache: /assets/textures/tinySLATES60.png
22:09:44.952 [FXGL Background Thread 1 ] DEBUG AssetLoader          - Loading from cache: /assets/textures/tinySLATES60.png
22:09:44.952 [FXGL Background Thread 1 ] DEBUG AssetLoader          - Loading from cache: /assets/textures/tinySLATES60.png
22:09:44.953 [FXGL Background Thread 1 ] DEBUG AssetLoader          - Loading from cache: /assets/textures/tinySLATES60.png
22:09:44.953 [FXGL Background Thread 1 ] DEBUG AssetLoader          - Loading from cache: /assets/textures/tinySLATES60.png
22:09:44.953 [FXGL Background Thread 1 ] DEBUG AssetLoader          - Loading from cache: /assets/textures/tinySLATES60.png
22:09:44.953 [FXGL Background Thread 1 ] DEBUG AssetLoader          - Loading from cache: /assets/textures/tinySLATES60.png
22:09:44.953 [FXGL Background Thread 1 ] DEBUG AssetLoader          - Loading from cache: /assets/textures/tinySLATES60.png
22:09:44.953 [FXGL Background Thread 1 ] DEBUG AssetLoader          - Loading from cache: /assets/textures/tinySLATES60.png
22:09:44.953 [FXGL Background Thread 1 ] DEBUG AssetLoader          - Loading from cache: /assets/textures/tinySLATES60.png
22:09:44.954 [FXGL Background Thread 1 ] DEBUG AssetLoader          - Loading from cache: /assets/textures/tinySLATES60.png
22:09:44.954 [FXGL Background Thread 1 ] DEBUG AssetLoader          - Loading from cache: /assets/textures/tinySLATES60.png
22:09:44.954 [FXGL Background Thread 1 ] DEBUG AssetLoader          - Loading from cache: /assets/textures/tinySLATES60.png
22:09:44.954 [FXGL Background Thread 1 ] DEBUG AssetLoader          - Loading from cache: /assets/textures/tinySLATES60.png
22:09:44.954 [FXGL Background Thread 1 ] DEBUG AssetLoader          - Loading from cache: /assets/textures/tinySLATES60.png
22:09:44.954 [FXGL Background Thread 1 ] DEBUG AssetLoader          - Loading from cache: /assets/textures/tinySLATES60.png
22:09:44.954 [FXGL Background Thread 1 ] DEBUG AssetLoader          - Loading from cache: /assets/textures/tinySLATES60.png
22:09:44.954 [FXGL Background Thread 1 ] DEBUG AssetLoader          - Loading from cache: /assets/textures/tinySLATES60.png
22:09:44.954 [FXGL Background Thread 1 ] DEBUG AssetLoader          - Loading from cache: /assets/textures/tinySLATES60.png
22:09:44.955 [FXGL Background Thread 1 ] DEBUG AssetLoader          - Loading from cache: /assets/textures/tinySLATES60.png
22:09:44.955 [FXGL Background Thread 1 ] DEBUG AssetLoader          - Loading from cache: /assets/textures/tinySLATES60.png
22:09:44.955 [FXGL Background Thread 1 ] DEBUG AssetLoader          - Loading from cache: /assets/textures/tinySLATES60.png
22:09:44.955 [FXGL Background Thread 1 ] DEBUG AssetLoader          - Loading from cache: /assets/textures/tinySLATES60.png
22:09:44.955 [FXGL Background Thread 1 ] DEBUG AssetLoader          - Loading from cache: /assets/textures/tinySLATES60.png
22:09:44.955 [FXGL Background Thread 1 ] DEBUG AssetLoader          - Loading from cache: /assets/textures/tinySLATES60.png
22:09:44.955 [FXGL Background Thread 1 ] DEBUG AssetLoader          - Loading from cache: /assets/textures/tinySLATES60.png
22:09:44.955 [FXGL Background Thread 1 ] DEBUG AssetLoader          - Loading from cache: /assets/textures/tinySLATES60.png
22:09:44.955 [FXGL Background Thread 1 ] DEBUG AssetLoader          - Loading from cache: /assets/textures/tinySLATES60.png
22:09:44.956 [FXGL Background Thread 1 ] DEBUG AssetLoader          - Loading from cache: /assets/textures/tinySLATES60.png
22:09:44.956 [FXGL Background Thread 1 ] DEBUG AssetLoader          - Loading from cache: /assets/textures/tinySLATES60.png
22:09:44.956 [FXGL Background Thread 1 ] DEBUG AssetLoader          - Loading from cache: /assets/textures/tinySLATES60.png
22:09:44.956 [FXGL Background Thread 1 ] DEBUG AssetLoader          - Loading from cache: /assets/textures/tinySLATES60.png
22:09:44.956 [FXGL Background Thread 1 ] DEBUG AssetLoader          - Loading from cache: /assets/textures/tinySLATES60.png
22:09:44.956 [FXGL Background Thread 1 ] DEBUG AssetLoader          - Loading from cache: /assets/textures/tinySLATES60.png
22:09:44.957 [FXGL Background Thread 1 ] DEBUG AssetLoader          - Loading from cache: /assets/textures/tinySLATES60.png
22:09:44.957 [FXGL Background Thread 1 ] DEBUG AssetLoader          - Loading from cache: /assets/textures/tinySLATES60.png
22:09:44.957 [FXGL Background Thread 1 ] DEBUG AssetLoader          - Loading from cache: /assets/textures/tinySLATES60.png
22:09:44.957 [FXGL Background Thread 1 ] DEBUG AssetLoader          - Loading from cache: /assets/textures/tinySLATES60.png
22:09:44.957 [FXGL Background Thread 1 ] DEBUG AssetLoader          - Loading from cache: /assets/textures/tinySLATES60.png
22:09:44.957 [FXGL Background Thread 1 ] DEBUG AssetLoader          - Loading from cache: /assets/textures/tinySLATES60.png
22:09:44.958 [FXGL Background Thread 1 ] DEBUG AssetLoader          - Loading from cache: /assets/textures/tinySLATES60.png
22:09:44.958 [FXGL Background Thread 1 ] DEBUG AssetLoader          - Loading from cache: /assets/textures/tinySLATES60.png
22:09:44.958 [FXGL Background Thread 1 ] DEBUG AssetLoader          - Loading from cache: /assets/textures/tinySLATES60.png
22:09:44.958 [FXGL Background Thread 1 ] DEBUG AssetLoader          - Loading from cache: /assets/textures/tinySLATES60.png
22:09:44.958 [FXGL Background Thread 1 ] DEBUG AssetLoader          - Loading from cache: /assets/textures/tinySLATES60.png
22:09:44.959 [FXGL Background Thread 1 ] DEBUG AssetLoader          - Loading from cache: /assets/textures/tinySLATES60.png
22:09:44.959 [FXGL Background Thread 1 ] DEBUG AssetLoader          - Loading from cache: /assets/textures/tinySLATES60.png
22:09:44.959 [FXGL Background Thread 1 ] DEBUG AssetLoader          - Loading from cache: /assets/textures/tinySLATES60.png
22:09:44.959 [FXGL Background Thread 1 ] DEBUG AssetLoader          - Loading from cache: /assets/textures/tinySLATES60.png
22:09:44.959 [FXGL Background Thread 1 ] DEBUG AssetLoader          - Loading from cache: /assets/textures/tinySLATES60.png
22:09:44.959 [FXGL Background Thread 1 ] DEBUG AssetLoader          - Loading from cache: /assets/textures/tinySLATES60.png
22:09:44.960 [FXGL Background Thread 1 ] DEBUG AssetLoader          - Loading from cache: /assets/textures/tinySLATES60.png
22:09:44.960 [FXGL Background Thread 1 ] DEBUG AssetLoader          - Loading from cache: /assets/textures/tinySLATES60.png
22:09:44.960 [FXGL Background Thread 1 ] DEBUG AssetLoader          - Loading from cache: /assets/textures/tinySLATES60.png
22:09:44.960 [FXGL Background Thread 1 ] DEBUG AssetLoader          - Loading from cache: /assets/textures/tinySLATES60.png
22:09:44.960 [FXGL Background Thread 1 ] DEBUG AssetLoader          - Loading from cache: /assets/textures/tinySLATES60.png
22:09:44.960 [FXGL Background Thread 1 ] DEBUG AssetLoader          - Loading from cache: /assets/textures/tinySLATES60.png
22:09:44.961 [FXGL Background Thread 1 ] DEBUG AssetLoader          - Loading from cache: /assets/textures/tinySLATES60.png
22:09:44.961 [FXGL Background Thread 1 ] DEBUG AssetLoader          - Loading from cache: /assets/textures/tinySLATES60.png
22:09:44.961 [FXGL Background Thread 1 ] DEBUG AssetLoader          - Loading from cache: /assets/textures/tinySLATES60.png
22:09:44.961 [FXGL Background Thread 1 ] DEBUG AssetLoader          - Loading from cache: /assets/textures/tinySLATES60.png
22:09:44.961 [FXGL Background Thread 1 ] DEBUG AssetLoader          - Loading from cache: /assets/textures/tinySLATES60.png
22:09:44.961 [FXGL Background Thread 1 ] DEBUG AssetLoader          - Loading from cache: /assets/textures/tinySLATES60.png
22:09:44.962 [FXGL Background Thread 1 ] DEBUG AssetLoader          - Loading from cache: /assets/textures/tinySLATES60.png
22:09:44.962 [FXGL Background Thread 1 ] DEBUG AssetLoader          - Loading from cache: /assets/textures/tinySLATES60.png
22:09:44.962 [FXGL Background Thread 1 ] DEBUG AssetLoader          - Loading from cache: /assets/textures/tinySLATES60.png
22:09:44.962 [FXGL Background Thread 1 ] DEBUG AssetLoader          - Loading from cache: /assets/textures/tinySLATES60.png
22:09:44.962 [FXGL Background Thread 1 ] DEBUG AssetLoader          - Loading from cache: /assets/textures/tinySLATES60.png
22:09:44.962 [FXGL Background Thread 1 ] DEBUG AssetLoader          - Loading from cache: /assets/textures/tinySLATES60.png
22:09:44.962 [FXGL Background Thread 1 ] DEBUG AssetLoader          - Loading from cache: /assets/textures/tinySLATES60.png
22:09:44.963 [FXGL Background Thread 1 ] DEBUG AssetLoader          - Loading from cache: /assets/textures/tinySLATES60.png
22:09:44.963 [FXGL Background Thread 1 ] DEBUG AssetLoader          - Loading from cache: /assets/textures/tinySLATES60.png
22:09:44.963 [FXGL Background Thread 1 ] DEBUG AssetLoader          - Loading from cache: /assets/textures/tinySLATES60.png
22:09:44.963 [FXGL Background Thread 1 ] DEBUG AssetLoader          - Loading from cache: /assets/textures/tinySLATES60.png
22:09:44.963 [FXGL Background Thread 1 ] DEBUG AssetLoader          - Loading from cache: /assets/textures/tinySLATES60.png
22:09:44.963 [FXGL Background Thread 1 ] DEBUG AssetLoader          - Loading from cache: /assets/textures/tinySLATES60.png
22:09:44.963 [FXGL Background Thread 1 ] DEBUG AssetLoader          - Loading from cache: /assets/textures/tinySLATES60.png
22:09:44.964 [FXGL Background Thread 1 ] DEBUG AssetLoader          - Loading from cache: /assets/textures/tinySLATES60.png
22:09:44.964 [FXGL Background Thread 1 ] DEBUG AssetLoader          - Loading from cache: /assets/textures/tinySLATES60.png
22:09:44.964 [FXGL Background Thread 1 ] DEBUG AssetLoader          - Loading from cache: /assets/textures/tinySLATES60.png
22:09:44.964 [FXGL Background Thread 1 ] DEBUG AssetLoader          - Loading from cache: /assets/textures/tinySLATES60.png
22:09:44.964 [FXGL Background Thread 1 ] DEBUG AssetLoader          - Loading from cache: /assets/textures/tinySLATES60.png
22:09:44.964 [FXGL Background Thread 1 ] DEBUG AssetLoader          - Loading from cache: /assets/textures/tinySLATES60.png
22:09:44.964 [FXGL Background Thread 1 ] DEBUG AssetLoader          - Loading from cache: /assets/textures/tinySLATES60.png
22:09:44.964 [FXGL Background Thread 1 ] DEBUG AssetLoader          - Loading from cache: /assets/textures/tinySLATES60.png
22:09:44.965 [FXGL Background Thread 1 ] DEBUG AssetLoader          - Loading from cache: /assets/textures/tinySLATES60.png
22:09:44.965 [FXGL Background Thread 1 ] DEBUG AssetLoader          - Loading from cache: /assets/textures/tinySLATES60.png
22:09:44.965 [FXGL Background Thread 1 ] DEBUG AssetLoader          - Loading from cache: /assets/textures/tinySLATES60.png
22:09:44.965 [FXGL Background Thread 1 ] DEBUG AssetLoader          - Loading from cache: /assets/textures/tinySLATES60.png
22:09:44.965 [FXGL Background Thread 1 ] DEBUG AssetLoader          - Loading from cache: /assets/textures/tinySLATES60.png
22:09:44.965 [FXGL Background Thread 1 ] DEBUG AssetLoader          - Loading from cache: /assets/textures/tinySLATES60.png
22:09:44.965 [FXGL Background Thread 1 ] DEBUG AssetLoader          - Loading from cache: /assets/textures/tinySLATES60.png
22:09:44.965 [FXGL Background Thread 1 ] DEBUG AssetLoader          - Loading from cache: /assets/textures/tinySLATES60.png
22:09:44.965 [FXGL Background Thread 1 ] DEBUG AssetLoader          - Loading from cache: /assets/textures/tinySLATES60.png
22:09:44.966 [FXGL Background Thread 1 ] DEBUG AssetLoader          - Loading from cache: /assets/textures/tinySLATES60.png
22:09:44.966 [FXGL Background Thread 1 ] DEBUG AssetLoader          - Loading from cache: /assets/textures/tinySLATES60.png
22:09:44.966 [FXGL Background Thread 1 ] DEBUG AssetLoader          - Loading from cache: /assets/textures/tinySLATES60.png
22:09:44.966 [FXGL Background Thread 1 ] DEBUG AssetLoader          - Loading from cache: /assets/textures/tinySLATES60.png
22:09:44.966 [FXGL Background Thread 1 ] DEBUG AssetLoader          - Loading from cache: /assets/textures/tinySLATES60.png
22:09:44.966 [FXGL Background Thread 1 ] DEBUG AssetLoader          - Loading from cache: /assets/textures/tinySLATES60.png
22:09:44.966 [FXGL Background Thread 1 ] DEBUG AssetLoader          - Loading from cache: /assets/textures/tinySLATES60.png
22:09:44.966 [FXGL Background Thread 1 ] DEBUG AssetLoader          - Loading from cache: /assets/textures/tinySLATES60.png
22:09:44.966 [FXGL Background Thread 1 ] DEBUG AssetLoader          - Loading from cache: /assets/textures/tinySLATES60.png
22:09:44.966 [FXGL Background Thread 1 ] DEBUG AssetLoader          - Loading from cache: /assets/textures/tinySLATES60.png
22:09:44.966 [FXGL Background Thread 1 ] DEBUG AssetLoader          - Loading from cache: /assets/textures/tinySLATES60.png
22:09:44.967 [FXGL Background Thread 1 ] DEBUG AssetLoader          - Loading from cache: /assets/textures/tinySLATES60.png
22:09:44.967 [FXGL Background Thread 1 ] DEBUG AssetLoader          - Loading from cache: /assets/textures/tinySLATES60.png
22:09:44.967 [FXGL Background Thread 1 ] DEBUG AssetLoader          - Loading from cache: /assets/textures/tinySLATES60.png
22:09:44.967 [FXGL Background Thread 1 ] DEBUG AssetLoader          - Loading from cache: /assets/textures/tinySLATES60.png
22:09:44.967 [FXGL Background Thread 1 ] DEBUG AssetLoader          - Loading from cache: /assets/textures/tinySLATES60.png
22:09:44.967 [FXGL Background Thread 1 ] DEBUG AssetLoader          - Loading from cache: /assets/textures/tinySLATES60.png
22:09:44.967 [FXGL Background Thread 1 ] DEBUG AssetLoader          - Loading from cache: /assets/textures/tinySLATES60.png
22:09:44.967 [FXGL Background Thread 1 ] DEBUG AssetLoader          - Loading from cache: /assets/textures/tinySLATES60.png
22:09:44.967 [FXGL Background Thread 1 ] DEBUG AssetLoader          - Loading from cache: /assets/textures/tinySLATES60.png
22:09:44.968 [FXGL Background Thread 1 ] DEBUG AssetLoader          - Loading from cache: /assets/textures/tinySLATES60.png
22:09:44.968 [FXGL Background Thread 1 ] DEBUG AssetLoader          - Loading from cache: /assets/textures/tinySLATES60.png
22:09:44.968 [FXGL Background Thread 1 ] DEBUG AssetLoader          - Loading from cache: /assets/textures/tinySLATES60.png
22:09:44.968 [FXGL Background Thread 1 ] DEBUG AssetLoader          - Loading from cache: /assets/textures/tinySLATES60.png
22:09:44.968 [FXGL Background Thread 1 ] DEBUG AssetLoader          - Loading from cache: /assets/textures/tinySLATES60.png
22:09:44.968 [FXGL Background Thread 1 ] DEBUG AssetLoader          - Loading from cache: /assets/textures/tinySLATES60.png
22:09:44.968 [FXGL Background Thread 1 ] DEBUG AssetLoader          - Loading from cache: /assets/textures/tinySLATES60.png
22:09:44.968 [FXGL Background Thread 1 ] DEBUG AssetLoader          - Loading from cache: /assets/textures/tinySLATES60.png
22:09:44.968 [FXGL Background Thread 1 ] DEBUG AssetLoader          - Loading from cache: /assets/textures/tinySLATES60.png
22:09:44.968 [FXGL Background Thread 1 ] DEBUG AssetLoader          - Loading from cache: /assets/textures/tinySLATES60.png
22:09:44.969 [FXGL Background Thread 1 ] DEBUG AssetLoader          - Loading from cache: /assets/textures/tinySLATES60.png
22:09:44.969 [FXGL Background Thread 1 ] DEBUG AssetLoader          - Loading from cache: /assets/textures/tinySLATES60.png
22:09:44.969 [FXGL Background Thread 1 ] DEBUG AssetLoader          - Loading from cache: /assets/textures/tinySLATES60.png
22:09:44.969 [FXGL Background Thread 1 ] DEBUG AssetLoader          - Loading from cache: /assets/textures/tinySLATES60.png
22:09:44.969 [FXGL Background Thread 1 ] DEBUG AssetLoader          - Loading from cache: /assets/textures/tinySLATES60.png
22:09:44.969 [FXGL Background Thread 1 ] DEBUG AssetLoader          - Loading from cache: /assets/textures/tinySLATES60.png
22:09:44.969 [FXGL Background Thread 1 ] DEBUG AssetLoader          - Loading from cache: /assets/textures/tinySLATES60.png
22:09:44.969 [FXGL Background Thread 1 ] DEBUG AssetLoader          - Loading from cache: /assets/textures/tinySLATES60.png
22:09:44.969 [FXGL Background Thread 1 ] DEBUG AssetLoader          - Loading from cache: /assets/textures/tinySLATES60.png
22:09:44.969 [FXGL Background Thread 1 ] DEBUG AssetLoader          - Loading from cache: /assets/textures/tinySLATES60.png
22:09:44.970 [FXGL Background Thread 1 ] DEBUG AssetLoader          - Loading from cache: /assets/textures/tinySLATES60.png
22:09:44.970 [FXGL Background Thread 1 ] DEBUG AssetLoader          - Loading from cache: /assets/textures/tinySLATES60.png
22:09:44.970 [FXGL Background Thread 1 ] DEBUG AssetLoader          - Loading from cache: /assets/textures/tinySLATES60.png
22:09:44.970 [FXGL Background Thread 1 ] DEBUG AssetLoader          - Loading from cache: /assets/textures/tinySLATES60.png
22:09:44.970 [FXGL Background Thread 1 ] DEBUG AssetLoader          - Loading from cache: /assets/textures/tinySLATES60.png
22:09:44.970 [FXGL Background Thread 1 ] DEBUG AssetLoader          - Loading from cache: /assets/textures/tinySLATES60.png
22:09:44.970 [FXGL Background Thread 1 ] DEBUG AssetLoader          - Loading from cache: /assets/textures/tinySLATES60.png
22:09:44.970 [FXGL Background Thread 1 ] DEBUG AssetLoader          - Loading from cache: /assets/textures/tinySLATES60.png
22:09:44.971 [FXGL Background Thread 1 ] DEBUG AssetLoader          - Loading from cache: /assets/textures/tinySLATES60.png
22:09:44.971 [FXGL Background Thread 1 ] DEBUG AssetLoader          - Loading from cache: /assets/textures/tinySLATES60.png
22:09:44.971 [FXGL Background Thread 1 ] DEBUG AssetLoader          - Loading from cache: /assets/textures/tinySLATES60.png
22:09:44.971 [FXGL Background Thread 1 ] DEBUG AssetLoader          - Loading from cache: /assets/textures/tinySLATES60.png
22:09:44.971 [FXGL Background Thread 1 ] DEBUG AssetLoader          - Loading from cache: /assets/textures/tinySLATES60.png
22:09:44.971 [FXGL Background Thread 1 ] DEBUG AssetLoader          - Loading from cache: /assets/textures/tinySLATES60.png
22:09:44.971 [FXGL Background Thread 1 ] DEBUG AssetLoader          - Loading from cache: /assets/textures/tinySLATES60.png
22:09:44.971 [FXGL Background Thread 1 ] DEBUG AssetLoader          - Loading from cache: /assets/textures/tinySLATES60.png
22:09:44.971 [FXGL Background Thread 1 ] DEBUG AssetLoader          - Loading from cache: /assets/textures/tinySLATES60.png
22:09:44.972 [FXGL Background Thread 1 ] DEBUG AssetLoader          - Loading from cache: /assets/textures/tinySLATES60.png
22:09:44.972 [FXGL Background Thread 1 ] DEBUG AssetLoader          - Loading from cache: /assets/textures/tinySLATES60.png
22:09:44.972 [FXGL Background Thread 1 ] DEBUG AssetLoader          - Loading from cache: /assets/textures/tinySLATES60.png
22:09:44.972 [FXGL Background Thread 1 ] DEBUG AssetLoader          - Loading from cache: /assets/textures/tinySLATES60.png
22:09:44.972 [FXGL Background Thread 1 ] DEBUG AssetLoader          - Loading from cache: /assets/textures/tinySLATES60.png
22:09:44.972 [FXGL Background Thread 1 ] DEBUG AssetLoader          - Loading from cache: /assets/textures/tinySLATES60.png
22:09:44.972 [FXGL Background Thread 1 ] DEBUG AssetLoader          - Loading from cache: /assets/textures/tinySLATES60.png
22:09:44.972 [FXGL Background Thread 1 ] DEBUG AssetLoader          - Loading from cache: /assets/textures/tinySLATES60.png
22:09:44.972 [FXGL Background Thread 1 ] DEBUG AssetLoader          - Loading from cache: /assets/textures/tinySLATES60.png
22:09:44.973 [FXGL Background Thread 1 ] DEBUG AssetLoader          - Loading from cache: /assets/textures/tinySLATES60.png
22:09:44.973 [FXGL Background Thread 1 ] DEBUG AssetLoader          - Loading from cache: /assets/textures/tinySLATES60.png
22:09:44.973 [FXGL Background Thread 1 ] DEBUG AssetLoader          - Loading from cache: /assets/textures/tinySLATES60.png
22:09:44.973 [FXGL Background Thread 1 ] DEBUG AssetLoader          - Loading from cache: /assets/textures/tinySLATES60.png
22:09:44.973 [FXGL Background Thread 1 ] DEBUG AssetLoader          - Loading from cache: /assets/textures/tinySLATES60.png
22:09:44.973 [FXGL Background Thread 1 ] DEBUG AssetLoader          - Loading from cache: /assets/textures/tinySLATES60.png
22:09:44.973 [FXGL Background Thread 1 ] DEBUG AssetLoader          - Loading from cache: /assets/textures/tinySLATES60.png
22:09:44.973 [FXGL Background Thread 1 ] DEBUG AssetLoader          - Loading from cache: /assets/textures/tinySLATES60.png
22:09:44.974 [FXGL Background Thread 1 ] DEBUG AssetLoader          - Loading from cache: /assets/textures/tinySLATES60.png
22:09:44.974 [FXGL Background Thread 1 ] DEBUG AssetLoader          - Loading from cache: /assets/textures/tinySLATES60.png
22:09:44.974 [FXGL Background Thread 1 ] DEBUG AssetLoader          - Loading from cache: /assets/textures/tinySLATES60.png
22:09:44.974 [FXGL Background Thread 1 ] DEBUG AssetLoader          - Loading from cache: /assets/textures/tinySLATES60.png
22:09:44.974 [FXGL Background Thread 1 ] DEBUG AssetLoader          - Loading from cache: /assets/textures/tinySLATES60.png
22:09:44.974 [FXGL Background Thread 1 ] DEBUG AssetLoader          - Loading from cache: /assets/textures/tinySLATES60.png
22:09:44.974 [FXGL Background Thread 1 ] DEBUG AssetLoader          - Loading from cache: /assets/textures/tinySLATES60.png
22:09:44.974 [FXGL Background Thread 1 ] DEBUG AssetLoader          - Loading from cache: /assets/textures/tinySLATES60.png
22:09:44.974 [FXGL Background Thread 1 ] DEBUG AssetLoader          - Loading from cache: /assets/textures/tinySLATES60.png
22:09:44.974 [FXGL Background Thread 1 ] DEBUG AssetLoader          - Loading from cache: /assets/textures/tinySLATES60.png
22:09:44.974 [FXGL Background Thread 1 ] DEBUG AssetLoader          - Loading from cache: /assets/textures/tinySLATES60.png
22:09:44.975 [FXGL Background Thread 1 ] DEBUG AssetLoader          - Loading from cache: /assets/textures/tinySLATES60.png
22:09:44.975 [FXGL Background Thread 1 ] DEBUG AssetLoader          - Loading from cache: /assets/textures/tinySLATES60.png
22:09:44.975 [FXGL Background Thread 1 ] DEBUG AssetLoader          - Loading from cache: /assets/textures/tinySLATES60.png
22:09:44.975 [FXGL Background Thread 1 ] DEBUG AssetLoader          - Loading from cache: /assets/textures/tinySLATES60.png
22:09:44.975 [FXGL Background Thread 1 ] DEBUG AssetLoader          - Loading from cache: /assets/textures/tinySLATES60.png
22:09:44.975 [FXGL Background Thread 1 ] DEBUG AssetLoader          - Loading from cache: /assets/textures/tinySLATES60.png
22:09:44.975 [FXGL Background Thread 1 ] DEBUG AssetLoader          - Loading from cache: /assets/textures/tinySLATES60.png
22:09:44.975 [FXGL Background Thread 1 ] DEBUG AssetLoader          - Loading from cache: /assets/textures/tinySLATES60.png
22:09:44.975 [FXGL Background Thread 1 ] DEBUG AssetLoader          - Loading from cache: /assets/textures/tinySLATES60.png
22:09:44.975 [FXGL Background Thread 1 ] DEBUG AssetLoader          - Loading from cache: /assets/textures/tinySLATES60.png
22:09:44.975 [FXGL Background Thread 1 ] DEBUG AssetLoader          - Loading from cache: /assets/textures/tinySLATES60.png
22:09:44.976 [FXGL Background Thread 1 ] DEBUG AssetLoader          - Loading from cache: /assets/textures/tinySLATES60.png
22:09:44.976 [FXGL Background Thread 1 ] DEBUG AssetLoader          - Loading from cache: /assets/textures/tinySLATES60.png
22:09:44.976 [FXGL Background Thread 1 ] DEBUG AssetLoader          - Loading from cache: /assets/textures/tinySLATES60.png
22:09:44.976 [FXGL Background Thread 1 ] DEBUG AssetLoader          - Loading from cache: /assets/textures/tinySLATES60.png
22:09:44.976 [FXGL Background Thread 1 ] DEBUG AssetLoader          - Loading from cache: /assets/textures/tinySLATES60.png
22:09:44.976 [FXGL Background Thread 1 ] DEBUG AssetLoader          - Loading from cache: /assets/textures/tinySLATES60.png
22:09:44.976 [FXGL Background Thread 1 ] DEBUG AssetLoader          - Loading from cache: /assets/textures/tinySLATES60.png
22:09:44.976 [FXGL Background Thread 1 ] DEBUG AssetLoader          - Loading from cache: /assets/textures/tinySLATES60.png
22:09:44.976 [FXGL Background Thread 1 ] DEBUG AssetLoader          - Loading from cache: /assets/textures/tinySLATES60.png
22:09:44.976 [FXGL Background Thread 1 ] DEBUG AssetLoader          - Loading from cache: /assets/textures/tinySLATES60.png
22:09:44.976 [FXGL Background Thread 1 ] DEBUG AssetLoader          - Loading from cache: /assets/textures/tinySLATES60.png
22:09:44.976 [FXGL Background Thread 1 ] DEBUG AssetLoader          - Loading from cache: /assets/textures/tinySLATES60.png
22:09:44.977 [FXGL Background Thread 1 ] DEBUG AssetLoader          - Loading from cache: /assets/textures/tinySLATES60.png
22:09:44.977 [FXGL Background Thread 1 ] DEBUG AssetLoader          - Loading from cache: /assets/textures/tinySLATES60.png
22:09:44.977 [FXGL Background Thread 1 ] DEBUG AssetLoader          - Loading from cache: /assets/textures/tinySLATES60.png
22:09:44.977 [FXGL Background Thread 1 ] DEBUG AssetLoader          - Loading from cache: /assets/textures/tinySLATES60.png
22:09:44.977 [FXGL Background Thread 1 ] DEBUG AssetLoader          - Loading from cache: /assets/textures/tinySLATES60.png
22:09:44.977 [FXGL Background Thread 1 ] DEBUG AssetLoader          - Loading from cache: /assets/textures/tinySLATES60.png
22:09:44.977 [FXGL Background Thread 1 ] DEBUG AssetLoader          - Loading from cache: /assets/textures/tinySLATES60.png
22:09:44.977 [FXGL Background Thread 1 ] DEBUG AssetLoader          - Loading from cache: /assets/textures/tinySLATES60.png
22:09:44.977 [FXGL Background Thread 1 ] DEBUG AssetLoader          - Loading from cache: /assets/textures/tinySLATES60.png
22:09:44.977 [FXGL Background Thread 1 ] DEBUG AssetLoader          - Loading from cache: /assets/textures/tinySLATES60.png
22:09:44.978 [FXGL Background Thread 1 ] DEBUG AssetLoader          - Loading from cache: /assets/textures/tinySLATES60.png
22:09:44.978 [FXGL Background Thread 1 ] DEBUG AssetLoader          - Loading from cache: /assets/textures/tinySLATES60.png
22:09:44.978 [FXGL Background Thread 1 ] DEBUG AssetLoader          - Loading from cache: /assets/textures/tinySLATES60.png
22:09:44.978 [FXGL Background Thread 1 ] DEBUG AssetLoader          - Loading from cache: /assets/textures/tinySLATES60.png
22:09:44.978 [FXGL Background Thread 1 ] DEBUG AssetLoader          - Loading from cache: /assets/textures/tinySLATES60.png
22:09:44.978 [FXGL Background Thread 1 ] DEBUG AssetLoader          - Loading from cache: /assets/textures/tinySLATES60.png
22:09:44.979 [FXGL Background Thread 1 ] DEBUG AssetLoader          - Loading from cache: /assets/textures/tinySLATES60.png
22:09:44.979 [FXGL Background Thread 1 ] DEBUG AssetLoader          - Loading from cache: /assets/textures/tinySLATES60.png
22:09:44.979 [FXGL Background Thread 1 ] DEBUG AssetLoader          - Loading from cache: /assets/textures/tinySLATES60.png
22:09:44.979 [FXGL Background Thread 1 ] DEBUG AssetLoader          - Loading from cache: /assets/textures/tinySLATES60.png
22:09:44.979 [FXGL Background Thread 1 ] DEBUG AssetLoader          - Loading from cache: /assets/textures/tinySLATES60.png
22:09:44.979 [FXGL Background Thread 1 ] DEBUG AssetLoader          - Loading from cache: /assets/textures/tinySLATES60.png
22:09:44.980 [FXGL Background Thread 1 ] DEBUG AssetLoader          - Loading from cache: /assets/textures/tinySLATES60.png
22:09:44.980 [FXGL Background Thread 1 ] DEBUG AssetLoader          - Loading from cache: /assets/textures/tinySLATES60.png
22:09:44.980 [FXGL Background Thread 1 ] DEBUG AssetLoader          - Loading from cache: /assets/textures/tinySLATES60.png
22:09:44.980 [FXGL Background Thread 1 ] DEBUG AssetLoader          - Loading from cache: /assets/textures/tinySLATES60.png
22:09:44.980 [FXGL Background Thread 1 ] DEBUG AssetLoader          - Loading from cache: /assets/textures/tinySLATES60.png
22:09:44.980 [FXGL Background Thread 1 ] DEBUG AssetLoader          - Loading from cache: /assets/textures/tinySLATES60.png
22:09:44.980 [FXGL Background Thread 1 ] DEBUG AssetLoader          - Loading from cache: /assets/textures/tinySLATES60.png
22:09:44.980 [FXGL Background Thread 1 ] DEBUG AssetLoader          - Loading from cache: /assets/textures/tinySLATES60.png
22:09:44.980 [FXGL Background Thread 1 ] DEBUG AssetLoader          - Loading from cache: /assets/textures/tinySLATES60.png
22:09:44.981 [FXGL Background Thread 1 ] DEBUG AssetLoader          - Loading from cache: /assets/textures/tinySLATES60.png
22:09:44.981 [FXGL Background Thread 1 ] DEBUG AssetLoader          - Loading from cache: /assets/textures/tinySLATES60.png
22:09:44.981 [FXGL Background Thread 1 ] DEBUG AssetLoader          - Loading from cache: /assets/textures/tinySLATES60.png
22:09:44.981 [FXGL Background Thread 1 ] DEBUG AssetLoader          - Loading from cache: /assets/textures/tinySLATES60.png
22:09:44.981 [FXGL Background Thread 1 ] DEBUG AssetLoader          - Loading from cache: /assets/textures/tinySLATES60.png
22:09:44.981 [FXGL Background Thread 1 ] DEBUG AssetLoader          - Loading from cache: /assets/textures/tinySLATES60.png
22:09:44.981 [FXGL Background Thread 1 ] DEBUG AssetLoader          - Loading from cache: /assets/textures/tinySLATES60.png
22:09:44.981 [FXGL Background Thread 1 ] DEBUG AssetLoader          - Loading from cache: /assets/textures/tinySLATES60.png
22:09:44.981 [FXGL Background Thread 1 ] DEBUG AssetLoader          - Loading from cache: /assets/textures/tinySLATES60.png
22:09:44.982 [FXGL Background Thread 1 ] DEBUG AssetLoader          - Loading from cache: /assets/textures/tinySLATES60.png
22:09:44.982 [FXGL Background Thread 1 ] DEBUG AssetLoader          - Loading from cache: /assets/textures/tinySLATES60.png
22:09:44.982 [FXGL Background Thread 1 ] DEBUG AssetLoader          - Loading from cache: /assets/textures/tinySLATES60.png
22:09:44.982 [FXGL Background Thread 1 ] DEBUG AssetLoader          - Loading from cache: /assets/textures/tinySLATES60.png
22:09:44.982 [FXGL Background Thread 1 ] DEBUG AssetLoader          - Loading from cache: /assets/textures/tinySLATES60.png
22:09:44.982 [FXGL Background Thread 1 ] DEBUG AssetLoader          - Loading from cache: /assets/textures/tinySLATES60.png
22:09:44.982 [FXGL Background Thread 1 ] DEBUG AssetLoader          - Loading from cache: /assets/textures/tinySLATES60.png
22:09:44.982 [FXGL Background Thread 1 ] DEBUG AssetLoader          - Loading from cache: /assets/textures/tinySLATES60.png
22:09:44.983 [FXGL Background Thread 1 ] DEBUG AssetLoader          - Loading from cache: /assets/textures/tinySLATES60.png
22:09:44.983 [FXGL Background Thread 1 ] DEBUG AssetLoader          - Loading from cache: /assets/textures/tinySLATES60.png
22:09:44.983 [FXGL Background Thread 1 ] DEBUG AssetLoader          - Loading from cache: /assets/textures/tinySLATES60.png
22:09:44.983 [FXGL Background Thread 1 ] DEBUG AssetLoader          - Loading from cache: /assets/textures/tinySLATES60.png
22:09:44.983 [FXGL Background Thread 1 ] DEBUG AssetLoader          - Loading from cache: /assets/textures/tinySLATES60.png
22:09:44.983 [FXGL Background Thread 1 ] DEBUG AssetLoader          - Loading from cache: /assets/textures/tinySLATES60.png
22:09:44.983 [FXGL Background Thread 1 ] DEBUG AssetLoader          - Loading from cache: /assets/textures/tinySLATES60.png
22:09:44.983 [FXGL Background Thread 1 ] DEBUG AssetLoader          - Loading from cache: /assets/textures/tinySLATES60.png
22:09:44.983 [FXGL Background Thread 1 ] DEBUG AssetLoader          - Loading from cache: /assets/textures/tinySLATES60.png
22:09:44.983 [FXGL Background Thread 1 ] DEBUG AssetLoader          - Loading from cache: /assets/textures/tinySLATES60.png
22:09:44.984 [FXGL Background Thread 1 ] DEBUG AssetLoader          - Loading from cache: /assets/textures/tinySLATES60.png
22:09:44.984 [FXGL Background Thread 1 ] DEBUG AssetLoader          - Loading from cache: /assets/textures/tinySLATES60.png
22:09:44.984 [FXGL Background Thread 1 ] DEBUG AssetLoader          - Loading from cache: /assets/textures/tinySLATES60.png
22:09:44.984 [FXGL Background Thread 1 ] DEBUG AssetLoader          - Loading from cache: /assets/textures/tinySLATES60.png
22:09:44.984 [FXGL Background Thread 1 ] DEBUG AssetLoader          - Loading from cache: /assets/textures/tinySLATES60.png
22:09:44.984 [FXGL Background Thread 1 ] DEBUG AssetLoader          - Loading from cache: /assets/textures/tinySLATES60.png
22:09:44.984 [FXGL Background Thread 1 ] DEBUG AssetLoader          - Loading from cache: /assets/textures/tinySLATES60.png
22:09:44.984 [FXGL Background Thread 1 ] DEBUG AssetLoader          - Loading from cache: /assets/textures/tinySLATES60.png
22:09:44.984 [FXGL Background Thread 1 ] DEBUG AssetLoader          - Loading from cache: /assets/textures/tinySLATES60.png
22:09:44.984 [FXGL Background Thread 1 ] DEBUG AssetLoader          - Loading from cache: /assets/textures/tinySLATES60.png
22:09:44.984 [FXGL Background Thread 1 ] DEBUG AssetLoader          - Loading from cache: /assets/textures/tinySLATES60.png
22:09:44.985 [FXGL Background Thread 1 ] DEBUG AssetLoader          - Loading from cache: /assets/textures/tinySLATES60.png
22:09:44.985 [FXGL Background Thread 1 ] DEBUG AssetLoader          - Loading from cache: /assets/textures/tinySLATES60.png
22:09:44.985 [FXGL Background Thread 1 ] DEBUG AssetLoader          - Loading from cache: /assets/textures/tinySLATES60.png
22:09:44.985 [FXGL Background Thread 1 ] DEBUG AssetLoader          - Loading from cache: /assets/textures/tinySLATES60.png
22:09:44.985 [FXGL Background Thread 1 ] DEBUG AssetLoader          - Loading from cache: /assets/textures/tinySLATES60.png
22:09:44.985 [FXGL Background Thread 1 ] DEBUG AssetLoader          - Loading from cache: /assets/textures/tinySLATES60.png
22:09:44.985 [FXGL Background Thread 1 ] DEBUG AssetLoader          - Loading from cache: /assets/textures/tinySLATES60.png
22:09:44.985 [FXGL Background Thread 1 ] DEBUG AssetLoader          - Loading from cache: /assets/textures/tinySLATES60.png
22:09:44.985 [FXGL Background Thread 1 ] DEBUG AssetLoader          - Loading from cache: /assets/textures/tinySLATES60.png
22:09:44.985 [FXGL Background Thread 1 ] DEBUG AssetLoader          - Loading from cache: /assets/textures/tinySLATES60.png
22:09:44.985 [FXGL Background Thread 1 ] DEBUG AssetLoader          - Loading from cache: /assets/textures/tinySLATES60.png
22:09:44.985 [FXGL Background Thread 1 ] DEBUG AssetLoader          - Loading from cache: /assets/textures/tinySLATES60.png
22:09:44.985 [FXGL Background Thread 1 ] DEBUG AssetLoader          - Loading from cache: /assets/textures/tinySLATES60.png
22:09:44.986 [FXGL Background Thread 1 ] DEBUG AssetLoader          - Loading from cache: /assets/textures/tinySLATES60.png
22:09:44.986 [FXGL Background Thread 1 ] DEBUG AssetLoader          - Loading from cache: /assets/textures/tinySLATES60.png
22:09:44.986 [FXGL Background Thread 1 ] DEBUG AssetLoader          - Loading from cache: /assets/textures/tinySLATES60.png
22:09:44.986 [FXGL Background Thread 1 ] DEBUG AssetLoader          - Loading from cache: /assets/textures/tinySLATES60.png
22:09:44.986 [FXGL Background Thread 1 ] DEBUG AssetLoader          - Loading from cache: /assets/textures/tinySLATES60.png
22:09:44.986 [FXGL Background Thread 1 ] DEBUG AssetLoader          - Loading from cache: /assets/textures/tinySLATES60.png
22:09:44.986 [FXGL Background Thread 1 ] DEBUG AssetLoader          - Loading from cache: /assets/textures/tinySLATES60.png
22:09:44.987 [FXGL Background Thread 1 ] DEBUG AssetLoader          - Loading from cache: /assets/textures/tinySLATES60.png
22:09:44.987 [FXGL Background Thread 1 ] DEBUG AssetLoader          - Loading from cache: /assets/textures/tinySLATES60.png
22:09:44.987 [FXGL Background Thread 1 ] DEBUG AssetLoader          - Loading from cache: /assets/textures/tinySLATES60.png
22:09:44.987 [FXGL Background Thread 1 ] DEBUG AssetLoader          - Loading from cache: /assets/textures/tinySLATES60.png
22:09:44.987 [FXGL Background Thread 1 ] DEBUG AssetLoader          - Loading from cache: /assets/textures/tinySLATES60.png
22:09:44.987 [FXGL Background Thread 1 ] DEBUG AssetLoader          - Loading from cache: /assets/textures/tinySLATES60.png
22:09:44.987 [FXGL Background Thread 1 ] DEBUG AssetLoader          - Loading from cache: /assets/textures/tinySLATES60.png
22:09:44.987 [FXGL Background Thread 1 ] DEBUG AssetLoader          - Loading from cache: /assets/textures/tinySLATES60.png
22:09:44.988 [FXGL Background Thread 1 ] DEBUG AssetLoader          - Loading from cache: /assets/textures/tinySLATES60.png
22:09:44.988 [FXGL Background Thread 1 ] DEBUG AssetLoader          - Loading from cache: /assets/textures/tinySLATES60.png
22:09:44.988 [FXGL Background Thread 1 ] DEBUG AssetLoader          - Loading from cache: /assets/textures/tinySLATES60.png
22:09:44.988 [FXGL Background Thread 1 ] DEBUG AssetLoader          - Loading from cache: /assets/textures/tinySLATES60.png
22:09:44.988 [FXGL Background Thread 1 ] DEBUG AssetLoader          - Loading from cache: /assets/textures/tinySLATES60.png
22:09:44.988 [FXGL Background Thread 1 ] DEBUG AssetLoader          - Loading from cache: /assets/textures/tinySLATES60.png
22:09:44.988 [FXGL Background Thread 1 ] DEBUG AssetLoader          - Loading from cache: /assets/textures/tinySLATES60.png
22:09:44.988 [FXGL Background Thread 1 ] DEBUG AssetLoader          - Loading from cache: /assets/textures/tinySLATES60.png
22:09:44.989 [FXGL Background Thread 1 ] DEBUG AssetLoader          - Loading from cache: /assets/textures/tinySLATES60.png
22:09:44.989 [FXGL Background Thread 1 ] DEBUG AssetLoader          - Loading from cache: /assets/textures/tinySLATES60.png
22:09:44.989 [FXGL Background Thread 1 ] DEBUG AssetLoader          - Loading from cache: /assets/textures/tinySLATES60.png
22:09:44.989 [FXGL Background Thread 1 ] DEBUG AssetLoader          - Loading from cache: /assets/textures/tinySLATES60.png
22:09:44.989 [FXGL Background Thread 1 ] DEBUG AssetLoader          - Loading from cache: /assets/textures/tinySLATES60.png
22:09:44.989 [FXGL Background Thread 1 ] DEBUG AssetLoader          - Loading from cache: /assets/textures/tinySLATES60.png
22:09:44.989 [FXGL Background Thread 1 ] DEBUG AssetLoader          - Loading from cache: /assets/textures/tinySLATES60.png
22:09:44.989 [FXGL Background Thread 1 ] DEBUG AssetLoader          - Loading from cache: /assets/textures/tinySLATES60.png
22:09:44.990 [FXGL Background Thread 1 ] DEBUG AssetLoader          - Loading from cache: /assets/textures/tinySLATES60.png
22:09:44.990 [FXGL Background Thread 1 ] DEBUG AssetLoader          - Loading from cache: /assets/textures/tinySLATES60.png
22:09:44.990 [FXGL Background Thread 1 ] DEBUG AssetLoader          - Loading from cache: /assets/textures/tinySLATES60.png
22:09:44.990 [FXGL Background Thread 1 ] DEBUG AssetLoader          - Loading from cache: /assets/textures/tinySLATES60.png
22:09:44.990 [FXGL Background Thread 1 ] DEBUG AssetLoader          - Loading from cache: /assets/textures/tinySLATES60.png
22:09:44.990 [FXGL Background Thread 1 ] DEBUG AssetLoader          - Loading from cache: /assets/textures/tinySLATES60.png
22:09:44.990 [FXGL Background Thread 1 ] DEBUG AssetLoader          - Loading from cache: /assets/textures/tinySLATES60.png
22:09:44.990 [FXGL Background Thread 1 ] DEBUG AssetLoader          - Loading from cache: /assets/textures/tinySLATES60.png
22:09:44.991 [FXGL Background Thread 1 ] DEBUG AssetLoader          - Loading from cache: /assets/textures/tinySLATES60.png
22:09:44.991 [FXGL Background Thread 1 ] DEBUG AssetLoader          - Loading from cache: /assets/textures/tinySLATES60.png
22:09:44.991 [FXGL Background Thread 1 ] DEBUG AssetLoader          - Loading from cache: /assets/textures/tinySLATES60.png
22:09:44.991 [FXGL Background Thread 1 ] DEBUG AssetLoader          - Loading from cache: /assets/textures/tinySLATES60.png
22:09:44.991 [FXGL Background Thread 1 ] DEBUG AssetLoader          - Loading from cache: /assets/textures/tinySLATES60.png
22:09:44.991 [FXGL Background Thread 1 ] DEBUG AssetLoader          - Loading from cache: /assets/textures/tinySLATES60.png
22:09:44.991 [FXGL Background Thread 1 ] DEBUG AssetLoader          - Loading from cache: /assets/textures/tinySLATES60.png
22:09:44.991 [FXGL Background Thread 1 ] DEBUG AssetLoader          - Loading from cache: /assets/textures/tinySLATES60.png
22:09:44.992 [FXGL Background Thread 1 ] DEBUG AssetLoader          - Loading from cache: /assets/textures/tinySLATES60.png
22:09:44.992 [FXGL Background Thread 1 ] DEBUG AssetLoader          - Loading from cache: /assets/textures/tinySLATES60.png
22:09:44.992 [FXGL Background Thread 1 ] DEBUG AssetLoader          - Loading from cache: /assets/textures/tinySLATES60.png
22:09:44.992 [FXGL Background Thread 1 ] DEBUG AssetLoader          - Loading from cache: /assets/textures/tinySLATES60.png
22:09:44.992 [FXGL Background Thread 1 ] DEBUG AssetLoader          - Loading from cache: /assets/textures/tinySLATES60.png
22:09:44.992 [FXGL Background Thread 1 ] DEBUG AssetLoader          - Loading from cache: /assets/textures/tinySLATES60.png
22:09:44.992 [FXGL Background Thread 1 ] DEBUG AssetLoader          - Loading from cache: /assets/textures/tinySLATES60.png
22:09:44.992 [FXGL Background Thread 1 ] DEBUG AssetLoader          - Loading from cache: /assets/textures/tinySLATES60.png
22:09:44.992 [FXGL Background Thread 1 ] DEBUG AssetLoader          - Loading from cache: /assets/textures/tinySLATES60.png
22:09:44.992 [FXGL Background Thread 1 ] DEBUG AssetLoader          - Loading from cache: /assets/textures/tinySLATES60.png
22:09:44.992 [FXGL Background Thread 1 ] DEBUG AssetLoader          - Loading from cache: /assets/textures/tinySLATES60.png
22:09:44.992 [FXGL Background Thread 1 ] DEBUG AssetLoader          - Loading from cache: /assets/textures/tinySLATES60.png
22:09:44.993 [FXGL Background Thread 1 ] DEBUG AssetLoader          - Loading from cache: /assets/textures/tinySLATES60.png
22:09:44.993 [FXGL Background Thread 1 ] DEBUG AssetLoader          - Loading from cache: /assets/textures/tinySLATES60.png
22:09:44.993 [FXGL Background Thread 1 ] DEBUG AssetLoader          - Loading from cache: /assets/textures/tinySLATES60.png
22:09:44.993 [FXGL Background Thread 1 ] DEBUG AssetLoader          - Loading from cache: /assets/textures/tinySLATES60.png
22:09:44.993 [FXGL Background Thread 1 ] DEBUG AssetLoader          - Loading from cache: /assets/textures/tinySLATES60.png
22:09:44.993 [FXGL Background Thread 1 ] DEBUG AssetLoader          - Loading from cache: /assets/textures/tinySLATES60.png
22:09:44.993 [FXGL Background Thread 1 ] DEBUG AssetLoader          - Loading from cache: /assets/textures/tinySLATES60.png
22:09:44.993 [FXGL Background Thread 1 ] DEBUG AssetLoader          - Loading from cache: /assets/textures/tinySLATES60.png
22:09:44.993 [FXGL Background Thread 1 ] DEBUG AssetLoader          - Loading from cache: /assets/textures/tinySLATES60.png
22:09:44.993 [FXGL Background Thread 1 ] DEBUG AssetLoader          - Loading from cache: /assets/textures/tinySLATES60.png
22:09:44.993 [FXGL Background Thread 1 ] DEBUG AssetLoader          - Loading from cache: /assets/textures/tinySLATES60.png
22:09:44.993 [FXGL Background Thread 1 ] DEBUG AssetLoader          - Loading from cache: /assets/textures/tinySLATES60.png
22:09:44.993 [FXGL Background Thread 1 ] DEBUG AssetLoader          - Loading from cache: /assets/textures/tinySLATES60.png
22:09:44.994 [FXGL Background Thread 1 ] DEBUG AssetLoader          - Loading from cache: /assets/textures/tinySLATES60.png
22:09:44.994 [FXGL Background Thread 1 ] DEBUG AssetLoader          - Loading from cache: /assets/textures/tinySLATES60.png
22:09:44.994 [FXGL Background Thread 1 ] DEBUG AssetLoader          - Loading from cache: /assets/textures/tinySLATES60.png
22:09:44.994 [FXGL Background Thread 1 ] DEBUG AssetLoader          - Loading from cache: /assets/textures/tinySLATES60.png
22:09:44.994 [FXGL Background Thread 1 ] DEBUG AssetLoader          - Loading from cache: /assets/textures/tinySLATES60.png
22:09:44.994 [FXGL Background Thread 1 ] DEBUG AssetLoader          - Loading from cache: /assets/textures/tinySLATES60.png
22:09:44.994 [FXGL Background Thread 1 ] DEBUG AssetLoader          - Loading from cache: /assets/textures/tinySLATES60.png
22:09:44.994 [FXGL Background Thread 1 ] DEBUG AssetLoader          - Loading from cache: /assets/textures/tinySLATES60.png
22:09:44.994 [FXGL Background Thread 1 ] DEBUG AssetLoader          - Loading from cache: /assets/textures/tinySLATES60.png
22:09:44.994 [FXGL Background Thread 1 ] DEBUG AssetLoader          - Loading from cache: /assets/textures/tinySLATES60.png
22:09:44.994 [FXGL Background Thread 1 ] DEBUG AssetLoader          - Loading from cache: /assets/textures/tinySLATES60.png
22:09:44.994 [FXGL Background Thread 1 ] DEBUG AssetLoader          - Loading from cache: /assets/textures/tinySLATES60.png
22:09:44.994 [FXGL Background Thread 1 ] DEBUG AssetLoader          - Loading from cache: /assets/textures/tinySLATES60.png
22:09:44.994 [FXGL Background Thread 1 ] DEBUG AssetLoader          - Loading from cache: /assets/textures/tinySLATES60.png
22:09:44.995 [FXGL Background Thread 1 ] DEBUG AssetLoader          - Loading from cache: /assets/textures/tinySLATES60.png
22:09:44.995 [FXGL Background Thread 1 ] DEBUG AssetLoader          - Loading from cache: /assets/textures/tinySLATES60.png
22:09:44.995 [FXGL Background Thread 1 ] DEBUG AssetLoader          - Loading from cache: /assets/textures/tinySLATES60.png
22:09:44.995 [FXGL Background Thread 1 ] DEBUG AssetLoader          - Loading from cache: /assets/textures/tinySLATES60.png
22:09:44.995 [FXGL Background Thread 1 ] DEBUG AssetLoader          - Loading from cache: /assets/textures/tinySLATES60.png
22:09:44.995 [FXGL Background Thread 1 ] DEBUG AssetLoader          - Loading from cache: /assets/textures/tinySLATES60.png
22:09:44.995 [FXGL Background Thread 1 ] DEBUG AssetLoader          - Loading from cache: /assets/textures/tinySLATES60.png
22:09:44.995 [FXGL Background Thread 1 ] DEBUG AssetLoader          - Loading from cache: /assets/textures/tinySLATES60.png
22:09:44.995 [FXGL Background Thread 1 ] DEBUG AssetLoader          - Loading from cache: /assets/textures/tinySLATES60.png
22:09:44.995 [FXGL Background Thread 1 ] DEBUG AssetLoader          - Loading from cache: /assets/textures/tinySLATES60.png
22:09:44.995 [FXGL Background Thread 1 ] DEBUG AssetLoader          - Loading from cache: /assets/textures/tinySLATES60.png
22:09:44.995 [FXGL Background Thread 1 ] DEBUG AssetLoader          - Loading from cache: /assets/textures/tinySLATES60.png
22:09:44.996 [FXGL Background Thread 1 ] DEBUG AssetLoader          - Loading from cache: /assets/textures/tinySLATES60.png
22:09:44.996 [FXGL Background Thread 1 ] DEBUG AssetLoader          - Loading from cache: /assets/textures/tinySLATES60.png
22:09:44.996 [FXGL Background Thread 1 ] DEBUG AssetLoader          - Loading from cache: /assets/textures/tinySLATES60.png
22:09:44.996 [FXGL Background Thread 1 ] DEBUG AssetLoader          - Loading from cache: /assets/textures/tinySLATES60.png
22:09:44.996 [FXGL Background Thread 1 ] DEBUG AssetLoader          - Loading from cache: /assets/textures/tinySLATES60.png
22:09:44.996 [FXGL Background Thread 1 ] DEBUG AssetLoader          - Loading from cache: /assets/textures/tinySLATES60.png
22:09:44.996 [FXGL Background Thread 1 ] DEBUG AssetLoader          - Loading from cache: /assets/textures/tinySLATES60.png
22:09:44.996 [FXGL Background Thread 1 ] DEBUG AssetLoader          - Loading from cache: /assets/textures/tinySLATES60.png
22:09:44.996 [FXGL Background Thread 1 ] DEBUG AssetLoader          - Loading from cache: /assets/textures/tinySLATES60.png
22:09:44.996 [FXGL Background Thread 1 ] DEBUG AssetLoader          - Loading from cache: /assets/textures/tinySLATES60.png
22:09:44.996 [FXGL Background Thread 1 ] DEBUG AssetLoader          - Loading from cache: /assets/textures/tinySLATES60.png
22:09:44.996 [FXGL Background Thread 1 ] DEBUG AssetLoader          - Loading from cache: /assets/textures/tinySLATES60.png
22:09:44.996 [FXGL Background Thread 1 ] DEBUG AssetLoader          - Loading from cache: /assets/textures/tinySLATES60.png
22:09:44.996 [FXGL Background Thread 1 ] DEBUG AssetLoader          - Loading from cache: /assets/textures/tinySLATES60.png
22:09:44.997 [FXGL Background Thread 1 ] DEBUG AssetLoader          - Loading from cache: /assets/textures/tinySLATES60.png
22:09:44.997 [FXGL Background Thread 1 ] DEBUG AssetLoader          - Loading from cache: /assets/textures/tinySLATES60.png
22:09:44.999 [FXGL Background Thread 1 ] DEBUG GameScene            - Creating render group for layer: BACKGROUND(1000)
22:09:45.017 [FXGL Background Thread 1 ] DEBUG AssetLoader          - Loading from disk: /assets/textures/redHero.png
22:09:45.020 [FXGL Background Thread 1 ] DEBUG GameScene            - Creating render group for layer: DEFAULT(100000)
22:09:45.021 [FXGL Background Thread 1 ] DEBUG AssetLoader          - Loading from disk: /assets/textures/blueHero.png
22:09:45.023 [FXGL Background Thread 1 ] DEBUG AssetLoader          - Loading from disk: /assets/textures/greenHero.png
22:09:45.025 [FXGL Background Thread 1 ] DEBUG AssetLoader          - Loading from disk: /assets/textures/Hero1_full.png
22:09:45.028 [FXGL Background Thread 1 ] DEBUG InitAppTask          - Initializing Physics
22:09:45.028 [FXGL Background Thread 1 ] DEBUG InitAppTask          - Initializing UI
22:09:45.028 [FXGL Background Thread 1 ] DEBUG AssetLoader          - Loading from disk: /assets/ui/cursors/cursor.png
22:09:45.033 [FXGL Background Thread 1 ] DEBUG InitAppTask          - Initialization Complete
22:09:45.033 [FXGL Background Thread 1 ] INFO  InitAppTask          - Game initialization took: 0,377 sec
22:09:45.039 [JavaFX Application Thread] DEBUG Input                - Clearing active input actions
22:09:45.039 [JavaFX Application Thread] DEBUG AssetLoader          - Loading from disk: /assets/ui/css/fxgl_dark.css
22:09:45.045 [JavaFX Application Thread] DEBUG AppStateMachine      - LoadingState -> PlayState
22:09:45.855 [JavaFX Application Thread] DEBUG AssetLoader          - Loading from disk: /assets/textures/gridgimp.png
22:09:45.920 [JavaFX Application Thread] DEBUG AssetLoader          - Loading from cache: /assets/textures/gridgimp.png
22:09:45.936 [JavaFX Application Thread] DEBUG AssetLoader          - Loading from cache: /assets/textures/gridgimp.png
22:09:45.951 [JavaFX Application Thread] DEBUG AssetLoader          - Loading from cache: /assets/textures/gridgimp.png
22:09:45.965 [JavaFX Application Thread] DEBUG AssetLoader          - Loading from cache: /assets/textures/gridgimp.png
22:09:45.980 [JavaFX Application Thread] DEBUG AssetLoader          - Loading from cache: /assets/textures/gridgimp.png
22:09:45.994 [JavaFX Application Thread] DEBUG AssetLoader          - Loading from cache: /assets/textures/gridgimp.png
22:09:46.007 [JavaFX Application Thread] DEBUG AssetLoader          - Loading from cache: /assets/textures/gridgimp.png
22:09:46.016 [JavaFX Application Thread] DEBUG AssetLoader          - Loading from cache: /assets/textures/gridgimp.png
22:09:46.687 [JavaFX Application Thread] DEBUG AssetLoader          - Loading from cache: /assets/textures/gridgimp.png
22:09:46.694 [JavaFX Application Thread] DEBUG AssetLoader          - Loading from cache: /assets/textures/gridgimp.png
22:09:46.703 [JavaFX Application Thread] DEBUG AssetLoader          - Loading from cache: /assets/textures/gridgimp.png
22:09:46.719 [JavaFX Application Thread] DEBUG AssetLoader          - Loading from cache: /assets/textures/gridgimp.png
22:09:46.735 [JavaFX Application Thread] DEBUG AssetLoader          - Loading from cache: /assets/textures/gridgimp.png
22:09:46.750 [JavaFX Application Thread] DEBUG AssetLoader          - Loading from cache: /assets/textures/gridgimp.png
22:09:46.763 [JavaFX Application Thread] DEBUG AssetLoader          - Loading from cache: /assets/textures/gridgimp.png
22:09:46.777 [JavaFX Application Thread] DEBUG AssetLoader          - Loading from cache: /assets/textures/gridgimp.png
22:09:46.792 [JavaFX Application Thread] DEBUG AssetLoader          - Loading from cache: /assets/textures/gridgimp.png
22:09:46.799 [JavaFX Application Thread] DEBUG AssetLoader          - Loading from cache: /assets/textures/gridgimp.png
22:09:46.816 [JavaFX Application Thread] DEBUG AssetLoader          - Loading from cache: /assets/textures/gridgimp.png
22:09:46.833 [JavaFX Application Thread] DEBUG AssetLoader          - Loading from cache: /assets/textures/gridgimp.png
22:09:46.847 [JavaFX Application Thread] DEBUG AssetLoader          - Loading from cache: /assets/textures/gridgimp.png
22:09:46.863 [JavaFX Application Thread] DEBUG AssetLoader          - Loading from cache: /assets/textures/gridgimp.png
22:09:46.875 [JavaFX Application Thread] DEBUG AssetLoader          - Loading from cache: /assets/textures/gridgimp.png
22:09:46.888 [JavaFX Application Thread] DEBUG AssetLoader          - Loading from cache: /assets/textures/gridgimp.png
22:09:47.279 [JavaFX Application Thread] DEBUG AssetLoader          - Loading from cache: /assets/textures/gridgimp.png
22:09:47.284 [JavaFX Application Thread] DEBUG AssetLoader          - Loading from cache: /assets/textures/gridgimp.png
22:09:47.295 [JavaFX Application Thread] DEBUG AssetLoader          - Loading from cache: /assets/textures/gridgimp.png
22:09:47.311 [JavaFX Application Thread] DEBUG AssetLoader          - Loading from cache: /assets/textures/gridgimp.png
22:09:47.327 [JavaFX Application Thread] DEBUG AssetLoader          - Loading from cache: /assets/textures/gridgimp.png
22:09:47.340 [JavaFX Application Thread] DEBUG AssetLoader          - Loading from cache: /assets/textures/gridgimp.png
22:09:47.354 [JavaFX Application Thread] DEBUG AssetLoader          - Loading from cache: /assets/textures/gridgimp.png
22:09:47.367 [JavaFX Application Thread] DEBUG AssetLoader          - Loading from cache: /assets/textures/gridgimp.png
22:09:47.376 [JavaFX Application Thread] DEBUG AssetLoader          - Loading from cache: /assets/textures/gridgimp.png
22:09:47.392 [JavaFX Application Thread] DEBUG AssetLoader          - Loading from cache: /assets/textures/gridgimp.png
22:09:47.408 [JavaFX Application Thread] DEBUG AssetLoader          - Loading from cache: /assets/textures/gridgimp.png
22:09:47.424 [JavaFX Application Thread] DEBUG AssetLoader          - Loading from cache: /assets/textures/gridgimp.png
22:09:47.437 [JavaFX Application Thread] DEBUG AssetLoader          - Loading from cache: /assets/textures/gridgimp.png
22:09:47.451 [JavaFX Application Thread] DEBUG AssetLoader          - Loading from cache: /assets/textures/gridgimp.png
22:09:47.466 [JavaFX Application Thread] DEBUG AssetLoader          - Loading from cache: /assets/textures/gridgimp.png
22:09:47.479 [JavaFX Application Thread] DEBUG AssetLoader          - Loading from cache: /assets/textures/gridgimp.png
22:09:47.487 [JavaFX Application Thread] DEBUG AssetLoader          - Loading from cache: /assets/textures/gridgimp.png
22:09:47.507 [JavaFX Application Thread] DEBUG AssetLoader          - Loading from cache: /assets/textures/gridgimp.png
22:09:47.520 [JavaFX Application Thread] DEBUG AssetLoader          - Loading from cache: /assets/textures/gridgimp.png
22:09:47.534 [JavaFX Application Thread] DEBUG AssetLoader          - Loading from cache: /assets/textures/gridgimp.png
22:09:47.548 [JavaFX Application Thread] DEBUG AssetLoader          - Loading from cache: /assets/textures/gridgimp.png
22:09:47.564 [JavaFX Application Thread] DEBUG AssetLoader          - Loading from cache: /assets/textures/gridgimp.png
22:09:47.576 [JavaFX Application Thread] DEBUG AssetLoader          - Loading from cache: /assets/textures/gridgimp.png
22:09:47.584 [JavaFX Application Thread] DEBUG AssetLoader          - Loading from cache: /assets/textures/gridgimp.png
22:09:47.600 [JavaFX Application Thread] DEBUG AssetLoader          - Loading from cache: /assets/textures/gridgimp.png
22:09:47.616 [JavaFX Application Thread] DEBUG AssetLoader          - Loading from cache: /assets/textures/gridgimp.png
22:09:47.632 [JavaFX Application Thread] DEBUG AssetLoader          - Loading from cache: /assets/textures/gridgimp.png
22:09:47.646 [JavaFX Application Thread] DEBUG AssetLoader          - Loading from cache: /assets/textures/gridgimp.png
22:09:47.661 [JavaFX Application Thread] DEBUG AssetLoader          - Loading from cache: /assets/textures/gridgimp.png
22:09:47.674 [JavaFX Application Thread] DEBUG AssetLoader          - Loading from cache: /assets/textures/gridgimp.png
22:09:47.688 [JavaFX Application Thread] DEBUG AssetLoader          - Loading from cache: /assets/textures/gridgimp.png
22:09:47.696 [JavaFX Application Thread] DEBUG AssetLoader          - Loading from cache: /assets/textures/gridgimp.png
22:09:47.712 [JavaFX Application Thread] DEBUG AssetLoader          - Loading from cache: /assets/textures/gridgimp.png
22:09:48.161 [JavaFX Application Thread] DEBUG AssetLoader          - Loading from cache: /assets/textures/gridgimp.png
22:09:48.174 [JavaFX Application Thread] DEBUG AssetLoader          - Loading from cache: /assets/textures/gridgimp.png
22:09:48.187 [JavaFX Application Thread] DEBUG AssetLoader          - Loading from cache: /assets/textures/gridgimp.png
22:09:48.201 [JavaFX Application Thread] DEBUG AssetLoader          - Loading from cache: /assets/textures/gridgimp.png
22:09:48.215 [JavaFX Application Thread] DEBUG AssetLoader          - Loading from cache: /assets/textures/gridgimp.png
22:09:48.223 [JavaFX Application Thread] DEBUG AssetLoader          - Loading from cache: /assets/textures/gridgimp.png
22:09:48.239 [JavaFX Application Thread] DEBUG AssetLoader          - Loading from cache: /assets/textures/gridgimp.png
22:09:48.256 [JavaFX Application Thread] DEBUG AssetLoader          - Loading from cache: /assets/textures/gridgimp.png
22:09:48.272 [JavaFX Application Thread] DEBUG AssetLoader          - Loading from cache: /assets/textures/gridgimp.png
22:09:48.285 [JavaFX Application Thread] DEBUG AssetLoader          - Loading from cache: /assets/textures/gridgimp.png
22:09:48.299 [JavaFX Application Thread] DEBUG AssetLoader          - Loading from cache: /assets/textures/gridgimp.png
22:09:48.704 [JavaFX Application Thread] DEBUG AssetLoader          - Loading from cache: /assets/textures/gridgimp.png
22:09:48.708 [JavaFX Application Thread] DEBUG AssetLoader          - Loading from cache: /assets/textures/gridgimp.png
22:09:48.719 [JavaFX Application Thread] DEBUG AssetLoader          - Loading from cache: /assets/textures/gridgimp.png
22:09:48.735 [JavaFX Application Thread] DEBUG AssetLoader          - Loading from cache: /assets/textures/gridgimp.png
22:09:48.751 [JavaFX Application Thread] DEBUG AssetLoader          - Loading from cache: /assets/textures/gridgimp.png
22:09:48.764 [JavaFX Application Thread] DEBUG AssetLoader          - Loading from cache: /assets/textures/gridgimp.png
22:09:48.778 [JavaFX Application Thread] DEBUG AssetLoader          - Loading from cache: /assets/textures/gridgimp.png
22:09:48.792 [JavaFX Application Thread] DEBUG AssetLoader          - Loading from cache: /assets/textures/gridgimp.png
22:09:48.806 [JavaFX Application Thread] DEBUG AssetLoader          - Loading from cache: /assets/textures/gridgimp.png
22:09:49.120 [JavaFX Application Thread] DEBUG AssetLoader          - Loading from cache: /assets/textures/gridgimp.png
22:09:49.125 [JavaFX Application Thread] DEBUG AssetLoader          - Loading from cache: /assets/textures/gridgimp.png
22:09:49.136 [JavaFX Application Thread] DEBUG AssetLoader          - Loading from cache: /assets/textures/gridgimp.png
22:09:49.152 [JavaFX Application Thread] DEBUG AssetLoader          - Loading from cache: /assets/textures/gridgimp.png
22:09:49.167 [JavaFX Application Thread] DEBUG AssetLoader          - Loading from cache: /assets/textures/gridgimp.png
22:09:49.182 [JavaFX Application Thread] DEBUG AssetLoader          - Loading from cache: /assets/textures/gridgimp.png
22:09:49.195 [JavaFX Application Thread] DEBUG AssetLoader          - Loading from cache: /assets/textures/gridgimp.png
22:09:49.210 [JavaFX Application Thread] DEBUG AssetLoader          - Loading from cache: /assets/textures/gridgimp.png
22:09:49.224 [JavaFX Application Thread] DEBUG AssetLoader          - Loading from cache: /assets/textures/gridgimp.png
22:09:49.231 [JavaFX Application Thread] DEBUG AssetLoader          - Loading from cache: /assets/textures/gridgimp.png
22:09:49.247 [JavaFX Application Thread] DEBUG AssetLoader          - Loading from cache: /assets/textures/gridgimp.png
22:09:49.263 [JavaFX Application Thread] DEBUG AssetLoader          - Loading from cache: /assets/textures/gridgimp.png
22:09:49.305 [JavaFX Application Thread] DEBUG AssetLoader          - Loading from cache: /assets/textures/gridgimp.png
22:09:49.320 [JavaFX Application Thread] DEBUG AssetLoader          - Loading from cache: /assets/textures/gridgimp.png
22:09:49.333 [JavaFX Application Thread] DEBUG AssetLoader          - Loading from cache: /assets/textures/gridgimp.png
22:09:49.343 [JavaFX Application Thread] DEBUG AssetLoader          - Loading from cache: /assets/textures/gridgimp.png
22:09:49.359 [JavaFX Application Thread] DEBUG AssetLoader          - Loading from cache: /assets/textures/gridgimp.png
22:09:49.374 [JavaFX Application Thread] DEBUG AssetLoader          - Loading from cache: /assets/textures/gridgimp.png
22:09:49.776 [JavaFX Application Thread] DEBUG AssetLoader          - Loading from cache: /assets/textures/gridgimp.png
22:09:49.784 [JavaFX Application Thread] DEBUG AssetLoader          - Loading from cache: /assets/textures/gridgimp.png
22:09:49.798 [JavaFX Application Thread] DEBUG AssetLoader          - Loading from cache: /assets/textures/gridgimp.png
22:09:49.808 [JavaFX Application Thread] DEBUG AssetLoader          - Loading from cache: /assets/textures/gridgimp.png
22:09:49.824 [JavaFX Application Thread] DEBUG AssetLoader          - Loading from cache: /assets/textures/gridgimp.png
22:09:49.840 [JavaFX Application Thread] DEBUG AssetLoader          - Loading from cache: /assets/textures/gridgimp.png
22:09:49.854 [JavaFX Application Thread] DEBUG AssetLoader          - Loading from cache: /assets/textures/gridgimp.png
22:09:49.868 [JavaFX Application Thread] DEBUG AssetLoader          - Loading from cache: /assets/textures/gridgimp.png
22:09:49.882 [JavaFX Application Thread] DEBUG AssetLoader          - Loading from cache: /assets/textures/gridgimp.png
22:09:49.896 [JavaFX Application Thread] DEBUG AssetLoader          - Loading from cache: /assets/textures/gridgimp.png
22:09:49.910 [JavaFX Application Thread] DEBUG AssetLoader          - Loading from cache: /assets/textures/gridgimp.png
22:09:49.920 [JavaFX Application Thread] DEBUG AssetLoader          - Loading from cache: /assets/textures/gridgimp.png
22:09:49.936 [JavaFX Application Thread] DEBUG AssetLoader          - Loading from cache: /assets/textures/gridgimp.png
22:09:49.952 [JavaFX Application Thread] DEBUG AssetLoader          - Loading from cache: /assets/textures/gridgimp.png
22:09:49.966 [JavaFX Application Thread] DEBUG AssetLoader          - Loading from cache: /assets/textures/gridgimp.png
22:09:49.980 [JavaFX Application Thread] DEBUG AssetLoader          - Loading from cache: /assets/textures/gridgimp.png
22:09:49.992 [JavaFX Application Thread] DEBUG AssetLoader          - Loading from cache: /assets/textures/gridgimp.png
22:09:50.006 [JavaFX Application Thread] DEBUG AssetLoader          - Loading from cache: /assets/textures/gridgimp.png
22:09:50.015 [JavaFX Application Thread] DEBUG AssetLoader          - Loading from cache: /assets/textures/gridgimp.png
22:09:53.058 [JavaFX Application Thread] DEBUG FXGL                 - Exiting FXGL
22:09:53.058 [JavaFX Application Thread] DEBUG FXGL                 - Shutting down background threads
22:09:53.059 [JavaFX Application Thread] DEBUG FXGL                 - Saving FXGL system data
22:09:53.061 [JavaFX Application Thread] DEBUG DesktopFSService     - Writing to: system\fxgl.bundle
22:09:53.064 [JavaFX Application Thread] DEBUG FXGL                 - Closing logger and exiting JavaFX
