11:04:56.642 [JavaFX Application Thread] DEBUG GameApplication      - Logger initialized
11:04:56.657 [JavaFX Application Thread] DEBUG GameApplication      - Logging settings
Title: Journey down the den
Version: 0.2
Width: 1920
Height: 1080
Fullscreen: true
Intro: false
Menus: false
Profiling: true
Single step:false
App Mode: DEVELOPER
Menu Key: ESCAPE
Stage Style: DECORATED
Scene Factory: class com.almasb.fxgl.scene.SceneFactory
Dialog Factory: class com.almasb.fxgl.ui.FXGLDialogFactory
UI Factory: class com.almasb.fxgl.ui.FXGLUIFactory
Notification Service: class com.almasb.fxgl.gameplay.notification.XboxNotificationView
Exception Handler: class com.almasb.fxgl.app.FXGLExceptionHandler
11:04:56.658 [JavaFX Application Thread] DEBUG GameApplication      - Starting FXGL
11:04:56.664 [JavaFX Application Thread] INFO  FXGL                 - FXGL-0.5.4 on DESKTOP
11:04:56.665 [JavaFX Application Thread] INFO  FXGL                 - Source code and latest versions at: https://github.com/AlmasB/FXGL
11:04:56.665 [JavaFX Application Thread] INFO  FXGL                 -              Join the FXGL chat at: https://gitter.im/AlmasB/FXGL
11:04:56.665 [JavaFX Application Thread] DEBUG FXGL                 - FXGL started
11:04:56.665 [JavaFX Application Thread] DEBUG FXGL                 - Initializing FXGL
11:04:56.718 [JavaFX Application Thread] DEBUG AssetLoader          - Loading from disk: /assets/ui/cursors/fxgl_default.png
11:04:56.793 [JavaFX Application Thread] DEBUG AssetLoader          - Loading from disk: /assets/ui/fonts/VarelaRound-Regular.ttf
11:04:57.163 [JavaFX Application Thread] DEBUG MainWindow           - Creating a JavaFX scene
11:04:57.193 [JavaFX Application Thread] DEBUG MainWindow           - Target settings size: 1920.0 x 1080.0
11:04:57.193 [JavaFX Application Thread] DEBUG MainWindow           - Scaled scene size:    1920.0 x 1080.0
11:04:57.194 [JavaFX Application Thread] DEBUG MainWindow           - Scaled ratio: (1.0, 1.0)
11:04:57.206 [JavaFX Application Thread] DEBUG AssetLoader          - Loading from disk: /assets/ui/css/fxgl_dark.css
11:04:57.209 [JavaFX Application Thread] DEBUG AssetLoader          - Loading from disk: /assets/textures/JDTD_icon.png
11:04:57.218 [JavaFX Application Thread] DEBUG MainWindow           - Opening main window
11:04:57.409 [JavaFX Application Thread] DEBUG MainWindow           - Window border size: (16.0, 20.0)
11:04:57.410 [JavaFX Application Thread] DEBUG MainWindow           - Scaled size: 1920.0 x 1080.0
11:04:57.410 [JavaFX Application Thread] DEBUG MainWindow           - Scaled ratio: (1.0, 1.0)
11:04:57.410 [JavaFX Application Thread] DEBUG MainWindow           - Scene size: 1920.0 x 1080.0
11:04:57.410 [JavaFX Application Thread] DEBUG MainWindow           - Stage size: 1936.0 x 1100.0
11:04:57.445 [ForkJoinPool.commonPool-worker-9] DEBUG FS                   - Loaded DesktopFSService
11:04:57.445 [ForkJoinPool.commonPool-worker-9] DEBUG FXGL                 - Loading FXGL system data
11:04:57.451 [ForkJoinPool.commonPool-worker-9] DEBUG DesktopFSService     - Reading from: system\fxgl.bundle
11:04:57.460 [ForkJoinPool.commonPool-worker-9] DEBUG Bundle               - Logging bundle: FXGL
11:04:57.461 [ForkJoinPool.commonPool-worker-9] DEBUG Bundle               - FXGL.offline.timer.version.check=2020-11-18T09:51:52.340
11:04:57.462 [ForkJoinPool.commonPool-worker-9] DEBUG FXGL                 - Initializing state machine and application states
11:04:57.464 [ForkJoinPool.commonPool-worker-9] DEBUG AssetLoader          - Loading from disk: /assets/ui/cursors/fxgl_default.png
11:04:57.469 [ForkJoinPool.commonPool-worker-9] DEBUG AssetLoader          - Loading from disk: /assets/ui/cursors/fxgl_default.png
11:04:57.480 [ForkJoinPool.commonPool-worker-9] DEBUG AssetLoader          - Loading from cache: /assets/ui/fonts/VarelaRound-Regular.ttf
11:04:57.483 [ForkJoinPool.commonPool-worker-9] DEBUG AssetLoader          - Loading from disk: /assets/ui/cursors/fxgl_default.png
11:04:57.484 [ForkJoinPool.commonPool-worker-9] DEBUG AssetLoader          - Loading from disk: /assets/ui/fonts/lucida_console.ttf
11:04:57.491 [ForkJoinPool.commonPool-worker-9] DEBUG GameScene            - Game scene initialized: 1920x1080
11:04:57.497 [ForkJoinPool.commonPool-worker-9] DEBUG GameWorld            - Game world initialized
11:04:57.545 [ForkJoinPool.commonPool-worker-9] DEBUG PhysicsWorld         - Physics world initialized: appHeight=1080, physics.ppm=50,0
11:04:57.577 [ForkJoinPool.commonPool-worker-9] DEBUG Input                - Registered new binding: Pause - Esc
11:04:57.612 [JavaFX Application Thread] DEBUG FXGL                 - Running preInit()
11:04:57.614 [JavaFX Application Thread] DEBUG Input                - Registered new binding: Screenshot - P
11:04:57.615 [JavaFX Application Thread] DEBUG Input                - Registered new binding: Dev Options - CTRL+0
11:04:57.615 [JavaFX Application Thread] DEBUG Input                - Registered new binding: System info dump - CTRL+9
11:04:57.616 [JavaFX Application Thread] DEBUG Input                - Registered new binding: Restart - CTRL+R
11:04:57.616 [JavaFX Application Thread] DEBUG Input                - Registered new binding: Show grid - F
11:04:57.616 [JavaFX Application Thread] INFO  FXGL                 - FXGL initialization took: 0,951 sec
11:04:57.616 [JavaFX Application Thread] DEBUG LoopRunner           - Starting loop
11:04:57.619 [JavaFX Application Thread] DEBUG StartupState         - STARTUP
11:04:57.619 [JavaFX Application Thread] DEBUG GameApplication      - Starting new game
11:04:57.619 [JavaFX Application Thread] DEBUG Input                - Clearing active input actions
11:04:57.620 [JavaFX Application Thread] DEBUG AssetLoader          - Loading from disk: /assets/ui/css/fxgl_dark.css
11:04:57.624 [JavaFX Application Thread] DEBUG AppStateMachine      - StartupState -> LoadingState
11:04:57.629 [FXGL Background Thread 1 ] DEBUG InitAppTask          - Clearing previous game
11:04:57.629 [FXGL Background Thread 1 ] DEBUG GameWorld            - Clearing game world
11:04:57.629 [FXGL Background Thread 1 ] DEBUG PhysicsWorld         - Clearing physics world
11:04:57.629 [FXGL Background Thread 1 ] DEBUG GameScene            - Clearing game scene
11:04:57.630 [FXGL Background Thread 1 ] DEBUG InitAppTask          - Initializing Game
11:04:57.666 [FXGL Background Thread 1 ] DEBUG AssetLoader          - Loading from disk: /assets/textures/redHero.png
11:04:57.677 [FXGL Background Thread 1 ] DEBUG GameScene            - Creating render group for layer: DEFAULT(100000)
11:04:57.679 [FXGL Background Thread 1 ] DEBUG AssetLoader          - Loading from disk: /assets/textures/Hero1_full.png
11:04:57.683 [FXGL Background Thread 1 ] DEBUG InitAppTask          - Initializing Physics
11:04:57.683 [FXGL Background Thread 1 ] DEBUG InitAppTask          - Initializing UI
11:04:57.683 [FXGL Background Thread 1 ] DEBUG AssetLoader          - Loading from disk: /assets/ui/cursors/cursor.png
11:04:57.687 [FXGL Background Thread 1 ] DEBUG InitAppTask          - Initialization Complete
11:04:57.687 [FXGL Background Thread 1 ] INFO  InitAppTask          - Game initialization took: 0,059 sec
11:04:57.697 [JavaFX Application Thread] DEBUG Input                - Clearing active input actions
11:04:57.698 [JavaFX Application Thread] DEBUG AssetLoader          - Loading from disk: /assets/ui/css/fxgl_dark.css
11:04:57.702 [JavaFX Application Thread] DEBUG AppStateMachine      - LoadingState -> PlayState
11:04:58.212 [JavaFX Application Thread] DEBUG AssetLoader          - Loading from disk: /assets/textures/grille.png
11:04:58.291 [JavaFX Application Thread] DEBUG AssetLoader          - Loading from cache: /assets/textures/grille.png
11:04:58.306 [JavaFX Application Thread] DEBUG AssetLoader          - Loading from cache: /assets/textures/grille.png
11:04:58.321 [JavaFX Application Thread] DEBUG AssetLoader          - Loading from cache: /assets/textures/grille.png
11:04:58.334 [JavaFX Application Thread] DEBUG AssetLoader          - Loading from cache: /assets/textures/grille.png
11:04:58.348 [JavaFX Application Thread] DEBUG AssetLoader          - Loading from cache: /assets/textures/grille.png
11:04:58.644 [JavaFX Application Thread] DEBUG AssetLoader          - Loading from cache: /assets/textures/grille.png
11:04:58.656 [JavaFX Application Thread] DEBUG AssetLoader          - Loading from cache: /assets/textures/grille.png
11:04:58.667 [JavaFX Application Thread] DEBUG AssetLoader          - Loading from cache: /assets/textures/grille.png
11:04:58.682 [JavaFX Application Thread] DEBUG AssetLoader          - Loading from cache: /assets/textures/grille.png
11:04:58.691 [JavaFX Application Thread] DEBUG AssetLoader          - Loading from cache: /assets/textures/grille.png
11:04:58.707 [JavaFX Application Thread] DEBUG AssetLoader          - Loading from cache: /assets/textures/grille.png
11:04:58.723 [JavaFX Application Thread] DEBUG AssetLoader          - Loading from cache: /assets/textures/grille.png
11:04:58.737 [JavaFX Application Thread] DEBUG AssetLoader          - Loading from cache: /assets/textures/grille.png
11:04:58.751 [JavaFX Application Thread] DEBUG AssetLoader          - Loading from cache: /assets/textures/grille.png
11:04:58.765 [JavaFX Application Thread] DEBUG AssetLoader          - Loading from cache: /assets/textures/grille.png
11:04:58.779 [JavaFX Application Thread] DEBUG AssetLoader          - Loading from cache: /assets/textures/grille.png
11:04:58.788 [JavaFX Application Thread] DEBUG AssetLoader          - Loading from cache: /assets/textures/grille.png
11:04:59.172 [JavaFX Application Thread] DEBUG AssetLoader          - Loading from cache: /assets/textures/grille.png
11:04:59.182 [JavaFX Application Thread] DEBUG AssetLoader          - Loading from cache: /assets/textures/grille.png
11:04:59.196 [JavaFX Application Thread] DEBUG AssetLoader          - Loading from cache: /assets/textures/grille.png
11:04:59.204 [JavaFX Application Thread] DEBUG AssetLoader          - Loading from cache: /assets/textures/grille.png
11:04:59.220 [JavaFX Application Thread] DEBUG AssetLoader          - Loading from cache: /assets/textures/grille.png
11:04:59.236 [JavaFX Application Thread] DEBUG AssetLoader          - Loading from cache: /assets/textures/grille.png
11:04:59.251 [JavaFX Application Thread] DEBUG AssetLoader          - Loading from cache: /assets/textures/grille.png
11:04:59.266 [JavaFX Application Thread] DEBUG AssetLoader          - Loading from cache: /assets/textures/grille.png
11:04:59.279 [JavaFX Application Thread] DEBUG AssetLoader          - Loading from cache: /assets/textures/grille.png
11:04:59.294 [JavaFX Application Thread] DEBUG AssetLoader          - Loading from cache: /assets/textures/grille.png
11:04:59.307 [JavaFX Application Thread] DEBUG AssetLoader          - Loading from cache: /assets/textures/grille.png
11:05:01.011 [JavaFX Application Thread] DEBUG FXGL                 - Exiting FXGL
11:05:01.012 [JavaFX Application Thread] DEBUG FXGL                 - Shutting down background threads
11:05:01.012 [JavaFX Application Thread] INFO  Profiler             - Processed Frames: 247
11:05:01.012 [JavaFX Application Thread] INFO  Profiler             - Average FPS: 59
11:05:01.012 [JavaFX Application Thread] INFO  Profiler             - Avg Frame Took: 0,52 ms
11:05:01.013 [JavaFX Application Thread] INFO  Profiler             - Avg Memory Usage: 17 MB
11:05:01.013 [JavaFX Application Thread] INFO  Profiler             - Min Memory Usage: 9 MB
11:05:01.013 [JavaFX Application Thread] INFO  Profiler             - Max Memory Usage: 19 MB
11:05:01.013 [JavaFX Application Thread] INFO  Profiler             - Estimated GC runs: 0
11:05:01.013 [JavaFX Application Thread] DEBUG FXGL                 - Saving FXGL system data
11:05:01.016 [JavaFX Application Thread] DEBUG DesktopFSService     - Writing to: system\fxgl.bundle
11:05:01.019 [JavaFX Application Thread] DEBUG FXGL                 - Closing logger and exiting JavaFX
