16:00:39.730 [JavaFX Application Thread] DEBUG GameApplication      - Logger initialized
16:00:39.760 [JavaFX Application Thread] DEBUG GameApplication      - Logging settings
Title: Journey down the den
Version: 0.1
Width: 1920
Height: 1080
Fullscreen: false
Intro: false
Menus: false
Profiling: false
Single step:false
App Mode: DEVELOPER
Menu Key: ESCAPE
Stage Style: DECORATED
Scene Factory: class com.almasb.fxgl.scene.SceneFactory
Dialog Factory: class com.almasb.fxgl.ui.FXGLDialogFactory
UI Factory: class com.almasb.fxgl.ui.FXGLUIFactory
Notification Service: class com.almasb.fxgl.gameplay.notification.XboxNotificationView
Exception Handler: class com.almasb.fxgl.app.FXGLExceptionHandler
16:00:39.761 [JavaFX Application Thread] DEBUG GameApplication      - Starting FXGL
16:00:39.777 [JavaFX Application Thread] INFO  FXGL                 - FXGL-0.5.4 on DESKTOP
16:00:39.778 [JavaFX Application Thread] INFO  FXGL                 - Source code and latest versions at: https://github.com/AlmasB/FXGL
16:00:39.779 [JavaFX Application Thread] INFO  FXGL                 -              Join the FXGL chat at: https://gitter.im/AlmasB/FXGL
16:00:39.781 [JavaFX Application Thread] DEBUG FXGL                 - FXGL started
16:00:39.781 [JavaFX Application Thread] DEBUG FXGL                 - Initializing FXGL
16:00:39.905 [JavaFX Application Thread] DEBUG AssetLoader          - Loading from disk: /assets/ui/cursors/fxgl_default.png
16:00:40.005 [JavaFX Application Thread] DEBUG AssetLoader          - Loading from disk: /assets/ui/fonts/VarelaRound-Regular.ttf
16:00:40.495 [JavaFX Application Thread] DEBUG MainWindow           - Creating a JavaFX scene
16:00:40.495 [JavaFX Application Thread] DEBUG MainWindow           - Target size > screen size
16:00:40.544 [JavaFX Application Thread] DEBUG MainWindow           - Target settings size: 1920.0 x 1080.0
16:00:40.545 [JavaFX Application Thread] DEBUG MainWindow           - Scaled scene size:    1269.0 x 727.0
16:00:40.545 [JavaFX Application Thread] DEBUG MainWindow           - Scaled ratio: (0.6609375, 0.6731481481481482)
16:00:40.565 [JavaFX Application Thread] DEBUG AssetLoader          - Loading from disk: /assets/ui/css/fxgl_dark.css
16:00:40.573 [JavaFX Application Thread] DEBUG AssetLoader          - Loading from disk: /assets/textures/fxgl_icon.png
16:00:40.599 [JavaFX Application Thread] DEBUG MainWindow           - Opening main window
16:00:40.947 [JavaFX Application Thread] DEBUG MainWindow           - Window border size: (16.0, 39.0)
16:00:40.947 [JavaFX Application Thread] DEBUG MainWindow           - Scaled size: 1269.0 x 727.0
16:00:40.947 [JavaFX Application Thread] DEBUG MainWindow           - Scaled ratio: (0.6609375, 0.6731481481481482)
16:00:40.948 [JavaFX Application Thread] DEBUG MainWindow           - Scene size: 1269.0 x 727.0
16:00:40.948 [JavaFX Application Thread] DEBUG MainWindow           - Stage size: 1285.0 x 766.0
16:00:41.164 [ForkJoinPool.commonPool-worker-1] DEBUG FS                   - Loaded DesktopFSService
16:00:41.164 [ForkJoinPool.commonPool-worker-1] DEBUG FXGL                 - Loading FXGL system data
16:00:41.191 [ForkJoinPool.commonPool-worker-1] DEBUG DesktopFSService     - Reading from: system\fxgl.bundle
16:00:41.209 [ForkJoinPool.commonPool-worker-1] DEBUG Bundle               - Logging bundle: FXGL
16:00:41.211 [ForkJoinPool.commonPool-worker-1] DEBUG Bundle               - FXGL.offline.timer.version.check=2020-10-14T00:11:39.825
16:00:41.212 [ForkJoinPool.commonPool-worker-1] DEBUG FXGL                 - Initializing state machine and application states
16:00:41.217 [ForkJoinPool.commonPool-worker-1] DEBUG AssetLoader          - Loading from disk: /assets/ui/cursors/fxgl_default.png
16:00:41.227 [ForkJoinPool.commonPool-worker-1] DEBUG AssetLoader          - Loading from disk: /assets/ui/cursors/fxgl_default.png
16:00:41.238 [ForkJoinPool.commonPool-worker-1] DEBUG AssetLoader          - Loading from cache: /assets/ui/fonts/VarelaRound-Regular.ttf
16:00:41.243 [ForkJoinPool.commonPool-worker-1] DEBUG AssetLoader          - Loading from disk: /assets/ui/cursors/fxgl_default.png
16:00:41.248 [ForkJoinPool.commonPool-worker-1] DEBUG GameScene            - Game scene initialized: 1920x1080
16:00:41.257 [ForkJoinPool.commonPool-worker-1] DEBUG GameWorld            - Game world initialized
16:00:41.399 [ForkJoinPool.commonPool-worker-1] DEBUG PhysicsWorld         - Physics world initialized: appHeight=1080, physics.ppm=50,0
16:00:41.453 [ForkJoinPool.commonPool-worker-1] DEBUG Input                - Registered new binding: Pause - Esc
16:00:41.659 [JavaFX Application Thread] DEBUG FXGL                 - Running preInit()
16:00:41.662 [JavaFX Application Thread] DEBUG Input                - Registered new binding: Screenshot - P
16:00:41.663 [JavaFX Application Thread] DEBUG Input                - Registered new binding: Dev Options - CTRL+0
16:00:41.664 [JavaFX Application Thread] DEBUG Input                - Registered new binding: System info dump - CTRL+9
16:00:41.665 [JavaFX Application Thread] DEBUG Input                - Registered new binding: Restart - CTRL+R
16:00:41.665 [JavaFX Application Thread] DEBUG Input                - Registered new binding: Move Right - D
16:00:41.665 [JavaFX Application Thread] DEBUG Input                - Registered new binding: Move Left - Q
16:00:41.666 [JavaFX Application Thread] DEBUG Input                - Registered new binding: Move Up - Z
16:00:41.666 [JavaFX Application Thread] DEBUG Input                - Registered new binding: Move Down - S
16:00:41.669 [JavaFX Application Thread] INFO  FXGL                 - FXGL initialization took: 1,888 sec
16:00:41.670 [JavaFX Application Thread] DEBUG LoopRunner           - Starting loop
16:00:41.673 [JavaFX Application Thread] DEBUG StartupState         - STARTUP
16:00:41.676 [JavaFX Application Thread] DEBUG GameApplication      - Starting new game
16:00:41.676 [JavaFX Application Thread] DEBUG Input                - Clearing active input actions
16:00:41.678 [JavaFX Application Thread] DEBUG AssetLoader          - Loading from disk: /assets/ui/css/fxgl_dark.css
16:00:41.702 [JavaFX Application Thread] DEBUG AppStateMachine      - StartupState -> LoadingState
16:00:41.888 [FXGL Background Thread 1 ] DEBUG InitAppTask          - Clearing previous game
16:00:41.888 [FXGL Background Thread 1 ] DEBUG GameWorld            - Clearing game world
16:00:41.888 [FXGL Background Thread 1 ] DEBUG PhysicsWorld         - Clearing physics world
16:00:41.889 [FXGL Background Thread 1 ] DEBUG GameScene            - Clearing game scene
16:00:41.891 [FXGL Background Thread 1 ] DEBUG InitAppTask          - Initializing Game
16:00:41.940 [FXGL Background Thread 1 ] DEBUG AssetLoader          - Loading from disk: /assets/textures/mapTest.png
16:00:41.988 [FXGL Background Thread 1 ] DEBUG GameScene            - Creating render group for layer: DEFAULT(100000)
16:00:42.020 [FXGL Background Thread 1 ] DEBUG AssetLoader          - Loading from disk: /assets/textures/down_character.png
16:00:43.195 [FXGL Background Thread 1 ] DEBUG AudioPlayer          - Playing music com.almasb.fxgl.audio.Music@15e4de7b
16:00:43.201 [FXGL Background Thread 1 ] DEBUG InitAppTask          - Initializing Physics
16:00:43.201 [FXGL Background Thread 1 ] DEBUG InitAppTask          - Initializing UI
16:00:43.202 [FXGL Background Thread 1 ] DEBUG AssetLoader          - Loading from cache: /assets/ui/fonts/VarelaRound-Regular.ttf
16:00:43.202 [FXGL Background Thread 1 ] DEBUG AssetLoader          - Loading from disk: /assets/ui/cursors/cursor.png
16:00:43.208 [FXGL Background Thread 1 ] DEBUG InitAppTask          - Initialization Complete
16:00:43.209 [FXGL Background Thread 1 ] INFO  InitAppTask          - Game initialization took: 1,320 sec
16:00:43.225 [JavaFX Application Thread] DEBUG Input                - Clearing active input actions
16:00:43.227 [JavaFX Application Thread] DEBUG AssetLoader          - Loading from disk: /assets/ui/css/fxgl_dark.css
16:00:43.348 [JavaFX Application Thread] DEBUG AppStateMachine      - LoadingState -> PlayState
16:00:43.899 [JavaFX Application Thread] DEBUG LoopRunner           - Pausing loop
16:00:55.180 [JavaFX Application Thread] DEBUG LoopRunner           - Resuming loop
16:00:57.457 [JavaFX Application Thread] DEBUG AssetLoader          - Loading from disk: /assets/textures/right_character.png
16:00:57.520 [JavaFX Application Thread] DEBUG AssetLoader          - Loading from cache: /assets/textures/right_character.png
16:00:57.633 [JavaFX Application Thread] DEBUG AssetLoader          - Loading from cache: /assets/textures/right_character.png
16:00:57.655 [JavaFX Application Thread] DEBUG AssetLoader          - Loading from cache: /assets/textures/right_character.png
16:00:57.682 [JavaFX Application Thread] DEBUG AssetLoader          - Loading from cache: /assets/textures/right_character.png
16:00:57.700 [JavaFX Application Thread] DEBUG AssetLoader          - Loading from cache: /assets/textures/right_character.png
16:00:57.809 [JavaFX Application Thread] DEBUG AssetLoader          - Loading from cache: /assets/textures/right_character.png
16:00:57.835 [JavaFX Application Thread] DEBUG AssetLoader          - Loading from cache: /assets/textures/right_character.png
16:00:57.857 [JavaFX Application Thread] DEBUG AssetLoader          - Loading from cache: /assets/textures/right_character.png
16:00:57.875 [JavaFX Application Thread] DEBUG AssetLoader          - Loading from cache: /assets/textures/right_character.png
16:00:57.892 [JavaFX Application Thread] DEBUG AssetLoader          - Loading from cache: /assets/textures/right_character.png
16:00:57.907 [JavaFX Application Thread] DEBUG AssetLoader          - Loading from cache: /assets/textures/right_character.png
16:00:57.923 [JavaFX Application Thread] DEBUG AssetLoader          - Loading from cache: /assets/textures/right_character.png
16:00:57.944 [JavaFX Application Thread] DEBUG AssetLoader          - Loading from cache: /assets/textures/right_character.png
16:00:57.962 [JavaFX Application Thread] DEBUG AssetLoader          - Loading from cache: /assets/textures/right_character.png
16:00:57.977 [JavaFX Application Thread] DEBUG AssetLoader          - Loading from cache: /assets/textures/right_character.png
16:00:57.998 [JavaFX Application Thread] DEBUG AssetLoader          - Loading from cache: /assets/textures/right_character.png
16:00:58.016 [JavaFX Application Thread] DEBUG AssetLoader          - Loading from cache: /assets/textures/down_character.png
16:00:58.028 [JavaFX Application Thread] DEBUG AssetLoader          - Loading from cache: /assets/textures/down_character.png
16:00:58.052 [JavaFX Application Thread] DEBUG AssetLoader          - Loading from cache: /assets/textures/down_character.png
16:00:58.063 [JavaFX Application Thread] DEBUG AssetLoader          - Loading from cache: /assets/textures/down_character.png
16:00:58.079 [JavaFX Application Thread] DEBUG AssetLoader          - Loading from cache: /assets/textures/down_character.png
16:00:58.096 [JavaFX Application Thread] DEBUG AssetLoader          - Loading from cache: /assets/textures/down_character.png
16:00:58.124 [JavaFX Application Thread] DEBUG AssetLoader          - Loading from cache: /assets/textures/down_character.png
16:00:58.140 [JavaFX Application Thread] DEBUG AssetLoader          - Loading from disk: /assets/textures/left_character.png
16:00:58.164 [JavaFX Application Thread] DEBUG AssetLoader          - Loading from cache: /assets/textures/left_character.png
16:00:58.166 [JavaFX Application Thread] DEBUG AssetLoader          - Loading from cache: /assets/textures/down_character.png
16:00:58.176 [JavaFX Application Thread] DEBUG AssetLoader          - Loading from cache: /assets/textures/left_character.png
16:00:58.177 [JavaFX Application Thread] DEBUG AssetLoader          - Loading from cache: /assets/textures/down_character.png
16:00:58.194 [JavaFX Application Thread] DEBUG AssetLoader          - Loading from cache: /assets/textures/left_character.png
16:00:58.195 [JavaFX Application Thread] DEBUG AssetLoader          - Loading from cache: /assets/textures/down_character.png
16:00:58.212 [JavaFX Application Thread] DEBUG AssetLoader          - Loading from cache: /assets/textures/left_character.png
16:00:58.212 [JavaFX Application Thread] DEBUG AssetLoader          - Loading from cache: /assets/textures/down_character.png
16:00:58.226 [JavaFX Application Thread] DEBUG AssetLoader          - Loading from cache: /assets/textures/left_character.png
16:00:58.227 [JavaFX Application Thread] DEBUG AssetLoader          - Loading from cache: /assets/textures/down_character.png
16:00:58.242 [JavaFX Application Thread] DEBUG AssetLoader          - Loading from cache: /assets/textures/left_character.png
16:00:58.243 [JavaFX Application Thread] DEBUG AssetLoader          - Loading from cache: /assets/textures/down_character.png
16:00:58.257 [JavaFX Application Thread] DEBUG AssetLoader          - Loading from cache: /assets/textures/down_character.png
16:00:58.273 [JavaFX Application Thread] DEBUG AssetLoader          - Loading from cache: /assets/textures/down_character.png
16:00:58.289 [JavaFX Application Thread] DEBUG AssetLoader          - Loading from cache: /assets/textures/down_character.png
16:00:58.289 [JavaFX Application Thread] DEBUG AssetLoader          - Loading from cache: /assets/textures/right_character.png
16:00:58.305 [JavaFX Application Thread] DEBUG AssetLoader          - Loading from cache: /assets/textures/down_character.png
16:00:58.305 [JavaFX Application Thread] DEBUG AssetLoader          - Loading from cache: /assets/textures/right_character.png
16:00:58.321 [JavaFX Application Thread] DEBUG AssetLoader          - Loading from cache: /assets/textures/down_character.png
16:00:58.321 [JavaFX Application Thread] DEBUG AssetLoader          - Loading from cache: /assets/textures/right_character.png
16:00:58.337 [JavaFX Application Thread] DEBUG AssetLoader          - Loading from cache: /assets/textures/right_character.png
16:00:58.353 [JavaFX Application Thread] DEBUG AssetLoader          - Loading from cache: /assets/textures/right_character.png
16:00:58.370 [JavaFX Application Thread] DEBUG AssetLoader          - Loading from cache: /assets/textures/right_character.png
16:00:58.385 [JavaFX Application Thread] DEBUG AssetLoader          - Loading from cache: /assets/textures/right_character.png
16:00:58.416 [JavaFX Application Thread] DEBUG AssetLoader          - Loading from cache: /assets/textures/left_character.png
16:00:58.418 [JavaFX Application Thread] DEBUG AssetLoader          - Loading from cache: /assets/textures/down_character.png
16:00:58.433 [JavaFX Application Thread] DEBUG AssetLoader          - Loading from cache: /assets/textures/left_character.png
16:00:58.434 [JavaFX Application Thread] DEBUG AssetLoader          - Loading from cache: /assets/textures/down_character.png
16:00:58.446 [JavaFX Application Thread] DEBUG AssetLoader          - Loading from cache: /assets/textures/left_character.png
16:00:58.447 [JavaFX Application Thread] DEBUG AssetLoader          - Loading from cache: /assets/textures/down_character.png
16:00:58.464 [JavaFX Application Thread] DEBUG AssetLoader          - Loading from cache: /assets/textures/left_character.png
16:00:58.465 [JavaFX Application Thread] DEBUG AssetLoader          - Loading from cache: /assets/textures/down_character.png
16:00:58.488 [JavaFX Application Thread] DEBUG AssetLoader          - Loading from cache: /assets/textures/left_character.png
16:00:58.489 [JavaFX Application Thread] DEBUG AssetLoader          - Loading from cache: /assets/textures/down_character.png
16:00:58.505 [JavaFX Application Thread] DEBUG AssetLoader          - Loading from cache: /assets/textures/left_character.png
16:00:58.507 [JavaFX Application Thread] DEBUG AssetLoader          - Loading from cache: /assets/textures/down_character.png
16:00:58.521 [JavaFX Application Thread] DEBUG AssetLoader          - Loading from cache: /assets/textures/left_character.png
16:00:58.521 [JavaFX Application Thread] DEBUG AssetLoader          - Loading from cache: /assets/textures/down_character.png
16:00:58.521 [JavaFX Application Thread] DEBUG AssetLoader          - Loading from cache: /assets/textures/right_character.png
16:00:58.533 [JavaFX Application Thread] DEBUG AssetLoader          - Loading from cache: /assets/textures/left_character.png
16:00:58.534 [JavaFX Application Thread] DEBUG AssetLoader          - Loading from cache: /assets/textures/down_character.png
16:00:58.535 [JavaFX Application Thread] DEBUG AssetLoader          - Loading from cache: /assets/textures/right_character.png
16:00:58.546 [JavaFX Application Thread] DEBUG AssetLoader          - Loading from cache: /assets/textures/left_character.png
16:00:58.546 [JavaFX Application Thread] DEBUG AssetLoader          - Loading from cache: /assets/textures/right_character.png
16:00:58.561 [JavaFX Application Thread] DEBUG AssetLoader          - Loading from cache: /assets/textures/left_character.png
16:00:58.561 [JavaFX Application Thread] DEBUG AssetLoader          - Loading from cache: /assets/textures/right_character.png
16:00:58.577 [JavaFX Application Thread] DEBUG AssetLoader          - Loading from cache: /assets/textures/right_character.png
16:00:58.593 [JavaFX Application Thread] DEBUG AssetLoader          - Loading from cache: /assets/textures/right_character.png
16:00:58.609 [JavaFX Application Thread] DEBUG AssetLoader          - Loading from cache: /assets/textures/right_character.png
16:00:58.625 [JavaFX Application Thread] DEBUG AssetLoader          - Loading from cache: /assets/textures/left_character.png
16:00:58.673 [JavaFX Application Thread] DEBUG AssetLoader          - Loading from cache: /assets/textures/left_character.png
16:00:58.688 [JavaFX Application Thread] DEBUG AssetLoader          - Loading from cache: /assets/textures/left_character.png
16:00:58.705 [JavaFX Application Thread] DEBUG AssetLoader          - Loading from cache: /assets/textures/left_character.png
16:00:58.723 [JavaFX Application Thread] DEBUG AssetLoader          - Loading from cache: /assets/textures/left_character.png
16:00:58.737 [JavaFX Application Thread] DEBUG AssetLoader          - Loading from cache: /assets/textures/left_character.png
16:00:58.753 [JavaFX Application Thread] DEBUG AssetLoader          - Loading from cache: /assets/textures/left_character.png
16:00:58.771 [JavaFX Application Thread] DEBUG AssetLoader          - Loading from cache: /assets/textures/right_character.png
16:01:11.475 [JavaFX Application Thread] DEBUG FXGL                 - Exiting FXGL
16:01:11.475 [JavaFX Application Thread] DEBUG FXGL                 - Shutting down background threads
16:01:11.476 [JavaFX Application Thread] DEBUG FXGL                 - Saving FXGL system data
16:01:11.481 [JavaFX Application Thread] DEBUG DesktopFSService     - Writing to: system\fxgl.bundle
16:01:11.486 [JavaFX Application Thread] DEBUG FXGL                 - Closing logger and exiting JavaFX
