12:53:09.233 [JavaFX Application Thread] DEBUG GameApplication      - Logger initialized
12:53:09.249 [JavaFX Application Thread] DEBUG GameApplication      - Logging settings
Title: Journey down the den
Version: 0.2
Width: 1920
Height: 1080
Fullscreen: true
Intro: false
Menus: false
Profiling: true
Single step:false
App Mode: DEVELOPER
Menu Key: ESCAPE
Stage Style: DECORATED
Scene Factory: class com.almasb.fxgl.scene.SceneFactory
Dialog Factory: class com.almasb.fxgl.ui.FXGLDialogFactory
UI Factory: class com.almasb.fxgl.ui.FXGLUIFactory
Notification Service: class com.almasb.fxgl.gameplay.notification.XboxNotificationView
Exception Handler: class com.almasb.fxgl.app.FXGLExceptionHandler
12:53:09.249 [JavaFX Application Thread] DEBUG GameApplication      - Starting FXGL
12:53:09.255 [JavaFX Application Thread] INFO  FXGL                 - FXGL-0.5.4 on DESKTOP
12:53:09.256 [JavaFX Application Thread] INFO  FXGL                 - Source code and latest versions at: https://github.com/AlmasB/FXGL
12:53:09.256 [JavaFX Application Thread] INFO  FXGL                 -              Join the FXGL chat at: https://gitter.im/AlmasB/FXGL
12:53:09.256 [JavaFX Application Thread] DEBUG FXGL                 - FXGL started
12:53:09.257 [JavaFX Application Thread] DEBUG FXGL                 - Initializing FXGL
12:53:09.312 [JavaFX Application Thread] DEBUG AssetLoader          - Loading from disk: /assets/ui/cursors/fxgl_default.png
12:53:09.384 [JavaFX Application Thread] DEBUG AssetLoader          - Loading from disk: /assets/ui/fonts/VarelaRound-Regular.ttf
12:53:09.737 [JavaFX Application Thread] DEBUG MainWindow           - Creating a JavaFX scene
12:53:09.766 [JavaFX Application Thread] DEBUG MainWindow           - Target settings size: 1920.0 x 1080.0
12:53:09.767 [JavaFX Application Thread] DEBUG MainWindow           - Scaled scene size:    1920.0 x 1080.0
12:53:09.767 [JavaFX Application Thread] DEBUG MainWindow           - Scaled ratio: (1.0, 1.0)
12:53:09.779 [JavaFX Application Thread] DEBUG AssetLoader          - Loading from disk: /assets/ui/css/fxgl_dark.css
12:53:09.783 [JavaFX Application Thread] DEBUG AssetLoader          - Loading from disk: /assets/textures/JDTD_icon.png
12:53:09.790 [JavaFX Application Thread] DEBUG MainWindow           - Opening main window
12:53:09.962 [JavaFX Application Thread] DEBUG MainWindow           - Window border size: (16.0, 20.0)
12:53:09.962 [JavaFX Application Thread] DEBUG MainWindow           - Scaled size: 1920.0 x 1080.0
12:53:09.962 [JavaFX Application Thread] DEBUG MainWindow           - Scaled ratio: (1.0, 1.0)
12:53:09.962 [JavaFX Application Thread] DEBUG MainWindow           - Scene size: 1920.0 x 1080.0
12:53:09.962 [JavaFX Application Thread] DEBUG MainWindow           - Stage size: 1936.0 x 1100.0
12:53:09.996 [ForkJoinPool.commonPool-worker-9] DEBUG FS                   - Loaded DesktopFSService
12:53:09.996 [ForkJoinPool.commonPool-worker-9] DEBUG FXGL                 - Loading FXGL system data
12:53:10.002 [ForkJoinPool.commonPool-worker-9] DEBUG DesktopFSService     - Reading from: system\fxgl.bundle
12:53:10.012 [ForkJoinPool.commonPool-worker-9] DEBUG Bundle               - Logging bundle: FXGL
12:53:10.012 [ForkJoinPool.commonPool-worker-9] DEBUG Bundle               - FXGL.offline.timer.version.check=2020-11-18T09:51:52.340
12:53:10.013 [ForkJoinPool.commonPool-worker-9] DEBUG FXGL                 - Initializing state machine and application states
12:53:10.015 [ForkJoinPool.commonPool-worker-9] DEBUG AssetLoader          - Loading from disk: /assets/ui/cursors/fxgl_default.png
12:53:10.023 [ForkJoinPool.commonPool-worker-9] DEBUG AssetLoader          - Loading from disk: /assets/ui/cursors/fxgl_default.png
12:53:10.029 [ForkJoinPool.commonPool-worker-9] DEBUG AssetLoader          - Loading from cache: /assets/ui/fonts/VarelaRound-Regular.ttf
12:53:10.031 [ForkJoinPool.commonPool-worker-9] DEBUG AssetLoader          - Loading from disk: /assets/ui/cursors/fxgl_default.png
12:53:10.032 [ForkJoinPool.commonPool-worker-9] DEBUG AssetLoader          - Loading from disk: /assets/ui/fonts/lucida_console.ttf
12:53:10.039 [ForkJoinPool.commonPool-worker-9] DEBUG GameScene            - Game scene initialized: 1920x1080
12:53:10.044 [ForkJoinPool.commonPool-worker-9] DEBUG GameWorld            - Game world initialized
12:53:10.088 [ForkJoinPool.commonPool-worker-9] DEBUG PhysicsWorld         - Physics world initialized: appHeight=1080, physics.ppm=50,0
12:53:10.121 [ForkJoinPool.commonPool-worker-9] DEBUG Input                - Registered new binding: Pause - Esc
12:53:10.161 [JavaFX Application Thread] DEBUG FXGL                 - Running preInit()
12:53:10.164 [JavaFX Application Thread] DEBUG Input                - Registered new binding: Screenshot - P
12:53:10.165 [JavaFX Application Thread] DEBUG Input                - Registered new binding: Dev Options - CTRL+0
12:53:10.166 [JavaFX Application Thread] DEBUG Input                - Registered new binding: System info dump - CTRL+9
12:53:10.166 [JavaFX Application Thread] DEBUG Input                - Registered new binding: Restart - CTRL+R
12:53:10.166 [JavaFX Application Thread] DEBUG Input                - Registered new binding: Show grid - F
12:53:10.167 [JavaFX Application Thread] INFO  FXGL                 - FXGL initialization took: 0,910 sec
12:53:10.168 [JavaFX Application Thread] DEBUG LoopRunner           - Starting loop
12:53:10.169 [JavaFX Application Thread] DEBUG StartupState         - STARTUP
12:53:10.170 [JavaFX Application Thread] DEBUG GameApplication      - Starting new game
12:53:10.170 [JavaFX Application Thread] DEBUG Input                - Clearing active input actions
12:53:10.171 [JavaFX Application Thread] DEBUG AssetLoader          - Loading from disk: /assets/ui/css/fxgl_dark.css
12:53:10.177 [JavaFX Application Thread] DEBUG AppStateMachine      - StartupState -> LoadingState
12:53:10.182 [FXGL Background Thread 1 ] DEBUG InitAppTask          - Clearing previous game
12:53:10.182 [FXGL Background Thread 1 ] DEBUG GameWorld            - Clearing game world
12:53:10.182 [FXGL Background Thread 1 ] DEBUG PhysicsWorld         - Clearing physics world
12:53:10.182 [FXGL Background Thread 1 ] DEBUG GameScene            - Clearing game scene
12:53:10.183 [FXGL Background Thread 1 ] DEBUG InitAppTask          - Initializing Game
12:53:10.220 [FXGL Background Thread 1 ] DEBUG AssetLoader          - Loading from disk: /assets/textures/redHero.png
12:53:10.231 [FXGL Background Thread 1 ] DEBUG GameScene            - Creating render group for layer: DEFAULT(100000)
12:53:10.233 [FXGL Background Thread 1 ] DEBUG AssetLoader          - Loading from disk: /assets/textures/blueHero.png
12:53:10.235 [FXGL Background Thread 1 ] DEBUG AssetLoader          - Loading from disk: /assets/textures/greenHero.png
12:53:10.238 [FXGL Background Thread 1 ] DEBUG AssetLoader          - Loading from disk: /assets/textures/Hero1_full.png
12:53:10.241 [FXGL Background Thread 1 ] DEBUG InitAppTask          - Initializing Physics
12:53:10.241 [FXGL Background Thread 1 ] DEBUG InitAppTask          - Initializing UI
12:53:10.242 [FXGL Background Thread 1 ] DEBUG AssetLoader          - Loading from disk: /assets/ui/cursors/cursor.png
12:53:10.246 [FXGL Background Thread 1 ] DEBUG InitAppTask          - Initialization Complete
12:53:10.252 [FXGL Background Thread 1 ] INFO  InitAppTask          - Game initialization took: 0,064 sec
12:53:10.255 [JavaFX Application Thread] DEBUG Input                - Clearing active input actions
12:53:10.255 [JavaFX Application Thread] DEBUG AssetLoader          - Loading from disk: /assets/ui/css/fxgl_dark.css
12:53:10.261 [JavaFX Application Thread] DEBUG AppStateMachine      - LoadingState -> PlayState
12:53:49.797 [JavaFX Application Thread] DEBUG FXGL                 - Exiting FXGL
12:53:49.797 [JavaFX Application Thread] DEBUG FXGL                 - Shutting down background threads
12:53:49.798 [JavaFX Application Thread] INFO  Profiler             - Processed Frames: 2538
12:53:49.798 [JavaFX Application Thread] INFO  Profiler             - Average FPS: 59
12:53:49.798 [JavaFX Application Thread] INFO  Profiler             - Avg Frame Took: 0,05 ms
12:53:49.798 [JavaFX Application Thread] INFO  Profiler             - Avg Memory Usage: 13 MB
12:53:49.798 [JavaFX Application Thread] INFO  Profiler             - Min Memory Usage: 8 MB
12:53:49.798 [JavaFX Application Thread] INFO  Profiler             - Max Memory Usage: 16 MB
12:53:49.799 [JavaFX Application Thread] INFO  Profiler             - Estimated GC runs: 3
12:53:49.799 [JavaFX Application Thread] DEBUG FXGL                 - Saving FXGL system data
12:53:49.803 [JavaFX Application Thread] DEBUG DesktopFSService     - Writing to: system\fxgl.bundle
12:53:49.808 [JavaFX Application Thread] DEBUG FXGL                 - Closing logger and exiting JavaFX
