22:39:39.242 [JavaFX Application Thread] DEBUG GameApplication      - Logger initialized
22:39:39.258 [JavaFX Application Thread] DEBUG GameApplication      - Logging settings
Title: Journey down the den
Version: 0.2
Width: 1920
Height: 1080
Fullscreen: true
Intro: false
Menus: false
Profiling: true
Single step:false
App Mode: DEVELOPER
Menu Key: ESCAPE
Stage Style: DECORATED
Scene Factory: class com.almasb.fxgl.scene.SceneFactory
Dialog Factory: class com.almasb.fxgl.ui.FXGLDialogFactory
UI Factory: class com.almasb.fxgl.ui.FXGLUIFactory
Notification Service: class com.almasb.fxgl.gameplay.notification.XboxNotificationView
Exception Handler: class com.almasb.fxgl.app.FXGLExceptionHandler
22:39:39.258 [JavaFX Application Thread] DEBUG GameApplication      - Starting FXGL
22:39:39.264 [JavaFX Application Thread] INFO  FXGL                 - FXGL-0.5.4 on DESKTOP
22:39:39.265 [JavaFX Application Thread] INFO  FXGL                 - Source code and latest versions at: https://github.com/AlmasB/FXGL
22:39:39.265 [JavaFX Application Thread] INFO  FXGL                 -              Join the FXGL chat at: https://gitter.im/AlmasB/FXGL
22:39:39.265 [JavaFX Application Thread] DEBUG FXGL                 - FXGL started
22:39:39.265 [JavaFX Application Thread] DEBUG FXGL                 - Initializing FXGL
22:39:39.324 [JavaFX Application Thread] DEBUG AssetLoader          - Loading from disk: /assets/ui/cursors/fxgl_default.png
22:39:39.401 [JavaFX Application Thread] DEBUG AssetLoader          - Loading from disk: /assets/ui/fonts/VarelaRound-Regular.ttf
22:39:39.768 [JavaFX Application Thread] DEBUG MainWindow           - Creating a JavaFX scene
22:39:39.796 [JavaFX Application Thread] DEBUG MainWindow           - Target settings size: 1920.0 x 1080.0
22:39:39.796 [JavaFX Application Thread] DEBUG MainWindow           - Scaled scene size:    1920.0 x 1080.0
22:39:39.796 [JavaFX Application Thread] DEBUG MainWindow           - Scaled ratio: (1.0, 1.0)
22:39:39.809 [JavaFX Application Thread] DEBUG AssetLoader          - Loading from disk: /assets/ui/css/fxgl_dark.css
22:39:39.812 [JavaFX Application Thread] DEBUG AssetLoader          - Loading from disk: /assets/textures/JDTD_icon.png
22:39:39.820 [JavaFX Application Thread] DEBUG MainWindow           - Opening main window
22:39:39.997 [JavaFX Application Thread] DEBUG MainWindow           - Window border size: (16.0, 20.0)
22:39:39.997 [JavaFX Application Thread] DEBUG MainWindow           - Scaled size: 1920.0 x 1080.0
22:39:39.997 [JavaFX Application Thread] DEBUG MainWindow           - Scaled ratio: (1.0, 1.0)
22:39:39.997 [JavaFX Application Thread] DEBUG MainWindow           - Scene size: 1920.0 x 1080.0
22:39:39.998 [JavaFX Application Thread] DEBUG MainWindow           - Stage size: 1936.0 x 1100.0
22:39:40.029 [ForkJoinPool.commonPool-worker-9] DEBUG FS                   - Loaded DesktopFSService
22:39:40.029 [ForkJoinPool.commonPool-worker-9] DEBUG FXGL                 - Loading FXGL system data
22:39:40.035 [ForkJoinPool.commonPool-worker-9] DEBUG DesktopFSService     - Reading from: system\fxgl.bundle
22:39:40.043 [ForkJoinPool.commonPool-worker-9] DEBUG Bundle               - Logging bundle: FXGL
22:39:40.043 [ForkJoinPool.commonPool-worker-9] DEBUG Bundle               - FXGL.offline.timer.version.check=2020-11-18T09:51:52.340
22:39:40.044 [ForkJoinPool.commonPool-worker-9] DEBUG FXGL                 - Initializing state machine and application states
22:39:40.045 [ForkJoinPool.commonPool-worker-9] DEBUG AssetLoader          - Loading from disk: /assets/ui/cursors/fxgl_default.png
22:39:40.054 [ForkJoinPool.commonPool-worker-9] DEBUG AssetLoader          - Loading from disk: /assets/ui/cursors/fxgl_default.png
22:39:40.059 [ForkJoinPool.commonPool-worker-9] DEBUG AssetLoader          - Loading from cache: /assets/ui/fonts/VarelaRound-Regular.ttf
22:39:40.061 [ForkJoinPool.commonPool-worker-9] DEBUG AssetLoader          - Loading from disk: /assets/ui/cursors/fxgl_default.png
22:39:40.062 [ForkJoinPool.commonPool-worker-9] DEBUG AssetLoader          - Loading from disk: /assets/ui/fonts/lucida_console.ttf
22:39:40.070 [ForkJoinPool.commonPool-worker-9] DEBUG GameScene            - Game scene initialized: 1920x1080
22:39:40.076 [ForkJoinPool.commonPool-worker-9] DEBUG GameWorld            - Game world initialized
22:39:40.127 [ForkJoinPool.commonPool-worker-9] DEBUG PhysicsWorld         - Physics world initialized: appHeight=1080, physics.ppm=50,0
22:39:40.158 [ForkJoinPool.commonPool-worker-9] DEBUG Input                - Registered new binding: Pause - Esc
22:39:40.189 [JavaFX Application Thread] DEBUG FXGL                 - Running preInit()
22:39:40.191 [JavaFX Application Thread] DEBUG Input                - Registered new binding: Screenshot - P
22:39:40.192 [JavaFX Application Thread] DEBUG Input                - Registered new binding: Dev Options - CTRL+0
22:39:40.192 [JavaFX Application Thread] DEBUG Input                - Registered new binding: System info dump - CTRL+9
22:39:40.193 [JavaFX Application Thread] DEBUG Input                - Registered new binding: Restart - CTRL+R
22:39:40.193 [JavaFX Application Thread] DEBUG Input                - Registered new binding: Show grid - F
22:39:40.193 [JavaFX Application Thread] INFO  FXGL                 - FXGL initialization took: 0,928 sec
22:39:40.193 [JavaFX Application Thread] DEBUG LoopRunner           - Starting loop
22:39:40.195 [JavaFX Application Thread] DEBUG StartupState         - STARTUP
22:39:40.195 [JavaFX Application Thread] DEBUG GameApplication      - Starting new game
22:39:40.195 [JavaFX Application Thread] DEBUG Input                - Clearing active input actions
22:39:40.196 [JavaFX Application Thread] DEBUG AssetLoader          - Loading from disk: /assets/ui/css/fxgl_dark.css
22:39:40.200 [JavaFX Application Thread] DEBUG AppStateMachine      - StartupState -> LoadingState
22:39:40.204 [FXGL Background Thread 1 ] DEBUG InitAppTask          - Clearing previous game
22:39:40.204 [FXGL Background Thread 1 ] DEBUG GameWorld            - Clearing game world
22:39:40.204 [FXGL Background Thread 1 ] DEBUG PhysicsWorld         - Clearing physics world
22:39:40.205 [FXGL Background Thread 1 ] DEBUG GameScene            - Clearing game scene
22:39:40.206 [FXGL Background Thread 1 ] DEBUG InitAppTask          - Initializing Game
22:39:40.221 [FXGL Background Thread 1 ] DEBUG AssetLoader          - Loading from disk: /assets/tmx/level1.tmx
22:39:40.240 [FXGL Background Thread 1 ] WARN  TMXParser            - TiledMap generated from 1.4.2. Supported version: 1.1.2. Some features may not be parsed fully.
22:39:40.255 [FXGL Background Thread 1 ] DEBUG GameWorld            - Clearing removable entities
22:39:40.255 [FXGL Background Thread 1 ] DEBUG GameWorld            - Setting level from map
22:39:40.298 [JavaFX Application Thread] FATAL FXGL                 - Uncaught Exception:

Fatal exception occurred: java.lang.IllegalArgumentException : Tileset for gid=81 not found
E: com.almasb.fxgl.entity.Entities.findTileset(Entities.java:439)
E: com.almasb.fxgl.entity.Entities.access$300(Entities.java:39)
E: com.almasb.fxgl.entity.Entities$EntityBuilder.tilesToView(Entities.java:316)
E: com.almasb.fxgl.entity.Entities$EntityBuilder.viewFromTiles(Entities.java:284)
E: com.almasb.fxgl.entity.GameWorld.setLevelFromMap(GameWorld.kt:272)
E: com.almasb.fxgl.entity.GameWorld.setLevelFromMap(GameWorld.kt:258)
E: jeu.BasicGameApp.initGame(BasicGameApp.java:57)
E: com.almasb.fxgl.app.GameApplication.internalInitGame(GameApplication.java:238)
E: com.almasb.fxgl.app.LoadingState$InitAppTask.initGame(AppStates.kt:168)
E: com.almasb.fxgl.app.LoadingState$InitAppTask.call(AppStates.kt:138)
E: com.almasb.fxgl.app.LoadingState$InitAppTask.call(AppStates.kt:127)
E: javafx.concurrent.Task$TaskCallable.call(Task.java:1423)
E: java.util.concurrent.FutureTask.run(FutureTask.java:266)
E: java.util.concurrent.Executors$RunnableAdapter.call(Executors.java:511)
E: java.util.concurrent.FutureTask.run(FutureTask.java:266)
E: java.util.concurrent.ThreadPoolExecutor.runWorker(ThreadPoolExecutor.java:1149)
E: java.util.concurrent.ThreadPoolExecutor$Worker.run(ThreadPoolExecutor.java:624)
E: java.lang.Thread.run(Thread.java:748)

22:39:40.299 [JavaFX Application Thread] FATAL FXGL                 - Application will now exit
22:39:40.299 [JavaFX Application Thread] DEBUG LoopRunner           - Stopping loop
22:39:41.521 [JavaFX Application Thread] DEBUG FXGL                 - Exiting FXGL
22:39:41.521 [JavaFX Application Thread] DEBUG FXGL                 - Shutting down background threads
22:39:41.521 [JavaFX Application Thread] INFO  Profiler             - Processed Frames: 6
22:39:41.521 [JavaFX Application Thread] INFO  Profiler             - Average FPS: 50
22:39:41.521 [JavaFX Application Thread] INFO  Profiler             - Avg Frame Took: 1,49 ms
22:39:41.522 [JavaFX Application Thread] INFO  Profiler             - Avg Memory Usage: 12 MB
22:39:41.522 [JavaFX Application Thread] INFO  Profiler             - Min Memory Usage: 9 MB
22:39:41.522 [JavaFX Application Thread] INFO  Profiler             - Max Memory Usage: 25 MB
22:39:41.522 [JavaFX Application Thread] INFO  Profiler             - Estimated GC runs: 0
22:39:41.522 [JavaFX Application Thread] DEBUG FXGL                 - Saving FXGL system data
22:39:41.524 [JavaFX Application Thread] DEBUG DesktopFSService     - Writing to: system\fxgl.bundle
22:39:41.527 [JavaFX Application Thread] DEBUG FXGL                 - Closing logger and exiting JavaFX
