11:04:46.922 [JavaFX Application Thread] DEBUG GameApplication      - Logger initialized
11:04:46.941 [JavaFX Application Thread] DEBUG GameApplication      - Logging settings
Title: Journey down the den
Version: 0.2
Width: 1920
Height: 1080
Fullscreen: true
Intro: false
Menus: false
Profiling: true
Single step:false
App Mode: DEVELOPER
Menu Key: ESCAPE
Stage Style: DECORATED
Scene Factory: class com.almasb.fxgl.scene.SceneFactory
Dialog Factory: class com.almasb.fxgl.ui.FXGLDialogFactory
UI Factory: class com.almasb.fxgl.ui.FXGLUIFactory
Notification Service: class com.almasb.fxgl.gameplay.notification.XboxNotificationView
Exception Handler: class com.almasb.fxgl.app.FXGLExceptionHandler
11:04:46.941 [JavaFX Application Thread] DEBUG GameApplication      - Starting FXGL
11:04:46.949 [JavaFX Application Thread] INFO  FXGL                 - FXGL-0.5.4 on DESKTOP
11:04:46.950 [JavaFX Application Thread] INFO  FXGL                 - Source code and latest versions at: https://github.com/AlmasB/FXGL
11:04:46.950 [JavaFX Application Thread] INFO  FXGL                 -              Join the FXGL chat at: https://gitter.im/AlmasB/FXGL
11:04:46.950 [JavaFX Application Thread] DEBUG FXGL                 - FXGL started
11:04:46.950 [JavaFX Application Thread] DEBUG FXGL                 - Initializing FXGL
11:04:47.006 [JavaFX Application Thread] DEBUG AssetLoader          - Loading from disk: /assets/ui/cursors/fxgl_default.png
11:04:47.084 [JavaFX Application Thread] DEBUG AssetLoader          - Loading from disk: /assets/ui/fonts/VarelaRound-Regular.ttf
11:04:47.453 [JavaFX Application Thread] DEBUG MainWindow           - Creating a JavaFX scene
11:04:47.483 [JavaFX Application Thread] DEBUG MainWindow           - Target settings size: 1920.0 x 1080.0
11:04:47.483 [JavaFX Application Thread] DEBUG MainWindow           - Scaled scene size:    1920.0 x 1080.0
11:04:47.483 [JavaFX Application Thread] DEBUG MainWindow           - Scaled ratio: (1.0, 1.0)
11:04:47.495 [JavaFX Application Thread] DEBUG AssetLoader          - Loading from disk: /assets/ui/css/fxgl_dark.css
11:04:47.498 [JavaFX Application Thread] DEBUG AssetLoader          - Loading from disk: /assets/textures/JDTD_icon.png
11:04:47.507 [JavaFX Application Thread] DEBUG MainWindow           - Opening main window
11:04:47.684 [JavaFX Application Thread] DEBUG MainWindow           - Window border size: (16.0, 20.0)
11:04:47.684 [JavaFX Application Thread] DEBUG MainWindow           - Scaled size: 1920.0 x 1080.0
11:04:47.684 [JavaFX Application Thread] DEBUG MainWindow           - Scaled ratio: (1.0, 1.0)
11:04:47.684 [JavaFX Application Thread] DEBUG MainWindow           - Scene size: 1920.0 x 1080.0
11:04:47.684 [JavaFX Application Thread] DEBUG MainWindow           - Stage size: 1936.0 x 1100.0
11:04:47.716 [ForkJoinPool.commonPool-worker-9] DEBUG FS                   - Loaded DesktopFSService
11:04:47.716 [ForkJoinPool.commonPool-worker-9] DEBUG FXGL                 - Loading FXGL system data
11:04:47.722 [ForkJoinPool.commonPool-worker-9] DEBUG DesktopFSService     - Reading from: system\fxgl.bundle
11:04:47.731 [ForkJoinPool.commonPool-worker-9] DEBUG Bundle               - Logging bundle: FXGL
11:04:47.731 [ForkJoinPool.commonPool-worker-9] DEBUG Bundle               - FXGL.offline.timer.version.check=2020-11-18T09:51:52.340
11:04:47.732 [ForkJoinPool.commonPool-worker-9] DEBUG FXGL                 - Initializing state machine and application states
11:04:47.734 [ForkJoinPool.commonPool-worker-9] DEBUG AssetLoader          - Loading from disk: /assets/ui/cursors/fxgl_default.png
11:04:47.742 [ForkJoinPool.commonPool-worker-9] DEBUG AssetLoader          - Loading from disk: /assets/ui/cursors/fxgl_default.png
11:04:47.748 [ForkJoinPool.commonPool-worker-9] DEBUG AssetLoader          - Loading from cache: /assets/ui/fonts/VarelaRound-Regular.ttf
11:04:47.751 [ForkJoinPool.commonPool-worker-9] DEBUG AssetLoader          - Loading from disk: /assets/ui/cursors/fxgl_default.png
11:04:47.752 [ForkJoinPool.commonPool-worker-9] DEBUG AssetLoader          - Loading from disk: /assets/ui/fonts/lucida_console.ttf
11:04:47.758 [ForkJoinPool.commonPool-worker-9] DEBUG GameScene            - Game scene initialized: 1920x1080
11:04:47.764 [ForkJoinPool.commonPool-worker-9] DEBUG GameWorld            - Game world initialized
11:04:47.813 [ForkJoinPool.commonPool-worker-9] DEBUG PhysicsWorld         - Physics world initialized: appHeight=1080, physics.ppm=50,0
11:04:47.843 [ForkJoinPool.commonPool-worker-9] DEBUG Input                - Registered new binding: Pause - Esc
11:04:47.885 [JavaFX Application Thread] DEBUG FXGL                 - Running preInit()
11:04:47.887 [JavaFX Application Thread] DEBUG Input                - Registered new binding: Screenshot - P
11:04:47.887 [JavaFX Application Thread] DEBUG Input                - Registered new binding: Dev Options - CTRL+0
11:04:47.887 [JavaFX Application Thread] DEBUG Input                - Registered new binding: System info dump - CTRL+9
11:04:47.888 [JavaFX Application Thread] DEBUG Input                - Registered new binding: Restart - CTRL+R
11:04:47.888 [JavaFX Application Thread] DEBUG Input                - Registered new binding: Show grid - F
11:04:47.889 [JavaFX Application Thread] INFO  FXGL                 - FXGL initialization took: 0,938 sec
11:04:47.889 [JavaFX Application Thread] DEBUG LoopRunner           - Starting loop
11:04:47.891 [JavaFX Application Thread] DEBUG StartupState         - STARTUP
11:04:47.892 [JavaFX Application Thread] DEBUG GameApplication      - Starting new game
11:04:47.892 [JavaFX Application Thread] DEBUG Input                - Clearing active input actions
11:04:47.893 [JavaFX Application Thread] DEBUG AssetLoader          - Loading from disk: /assets/ui/css/fxgl_dark.css
11:04:47.897 [JavaFX Application Thread] DEBUG AppStateMachine      - StartupState -> LoadingState
11:04:47.901 [FXGL Background Thread 1 ] DEBUG InitAppTask          - Clearing previous game
11:04:47.902 [FXGL Background Thread 1 ] DEBUG GameWorld            - Clearing game world
11:04:47.902 [FXGL Background Thread 1 ] DEBUG PhysicsWorld         - Clearing physics world
11:04:47.902 [FXGL Background Thread 1 ] DEBUG GameScene            - Clearing game scene
11:04:47.903 [FXGL Background Thread 1 ] DEBUG InitAppTask          - Initializing Game
11:04:47.942 [FXGL Background Thread 1 ] DEBUG AssetLoader          - Loading from disk: /assets/textures/redHero.png
11:04:47.952 [FXGL Background Thread 1 ] DEBUG GameScene            - Creating render group for layer: DEFAULT(100000)
11:04:47.955 [FXGL Background Thread 1 ] DEBUG AssetLoader          - Loading from disk: /assets/textures/Hero1_full.png
11:04:47.957 [FXGL Background Thread 1 ] DEBUG InitAppTask          - Initializing Physics
11:04:47.957 [FXGL Background Thread 1 ] DEBUG InitAppTask          - Initializing UI
11:04:47.958 [FXGL Background Thread 1 ] DEBUG AssetLoader          - Loading from disk: /assets/ui/cursors/cursor.png
11:04:47.969 [FXGL Background Thread 1 ] DEBUG InitAppTask          - Initialization Complete
11:04:47.969 [FXGL Background Thread 1 ] INFO  InitAppTask          - Game initialization took: 0,067 sec
11:04:47.972 [JavaFX Application Thread] DEBUG Input                - Clearing active input actions
11:04:47.972 [JavaFX Application Thread] DEBUG AssetLoader          - Loading from disk: /assets/ui/css/fxgl_dark.css
11:04:47.976 [JavaFX Application Thread] DEBUG AppStateMachine      - LoadingState -> PlayState
11:04:48.549 [JavaFX Application Thread] DEBUG AssetLoader          - Loading from disk: /assets/textures/grille.png
11:04:48.626 [JavaFX Application Thread] DEBUG AssetLoader          - Loading from cache: /assets/textures/grille.png
11:04:48.640 [JavaFX Application Thread] DEBUG AssetLoader          - Loading from cache: /assets/textures/grille.png
11:04:48.654 [JavaFX Application Thread] DEBUG AssetLoader          - Loading from cache: /assets/textures/grille.png
11:04:48.668 [JavaFX Application Thread] DEBUG AssetLoader          - Loading from cache: /assets/textures/grille.png
11:04:48.677 [JavaFX Application Thread] DEBUG AssetLoader          - Loading from cache: /assets/textures/grille.png
11:04:48.693 [JavaFX Application Thread] DEBUG AssetLoader          - Loading from cache: /assets/textures/grille.png
11:04:54.453 [JavaFX Application Thread] DEBUG FXGL                 - Exiting FXGL
11:04:54.454 [JavaFX Application Thread] DEBUG FXGL                 - Shutting down background threads
11:04:54.454 [JavaFX Application Thread] INFO  Profiler             - Processed Frames: 428
11:04:54.454 [JavaFX Application Thread] INFO  Profiler             - Average FPS: 59
11:04:54.454 [JavaFX Application Thread] INFO  Profiler             - Avg Frame Took: 0,26 ms
11:04:54.454 [JavaFX Application Thread] INFO  Profiler             - Avg Memory Usage: 17 MB
11:04:54.455 [JavaFX Application Thread] INFO  Profiler             - Min Memory Usage: 9 MB
11:04:54.455 [JavaFX Application Thread] INFO  Profiler             - Max Memory Usage: 20 MB
11:04:54.455 [JavaFX Application Thread] INFO  Profiler             - Estimated GC runs: 2
11:04:54.455 [JavaFX Application Thread] DEBUG FXGL                 - Saving FXGL system data
11:04:54.457 [JavaFX Application Thread] DEBUG DesktopFSService     - Writing to: system\fxgl.bundle
11:04:54.460 [JavaFX Application Thread] DEBUG FXGL                 - Closing logger and exiting JavaFX
