12:34:21.217 [JavaFX Application Thread] DEBUG GameApplication      - Logger initialized
12:34:21.231 [JavaFX Application Thread] DEBUG GameApplication      - Logging settings
Title: Journey down the den
Version: 0.3
Width: 1920
Height: 1080
Fullscreen: true
Intro: false
Menus: false
Profiling: true
Single step:false
App Mode: DEVELOPER
Menu Key: ESCAPE
Stage Style: DECORATED
Scene Factory: class com.almasb.fxgl.scene.SceneFactory
Dialog Factory: class com.almasb.fxgl.ui.FXGLDialogFactory
UI Factory: class com.almasb.fxgl.ui.FXGLUIFactory
Notification Service: class com.almasb.fxgl.gameplay.notification.XboxNotificationView
Exception Handler: class com.almasb.fxgl.app.FXGLExceptionHandler
12:34:21.231 [JavaFX Application Thread] DEBUG GameApplication      - Starting FXGL
12:34:21.238 [JavaFX Application Thread] INFO  FXGL                 - FXGL-0.5.4 on DESKTOP
12:34:21.238 [JavaFX Application Thread] INFO  FXGL                 - Source code and latest versions at: https://github.com/AlmasB/FXGL
12:34:21.238 [JavaFX Application Thread] INFO  FXGL                 -              Join the FXGL chat at: https://gitter.im/AlmasB/FXGL
12:34:21.238 [JavaFX Application Thread] DEBUG FXGL                 - FXGL started
12:34:21.238 [JavaFX Application Thread] DEBUG FXGL                 - Initializing FXGL
12:34:21.288 [JavaFX Application Thread] DEBUG AssetLoader          - Loading from disk: /assets/ui/cursors/fxgl_default.png
12:34:21.359 [JavaFX Application Thread] DEBUG AssetLoader          - Loading from disk: /assets/ui/fonts/VarelaRound-Regular.ttf
12:34:21.691 [JavaFX Application Thread] DEBUG MainWindow           - Creating a JavaFX scene
12:34:21.717 [JavaFX Application Thread] DEBUG MainWindow           - Target settings size: 1920.0 x 1080.0
12:34:21.717 [JavaFX Application Thread] DEBUG MainWindow           - Scaled scene size:    1920.0 x 1080.0
12:34:21.718 [JavaFX Application Thread] DEBUG MainWindow           - Scaled ratio: (1.0, 1.0)
12:34:21.729 [JavaFX Application Thread] DEBUG AssetLoader          - Loading from disk: /assets/ui/css/fxgl_dark.css
12:34:21.732 [JavaFX Application Thread] DEBUG AssetLoader          - Loading from disk: /assets/textures/JDTD_icon.png
12:34:21.740 [JavaFX Application Thread] DEBUG MainWindow           - Opening main window
12:34:21.914 [JavaFX Application Thread] DEBUG MainWindow           - Window border size: (16.0, 20.0)
12:34:21.914 [JavaFX Application Thread] DEBUG MainWindow           - Scaled size: 1920.0 x 1080.0
12:34:21.914 [JavaFX Application Thread] DEBUG MainWindow           - Scaled ratio: (1.0, 1.0)
12:34:21.915 [JavaFX Application Thread] DEBUG MainWindow           - Scene size: 1920.0 x 1080.0
12:34:21.915 [JavaFX Application Thread] DEBUG MainWindow           - Stage size: 1936.0 x 1100.0
12:34:21.945 [ForkJoinPool.commonPool-worker-9] DEBUG FS                   - Loaded DesktopFSService
12:34:21.946 [ForkJoinPool.commonPool-worker-9] DEBUG FXGL                 - Loading FXGL system data
12:34:21.951 [ForkJoinPool.commonPool-worker-9] DEBUG DesktopFSService     - Reading from: system\fxgl.bundle
12:34:21.958 [ForkJoinPool.commonPool-worker-9] DEBUG Bundle               - Logging bundle: FXGL
12:34:21.959 [ForkJoinPool.commonPool-worker-9] DEBUG Bundle               - FXGL.offline.timer.version.check=2020-11-18T09:51:52.340
12:34:21.959 [ForkJoinPool.commonPool-worker-9] DEBUG FXGL                 - Initializing state machine and application states
12:34:21.961 [ForkJoinPool.commonPool-worker-9] DEBUG AssetLoader          - Loading from disk: /assets/ui/cursors/fxgl_default.png
12:34:21.966 [ForkJoinPool.commonPool-worker-9] DEBUG AssetLoader          - Loading from disk: /assets/ui/cursors/fxgl_default.png
12:34:21.975 [ForkJoinPool.commonPool-worker-9] DEBUG AssetLoader          - Loading from cache: /assets/ui/fonts/VarelaRound-Regular.ttf
12:34:21.977 [ForkJoinPool.commonPool-worker-9] DEBUG AssetLoader          - Loading from disk: /assets/ui/cursors/fxgl_default.png
12:34:21.978 [ForkJoinPool.commonPool-worker-9] DEBUG AssetLoader          - Loading from disk: /assets/ui/fonts/lucida_console.ttf
12:34:21.984 [ForkJoinPool.commonPool-worker-9] DEBUG GameScene            - Game scene initialized: 1920x1080
12:34:21.989 [ForkJoinPool.commonPool-worker-9] DEBUG GameWorld            - Game world initialized
12:34:22.032 [ForkJoinPool.commonPool-worker-9] DEBUG PhysicsWorld         - Physics world initialized: appHeight=1080, physics.ppm=50,0
12:34:22.060 [ForkJoinPool.commonPool-worker-9] DEBUG Input                - Registered new binding: Pause - Esc
12:34:22.090 [JavaFX Application Thread] DEBUG FXGL                 - Running preInit()
12:34:22.092 [JavaFX Application Thread] DEBUG Input                - Registered new binding: Screenshot - P
12:34:22.092 [JavaFX Application Thread] DEBUG Input                - Registered new binding: Dev Options - CTRL+0
12:34:22.093 [JavaFX Application Thread] DEBUG Input                - Registered new binding: System info dump - CTRL+9
12:34:22.093 [JavaFX Application Thread] DEBUG Input                - Registered new binding: Restart - CTRL+R
12:34:22.093 [JavaFX Application Thread] DEBUG Input                - Registered new binding: Show grid - F
12:34:22.094 [JavaFX Application Thread] INFO  FXGL                 - FXGL initialization took: 0,855 sec
12:34:22.094 [JavaFX Application Thread] DEBUG LoopRunner           - Starting loop
12:34:22.096 [JavaFX Application Thread] DEBUG StartupState         - STARTUP
12:34:22.096 [JavaFX Application Thread] DEBUG GameApplication      - Starting new game
12:34:22.096 [JavaFX Application Thread] DEBUG Input                - Clearing active input actions
12:34:22.097 [JavaFX Application Thread] DEBUG AssetLoader          - Loading from disk: /assets/ui/css/fxgl_dark.css
12:34:22.101 [JavaFX Application Thread] DEBUG AppStateMachine      - StartupState -> LoadingState
12:34:22.105 [FXGL Background Thread 1 ] DEBUG InitAppTask          - Clearing previous game
12:34:22.105 [FXGL Background Thread 1 ] DEBUG GameWorld            - Clearing game world
12:34:22.105 [FXGL Background Thread 1 ] DEBUG PhysicsWorld         - Clearing physics world
12:34:22.105 [FXGL Background Thread 1 ] DEBUG GameScene            - Clearing game scene
12:34:22.106 [FXGL Background Thread 1 ] DEBUG InitAppTask          - Initializing Game
12:34:22.122 [FXGL Background Thread 1 ] DEBUG AssetLoader          - Loading from disk: /assets/json/map1.json
12:34:22.379 [FXGL Background Thread 1 ] DEBUG GameWorld            - Clearing removable entities
12:34:22.379 [FXGL Background Thread 1 ] DEBUG GameWorld            - Setting level from map
12:34:22.415 [FXGL Background Thread 1 ] DEBUG AssetLoader          - Loading from disk: /assets/textures/iso-64x64-outside.png
12:34:22.436 [FXGL Background Thread 1 ] DEBUG AssetLoader          - Loading from cache: /assets/textures/iso-64x64-outside.png
12:34:22.437 [FXGL Background Thread 1 ] DEBUG AssetLoader          - Loading from cache: /assets/textures/iso-64x64-outside.png
12:34:22.437 [FXGL Background Thread 1 ] DEBUG AssetLoader          - Loading from cache: /assets/textures/iso-64x64-outside.png
12:34:22.437 [FXGL Background Thread 1 ] DEBUG AssetLoader          - Loading from cache: /assets/textures/iso-64x64-outside.png
12:34:22.437 [FXGL Background Thread 1 ] DEBUG AssetLoader          - Loading from cache: /assets/textures/iso-64x64-outside.png
12:34:22.437 [FXGL Background Thread 1 ] DEBUG AssetLoader          - Loading from cache: /assets/textures/iso-64x64-outside.png
12:34:22.437 [FXGL Background Thread 1 ] DEBUG AssetLoader          - Loading from cache: /assets/textures/iso-64x64-outside.png
12:34:22.437 [FXGL Background Thread 1 ] DEBUG AssetLoader          - Loading from cache: /assets/textures/iso-64x64-outside.png
12:34:22.437 [FXGL Background Thread 1 ] DEBUG AssetLoader          - Loading from cache: /assets/textures/iso-64x64-outside.png
12:34:22.438 [FXGL Background Thread 1 ] DEBUG AssetLoader          - Loading from cache: /assets/textures/iso-64x64-outside.png
12:34:22.438 [FXGL Background Thread 1 ] DEBUG AssetLoader          - Loading from cache: /assets/textures/iso-64x64-outside.png
12:34:22.438 [FXGL Background Thread 1 ] DEBUG AssetLoader          - Loading from cache: /assets/textures/iso-64x64-outside.png
12:34:22.438 [FXGL Background Thread 1 ] DEBUG AssetLoader          - Loading from cache: /assets/textures/iso-64x64-outside.png
12:34:22.438 [FXGL Background Thread 1 ] DEBUG AssetLoader          - Loading from cache: /assets/textures/iso-64x64-outside.png
12:34:22.438 [FXGL Background Thread 1 ] DEBUG AssetLoader          - Loading from cache: /assets/textures/iso-64x64-outside.png
12:34:22.439 [FXGL Background Thread 1 ] DEBUG AssetLoader          - Loading from cache: /assets/textures/iso-64x64-outside.png
12:34:22.439 [FXGL Background Thread 1 ] DEBUG AssetLoader          - Loading from cache: /assets/textures/iso-64x64-outside.png
12:34:22.439 [FXGL Background Thread 1 ] DEBUG AssetLoader          - Loading from cache: /assets/textures/iso-64x64-outside.png
12:34:22.439 [FXGL Background Thread 1 ] DEBUG AssetLoader          - Loading from cache: /assets/textures/iso-64x64-outside.png
12:34:22.439 [FXGL Background Thread 1 ] DEBUG AssetLoader          - Loading from cache: /assets/textures/iso-64x64-outside.png
12:34:22.439 [FXGL Background Thread 1 ] DEBUG AssetLoader          - Loading from cache: /assets/textures/iso-64x64-outside.png
12:34:22.439 [FXGL Background Thread 1 ] DEBUG AssetLoader          - Loading from cache: /assets/textures/iso-64x64-outside.png
12:34:22.439 [FXGL Background Thread 1 ] DEBUG AssetLoader          - Loading from cache: /assets/textures/iso-64x64-outside.png
12:34:22.440 [FXGL Background Thread 1 ] DEBUG AssetLoader          - Loading from cache: /assets/textures/iso-64x64-outside.png
12:34:22.440 [FXGL Background Thread 1 ] DEBUG AssetLoader          - Loading from cache: /assets/textures/iso-64x64-outside.png
12:34:22.440 [FXGL Background Thread 1 ] DEBUG AssetLoader          - Loading from cache: /assets/textures/iso-64x64-outside.png
12:34:22.440 [FXGL Background Thread 1 ] DEBUG AssetLoader          - Loading from cache: /assets/textures/iso-64x64-outside.png
12:34:22.440 [FXGL Background Thread 1 ] DEBUG AssetLoader          - Loading from cache: /assets/textures/iso-64x64-outside.png
12:34:22.440 [FXGL Background Thread 1 ] DEBUG AssetLoader          - Loading from cache: /assets/textures/iso-64x64-outside.png
12:34:22.441 [FXGL Background Thread 1 ] DEBUG AssetLoader          - Loading from cache: /assets/textures/iso-64x64-outside.png
12:34:22.441 [FXGL Background Thread 1 ] DEBUG AssetLoader          - Loading from cache: /assets/textures/iso-64x64-outside.png
12:34:22.441 [FXGL Background Thread 1 ] DEBUG AssetLoader          - Loading from cache: /assets/textures/iso-64x64-outside.png
12:34:22.441 [FXGL Background Thread 1 ] DEBUG AssetLoader          - Loading from cache: /assets/textures/iso-64x64-outside.png
12:34:22.441 [FXGL Background Thread 1 ] DEBUG AssetLoader          - Loading from cache: /assets/textures/iso-64x64-outside.png
12:34:22.441 [FXGL Background Thread 1 ] DEBUG AssetLoader          - Loading from cache: /assets/textures/iso-64x64-outside.png
12:34:22.441 [FXGL Background Thread 1 ] DEBUG AssetLoader          - Loading from cache: /assets/textures/iso-64x64-outside.png
12:34:22.442 [FXGL Background Thread 1 ] DEBUG AssetLoader          - Loading from cache: /assets/textures/iso-64x64-outside.png
12:34:22.442 [FXGL Background Thread 1 ] DEBUG AssetLoader          - Loading from cache: /assets/textures/iso-64x64-outside.png
12:34:22.442 [FXGL Background Thread 1 ] DEBUG AssetLoader          - Loading from cache: /assets/textures/iso-64x64-outside.png
12:34:22.442 [FXGL Background Thread 1 ] DEBUG AssetLoader          - Loading from cache: /assets/textures/iso-64x64-outside.png
12:34:22.442 [FXGL Background Thread 1 ] DEBUG AssetLoader          - Loading from cache: /assets/textures/iso-64x64-outside.png
12:34:22.442 [FXGL Background Thread 1 ] DEBUG AssetLoader          - Loading from cache: /assets/textures/iso-64x64-outside.png
12:34:22.443 [FXGL Background Thread 1 ] DEBUG AssetLoader          - Loading from cache: /assets/textures/iso-64x64-outside.png
12:34:22.443 [FXGL Background Thread 1 ] DEBUG AssetLoader          - Loading from cache: /assets/textures/iso-64x64-outside.png
12:34:22.443 [FXGL Background Thread 1 ] DEBUG AssetLoader          - Loading from cache: /assets/textures/iso-64x64-outside.png
12:34:22.443 [FXGL Background Thread 1 ] DEBUG AssetLoader          - Loading from cache: /assets/textures/iso-64x64-outside.png
12:34:22.443 [FXGL Background Thread 1 ] DEBUG AssetLoader          - Loading from cache: /assets/textures/iso-64x64-outside.png
12:34:22.443 [FXGL Background Thread 1 ] DEBUG AssetLoader          - Loading from cache: /assets/textures/iso-64x64-outside.png
12:34:22.443 [FXGL Background Thread 1 ] DEBUG AssetLoader          - Loading from cache: /assets/textures/iso-64x64-outside.png
12:34:22.444 [FXGL Background Thread 1 ] DEBUG AssetLoader          - Loading from cache: /assets/textures/iso-64x64-outside.png
12:34:22.444 [FXGL Background Thread 1 ] DEBUG AssetLoader          - Loading from cache: /assets/textures/iso-64x64-outside.png
12:34:22.444 [FXGL Background Thread 1 ] DEBUG AssetLoader          - Loading from cache: /assets/textures/iso-64x64-outside.png
12:34:22.444 [FXGL Background Thread 1 ] DEBUG AssetLoader          - Loading from cache: /assets/textures/iso-64x64-outside.png
12:34:22.444 [FXGL Background Thread 1 ] DEBUG AssetLoader          - Loading from disk: /assets/textures/iso-64x64-building.png
12:34:22.453 [FXGL Background Thread 1 ] DEBUG AssetLoader          - Loading from cache: /assets/textures/iso-64x64-outside.png
12:34:22.453 [FXGL Background Thread 1 ] DEBUG AssetLoader          - Loading from cache: /assets/textures/iso-64x64-outside.png
12:34:22.453 [FXGL Background Thread 1 ] DEBUG AssetLoader          - Loading from cache: /assets/textures/iso-64x64-outside.png
12:34:22.453 [FXGL Background Thread 1 ] DEBUG AssetLoader          - Loading from cache: /assets/textures/iso-64x64-outside.png
12:34:22.453 [FXGL Background Thread 1 ] DEBUG AssetLoader          - Loading from cache: /assets/textures/iso-64x64-outside.png
12:34:22.453 [FXGL Background Thread 1 ] DEBUG AssetLoader          - Loading from cache: /assets/textures/iso-64x64-outside.png
12:34:22.453 [FXGL Background Thread 1 ] DEBUG AssetLoader          - Loading from cache: /assets/textures/iso-64x64-outside.png
12:34:22.454 [FXGL Background Thread 1 ] DEBUG AssetLoader          - Loading from cache: /assets/textures/iso-64x64-outside.png
12:34:22.454 [FXGL Background Thread 1 ] DEBUG AssetLoader          - Loading from cache: /assets/textures/iso-64x64-outside.png
12:34:22.454 [FXGL Background Thread 1 ] DEBUG AssetLoader          - Loading from cache: /assets/textures/iso-64x64-outside.png
12:34:22.454 [FXGL Background Thread 1 ] DEBUG AssetLoader          - Loading from cache: /assets/textures/iso-64x64-outside.png
12:34:22.454 [FXGL Background Thread 1 ] DEBUG AssetLoader          - Loading from cache: /assets/textures/iso-64x64-outside.png
12:34:22.454 [FXGL Background Thread 1 ] DEBUG AssetLoader          - Loading from cache: /assets/textures/iso-64x64-outside.png
12:34:22.454 [FXGL Background Thread 1 ] DEBUG AssetLoader          - Loading from cache: /assets/textures/iso-64x64-outside.png
12:34:22.454 [FXGL Background Thread 1 ] DEBUG AssetLoader          - Loading from cache: /assets/textures/iso-64x64-outside.png
12:34:22.454 [FXGL Background Thread 1 ] DEBUG AssetLoader          - Loading from cache: /assets/textures/iso-64x64-outside.png
12:34:22.455 [FXGL Background Thread 1 ] DEBUG AssetLoader          - Loading from cache: /assets/textures/iso-64x64-outside.png
12:34:22.455 [FXGL Background Thread 1 ] DEBUG AssetLoader          - Loading from cache: /assets/textures/iso-64x64-outside.png
12:34:22.455 [FXGL Background Thread 1 ] DEBUG AssetLoader          - Loading from cache: /assets/textures/iso-64x64-outside.png
12:34:22.455 [FXGL Background Thread 1 ] DEBUG AssetLoader          - Loading from cache: /assets/textures/iso-64x64-outside.png
12:34:22.455 [FXGL Background Thread 1 ] DEBUG AssetLoader          - Loading from cache: /assets/textures/iso-64x64-outside.png
12:34:22.455 [FXGL Background Thread 1 ] DEBUG AssetLoader          - Loading from cache: /assets/textures/iso-64x64-outside.png
12:34:22.455 [FXGL Background Thread 1 ] DEBUG AssetLoader          - Loading from cache: /assets/textures/iso-64x64-outside.png
12:34:22.455 [FXGL Background Thread 1 ] DEBUG AssetLoader          - Loading from cache: /assets/textures/iso-64x64-outside.png
12:34:22.456 [FXGL Background Thread 1 ] DEBUG AssetLoader          - Loading from cache: /assets/textures/iso-64x64-outside.png
12:34:22.456 [FXGL Background Thread 1 ] DEBUG AssetLoader          - Loading from cache: /assets/textures/iso-64x64-outside.png
12:34:22.456 [FXGL Background Thread 1 ] DEBUG AssetLoader          - Loading from cache: /assets/textures/iso-64x64-outside.png
12:34:22.456 [FXGL Background Thread 1 ] DEBUG AssetLoader          - Loading from cache: /assets/textures/iso-64x64-outside.png
12:34:22.456 [FXGL Background Thread 1 ] DEBUG AssetLoader          - Loading from cache: /assets/textures/iso-64x64-outside.png
12:34:22.456 [FXGL Background Thread 1 ] DEBUG AssetLoader          - Loading from cache: /assets/textures/iso-64x64-outside.png
12:34:22.456 [FXGL Background Thread 1 ] DEBUG AssetLoader          - Loading from cache: /assets/textures/iso-64x64-outside.png
12:34:22.457 [FXGL Background Thread 1 ] DEBUG AssetLoader          - Loading from cache: /assets/textures/iso-64x64-outside.png
12:34:22.457 [FXGL Background Thread 1 ] DEBUG AssetLoader          - Loading from cache: /assets/textures/iso-64x64-outside.png
12:34:22.457 [FXGL Background Thread 1 ] DEBUG AssetLoader          - Loading from cache: /assets/textures/iso-64x64-outside.png
12:34:22.457 [FXGL Background Thread 1 ] DEBUG AssetLoader          - Loading from cache: /assets/textures/iso-64x64-outside.png
12:34:22.457 [FXGL Background Thread 1 ] DEBUG AssetLoader          - Loading from cache: /assets/textures/iso-64x64-outside.png
12:34:22.457 [FXGL Background Thread 1 ] DEBUG AssetLoader          - Loading from cache: /assets/textures/iso-64x64-outside.png
12:34:22.457 [FXGL Background Thread 1 ] DEBUG AssetLoader          - Loading from cache: /assets/textures/iso-64x64-outside.png
12:34:22.457 [FXGL Background Thread 1 ] DEBUG AssetLoader          - Loading from cache: /assets/textures/iso-64x64-outside.png
12:34:22.457 [FXGL Background Thread 1 ] DEBUG AssetLoader          - Loading from cache: /assets/textures/iso-64x64-outside.png
12:34:22.458 [FXGL Background Thread 1 ] DEBUG AssetLoader          - Loading from cache: /assets/textures/iso-64x64-outside.png
12:34:22.458 [FXGL Background Thread 1 ] DEBUG AssetLoader          - Loading from cache: /assets/textures/iso-64x64-outside.png
12:34:22.458 [FXGL Background Thread 1 ] DEBUG AssetLoader          - Loading from cache: /assets/textures/iso-64x64-outside.png
12:34:22.458 [FXGL Background Thread 1 ] DEBUG AssetLoader          - Loading from cache: /assets/textures/iso-64x64-outside.png
12:34:22.458 [FXGL Background Thread 1 ] DEBUG AssetLoader          - Loading from cache: /assets/textures/iso-64x64-outside.png
12:34:22.458 [FXGL Background Thread 1 ] DEBUG AssetLoader          - Loading from cache: /assets/textures/iso-64x64-building.png
12:34:22.458 [FXGL Background Thread 1 ] DEBUG AssetLoader          - Loading from cache: /assets/textures/iso-64x64-outside.png
12:34:22.458 [FXGL Background Thread 1 ] DEBUG AssetLoader          - Loading from cache: /assets/textures/iso-64x64-outside.png
12:34:22.459 [FXGL Background Thread 1 ] DEBUG AssetLoader          - Loading from cache: /assets/textures/iso-64x64-outside.png
12:34:22.459 [FXGL Background Thread 1 ] DEBUG AssetLoader          - Loading from cache: /assets/textures/iso-64x64-outside.png
12:34:22.459 [FXGL Background Thread 1 ] DEBUG AssetLoader          - Loading from cache: /assets/textures/iso-64x64-outside.png
12:34:22.459 [FXGL Background Thread 1 ] DEBUG AssetLoader          - Loading from cache: /assets/textures/iso-64x64-outside.png
12:34:22.459 [FXGL Background Thread 1 ] DEBUG AssetLoader          - Loading from cache: /assets/textures/iso-64x64-outside.png
12:34:22.459 [FXGL Background Thread 1 ] DEBUG AssetLoader          - Loading from cache: /assets/textures/iso-64x64-outside.png
12:34:22.459 [FXGL Background Thread 1 ] DEBUG AssetLoader          - Loading from cache: /assets/textures/iso-64x64-outside.png
12:34:22.459 [FXGL Background Thread 1 ] DEBUG AssetLoader          - Loading from cache: /assets/textures/iso-64x64-outside.png
12:34:22.459 [FXGL Background Thread 1 ] DEBUG AssetLoader          - Loading from cache: /assets/textures/iso-64x64-outside.png
12:34:22.459 [FXGL Background Thread 1 ] DEBUG AssetLoader          - Loading from cache: /assets/textures/iso-64x64-outside.png
12:34:22.460 [FXGL Background Thread 1 ] DEBUG AssetLoader          - Loading from cache: /assets/textures/iso-64x64-building.png
12:34:22.460 [FXGL Background Thread 1 ] DEBUG AssetLoader          - Loading from cache: /assets/textures/iso-64x64-building.png
12:34:22.460 [FXGL Background Thread 1 ] DEBUG AssetLoader          - Loading from cache: /assets/textures/iso-64x64-outside.png
12:34:22.460 [FXGL Background Thread 1 ] DEBUG AssetLoader          - Loading from cache: /assets/textures/iso-64x64-outside.png
12:34:22.460 [FXGL Background Thread 1 ] DEBUG AssetLoader          - Loading from cache: /assets/textures/iso-64x64-outside.png
12:34:22.460 [FXGL Background Thread 1 ] DEBUG AssetLoader          - Loading from cache: /assets/textures/iso-64x64-outside.png
12:34:22.460 [FXGL Background Thread 1 ] DEBUG AssetLoader          - Loading from cache: /assets/textures/iso-64x64-outside.png
12:34:22.460 [FXGL Background Thread 1 ] DEBUG AssetLoader          - Loading from cache: /assets/textures/iso-64x64-building.png
12:34:22.460 [FXGL Background Thread 1 ] DEBUG AssetLoader          - Loading from cache: /assets/textures/iso-64x64-outside.png
12:34:22.460 [FXGL Background Thread 1 ] DEBUG AssetLoader          - Loading from cache: /assets/textures/iso-64x64-outside.png
12:34:22.461 [FXGL Background Thread 1 ] DEBUG AssetLoader          - Loading from cache: /assets/textures/iso-64x64-outside.png
12:34:22.461 [FXGL Background Thread 1 ] DEBUG AssetLoader          - Loading from cache: /assets/textures/iso-64x64-outside.png
12:34:22.461 [FXGL Background Thread 1 ] DEBUG AssetLoader          - Loading from cache: /assets/textures/iso-64x64-outside.png
12:34:22.461 [FXGL Background Thread 1 ] DEBUG AssetLoader          - Loading from cache: /assets/textures/iso-64x64-outside.png
12:34:22.461 [FXGL Background Thread 1 ] DEBUG AssetLoader          - Loading from cache: /assets/textures/iso-64x64-building.png
12:34:22.461 [FXGL Background Thread 1 ] DEBUG AssetLoader          - Loading from cache: /assets/textures/iso-64x64-building.png
12:34:22.461 [FXGL Background Thread 1 ] DEBUG AssetLoader          - Loading from cache: /assets/textures/iso-64x64-outside.png
12:34:22.461 [FXGL Background Thread 1 ] DEBUG AssetLoader          - Loading from cache: /assets/textures/iso-64x64-outside.png
12:34:22.461 [FXGL Background Thread 1 ] DEBUG AssetLoader          - Loading from cache: /assets/textures/iso-64x64-outside.png
12:34:22.462 [FXGL Background Thread 1 ] DEBUG AssetLoader          - Loading from cache: /assets/textures/iso-64x64-outside.png
12:34:22.462 [FXGL Background Thread 1 ] DEBUG AssetLoader          - Loading from cache: /assets/textures/iso-64x64-building.png
12:34:22.462 [FXGL Background Thread 1 ] DEBUG AssetLoader          - Loading from cache: /assets/textures/iso-64x64-outside.png
12:34:22.462 [FXGL Background Thread 1 ] DEBUG AssetLoader          - Loading from cache: /assets/textures/iso-64x64-outside.png
12:34:22.462 [FXGL Background Thread 1 ] DEBUG AssetLoader          - Loading from cache: /assets/textures/iso-64x64-outside.png
12:34:22.462 [FXGL Background Thread 1 ] DEBUG AssetLoader          - Loading from cache: /assets/textures/iso-64x64-outside.png
12:34:22.462 [FXGL Background Thread 1 ] DEBUG AssetLoader          - Loading from cache: /assets/textures/iso-64x64-outside.png
12:34:22.463 [FXGL Background Thread 1 ] DEBUG AssetLoader          - Loading from cache: /assets/textures/iso-64x64-outside.png
12:34:22.463 [FXGL Background Thread 1 ] DEBUG AssetLoader          - Loading from cache: /assets/textures/iso-64x64-outside.png
12:34:22.463 [FXGL Background Thread 1 ] DEBUG AssetLoader          - Loading from cache: /assets/textures/iso-64x64-outside.png
12:34:22.463 [FXGL Background Thread 1 ] DEBUG AssetLoader          - Loading from cache: /assets/textures/iso-64x64-outside.png
12:34:22.463 [FXGL Background Thread 1 ] DEBUG AssetLoader          - Loading from cache: /assets/textures/iso-64x64-building.png
12:34:22.463 [FXGL Background Thread 1 ] DEBUG AssetLoader          - Loading from cache: /assets/textures/iso-64x64-outside.png
12:34:22.463 [FXGL Background Thread 1 ] DEBUG AssetLoader          - Loading from cache: /assets/textures/iso-64x64-outside.png
12:34:22.463 [FXGL Background Thread 1 ] DEBUG AssetLoader          - Loading from cache: /assets/textures/iso-64x64-outside.png
12:34:22.463 [FXGL Background Thread 1 ] DEBUG AssetLoader          - Loading from cache: /assets/textures/iso-64x64-building.png
12:34:22.464 [FXGL Background Thread 1 ] DEBUG AssetLoader          - Loading from cache: /assets/textures/iso-64x64-outside.png
12:34:22.464 [FXGL Background Thread 1 ] DEBUG AssetLoader          - Loading from cache: /assets/textures/iso-64x64-outside.png
12:34:22.464 [FXGL Background Thread 1 ] DEBUG AssetLoader          - Loading from cache: /assets/textures/iso-64x64-outside.png
12:34:22.464 [FXGL Background Thread 1 ] DEBUG AssetLoader          - Loading from cache: /assets/textures/iso-64x64-outside.png
12:34:22.464 [FXGL Background Thread 1 ] DEBUG AssetLoader          - Loading from cache: /assets/textures/iso-64x64-outside.png
12:34:22.464 [FXGL Background Thread 1 ] DEBUG AssetLoader          - Loading from cache: /assets/textures/iso-64x64-outside.png
12:34:22.464 [FXGL Background Thread 1 ] DEBUG AssetLoader          - Loading from cache: /assets/textures/iso-64x64-outside.png
12:34:22.464 [FXGL Background Thread 1 ] DEBUG AssetLoader          - Loading from cache: /assets/textures/iso-64x64-outside.png
12:34:22.464 [FXGL Background Thread 1 ] DEBUG AssetLoader          - Loading from cache: /assets/textures/iso-64x64-outside.png
12:34:22.464 [FXGL Background Thread 1 ] DEBUG AssetLoader          - Loading from cache: /assets/textures/iso-64x64-building.png
12:34:22.465 [FXGL Background Thread 1 ] DEBUG AssetLoader          - Loading from cache: /assets/textures/iso-64x64-outside.png
12:34:22.465 [FXGL Background Thread 1 ] DEBUG AssetLoader          - Loading from cache: /assets/textures/iso-64x64-outside.png
12:34:22.465 [FXGL Background Thread 1 ] DEBUG AssetLoader          - Loading from cache: /assets/textures/iso-64x64-building.png
12:34:22.465 [FXGL Background Thread 1 ] DEBUG AssetLoader          - Loading from cache: /assets/textures/iso-64x64-outside.png
12:34:22.465 [FXGL Background Thread 1 ] DEBUG AssetLoader          - Loading from cache: /assets/textures/iso-64x64-outside.png
12:34:22.465 [FXGL Background Thread 1 ] DEBUG AssetLoader          - Loading from cache: /assets/textures/iso-64x64-outside.png
12:34:22.465 [FXGL Background Thread 1 ] DEBUG AssetLoader          - Loading from cache: /assets/textures/iso-64x64-outside.png
12:34:22.465 [FXGL Background Thread 1 ] DEBUG AssetLoader          - Loading from cache: /assets/textures/iso-64x64-outside.png
12:34:22.465 [FXGL Background Thread 1 ] DEBUG AssetLoader          - Loading from cache: /assets/textures/iso-64x64-outside.png
12:34:22.465 [FXGL Background Thread 1 ] DEBUG AssetLoader          - Loading from cache: /assets/textures/iso-64x64-outside.png
12:34:22.465 [FXGL Background Thread 1 ] DEBUG AssetLoader          - Loading from cache: /assets/textures/iso-64x64-outside.png
12:34:22.466 [FXGL Background Thread 1 ] DEBUG AssetLoader          - Loading from cache: /assets/textures/iso-64x64-outside.png
12:34:22.466 [FXGL Background Thread 1 ] DEBUG AssetLoader          - Loading from cache: /assets/textures/iso-64x64-outside.png
12:34:22.466 [FXGL Background Thread 1 ] DEBUG AssetLoader          - Loading from cache: /assets/textures/iso-64x64-outside.png
12:34:22.466 [FXGL Background Thread 1 ] DEBUG AssetLoader          - Loading from cache: /assets/textures/iso-64x64-building.png
12:34:22.466 [FXGL Background Thread 1 ] DEBUG AssetLoader          - Loading from cache: /assets/textures/iso-64x64-outside.png
12:34:22.466 [FXGL Background Thread 1 ] DEBUG AssetLoader          - Loading from cache: /assets/textures/iso-64x64-building.png
12:34:22.466 [FXGL Background Thread 1 ] DEBUG AssetLoader          - Loading from cache: /assets/textures/iso-64x64-outside.png
12:34:22.466 [FXGL Background Thread 1 ] DEBUG AssetLoader          - Loading from cache: /assets/textures/iso-64x64-outside.png
12:34:22.466 [FXGL Background Thread 1 ] DEBUG AssetLoader          - Loading from cache: /assets/textures/iso-64x64-outside.png
12:34:22.467 [FXGL Background Thread 1 ] DEBUG AssetLoader          - Loading from cache: /assets/textures/iso-64x64-outside.png
12:34:22.467 [FXGL Background Thread 1 ] DEBUG AssetLoader          - Loading from cache: /assets/textures/iso-64x64-outside.png
12:34:22.467 [FXGL Background Thread 1 ] DEBUG AssetLoader          - Loading from cache: /assets/textures/iso-64x64-outside.png
12:34:22.467 [FXGL Background Thread 1 ] DEBUG AssetLoader          - Loading from cache: /assets/textures/iso-64x64-outside.png
12:34:22.467 [FXGL Background Thread 1 ] DEBUG AssetLoader          - Loading from cache: /assets/textures/iso-64x64-outside.png
12:34:22.467 [FXGL Background Thread 1 ] DEBUG AssetLoader          - Loading from cache: /assets/textures/iso-64x64-outside.png
12:34:22.467 [FXGL Background Thread 1 ] DEBUG AssetLoader          - Loading from cache: /assets/textures/iso-64x64-outside.png
12:34:22.467 [FXGL Background Thread 1 ] DEBUG AssetLoader          - Loading from cache: /assets/textures/iso-64x64-outside.png
12:34:22.467 [FXGL Background Thread 1 ] DEBUG AssetLoader          - Loading from cache: /assets/textures/iso-64x64-building.png
12:34:22.467 [FXGL Background Thread 1 ] DEBUG AssetLoader          - Loading from cache: /assets/textures/iso-64x64-building.png
12:34:22.468 [FXGL Background Thread 1 ] DEBUG AssetLoader          - Loading from cache: /assets/textures/iso-64x64-outside.png
12:34:22.468 [FXGL Background Thread 1 ] DEBUG AssetLoader          - Loading from cache: /assets/textures/iso-64x64-outside.png
12:34:22.468 [FXGL Background Thread 1 ] DEBUG AssetLoader          - Loading from cache: /assets/textures/iso-64x64-outside.png
12:34:22.468 [FXGL Background Thread 1 ] DEBUG AssetLoader          - Loading from cache: /assets/textures/iso-64x64-outside.png
12:34:22.468 [FXGL Background Thread 1 ] DEBUG AssetLoader          - Loading from cache: /assets/textures/iso-64x64-outside.png
12:34:22.468 [FXGL Background Thread 1 ] DEBUG AssetLoader          - Loading from cache: /assets/textures/iso-64x64-outside.png
12:34:22.468 [FXGL Background Thread 1 ] DEBUG AssetLoader          - Loading from cache: /assets/textures/iso-64x64-outside.png
12:34:22.468 [FXGL Background Thread 1 ] DEBUG AssetLoader          - Loading from cache: /assets/textures/iso-64x64-outside.png
12:34:22.469 [FXGL Background Thread 1 ] DEBUG AssetLoader          - Loading from cache: /assets/textures/iso-64x64-outside.png
12:34:22.469 [FXGL Background Thread 1 ] DEBUG AssetLoader          - Loading from cache: /assets/textures/iso-64x64-outside.png
12:34:22.469 [FXGL Background Thread 1 ] DEBUG AssetLoader          - Loading from cache: /assets/textures/iso-64x64-outside.png
12:34:22.469 [FXGL Background Thread 1 ] DEBUG AssetLoader          - Loading from cache: /assets/textures/iso-64x64-outside.png
12:34:22.469 [FXGL Background Thread 1 ] DEBUG AssetLoader          - Loading from cache: /assets/textures/iso-64x64-outside.png
12:34:22.469 [FXGL Background Thread 1 ] DEBUG AssetLoader          - Loading from cache: /assets/textures/iso-64x64-building.png
12:34:22.469 [FXGL Background Thread 1 ] DEBUG AssetLoader          - Loading from cache: /assets/textures/iso-64x64-outside.png
12:34:22.469 [FXGL Background Thread 1 ] DEBUG AssetLoader          - Loading from cache: /assets/textures/iso-64x64-outside.png
12:34:22.469 [FXGL Background Thread 1 ] DEBUG AssetLoader          - Loading from cache: /assets/textures/iso-64x64-outside.png
12:34:22.469 [FXGL Background Thread 1 ] DEBUG AssetLoader          - Loading from cache: /assets/textures/iso-64x64-outside.png
12:34:22.470 [FXGL Background Thread 1 ] DEBUG AssetLoader          - Loading from cache: /assets/textures/iso-64x64-outside.png
12:34:22.470 [FXGL Background Thread 1 ] DEBUG AssetLoader          - Loading from cache: /assets/textures/iso-64x64-outside.png
12:34:22.470 [FXGL Background Thread 1 ] DEBUG AssetLoader          - Loading from cache: /assets/textures/iso-64x64-outside.png
12:34:22.470 [FXGL Background Thread 1 ] DEBUG AssetLoader          - Loading from cache: /assets/textures/iso-64x64-outside.png
12:34:22.470 [FXGL Background Thread 1 ] DEBUG AssetLoader          - Loading from cache: /assets/textures/iso-64x64-outside.png
12:34:22.470 [FXGL Background Thread 1 ] DEBUG AssetLoader          - Loading from cache: /assets/textures/iso-64x64-outside.png
12:34:22.470 [FXGL Background Thread 1 ] DEBUG AssetLoader          - Loading from cache: /assets/textures/iso-64x64-outside.png
12:34:22.470 [FXGL Background Thread 1 ] DEBUG AssetLoader          - Loading from cache: /assets/textures/iso-64x64-outside.png
12:34:22.470 [FXGL Background Thread 1 ] DEBUG AssetLoader          - Loading from cache: /assets/textures/iso-64x64-building.png
12:34:22.470 [FXGL Background Thread 1 ] DEBUG AssetLoader          - Loading from cache: /assets/textures/iso-64x64-building.png
12:34:22.471 [FXGL Background Thread 1 ] DEBUG AssetLoader          - Loading from cache: /assets/textures/iso-64x64-outside.png
12:34:22.471 [FXGL Background Thread 1 ] DEBUG AssetLoader          - Loading from cache: /assets/textures/iso-64x64-outside.png
12:34:22.471 [FXGL Background Thread 1 ] DEBUG AssetLoader          - Loading from cache: /assets/textures/iso-64x64-outside.png
12:34:22.471 [FXGL Background Thread 1 ] DEBUG AssetLoader          - Loading from cache: /assets/textures/iso-64x64-outside.png
12:34:22.471 [FXGL Background Thread 1 ] DEBUG AssetLoader          - Loading from cache: /assets/textures/iso-64x64-outside.png
12:34:22.471 [FXGL Background Thread 1 ] DEBUG AssetLoader          - Loading from cache: /assets/textures/iso-64x64-outside.png
12:34:22.471 [FXGL Background Thread 1 ] DEBUG AssetLoader          - Loading from cache: /assets/textures/iso-64x64-outside.png
12:34:22.471 [FXGL Background Thread 1 ] DEBUG AssetLoader          - Loading from cache: /assets/textures/iso-64x64-outside.png
12:34:22.471 [FXGL Background Thread 1 ] DEBUG AssetLoader          - Loading from cache: /assets/textures/iso-64x64-outside.png
12:34:22.471 [FXGL Background Thread 1 ] DEBUG AssetLoader          - Loading from cache: /assets/textures/iso-64x64-outside.png
12:34:22.472 [FXGL Background Thread 1 ] DEBUG AssetLoader          - Loading from cache: /assets/textures/iso-64x64-outside.png
12:34:22.472 [FXGL Background Thread 1 ] DEBUG AssetLoader          - Loading from cache: /assets/textures/iso-64x64-outside.png
12:34:22.472 [FXGL Background Thread 1 ] DEBUG AssetLoader          - Loading from cache: /assets/textures/iso-64x64-building.png
12:34:22.472 [FXGL Background Thread 1 ] DEBUG AssetLoader          - Loading from cache: /assets/textures/iso-64x64-outside.png
12:34:22.472 [FXGL Background Thread 1 ] DEBUG AssetLoader          - Loading from cache: /assets/textures/iso-64x64-building.png
12:34:22.472 [FXGL Background Thread 1 ] DEBUG AssetLoader          - Loading from cache: /assets/textures/iso-64x64-outside.png
12:34:22.472 [FXGL Background Thread 1 ] DEBUG AssetLoader          - Loading from cache: /assets/textures/iso-64x64-outside.png
12:34:22.472 [FXGL Background Thread 1 ] DEBUG AssetLoader          - Loading from cache: /assets/textures/iso-64x64-outside.png
12:34:22.472 [FXGL Background Thread 1 ] DEBUG AssetLoader          - Loading from cache: /assets/textures/iso-64x64-outside.png
12:34:22.472 [FXGL Background Thread 1 ] DEBUG AssetLoader          - Loading from cache: /assets/textures/iso-64x64-outside.png
12:34:22.472 [FXGL Background Thread 1 ] DEBUG AssetLoader          - Loading from cache: /assets/textures/iso-64x64-outside.png
12:34:22.473 [FXGL Background Thread 1 ] DEBUG AssetLoader          - Loading from cache: /assets/textures/iso-64x64-outside.png
12:34:22.473 [FXGL Background Thread 1 ] DEBUG AssetLoader          - Loading from cache: /assets/textures/iso-64x64-outside.png
12:34:22.473 [FXGL Background Thread 1 ] DEBUG AssetLoader          - Loading from cache: /assets/textures/iso-64x64-outside.png
12:34:22.473 [FXGL Background Thread 1 ] DEBUG AssetLoader          - Loading from cache: /assets/textures/iso-64x64-outside.png
12:34:22.473 [FXGL Background Thread 1 ] DEBUG AssetLoader          - Loading from cache: /assets/textures/iso-64x64-outside.png
12:34:22.473 [FXGL Background Thread 1 ] DEBUG AssetLoader          - Loading from cache: /assets/textures/iso-64x64-outside.png
12:34:22.473 [FXGL Background Thread 1 ] DEBUG AssetLoader          - Loading from cache: /assets/textures/iso-64x64-outside.png
12:34:22.473 [FXGL Background Thread 1 ] DEBUG AssetLoader          - Loading from cache: /assets/textures/iso-64x64-building.png
12:34:22.473 [FXGL Background Thread 1 ] DEBUG AssetLoader          - Loading from cache: /assets/textures/iso-64x64-outside.png
12:34:22.474 [FXGL Background Thread 1 ] DEBUG AssetLoader          - Loading from cache: /assets/textures/iso-64x64-outside.png
12:34:22.474 [FXGL Background Thread 1 ] DEBUG AssetLoader          - Loading from cache: /assets/textures/iso-64x64-outside.png
12:34:22.474 [FXGL Background Thread 1 ] DEBUG AssetLoader          - Loading from cache: /assets/textures/iso-64x64-outside.png
12:34:22.474 [FXGL Background Thread 1 ] DEBUG AssetLoader          - Loading from cache: /assets/textures/iso-64x64-outside.png
12:34:22.474 [FXGL Background Thread 1 ] DEBUG AssetLoader          - Loading from cache: /assets/textures/iso-64x64-outside.png
12:34:22.474 [FXGL Background Thread 1 ] DEBUG AssetLoader          - Loading from cache: /assets/textures/iso-64x64-outside.png
12:34:22.474 [FXGL Background Thread 1 ] DEBUG AssetLoader          - Loading from cache: /assets/textures/iso-64x64-outside.png
12:34:22.474 [FXGL Background Thread 1 ] DEBUG AssetLoader          - Loading from cache: /assets/textures/iso-64x64-outside.png
12:34:22.474 [FXGL Background Thread 1 ] DEBUG AssetLoader          - Loading from cache: /assets/textures/iso-64x64-building.png
12:34:22.474 [FXGL Background Thread 1 ] DEBUG AssetLoader          - Loading from cache: /assets/textures/iso-64x64-outside.png
12:34:22.474 [FXGL Background Thread 1 ] DEBUG AssetLoader          - Loading from cache: /assets/textures/iso-64x64-building.png
12:34:22.475 [FXGL Background Thread 1 ] DEBUG AssetLoader          - Loading from cache: /assets/textures/iso-64x64-outside.png
12:34:22.475 [FXGL Background Thread 1 ] DEBUG AssetLoader          - Loading from cache: /assets/textures/iso-64x64-outside.png
12:34:22.475 [FXGL Background Thread 1 ] DEBUG AssetLoader          - Loading from cache: /assets/textures/iso-64x64-building.png
12:34:22.475 [FXGL Background Thread 1 ] DEBUG AssetLoader          - Loading from cache: /assets/textures/iso-64x64-outside.png
12:34:22.475 [FXGL Background Thread 1 ] DEBUG AssetLoader          - Loading from cache: /assets/textures/iso-64x64-outside.png
12:34:22.475 [FXGL Background Thread 1 ] DEBUG AssetLoader          - Loading from cache: /assets/textures/iso-64x64-outside.png
12:34:22.475 [FXGL Background Thread 1 ] DEBUG AssetLoader          - Loading from cache: /assets/textures/iso-64x64-outside.png
12:34:22.475 [FXGL Background Thread 1 ] DEBUG AssetLoader          - Loading from cache: /assets/textures/iso-64x64-outside.png
12:34:22.475 [FXGL Background Thread 1 ] DEBUG AssetLoader          - Loading from cache: /assets/textures/iso-64x64-outside.png
12:34:22.475 [FXGL Background Thread 1 ] DEBUG AssetLoader          - Loading from cache: /assets/textures/iso-64x64-outside.png
12:34:22.476 [FXGL Background Thread 1 ] DEBUG AssetLoader          - Loading from cache: /assets/textures/iso-64x64-outside.png
12:34:22.476 [FXGL Background Thread 1 ] DEBUG AssetLoader          - Loading from cache: /assets/textures/iso-64x64-building.png
12:34:22.476 [FXGL Background Thread 1 ] DEBUG AssetLoader          - Loading from cache: /assets/textures/iso-64x64-building.png
12:34:22.476 [FXGL Background Thread 1 ] DEBUG AssetLoader          - Loading from cache: /assets/textures/iso-64x64-outside.png
12:34:22.476 [FXGL Background Thread 1 ] DEBUG AssetLoader          - Loading from cache: /assets/textures/iso-64x64-outside.png
12:34:22.476 [FXGL Background Thread 1 ] DEBUG AssetLoader          - Loading from cache: /assets/textures/iso-64x64-outside.png
12:34:22.476 [FXGL Background Thread 1 ] DEBUG AssetLoader          - Loading from cache: /assets/textures/iso-64x64-building.png
12:34:22.476 [FXGL Background Thread 1 ] DEBUG AssetLoader          - Loading from cache: /assets/textures/iso-64x64-outside.png
12:34:22.476 [FXGL Background Thread 1 ] DEBUG AssetLoader          - Loading from cache: /assets/textures/iso-64x64-outside.png
12:34:22.476 [FXGL Background Thread 1 ] DEBUG AssetLoader          - Loading from cache: /assets/textures/iso-64x64-outside.png
12:34:22.477 [FXGL Background Thread 1 ] DEBUG AssetLoader          - Loading from cache: /assets/textures/iso-64x64-outside.png
12:34:22.477 [FXGL Background Thread 1 ] DEBUG AssetLoader          - Loading from cache: /assets/textures/iso-64x64-outside.png
12:34:22.477 [FXGL Background Thread 1 ] DEBUG AssetLoader          - Loading from cache: /assets/textures/iso-64x64-outside.png
12:34:22.477 [FXGL Background Thread 1 ] DEBUG AssetLoader          - Loading from cache: /assets/textures/iso-64x64-outside.png
12:34:22.477 [FXGL Background Thread 1 ] DEBUG AssetLoader          - Loading from cache: /assets/textures/iso-64x64-outside.png
12:34:22.477 [FXGL Background Thread 1 ] DEBUG AssetLoader          - Loading from cache: /assets/textures/iso-64x64-outside.png
12:34:22.477 [FXGL Background Thread 1 ] DEBUG AssetLoader          - Loading from cache: /assets/textures/iso-64x64-building.png
12:34:22.477 [FXGL Background Thread 1 ] DEBUG AssetLoader          - Loading from cache: /assets/textures/iso-64x64-outside.png
12:34:22.477 [FXGL Background Thread 1 ] DEBUG AssetLoader          - Loading from cache: /assets/textures/iso-64x64-outside.png
12:34:22.477 [FXGL Background Thread 1 ] DEBUG AssetLoader          - Loading from cache: /assets/textures/iso-64x64-outside.png
12:34:22.477 [FXGL Background Thread 1 ] DEBUG AssetLoader          - Loading from cache: /assets/textures/iso-64x64-outside.png
12:34:22.477 [FXGL Background Thread 1 ] DEBUG AssetLoader          - Loading from cache: /assets/textures/iso-64x64-outside.png
12:34:22.477 [FXGL Background Thread 1 ] DEBUG AssetLoader          - Loading from cache: /assets/textures/iso-64x64-outside.png
12:34:22.477 [FXGL Background Thread 1 ] DEBUG AssetLoader          - Loading from cache: /assets/textures/iso-64x64-outside.png
12:34:22.481 [FXGL Background Thread 1 ] DEBUG AssetLoader          - Loading from cache: /assets/textures/iso-64x64-outside.png
12:34:22.481 [FXGL Background Thread 1 ] DEBUG AssetLoader          - Loading from cache: /assets/textures/iso-64x64-outside.png
12:34:22.481 [FXGL Background Thread 1 ] DEBUG AssetLoader          - Loading from cache: /assets/textures/iso-64x64-outside.png
12:34:22.481 [FXGL Background Thread 1 ] DEBUG AssetLoader          - Loading from cache: /assets/textures/iso-64x64-outside.png
12:34:22.481 [FXGL Background Thread 1 ] DEBUG AssetLoader          - Loading from cache: /assets/textures/iso-64x64-outside.png
12:34:22.481 [FXGL Background Thread 1 ] DEBUG AssetLoader          - Loading from cache: /assets/textures/iso-64x64-outside.png
12:34:22.481 [FXGL Background Thread 1 ] DEBUG AssetLoader          - Loading from cache: /assets/textures/iso-64x64-outside.png
12:34:22.481 [FXGL Background Thread 1 ] DEBUG AssetLoader          - Loading from cache: /assets/textures/iso-64x64-outside.png
12:34:22.481 [FXGL Background Thread 1 ] DEBUG AssetLoader          - Loading from cache: /assets/textures/iso-64x64-outside.png
12:34:22.481 [FXGL Background Thread 1 ] DEBUG AssetLoader          - Loading from cache: /assets/textures/iso-64x64-outside.png
12:34:22.481 [FXGL Background Thread 1 ] DEBUG AssetLoader          - Loading from cache: /assets/textures/iso-64x64-outside.png
12:34:22.481 [FXGL Background Thread 1 ] DEBUG AssetLoader          - Loading from cache: /assets/textures/iso-64x64-outside.png
12:34:22.482 [FXGL Background Thread 1 ] DEBUG AssetLoader          - Loading from cache: /assets/textures/iso-64x64-outside.png
12:34:22.482 [FXGL Background Thread 1 ] DEBUG AssetLoader          - Loading from cache: /assets/textures/iso-64x64-outside.png
12:34:22.482 [FXGL Background Thread 1 ] DEBUG AssetLoader          - Loading from cache: /assets/textures/iso-64x64-outside.png
12:34:22.482 [FXGL Background Thread 1 ] DEBUG AssetLoader          - Loading from cache: /assets/textures/iso-64x64-outside.png
12:34:22.482 [FXGL Background Thread 1 ] DEBUG AssetLoader          - Loading from cache: /assets/textures/iso-64x64-outside.png
12:34:22.482 [FXGL Background Thread 1 ] DEBUG AssetLoader          - Loading from cache: /assets/textures/iso-64x64-outside.png
12:34:22.482 [FXGL Background Thread 1 ] DEBUG AssetLoader          - Loading from cache: /assets/textures/iso-64x64-outside.png
12:34:22.482 [FXGL Background Thread 1 ] DEBUG AssetLoader          - Loading from cache: /assets/textures/iso-64x64-outside.png
12:34:22.482 [FXGL Background Thread 1 ] DEBUG AssetLoader          - Loading from cache: /assets/textures/iso-64x64-outside.png
12:34:22.482 [FXGL Background Thread 1 ] DEBUG AssetLoader          - Loading from cache: /assets/textures/iso-64x64-outside.png
12:34:22.482 [FXGL Background Thread 1 ] DEBUG AssetLoader          - Loading from cache: /assets/textures/iso-64x64-outside.png
12:34:22.482 [FXGL Background Thread 1 ] DEBUG AssetLoader          - Loading from cache: /assets/textures/iso-64x64-outside.png
12:34:22.482 [FXGL Background Thread 1 ] DEBUG AssetLoader          - Loading from cache: /assets/textures/iso-64x64-outside.png
12:34:22.483 [FXGL Background Thread 1 ] DEBUG AssetLoader          - Loading from cache: /assets/textures/iso-64x64-outside.png
12:34:22.483 [FXGL Background Thread 1 ] DEBUG AssetLoader          - Loading from cache: /assets/textures/iso-64x64-outside.png
12:34:22.483 [FXGL Background Thread 1 ] DEBUG AssetLoader          - Loading from cache: /assets/textures/iso-64x64-outside.png
12:34:22.483 [FXGL Background Thread 1 ] DEBUG AssetLoader          - Loading from cache: /assets/textures/iso-64x64-outside.png
12:34:22.483 [FXGL Background Thread 1 ] DEBUG AssetLoader          - Loading from cache: /assets/textures/iso-64x64-outside.png
12:34:22.483 [FXGL Background Thread 1 ] DEBUG AssetLoader          - Loading from cache: /assets/textures/iso-64x64-outside.png
12:34:22.483 [FXGL Background Thread 1 ] DEBUG AssetLoader          - Loading from cache: /assets/textures/iso-64x64-outside.png
12:34:22.483 [FXGL Background Thread 1 ] DEBUG AssetLoader          - Loading from cache: /assets/textures/iso-64x64-outside.png
12:34:22.483 [FXGL Background Thread 1 ] DEBUG AssetLoader          - Loading from cache: /assets/textures/iso-64x64-outside.png
12:34:22.483 [FXGL Background Thread 1 ] DEBUG AssetLoader          - Loading from cache: /assets/textures/iso-64x64-outside.png
12:34:22.483 [FXGL Background Thread 1 ] DEBUG AssetLoader          - Loading from cache: /assets/textures/iso-64x64-outside.png
12:34:22.483 [FXGL Background Thread 1 ] DEBUG AssetLoader          - Loading from cache: /assets/textures/iso-64x64-outside.png
12:34:22.483 [FXGL Background Thread 1 ] DEBUG AssetLoader          - Loading from cache: /assets/textures/iso-64x64-outside.png
12:34:22.484 [FXGL Background Thread 1 ] DEBUG AssetLoader          - Loading from cache: /assets/textures/iso-64x64-outside.png
12:34:22.484 [FXGL Background Thread 1 ] DEBUG AssetLoader          - Loading from cache: /assets/textures/iso-64x64-outside.png
12:34:22.484 [FXGL Background Thread 1 ] DEBUG AssetLoader          - Loading from cache: /assets/textures/iso-64x64-outside.png
12:34:22.484 [FXGL Background Thread 1 ] DEBUG AssetLoader          - Loading from cache: /assets/textures/iso-64x64-outside.png
12:34:22.484 [FXGL Background Thread 1 ] DEBUG AssetLoader          - Loading from cache: /assets/textures/iso-64x64-outside.png
12:34:22.484 [FXGL Background Thread 1 ] DEBUG AssetLoader          - Loading from cache: /assets/textures/iso-64x64-outside.png
12:34:22.484 [FXGL Background Thread 1 ] DEBUG AssetLoader          - Loading from cache: /assets/textures/iso-64x64-outside.png
12:34:22.484 [FXGL Background Thread 1 ] DEBUG AssetLoader          - Loading from cache: /assets/textures/iso-64x64-outside.png
12:34:22.484 [FXGL Background Thread 1 ] DEBUG AssetLoader          - Loading from cache: /assets/textures/iso-64x64-outside.png
12:34:22.484 [FXGL Background Thread 1 ] DEBUG AssetLoader          - Loading from cache: /assets/textures/iso-64x64-outside.png
12:34:22.484 [FXGL Background Thread 1 ] DEBUG AssetLoader          - Loading from cache: /assets/textures/iso-64x64-outside.png
12:34:22.484 [FXGL Background Thread 1 ] DEBUG AssetLoader          - Loading from cache: /assets/textures/iso-64x64-outside.png
12:34:22.484 [FXGL Background Thread 1 ] DEBUG AssetLoader          - Loading from cache: /assets/textures/iso-64x64-outside.png
12:34:22.484 [FXGL Background Thread 1 ] DEBUG AssetLoader          - Loading from cache: /assets/textures/iso-64x64-outside.png
12:34:22.484 [FXGL Background Thread 1 ] DEBUG AssetLoader          - Loading from cache: /assets/textures/iso-64x64-outside.png
12:34:22.485 [FXGL Background Thread 1 ] DEBUG AssetLoader          - Loading from cache: /assets/textures/iso-64x64-outside.png
12:34:22.485 [FXGL Background Thread 1 ] DEBUG AssetLoader          - Loading from cache: /assets/textures/iso-64x64-outside.png
12:34:22.485 [FXGL Background Thread 1 ] DEBUG AssetLoader          - Loading from cache: /assets/textures/iso-64x64-outside.png
12:34:22.485 [FXGL Background Thread 1 ] DEBUG AssetLoader          - Loading from cache: /assets/textures/iso-64x64-outside.png
12:34:22.485 [FXGL Background Thread 1 ] DEBUG AssetLoader          - Loading from cache: /assets/textures/iso-64x64-outside.png
12:34:22.485 [FXGL Background Thread 1 ] DEBUG AssetLoader          - Loading from cache: /assets/textures/iso-64x64-outside.png
12:34:22.485 [FXGL Background Thread 1 ] DEBUG AssetLoader          - Loading from cache: /assets/textures/iso-64x64-outside.png
12:34:22.485 [FXGL Background Thread 1 ] DEBUG AssetLoader          - Loading from cache: /assets/textures/iso-64x64-outside.png
12:34:22.485 [FXGL Background Thread 1 ] DEBUG AssetLoader          - Loading from cache: /assets/textures/iso-64x64-outside.png
12:34:22.485 [FXGL Background Thread 1 ] DEBUG AssetLoader          - Loading from cache: /assets/textures/iso-64x64-outside.png
12:34:22.485 [FXGL Background Thread 1 ] DEBUG AssetLoader          - Loading from cache: /assets/textures/iso-64x64-outside.png
12:34:22.485 [FXGL Background Thread 1 ] DEBUG AssetLoader          - Loading from cache: /assets/textures/iso-64x64-outside.png
12:34:22.485 [FXGL Background Thread 1 ] DEBUG AssetLoader          - Loading from cache: /assets/textures/iso-64x64-outside.png
12:34:22.485 [FXGL Background Thread 1 ] DEBUG AssetLoader          - Loading from cache: /assets/textures/iso-64x64-outside.png
12:34:22.486 [FXGL Background Thread 1 ] DEBUG AssetLoader          - Loading from cache: /assets/textures/iso-64x64-outside.png
12:34:22.486 [FXGL Background Thread 1 ] DEBUG AssetLoader          - Loading from cache: /assets/textures/iso-64x64-outside.png
12:34:22.486 [FXGL Background Thread 1 ] DEBUG AssetLoader          - Loading from cache: /assets/textures/iso-64x64-outside.png
12:34:22.486 [FXGL Background Thread 1 ] DEBUG AssetLoader          - Loading from cache: /assets/textures/iso-64x64-outside.png
12:34:22.486 [FXGL Background Thread 1 ] DEBUG AssetLoader          - Loading from cache: /assets/textures/iso-64x64-outside.png
12:34:22.486 [FXGL Background Thread 1 ] DEBUG AssetLoader          - Loading from cache: /assets/textures/iso-64x64-outside.png
12:34:22.486 [FXGL Background Thread 1 ] DEBUG AssetLoader          - Loading from cache: /assets/textures/iso-64x64-outside.png
12:34:22.486 [FXGL Background Thread 1 ] DEBUG AssetLoader          - Loading from cache: /assets/textures/iso-64x64-outside.png
12:34:22.486 [FXGL Background Thread 1 ] DEBUG AssetLoader          - Loading from cache: /assets/textures/iso-64x64-outside.png
12:34:22.486 [FXGL Background Thread 1 ] DEBUG AssetLoader          - Loading from cache: /assets/textures/iso-64x64-outside.png
12:34:22.486 [FXGL Background Thread 1 ] DEBUG AssetLoader          - Loading from cache: /assets/textures/iso-64x64-outside.png
12:34:22.486 [FXGL Background Thread 1 ] DEBUG AssetLoader          - Loading from cache: /assets/textures/iso-64x64-outside.png
12:34:22.486 [FXGL Background Thread 1 ] DEBUG AssetLoader          - Loading from cache: /assets/textures/iso-64x64-outside.png
12:34:22.487 [FXGL Background Thread 1 ] DEBUG AssetLoader          - Loading from cache: /assets/textures/iso-64x64-outside.png
12:34:22.487 [FXGL Background Thread 1 ] DEBUG AssetLoader          - Loading from cache: /assets/textures/iso-64x64-outside.png
12:34:22.487 [FXGL Background Thread 1 ] DEBUG AssetLoader          - Loading from cache: /assets/textures/iso-64x64-outside.png
12:34:22.487 [FXGL Background Thread 1 ] DEBUG AssetLoader          - Loading from cache: /assets/textures/iso-64x64-outside.png
12:34:22.487 [FXGL Background Thread 1 ] DEBUG AssetLoader          - Loading from cache: /assets/textures/iso-64x64-outside.png
12:34:22.487 [FXGL Background Thread 1 ] DEBUG AssetLoader          - Loading from cache: /assets/textures/iso-64x64-outside.png
12:34:22.487 [FXGL Background Thread 1 ] DEBUG AssetLoader          - Loading from cache: /assets/textures/iso-64x64-outside.png
12:34:22.487 [FXGL Background Thread 1 ] DEBUG AssetLoader          - Loading from cache: /assets/textures/iso-64x64-outside.png
12:34:22.487 [FXGL Background Thread 1 ] DEBUG AssetLoader          - Loading from cache: /assets/textures/iso-64x64-outside.png
12:34:22.487 [FXGL Background Thread 1 ] DEBUG AssetLoader          - Loading from cache: /assets/textures/iso-64x64-outside.png
12:34:22.487 [FXGL Background Thread 1 ] DEBUG AssetLoader          - Loading from cache: /assets/textures/iso-64x64-outside.png
12:34:22.487 [FXGL Background Thread 1 ] DEBUG AssetLoader          - Loading from cache: /assets/textures/iso-64x64-outside.png
12:34:22.487 [FXGL Background Thread 1 ] DEBUG AssetLoader          - Loading from cache: /assets/textures/iso-64x64-outside.png
12:34:22.487 [FXGL Background Thread 1 ] DEBUG AssetLoader          - Loading from cache: /assets/textures/iso-64x64-outside.png
12:34:22.488 [FXGL Background Thread 1 ] DEBUG AssetLoader          - Loading from cache: /assets/textures/iso-64x64-outside.png
12:34:22.488 [FXGL Background Thread 1 ] DEBUG AssetLoader          - Loading from cache: /assets/textures/iso-64x64-outside.png
12:34:22.488 [FXGL Background Thread 1 ] DEBUG AssetLoader          - Loading from cache: /assets/textures/iso-64x64-outside.png
12:34:22.488 [FXGL Background Thread 1 ] DEBUG AssetLoader          - Loading from cache: /assets/textures/iso-64x64-outside.png
12:34:22.488 [FXGL Background Thread 1 ] DEBUG AssetLoader          - Loading from cache: /assets/textures/iso-64x64-outside.png
12:34:22.488 [FXGL Background Thread 1 ] DEBUG AssetLoader          - Loading from cache: /assets/textures/iso-64x64-outside.png
12:34:22.488 [FXGL Background Thread 1 ] DEBUG AssetLoader          - Loading from cache: /assets/textures/iso-64x64-outside.png
12:34:22.488 [FXGL Background Thread 1 ] DEBUG AssetLoader          - Loading from cache: /assets/textures/iso-64x64-outside.png
12:34:22.488 [FXGL Background Thread 1 ] DEBUG AssetLoader          - Loading from cache: /assets/textures/iso-64x64-outside.png
12:34:22.488 [FXGL Background Thread 1 ] DEBUG AssetLoader          - Loading from cache: /assets/textures/iso-64x64-outside.png
12:34:22.488 [FXGL Background Thread 1 ] DEBUG AssetLoader          - Loading from cache: /assets/textures/iso-64x64-outside.png
12:34:22.488 [FXGL Background Thread 1 ] DEBUG AssetLoader          - Loading from cache: /assets/textures/iso-64x64-outside.png
12:34:22.488 [FXGL Background Thread 1 ] DEBUG AssetLoader          - Loading from cache: /assets/textures/iso-64x64-outside.png
12:34:22.488 [FXGL Background Thread 1 ] DEBUG AssetLoader          - Loading from cache: /assets/textures/iso-64x64-outside.png
12:34:22.489 [FXGL Background Thread 1 ] DEBUG AssetLoader          - Loading from cache: /assets/textures/iso-64x64-outside.png
12:34:22.489 [FXGL Background Thread 1 ] DEBUG AssetLoader          - Loading from cache: /assets/textures/iso-64x64-outside.png
12:34:22.489 [FXGL Background Thread 1 ] DEBUG AssetLoader          - Loading from cache: /assets/textures/iso-64x64-outside.png
12:34:22.489 [FXGL Background Thread 1 ] DEBUG AssetLoader          - Loading from cache: /assets/textures/iso-64x64-outside.png
12:34:22.489 [FXGL Background Thread 1 ] DEBUG AssetLoader          - Loading from cache: /assets/textures/iso-64x64-outside.png
12:34:22.489 [FXGL Background Thread 1 ] DEBUG AssetLoader          - Loading from cache: /assets/textures/iso-64x64-outside.png
12:34:22.489 [FXGL Background Thread 1 ] DEBUG AssetLoader          - Loading from cache: /assets/textures/iso-64x64-outside.png
12:34:22.489 [FXGL Background Thread 1 ] DEBUG AssetLoader          - Loading from cache: /assets/textures/iso-64x64-outside.png
12:34:22.489 [FXGL Background Thread 1 ] DEBUG AssetLoader          - Loading from cache: /assets/textures/iso-64x64-outside.png
12:34:22.489 [FXGL Background Thread 1 ] DEBUG AssetLoader          - Loading from cache: /assets/textures/iso-64x64-outside.png
12:34:22.489 [FXGL Background Thread 1 ] DEBUG AssetLoader          - Loading from cache: /assets/textures/iso-64x64-outside.png
12:34:22.489 [FXGL Background Thread 1 ] DEBUG AssetLoader          - Loading from cache: /assets/textures/iso-64x64-outside.png
12:34:22.489 [FXGL Background Thread 1 ] DEBUG AssetLoader          - Loading from cache: /assets/textures/iso-64x64-outside.png
12:34:22.489 [FXGL Background Thread 1 ] DEBUG AssetLoader          - Loading from cache: /assets/textures/iso-64x64-outside.png
12:34:22.490 [FXGL Background Thread 1 ] DEBUG AssetLoader          - Loading from cache: /assets/textures/iso-64x64-outside.png
12:34:22.490 [FXGL Background Thread 1 ] DEBUG AssetLoader          - Loading from cache: /assets/textures/iso-64x64-outside.png
12:34:22.490 [FXGL Background Thread 1 ] DEBUG AssetLoader          - Loading from cache: /assets/textures/iso-64x64-outside.png
12:34:22.490 [FXGL Background Thread 1 ] DEBUG AssetLoader          - Loading from cache: /assets/textures/iso-64x64-outside.png
12:34:22.490 [FXGL Background Thread 1 ] DEBUG AssetLoader          - Loading from cache: /assets/textures/iso-64x64-outside.png
12:34:22.490 [FXGL Background Thread 1 ] DEBUG AssetLoader          - Loading from cache: /assets/textures/iso-64x64-outside.png
12:34:22.490 [FXGL Background Thread 1 ] DEBUG AssetLoader          - Loading from cache: /assets/textures/iso-64x64-outside.png
12:34:22.490 [FXGL Background Thread 1 ] DEBUG AssetLoader          - Loading from cache: /assets/textures/iso-64x64-outside.png
12:34:22.490 [FXGL Background Thread 1 ] DEBUG AssetLoader          - Loading from cache: /assets/textures/iso-64x64-outside.png
12:34:22.490 [FXGL Background Thread 1 ] DEBUG AssetLoader          - Loading from cache: /assets/textures/iso-64x64-outside.png
12:34:22.490 [FXGL Background Thread 1 ] DEBUG AssetLoader          - Loading from cache: /assets/textures/iso-64x64-outside.png
12:34:22.490 [FXGL Background Thread 1 ] DEBUG AssetLoader          - Loading from cache: /assets/textures/iso-64x64-outside.png
12:34:22.490 [FXGL Background Thread 1 ] DEBUG AssetLoader          - Loading from cache: /assets/textures/iso-64x64-outside.png
12:34:22.490 [FXGL Background Thread 1 ] DEBUG AssetLoader          - Loading from cache: /assets/textures/iso-64x64-outside.png
12:34:22.490 [FXGL Background Thread 1 ] DEBUG AssetLoader          - Loading from cache: /assets/textures/iso-64x64-outside.png
12:34:22.490 [FXGL Background Thread 1 ] DEBUG AssetLoader          - Loading from cache: /assets/textures/iso-64x64-outside.png
12:34:22.490 [FXGL Background Thread 1 ] DEBUG AssetLoader          - Loading from cache: /assets/textures/iso-64x64-outside.png
12:34:22.490 [FXGL Background Thread 1 ] DEBUG AssetLoader          - Loading from cache: /assets/textures/iso-64x64-outside.png
12:34:22.490 [FXGL Background Thread 1 ] DEBUG AssetLoader          - Loading from cache: /assets/textures/iso-64x64-outside.png
12:34:22.490 [FXGL Background Thread 1 ] DEBUG AssetLoader          - Loading from cache: /assets/textures/iso-64x64-outside.png
12:34:22.490 [FXGL Background Thread 1 ] DEBUG AssetLoader          - Loading from cache: /assets/textures/iso-64x64-outside.png
12:34:22.490 [FXGL Background Thread 1 ] DEBUG AssetLoader          - Loading from cache: /assets/textures/iso-64x64-outside.png
12:34:22.490 [FXGL Background Thread 1 ] DEBUG AssetLoader          - Loading from cache: /assets/textures/iso-64x64-outside.png
12:34:22.490 [FXGL Background Thread 1 ] DEBUG AssetLoader          - Loading from cache: /assets/textures/iso-64x64-outside.png
12:34:22.490 [FXGL Background Thread 1 ] DEBUG AssetLoader          - Loading from cache: /assets/textures/iso-64x64-outside.png
12:34:22.490 [FXGL Background Thread 1 ] DEBUG AssetLoader          - Loading from cache: /assets/textures/iso-64x64-outside.png
12:34:22.491 [FXGL Background Thread 1 ] DEBUG AssetLoader          - Loading from cache: /assets/textures/iso-64x64-outside.png
12:34:22.491 [FXGL Background Thread 1 ] DEBUG AssetLoader          - Loading from cache: /assets/textures/iso-64x64-outside.png
12:34:22.491 [FXGL Background Thread 1 ] DEBUG AssetLoader          - Loading from cache: /assets/textures/iso-64x64-outside.png
12:34:22.491 [FXGL Background Thread 1 ] DEBUG AssetLoader          - Loading from cache: /assets/textures/iso-64x64-outside.png
12:34:22.491 [FXGL Background Thread 1 ] DEBUG AssetLoader          - Loading from cache: /assets/textures/iso-64x64-outside.png
12:34:22.491 [FXGL Background Thread 1 ] DEBUG AssetLoader          - Loading from cache: /assets/textures/iso-64x64-outside.png
12:34:22.491 [FXGL Background Thread 1 ] DEBUG AssetLoader          - Loading from cache: /assets/textures/iso-64x64-outside.png
12:34:22.491 [FXGL Background Thread 1 ] DEBUG AssetLoader          - Loading from cache: /assets/textures/iso-64x64-outside.png
12:34:22.491 [FXGL Background Thread 1 ] DEBUG AssetLoader          - Loading from cache: /assets/textures/iso-64x64-outside.png
12:34:22.493 [FXGL Background Thread 1 ] DEBUG GameScene            - Creating render group for layer: BACKGROUND(1000)
12:34:22.516 [FXGL Background Thread 1 ] DEBUG AssetLoader          - Loading from cache: /assets/textures/iso-64x64-outside.png
12:34:22.516 [FXGL Background Thread 1 ] DEBUG AssetLoader          - Loading from cache: /assets/textures/iso-64x64-building.png
12:34:22.516 [FXGL Background Thread 1 ] DEBUG AssetLoader          - Loading from cache: /assets/textures/iso-64x64-building.png
12:34:22.516 [FXGL Background Thread 1 ] DEBUG AssetLoader          - Loading from cache: /assets/textures/iso-64x64-building.png
12:34:22.517 [FXGL Background Thread 1 ] DEBUG AssetLoader          - Loading from cache: /assets/textures/iso-64x64-outside.png
12:34:22.517 [FXGL Background Thread 1 ] DEBUG AssetLoader          - Loading from cache: /assets/textures/iso-64x64-building.png
12:34:22.517 [FXGL Background Thread 1 ] DEBUG AssetLoader          - Loading from cache: /assets/textures/iso-64x64-outside.png
12:34:22.517 [FXGL Background Thread 1 ] DEBUG AssetLoader          - Loading from cache: /assets/textures/iso-64x64-outside.png
12:34:22.517 [FXGL Background Thread 1 ] DEBUG AssetLoader          - Loading from cache: /assets/textures/iso-64x64-outside.png
12:34:22.517 [FXGL Background Thread 1 ] DEBUG AssetLoader          - Loading from cache: /assets/textures/iso-64x64-outside.png
12:34:22.517 [FXGL Background Thread 1 ] DEBUG AssetLoader          - Loading from cache: /assets/textures/iso-64x64-outside.png
12:34:22.517 [FXGL Background Thread 1 ] DEBUG AssetLoader          - Loading from cache: /assets/textures/iso-64x64-outside.png
12:34:22.517 [FXGL Background Thread 1 ] DEBUG AssetLoader          - Loading from cache: /assets/textures/iso-64x64-outside.png
12:34:22.517 [FXGL Background Thread 1 ] DEBUG AssetLoader          - Loading from cache: /assets/textures/iso-64x64-outside.png
12:34:22.517 [FXGL Background Thread 1 ] DEBUG AssetLoader          - Loading from cache: /assets/textures/iso-64x64-outside.png
12:34:22.517 [FXGL Background Thread 1 ] DEBUG AssetLoader          - Loading from cache: /assets/textures/iso-64x64-outside.png
12:34:22.517 [FXGL Background Thread 1 ] DEBUG AssetLoader          - Loading from cache: /assets/textures/iso-64x64-outside.png
12:34:22.517 [FXGL Background Thread 1 ] DEBUG AssetLoader          - Loading from cache: /assets/textures/iso-64x64-outside.png
12:34:22.518 [FXGL Background Thread 1 ] DEBUG AssetLoader          - Loading from cache: /assets/textures/iso-64x64-outside.png
12:34:22.518 [FXGL Background Thread 1 ] DEBUG AssetLoader          - Loading from cache: /assets/textures/iso-64x64-outside.png
12:34:22.518 [FXGL Background Thread 1 ] DEBUG AssetLoader          - Loading from cache: /assets/textures/iso-64x64-building.png
12:34:22.518 [FXGL Background Thread 1 ] DEBUG AssetLoader          - Loading from cache: /assets/textures/iso-64x64-building.png
12:34:22.518 [FXGL Background Thread 1 ] DEBUG AssetLoader          - Loading from cache: /assets/textures/iso-64x64-outside.png
12:34:22.518 [FXGL Background Thread 1 ] DEBUG AssetLoader          - Loading from cache: /assets/textures/iso-64x64-outside.png
12:34:22.518 [FXGL Background Thread 1 ] DEBUG AssetLoader          - Loading from cache: /assets/textures/iso-64x64-building.png
12:34:22.518 [FXGL Background Thread 1 ] DEBUG AssetLoader          - Loading from cache: /assets/textures/iso-64x64-building.png
12:34:22.518 [FXGL Background Thread 1 ] DEBUG AssetLoader          - Loading from cache: /assets/textures/iso-64x64-building.png
12:34:22.518 [FXGL Background Thread 1 ] DEBUG AssetLoader          - Loading from cache: /assets/textures/iso-64x64-outside.png
12:34:22.518 [FXGL Background Thread 1 ] DEBUG AssetLoader          - Loading from cache: /assets/textures/iso-64x64-outside.png
12:34:22.518 [FXGL Background Thread 1 ] DEBUG AssetLoader          - Loading from cache: /assets/textures/iso-64x64-outside.png
12:34:22.518 [FXGL Background Thread 1 ] DEBUG AssetLoader          - Loading from cache: /assets/textures/iso-64x64-outside.png
12:34:22.518 [FXGL Background Thread 1 ] DEBUG AssetLoader          - Loading from cache: /assets/textures/iso-64x64-outside.png
12:34:22.518 [FXGL Background Thread 1 ] DEBUG AssetLoader          - Loading from cache: /assets/textures/iso-64x64-outside.png
12:34:22.519 [FXGL Background Thread 1 ] DEBUG AssetLoader          - Loading from cache: /assets/textures/iso-64x64-outside.png
12:34:22.519 [FXGL Background Thread 1 ] DEBUG AssetLoader          - Loading from cache: /assets/textures/iso-64x64-outside.png
12:34:22.535 [FXGL Background Thread 1 ] DEBUG AssetLoader          - Loading from disk: /assets/textures/redHero.png
12:34:22.537 [FXGL Background Thread 1 ] DEBUG GameScene            - Creating render group for layer: DEFAULT(100000)
12:34:22.538 [FXGL Background Thread 1 ] DEBUG AssetLoader          - Loading from disk: /assets/textures/blueHero.png
12:34:22.545 [FXGL Background Thread 1 ] DEBUG AssetLoader          - Loading from disk: /assets/textures/greenHero.png
12:34:22.546 [FXGL Background Thread 1 ] DEBUG AssetLoader          - Loading from disk: /assets/textures/Hero1_full.png
12:34:22.549 [FXGL Background Thread 1 ] DEBUG InitAppTask          - Initializing Physics
12:34:22.549 [FXGL Background Thread 1 ] DEBUG InitAppTask          - Initializing UI
12:34:22.549 [FXGL Background Thread 1 ] DEBUG AssetLoader          - Loading from disk: /assets/ui/cursors/cursor.png
12:34:22.553 [FXGL Background Thread 1 ] DEBUG InitAppTask          - Initialization Complete
12:34:22.554 [FXGL Background Thread 1 ] INFO  InitAppTask          - Game initialization took: 0,450 sec
12:34:22.565 [JavaFX Application Thread] DEBUG Input                - Clearing active input actions
12:34:22.565 [JavaFX Application Thread] DEBUG AssetLoader          - Loading from disk: /assets/ui/css/fxgl_dark.css
12:34:22.569 [JavaFX Application Thread] DEBUG AppStateMachine      - LoadingState -> PlayState
12:34:24.038 [JavaFX Application Thread] DEBUG FXGL                 - Exiting FXGL
12:34:24.038 [JavaFX Application Thread] DEBUG FXGL                 - Shutting down background threads
12:34:24.038 [JavaFX Application Thread] INFO  Profiler             - Processed Frames: 134
12:34:24.039 [JavaFX Application Thread] INFO  Profiler             - Average FPS: 59
12:34:24.039 [JavaFX Application Thread] INFO  Profiler             - Avg Frame Took: 0,21 ms
12:34:24.039 [JavaFX Application Thread] INFO  Profiler             - Avg Memory Usage: 53 MB
12:34:24.039 [JavaFX Application Thread] INFO  Profiler             - Min Memory Usage: 9 MB
12:34:24.039 [JavaFX Application Thread] INFO  Profiler             - Max Memory Usage: 64 MB
12:34:24.039 [JavaFX Application Thread] INFO  Profiler             - Estimated GC runs: 5
12:34:24.039 [JavaFX Application Thread] DEBUG FXGL                 - Saving FXGL system data
12:34:24.041 [JavaFX Application Thread] DEBUG DesktopFSService     - Writing to: system\fxgl.bundle
12:34:24.043 [JavaFX Application Thread] DEBUG FXGL                 - Closing logger and exiting JavaFX
