13:49:49.538 [JavaFX Application Thread] DEBUG GameApplication      - Logger initialized
13:49:49.553 [JavaFX Application Thread] DEBUG GameApplication      - Logging settings
Title: Journey down the den
Version: 0.3
Width: 1920
Height: 1080
Fullscreen: true
Intro: false
Menus: false
Profiling: true
Single step:false
App Mode: DEVELOPER
Menu Key: ESCAPE
Stage Style: DECORATED
Scene Factory: class com.almasb.fxgl.scene.SceneFactory
Dialog Factory: class com.almasb.fxgl.ui.FXGLDialogFactory
UI Factory: class com.almasb.fxgl.ui.FXGLUIFactory
Notification Service: class com.almasb.fxgl.gameplay.notification.XboxNotificationView
Exception Handler: class com.almasb.fxgl.app.FXGLExceptionHandler
13:49:49.553 [JavaFX Application Thread] DEBUG GameApplication      - Starting FXGL
13:49:49.559 [JavaFX Application Thread] INFO  FXGL                 - FXGL-0.5.4 on DESKTOP
13:49:49.559 [JavaFX Application Thread] INFO  FXGL                 - Source code and latest versions at: https://github.com/AlmasB/FXGL
13:49:49.559 [JavaFX Application Thread] INFO  FXGL                 -              Join the FXGL chat at: https://gitter.im/AlmasB/FXGL
13:49:49.560 [JavaFX Application Thread] DEBUG FXGL                 - FXGL started
13:49:49.560 [JavaFX Application Thread] DEBUG FXGL                 - Initializing FXGL
13:49:49.610 [JavaFX Application Thread] DEBUG AssetLoader          - Loading from disk: /assets/ui/cursors/fxgl_default.png
13:49:49.689 [JavaFX Application Thread] DEBUG AssetLoader          - Loading from disk: /assets/ui/fonts/VarelaRound-Regular.ttf
13:49:50.033 [JavaFX Application Thread] DEBUG MainWindow           - Creating a JavaFX scene
13:49:50.076 [JavaFX Application Thread] DEBUG MainWindow           - Target settings size: 1920.0 x 1080.0
13:49:50.076 [JavaFX Application Thread] DEBUG MainWindow           - Scaled scene size:    1920.0 x 1080.0
13:49:50.076 [JavaFX Application Thread] DEBUG MainWindow           - Scaled ratio: (1.0, 1.0)
13:49:50.088 [JavaFX Application Thread] DEBUG AssetLoader          - Loading from disk: /assets/ui/css/fxgl_dark.css
13:49:50.091 [JavaFX Application Thread] DEBUG AssetLoader          - Loading from disk: /assets/textures/JDTD_icon.png
13:49:50.099 [JavaFX Application Thread] DEBUG MainWindow           - Opening main window
13:49:50.278 [JavaFX Application Thread] DEBUG MainWindow           - Window border size: (16.0, 20.0)
13:49:50.278 [JavaFX Application Thread] DEBUG MainWindow           - Scaled size: 1920.0 x 1080.0
13:49:50.278 [JavaFX Application Thread] DEBUG MainWindow           - Scaled ratio: (1.0, 1.0)
13:49:50.278 [JavaFX Application Thread] DEBUG MainWindow           - Scene size: 1920.0 x 1080.0
13:49:50.279 [JavaFX Application Thread] DEBUG MainWindow           - Stage size: 1936.0 x 1100.0
13:49:50.308 [ForkJoinPool.commonPool-worker-9] DEBUG FS                   - Loaded DesktopFSService
13:49:50.309 [ForkJoinPool.commonPool-worker-9] DEBUG FXGL                 - Loading FXGL system data
13:49:50.314 [ForkJoinPool.commonPool-worker-9] DEBUG DesktopFSService     - Reading from: system\fxgl.bundle
13:49:50.322 [ForkJoinPool.commonPool-worker-9] DEBUG Bundle               - Logging bundle: FXGL
13:49:50.323 [ForkJoinPool.commonPool-worker-9] DEBUG Bundle               - FXGL.offline.timer.version.check=2020-11-18T09:51:52.340
13:49:50.324 [ForkJoinPool.commonPool-worker-9] DEBUG FXGL                 - Initializing state machine and application states
13:49:50.326 [ForkJoinPool.commonPool-worker-9] DEBUG AssetLoader          - Loading from disk: /assets/ui/cursors/fxgl_default.png
13:49:50.334 [ForkJoinPool.commonPool-worker-9] DEBUG AssetLoader          - Loading from disk: /assets/ui/cursors/fxgl_default.png
13:49:50.340 [ForkJoinPool.commonPool-worker-9] DEBUG AssetLoader          - Loading from cache: /assets/ui/fonts/VarelaRound-Regular.ttf
13:49:50.342 [ForkJoinPool.commonPool-worker-9] DEBUG AssetLoader          - Loading from disk: /assets/ui/cursors/fxgl_default.png
13:49:50.343 [ForkJoinPool.commonPool-worker-9] DEBUG AssetLoader          - Loading from disk: /assets/ui/fonts/lucida_console.ttf
13:49:50.349 [ForkJoinPool.commonPool-worker-9] DEBUG GameScene            - Game scene initialized: 1920x1080
13:49:50.355 [ForkJoinPool.commonPool-worker-9] DEBUG GameWorld            - Game world initialized
13:49:50.401 [ForkJoinPool.commonPool-worker-9] DEBUG PhysicsWorld         - Physics world initialized: appHeight=1080, physics.ppm=50,0
13:49:50.430 [ForkJoinPool.commonPool-worker-9] DEBUG Input                - Registered new binding: Pause - Esc
13:49:50.461 [JavaFX Application Thread] DEBUG FXGL                 - Running preInit()
13:49:50.463 [JavaFX Application Thread] DEBUG Input                - Registered new binding: Screenshot - P
13:49:50.464 [JavaFX Application Thread] DEBUG Input                - Registered new binding: Dev Options - CTRL+0
13:49:50.464 [JavaFX Application Thread] DEBUG Input                - Registered new binding: System info dump - CTRL+9
13:49:50.465 [JavaFX Application Thread] DEBUG Input                - Registered new binding: Restart - CTRL+R
13:49:50.465 [JavaFX Application Thread] DEBUG Input                - Registered new binding: Show grid - F
13:49:50.466 [JavaFX Application Thread] INFO  FXGL                 - FXGL initialization took: 0,905 sec
13:49:50.466 [JavaFX Application Thread] DEBUG LoopRunner           - Starting loop
13:49:50.468 [JavaFX Application Thread] DEBUG StartupState         - STARTUP
13:49:50.468 [JavaFX Application Thread] DEBUG GameApplication      - Starting new game
13:49:50.468 [JavaFX Application Thread] DEBUG Input                - Clearing active input actions
13:49:50.469 [JavaFX Application Thread] DEBUG AssetLoader          - Loading from disk: /assets/ui/css/fxgl_dark.css
13:49:50.474 [JavaFX Application Thread] DEBUG AppStateMachine      - StartupState -> LoadingState
13:49:50.478 [FXGL Background Thread 1 ] DEBUG InitAppTask          - Clearing previous game
13:49:50.478 [FXGL Background Thread 1 ] DEBUG GameWorld            - Clearing game world
13:49:50.478 [FXGL Background Thread 1 ] DEBUG PhysicsWorld         - Clearing physics world
13:49:50.478 [FXGL Background Thread 1 ] DEBUG GameScene            - Clearing game scene
13:49:50.479 [FXGL Background Thread 1 ] DEBUG InitAppTask          - Initializing Game
13:49:50.486 [FXGL Background Thread 1 ] DEBUG AssetLoader          - Loading from disk: /assets/tmx/map1.tmx
13:49:50.516 [FXGL Background Thread 1 ] WARN  TMXParser            - TiledMap generated from 1.4.2. Supported version: 1.1.2. Some features may not be parsed fully.
13:49:50.543 [FXGL Background Thread 1 ] DEBUG GameWorld            - Clearing removable entities
13:49:50.543 [FXGL Background Thread 1 ] DEBUG GameWorld            - Setting level from map
13:49:50.582 [FXGL Background Thread 1 ] DEBUG AssetLoader          - Loading from disk: /assets/textures/iso-64x64-outside.png
13:49:50.607 [FXGL Background Thread 1 ] DEBUG AssetLoader          - Loading from cache: /assets/textures/iso-64x64-outside.png
13:49:50.608 [FXGL Background Thread 1 ] DEBUG AssetLoader          - Loading from cache: /assets/textures/iso-64x64-outside.png
13:49:50.608 [FXGL Background Thread 1 ] DEBUG AssetLoader          - Loading from cache: /assets/textures/iso-64x64-outside.png
13:49:50.608 [FXGL Background Thread 1 ] DEBUG AssetLoader          - Loading from cache: /assets/textures/iso-64x64-outside.png
13:49:50.608 [FXGL Background Thread 1 ] DEBUG AssetLoader          - Loading from cache: /assets/textures/iso-64x64-outside.png
13:49:50.608 [FXGL Background Thread 1 ] DEBUG AssetLoader          - Loading from cache: /assets/textures/iso-64x64-outside.png
13:49:50.608 [FXGL Background Thread 1 ] DEBUG AssetLoader          - Loading from cache: /assets/textures/iso-64x64-outside.png
13:49:50.608 [FXGL Background Thread 1 ] DEBUG AssetLoader          - Loading from cache: /assets/textures/iso-64x64-outside.png
13:49:50.608 [FXGL Background Thread 1 ] DEBUG AssetLoader          - Loading from cache: /assets/textures/iso-64x64-outside.png
13:49:50.609 [FXGL Background Thread 1 ] DEBUG AssetLoader          - Loading from cache: /assets/textures/iso-64x64-outside.png
13:49:50.609 [FXGL Background Thread 1 ] DEBUG AssetLoader          - Loading from cache: /assets/textures/iso-64x64-outside.png
13:49:50.609 [FXGL Background Thread 1 ] DEBUG AssetLoader          - Loading from cache: /assets/textures/iso-64x64-outside.png
13:49:50.609 [FXGL Background Thread 1 ] DEBUG AssetLoader          - Loading from cache: /assets/textures/iso-64x64-outside.png
13:49:50.609 [FXGL Background Thread 1 ] DEBUG AssetLoader          - Loading from cache: /assets/textures/iso-64x64-outside.png
13:49:50.609 [FXGL Background Thread 1 ] DEBUG AssetLoader          - Loading from cache: /assets/textures/iso-64x64-outside.png
13:49:50.609 [FXGL Background Thread 1 ] DEBUG AssetLoader          - Loading from cache: /assets/textures/iso-64x64-outside.png
13:49:50.609 [FXGL Background Thread 1 ] DEBUG AssetLoader          - Loading from cache: /assets/textures/iso-64x64-outside.png
13:49:50.610 [FXGL Background Thread 1 ] DEBUG AssetLoader          - Loading from cache: /assets/textures/iso-64x64-outside.png
13:49:50.610 [FXGL Background Thread 1 ] DEBUG AssetLoader          - Loading from cache: /assets/textures/iso-64x64-outside.png
13:49:50.610 [FXGL Background Thread 1 ] DEBUG AssetLoader          - Loading from cache: /assets/textures/iso-64x64-outside.png
13:49:50.610 [FXGL Background Thread 1 ] DEBUG AssetLoader          - Loading from cache: /assets/textures/iso-64x64-outside.png
13:49:50.610 [FXGL Background Thread 1 ] DEBUG AssetLoader          - Loading from cache: /assets/textures/iso-64x64-outside.png
13:49:50.610 [FXGL Background Thread 1 ] DEBUG AssetLoader          - Loading from cache: /assets/textures/iso-64x64-outside.png
13:49:50.610 [FXGL Background Thread 1 ] DEBUG AssetLoader          - Loading from cache: /assets/textures/iso-64x64-outside.png
13:49:50.610 [FXGL Background Thread 1 ] DEBUG AssetLoader          - Loading from cache: /assets/textures/iso-64x64-outside.png
13:49:50.610 [FXGL Background Thread 1 ] DEBUG AssetLoader          - Loading from cache: /assets/textures/iso-64x64-outside.png
13:49:50.611 [FXGL Background Thread 1 ] DEBUG AssetLoader          - Loading from cache: /assets/textures/iso-64x64-outside.png
13:49:50.611 [FXGL Background Thread 1 ] DEBUG AssetLoader          - Loading from cache: /assets/textures/iso-64x64-outside.png
13:49:50.611 [FXGL Background Thread 1 ] DEBUG AssetLoader          - Loading from cache: /assets/textures/iso-64x64-outside.png
13:49:50.611 [FXGL Background Thread 1 ] DEBUG AssetLoader          - Loading from cache: /assets/textures/iso-64x64-outside.png
13:49:50.611 [FXGL Background Thread 1 ] DEBUG AssetLoader          - Loading from cache: /assets/textures/iso-64x64-outside.png
13:49:50.611 [FXGL Background Thread 1 ] DEBUG AssetLoader          - Loading from cache: /assets/textures/iso-64x64-outside.png
13:49:50.611 [FXGL Background Thread 1 ] DEBUG AssetLoader          - Loading from cache: /assets/textures/iso-64x64-outside.png
13:49:50.611 [FXGL Background Thread 1 ] DEBUG AssetLoader          - Loading from cache: /assets/textures/iso-64x64-outside.png
13:49:50.612 [FXGL Background Thread 1 ] DEBUG AssetLoader          - Loading from cache: /assets/textures/iso-64x64-outside.png
13:49:50.612 [FXGL Background Thread 1 ] DEBUG AssetLoader          - Loading from cache: /assets/textures/iso-64x64-outside.png
13:49:50.612 [FXGL Background Thread 1 ] DEBUG AssetLoader          - Loading from cache: /assets/textures/iso-64x64-outside.png
13:49:50.612 [FXGL Background Thread 1 ] DEBUG AssetLoader          - Loading from cache: /assets/textures/iso-64x64-outside.png
13:49:50.612 [FXGL Background Thread 1 ] DEBUG AssetLoader          - Loading from cache: /assets/textures/iso-64x64-outside.png
13:49:50.612 [FXGL Background Thread 1 ] DEBUG AssetLoader          - Loading from cache: /assets/textures/iso-64x64-outside.png
13:49:50.612 [FXGL Background Thread 1 ] DEBUG AssetLoader          - Loading from cache: /assets/textures/iso-64x64-outside.png
13:49:50.612 [FXGL Background Thread 1 ] DEBUG AssetLoader          - Loading from cache: /assets/textures/iso-64x64-outside.png
13:49:50.612 [FXGL Background Thread 1 ] DEBUG AssetLoader          - Loading from cache: /assets/textures/iso-64x64-outside.png
13:49:50.613 [FXGL Background Thread 1 ] DEBUG AssetLoader          - Loading from cache: /assets/textures/iso-64x64-outside.png
13:49:50.613 [FXGL Background Thread 1 ] DEBUG AssetLoader          - Loading from cache: /assets/textures/iso-64x64-outside.png
13:49:50.613 [FXGL Background Thread 1 ] DEBUG AssetLoader          - Loading from cache: /assets/textures/iso-64x64-outside.png
13:49:50.613 [FXGL Background Thread 1 ] DEBUG AssetLoader          - Loading from cache: /assets/textures/iso-64x64-outside.png
13:49:50.613 [FXGL Background Thread 1 ] DEBUG AssetLoader          - Loading from cache: /assets/textures/iso-64x64-outside.png
13:49:50.613 [FXGL Background Thread 1 ] DEBUG AssetLoader          - Loading from cache: /assets/textures/iso-64x64-outside.png
13:49:50.613 [FXGL Background Thread 1 ] DEBUG AssetLoader          - Loading from cache: /assets/textures/iso-64x64-outside.png
13:49:50.613 [FXGL Background Thread 1 ] DEBUG AssetLoader          - Loading from cache: /assets/textures/iso-64x64-outside.png
13:49:50.613 [FXGL Background Thread 1 ] DEBUG AssetLoader          - Loading from cache: /assets/textures/iso-64x64-outside.png
13:49:50.614 [FXGL Background Thread 1 ] DEBUG AssetLoader          - Loading from cache: /assets/textures/iso-64x64-outside.png
13:49:50.614 [FXGL Background Thread 1 ] DEBUG AssetLoader          - Loading from cache: /assets/textures/iso-64x64-outside.png
13:49:50.614 [FXGL Background Thread 1 ] DEBUG AssetLoader          - Loading from cache: /assets/textures/iso-64x64-outside.png
13:49:50.614 [FXGL Background Thread 1 ] DEBUG AssetLoader          - Loading from cache: /assets/textures/iso-64x64-outside.png
13:49:50.614 [FXGL Background Thread 1 ] DEBUG AssetLoader          - Loading from cache: /assets/textures/iso-64x64-outside.png
13:49:50.614 [FXGL Background Thread 1 ] DEBUG AssetLoader          - Loading from cache: /assets/textures/iso-64x64-outside.png
13:49:50.614 [FXGL Background Thread 1 ] DEBUG AssetLoader          - Loading from cache: /assets/textures/iso-64x64-outside.png
13:49:50.614 [FXGL Background Thread 1 ] DEBUG AssetLoader          - Loading from cache: /assets/textures/iso-64x64-outside.png
13:49:50.614 [FXGL Background Thread 1 ] DEBUG AssetLoader          - Loading from cache: /assets/textures/iso-64x64-outside.png
13:49:50.615 [FXGL Background Thread 1 ] DEBUG AssetLoader          - Loading from cache: /assets/textures/iso-64x64-outside.png
13:49:50.615 [FXGL Background Thread 1 ] DEBUG AssetLoader          - Loading from cache: /assets/textures/iso-64x64-outside.png
13:49:50.615 [FXGL Background Thread 1 ] DEBUG AssetLoader          - Loading from cache: /assets/textures/iso-64x64-outside.png
13:49:50.615 [FXGL Background Thread 1 ] DEBUG AssetLoader          - Loading from cache: /assets/textures/iso-64x64-outside.png
13:49:50.615 [FXGL Background Thread 1 ] DEBUG AssetLoader          - Loading from cache: /assets/textures/iso-64x64-outside.png
13:49:50.615 [FXGL Background Thread 1 ] DEBUG AssetLoader          - Loading from cache: /assets/textures/iso-64x64-outside.png
13:49:50.615 [FXGL Background Thread 1 ] DEBUG AssetLoader          - Loading from cache: /assets/textures/iso-64x64-outside.png
13:49:50.615 [FXGL Background Thread 1 ] DEBUG AssetLoader          - Loading from cache: /assets/textures/iso-64x64-outside.png
13:49:50.615 [FXGL Background Thread 1 ] DEBUG AssetLoader          - Loading from cache: /assets/textures/iso-64x64-outside.png
13:49:50.615 [FXGL Background Thread 1 ] DEBUG AssetLoader          - Loading from cache: /assets/textures/iso-64x64-outside.png
13:49:50.616 [FXGL Background Thread 1 ] DEBUG AssetLoader          - Loading from cache: /assets/textures/iso-64x64-outside.png
13:49:50.616 [FXGL Background Thread 1 ] DEBUG AssetLoader          - Loading from cache: /assets/textures/iso-64x64-outside.png
13:49:50.616 [FXGL Background Thread 1 ] DEBUG AssetLoader          - Loading from cache: /assets/textures/iso-64x64-outside.png
13:49:50.616 [FXGL Background Thread 1 ] DEBUG AssetLoader          - Loading from cache: /assets/textures/iso-64x64-outside.png
13:49:50.616 [FXGL Background Thread 1 ] DEBUG AssetLoader          - Loading from cache: /assets/textures/iso-64x64-outside.png
13:49:50.616 [FXGL Background Thread 1 ] DEBUG AssetLoader          - Loading from cache: /assets/textures/iso-64x64-outside.png
13:49:50.616 [FXGL Background Thread 1 ] DEBUG AssetLoader          - Loading from cache: /assets/textures/iso-64x64-outside.png
13:49:50.616 [FXGL Background Thread 1 ] DEBUG AssetLoader          - Loading from cache: /assets/textures/iso-64x64-outside.png
13:49:50.616 [FXGL Background Thread 1 ] DEBUG AssetLoader          - Loading from cache: /assets/textures/iso-64x64-outside.png
13:49:50.616 [FXGL Background Thread 1 ] DEBUG AssetLoader          - Loading from cache: /assets/textures/iso-64x64-outside.png
13:49:50.617 [FXGL Background Thread 1 ] DEBUG AssetLoader          - Loading from cache: /assets/textures/iso-64x64-outside.png
13:49:50.617 [FXGL Background Thread 1 ] DEBUG AssetLoader          - Loading from cache: /assets/textures/iso-64x64-outside.png
13:49:50.617 [FXGL Background Thread 1 ] DEBUG AssetLoader          - Loading from cache: /assets/textures/iso-64x64-outside.png
13:49:50.617 [FXGL Background Thread 1 ] DEBUG AssetLoader          - Loading from cache: /assets/textures/iso-64x64-outside.png
13:49:50.617 [FXGL Background Thread 1 ] DEBUG AssetLoader          - Loading from cache: /assets/textures/iso-64x64-outside.png
13:49:50.617 [FXGL Background Thread 1 ] DEBUG AssetLoader          - Loading from cache: /assets/textures/iso-64x64-outside.png
13:49:50.617 [FXGL Background Thread 1 ] DEBUG AssetLoader          - Loading from cache: /assets/textures/iso-64x64-outside.png
13:49:50.617 [FXGL Background Thread 1 ] DEBUG AssetLoader          - Loading from cache: /assets/textures/iso-64x64-outside.png
13:49:50.618 [FXGL Background Thread 1 ] DEBUG AssetLoader          - Loading from cache: /assets/textures/iso-64x64-outside.png
13:49:50.618 [FXGL Background Thread 1 ] DEBUG AssetLoader          - Loading from cache: /assets/textures/iso-64x64-outside.png
13:49:50.618 [FXGL Background Thread 1 ] DEBUG AssetLoader          - Loading from cache: /assets/textures/iso-64x64-outside.png
13:49:50.618 [FXGL Background Thread 1 ] DEBUG AssetLoader          - Loading from cache: /assets/textures/iso-64x64-outside.png
13:49:50.618 [FXGL Background Thread 1 ] DEBUG AssetLoader          - Loading from cache: /assets/textures/iso-64x64-outside.png
13:49:50.618 [FXGL Background Thread 1 ] DEBUG AssetLoader          - Loading from cache: /assets/textures/iso-64x64-outside.png
13:49:50.618 [FXGL Background Thread 1 ] DEBUG AssetLoader          - Loading from cache: /assets/textures/iso-64x64-outside.png
13:49:50.618 [FXGL Background Thread 1 ] DEBUG AssetLoader          - Loading from cache: /assets/textures/iso-64x64-outside.png
13:49:50.618 [FXGL Background Thread 1 ] DEBUG AssetLoader          - Loading from cache: /assets/textures/iso-64x64-outside.png
13:49:50.618 [FXGL Background Thread 1 ] DEBUG AssetLoader          - Loading from cache: /assets/textures/iso-64x64-outside.png
13:49:50.619 [FXGL Background Thread 1 ] DEBUG AssetLoader          - Loading from disk: /assets/textures/iso-64x64-building.png
13:49:50.629 [FXGL Background Thread 1 ] DEBUG AssetLoader          - Loading from cache: /assets/textures/iso-64x64-outside.png
13:49:50.629 [FXGL Background Thread 1 ] DEBUG AssetLoader          - Loading from cache: /assets/textures/iso-64x64-outside.png
13:49:50.629 [FXGL Background Thread 1 ] DEBUG AssetLoader          - Loading from cache: /assets/textures/iso-64x64-outside.png
13:49:50.630 [FXGL Background Thread 1 ] DEBUG AssetLoader          - Loading from cache: /assets/textures/iso-64x64-outside.png
13:49:50.630 [FXGL Background Thread 1 ] DEBUG AssetLoader          - Loading from cache: /assets/textures/iso-64x64-outside.png
13:49:50.630 [FXGL Background Thread 1 ] DEBUG AssetLoader          - Loading from cache: /assets/textures/iso-64x64-outside.png
13:49:50.630 [FXGL Background Thread 1 ] DEBUG AssetLoader          - Loading from cache: /assets/textures/iso-64x64-outside.png
13:49:50.630 [FXGL Background Thread 1 ] DEBUG AssetLoader          - Loading from cache: /assets/textures/iso-64x64-outside.png
13:49:50.630 [FXGL Background Thread 1 ] DEBUG AssetLoader          - Loading from cache: /assets/textures/iso-64x64-outside.png
13:49:50.630 [FXGL Background Thread 1 ] DEBUG AssetLoader          - Loading from cache: /assets/textures/iso-64x64-outside.png
13:49:50.630 [FXGL Background Thread 1 ] DEBUG AssetLoader          - Loading from cache: /assets/textures/iso-64x64-outside.png
13:49:50.630 [FXGL Background Thread 1 ] DEBUG AssetLoader          - Loading from cache: /assets/textures/iso-64x64-outside.png
13:49:50.631 [FXGL Background Thread 1 ] DEBUG AssetLoader          - Loading from cache: /assets/textures/iso-64x64-building.png
13:49:50.631 [FXGL Background Thread 1 ] DEBUG AssetLoader          - Loading from cache: /assets/textures/iso-64x64-building.png
13:49:50.631 [FXGL Background Thread 1 ] DEBUG AssetLoader          - Loading from cache: /assets/textures/iso-64x64-outside.png
13:49:50.631 [FXGL Background Thread 1 ] DEBUG AssetLoader          - Loading from cache: /assets/textures/iso-64x64-outside.png
13:49:50.631 [FXGL Background Thread 1 ] DEBUG AssetLoader          - Loading from cache: /assets/textures/iso-64x64-outside.png
13:49:50.631 [FXGL Background Thread 1 ] DEBUG AssetLoader          - Loading from cache: /assets/textures/iso-64x64-outside.png
13:49:50.631 [FXGL Background Thread 1 ] DEBUG AssetLoader          - Loading from cache: /assets/textures/iso-64x64-outside.png
13:49:50.631 [FXGL Background Thread 1 ] DEBUG AssetLoader          - Loading from cache: /assets/textures/iso-64x64-building.png
13:49:50.631 [FXGL Background Thread 1 ] DEBUG AssetLoader          - Loading from cache: /assets/textures/iso-64x64-outside.png
13:49:50.632 [FXGL Background Thread 1 ] DEBUG AssetLoader          - Loading from cache: /assets/textures/iso-64x64-outside.png
13:49:50.632 [FXGL Background Thread 1 ] DEBUG AssetLoader          - Loading from cache: /assets/textures/iso-64x64-outside.png
13:49:50.632 [FXGL Background Thread 1 ] DEBUG AssetLoader          - Loading from cache: /assets/textures/iso-64x64-outside.png
13:49:50.632 [FXGL Background Thread 1 ] DEBUG AssetLoader          - Loading from cache: /assets/textures/iso-64x64-outside.png
13:49:50.632 [FXGL Background Thread 1 ] DEBUG AssetLoader          - Loading from cache: /assets/textures/iso-64x64-outside.png
13:49:50.632 [FXGL Background Thread 1 ] DEBUG AssetLoader          - Loading from cache: /assets/textures/iso-64x64-building.png
13:49:50.632 [FXGL Background Thread 1 ] DEBUG AssetLoader          - Loading from cache: /assets/textures/iso-64x64-building.png
13:49:50.632 [FXGL Background Thread 1 ] DEBUG AssetLoader          - Loading from cache: /assets/textures/iso-64x64-outside.png
13:49:50.632 [FXGL Background Thread 1 ] DEBUG AssetLoader          - Loading from cache: /assets/textures/iso-64x64-outside.png
13:49:50.633 [FXGL Background Thread 1 ] DEBUG AssetLoader          - Loading from cache: /assets/textures/iso-64x64-outside.png
13:49:50.633 [FXGL Background Thread 1 ] DEBUG AssetLoader          - Loading from cache: /assets/textures/iso-64x64-outside.png
13:49:50.633 [FXGL Background Thread 1 ] DEBUG AssetLoader          - Loading from cache: /assets/textures/iso-64x64-building.png
13:49:50.633 [FXGL Background Thread 1 ] DEBUG AssetLoader          - Loading from cache: /assets/textures/iso-64x64-outside.png
13:49:50.633 [FXGL Background Thread 1 ] DEBUG AssetLoader          - Loading from cache: /assets/textures/iso-64x64-outside.png
13:49:50.633 [FXGL Background Thread 1 ] DEBUG AssetLoader          - Loading from cache: /assets/textures/iso-64x64-outside.png
13:49:50.633 [FXGL Background Thread 1 ] DEBUG AssetLoader          - Loading from cache: /assets/textures/iso-64x64-outside.png
13:49:50.633 [FXGL Background Thread 1 ] DEBUG AssetLoader          - Loading from cache: /assets/textures/iso-64x64-outside.png
13:49:50.633 [FXGL Background Thread 1 ] DEBUG AssetLoader          - Loading from cache: /assets/textures/iso-64x64-outside.png
13:49:50.633 [FXGL Background Thread 1 ] DEBUG AssetLoader          - Loading from cache: /assets/textures/iso-64x64-outside.png
13:49:50.634 [FXGL Background Thread 1 ] DEBUG AssetLoader          - Loading from cache: /assets/textures/iso-64x64-outside.png
13:49:50.634 [FXGL Background Thread 1 ] DEBUG AssetLoader          - Loading from cache: /assets/textures/iso-64x64-outside.png
13:49:50.634 [FXGL Background Thread 1 ] DEBUG AssetLoader          - Loading from cache: /assets/textures/iso-64x64-building.png
13:49:50.634 [FXGL Background Thread 1 ] DEBUG AssetLoader          - Loading from cache: /assets/textures/iso-64x64-outside.png
13:49:50.634 [FXGL Background Thread 1 ] DEBUG AssetLoader          - Loading from cache: /assets/textures/iso-64x64-outside.png
13:49:50.634 [FXGL Background Thread 1 ] DEBUG AssetLoader          - Loading from cache: /assets/textures/iso-64x64-outside.png
13:49:50.634 [FXGL Background Thread 1 ] DEBUG AssetLoader          - Loading from cache: /assets/textures/iso-64x64-building.png
13:49:50.634 [FXGL Background Thread 1 ] DEBUG AssetLoader          - Loading from cache: /assets/textures/iso-64x64-outside.png
13:49:50.634 [FXGL Background Thread 1 ] DEBUG AssetLoader          - Loading from cache: /assets/textures/iso-64x64-outside.png
13:49:50.634 [FXGL Background Thread 1 ] DEBUG AssetLoader          - Loading from cache: /assets/textures/iso-64x64-outside.png
13:49:50.634 [FXGL Background Thread 1 ] DEBUG AssetLoader          - Loading from cache: /assets/textures/iso-64x64-outside.png
13:49:50.635 [FXGL Background Thread 1 ] DEBUG AssetLoader          - Loading from cache: /assets/textures/iso-64x64-outside.png
13:49:50.635 [FXGL Background Thread 1 ] DEBUG AssetLoader          - Loading from cache: /assets/textures/iso-64x64-outside.png
13:49:50.635 [FXGL Background Thread 1 ] DEBUG AssetLoader          - Loading from cache: /assets/textures/iso-64x64-outside.png
13:49:50.635 [FXGL Background Thread 1 ] DEBUG AssetLoader          - Loading from cache: /assets/textures/iso-64x64-outside.png
13:49:50.635 [FXGL Background Thread 1 ] DEBUG AssetLoader          - Loading from cache: /assets/textures/iso-64x64-outside.png
13:49:50.635 [FXGL Background Thread 1 ] DEBUG AssetLoader          - Loading from cache: /assets/textures/iso-64x64-building.png
13:49:50.635 [FXGL Background Thread 1 ] DEBUG AssetLoader          - Loading from cache: /assets/textures/iso-64x64-outside.png
13:49:50.635 [FXGL Background Thread 1 ] DEBUG AssetLoader          - Loading from cache: /assets/textures/iso-64x64-outside.png
13:49:50.635 [FXGL Background Thread 1 ] DEBUG AssetLoader          - Loading from cache: /assets/textures/iso-64x64-building.png
13:49:50.635 [FXGL Background Thread 1 ] DEBUG AssetLoader          - Loading from cache: /assets/textures/iso-64x64-outside.png
13:49:50.636 [FXGL Background Thread 1 ] DEBUG AssetLoader          - Loading from cache: /assets/textures/iso-64x64-outside.png
13:49:50.636 [FXGL Background Thread 1 ] DEBUG AssetLoader          - Loading from cache: /assets/textures/iso-64x64-outside.png
13:49:50.636 [FXGL Background Thread 1 ] DEBUG AssetLoader          - Loading from cache: /assets/textures/iso-64x64-outside.png
13:49:50.636 [FXGL Background Thread 1 ] DEBUG AssetLoader          - Loading from cache: /assets/textures/iso-64x64-outside.png
13:49:50.636 [FXGL Background Thread 1 ] DEBUG AssetLoader          - Loading from cache: /assets/textures/iso-64x64-outside.png
13:49:50.636 [FXGL Background Thread 1 ] DEBUG AssetLoader          - Loading from cache: /assets/textures/iso-64x64-outside.png
13:49:50.636 [FXGL Background Thread 1 ] DEBUG AssetLoader          - Loading from cache: /assets/textures/iso-64x64-outside.png
13:49:50.636 [FXGL Background Thread 1 ] DEBUG AssetLoader          - Loading from cache: /assets/textures/iso-64x64-outside.png
13:49:50.636 [FXGL Background Thread 1 ] DEBUG AssetLoader          - Loading from cache: /assets/textures/iso-64x64-outside.png
13:49:50.636 [FXGL Background Thread 1 ] DEBUG AssetLoader          - Loading from cache: /assets/textures/iso-64x64-outside.png
13:49:50.636 [FXGL Background Thread 1 ] DEBUG AssetLoader          - Loading from cache: /assets/textures/iso-64x64-building.png
13:49:50.637 [FXGL Background Thread 1 ] DEBUG AssetLoader          - Loading from cache: /assets/textures/iso-64x64-outside.png
13:49:50.637 [FXGL Background Thread 1 ] DEBUG AssetLoader          - Loading from cache: /assets/textures/iso-64x64-building.png
13:49:50.637 [FXGL Background Thread 1 ] DEBUG AssetLoader          - Loading from cache: /assets/textures/iso-64x64-outside.png
13:49:50.637 [FXGL Background Thread 1 ] DEBUG AssetLoader          - Loading from cache: /assets/textures/iso-64x64-outside.png
13:49:50.637 [FXGL Background Thread 1 ] DEBUG AssetLoader          - Loading from cache: /assets/textures/iso-64x64-outside.png
13:49:50.637 [FXGL Background Thread 1 ] DEBUG AssetLoader          - Loading from cache: /assets/textures/iso-64x64-outside.png
13:49:50.637 [FXGL Background Thread 1 ] DEBUG AssetLoader          - Loading from cache: /assets/textures/iso-64x64-outside.png
13:49:50.637 [FXGL Background Thread 1 ] DEBUG AssetLoader          - Loading from cache: /assets/textures/iso-64x64-outside.png
13:49:50.637 [FXGL Background Thread 1 ] DEBUG AssetLoader          - Loading from cache: /assets/textures/iso-64x64-outside.png
13:49:50.637 [FXGL Background Thread 1 ] DEBUG AssetLoader          - Loading from cache: /assets/textures/iso-64x64-outside.png
13:49:50.638 [FXGL Background Thread 1 ] DEBUG AssetLoader          - Loading from cache: /assets/textures/iso-64x64-outside.png
13:49:50.638 [FXGL Background Thread 1 ] DEBUG AssetLoader          - Loading from cache: /assets/textures/iso-64x64-outside.png
13:49:50.638 [FXGL Background Thread 1 ] DEBUG AssetLoader          - Loading from cache: /assets/textures/iso-64x64-outside.png
13:49:50.638 [FXGL Background Thread 1 ] DEBUG AssetLoader          - Loading from cache: /assets/textures/iso-64x64-building.png
13:49:50.638 [FXGL Background Thread 1 ] DEBUG AssetLoader          - Loading from cache: /assets/textures/iso-64x64-building.png
13:49:50.638 [FXGL Background Thread 1 ] DEBUG AssetLoader          - Loading from cache: /assets/textures/iso-64x64-outside.png
13:49:50.638 [FXGL Background Thread 1 ] DEBUG AssetLoader          - Loading from cache: /assets/textures/iso-64x64-outside.png
13:49:50.638 [FXGL Background Thread 1 ] DEBUG AssetLoader          - Loading from cache: /assets/textures/iso-64x64-outside.png
13:49:50.638 [FXGL Background Thread 1 ] DEBUG AssetLoader          - Loading from cache: /assets/textures/iso-64x64-outside.png
13:49:50.638 [FXGL Background Thread 1 ] DEBUG AssetLoader          - Loading from cache: /assets/textures/iso-64x64-outside.png
13:49:50.638 [FXGL Background Thread 1 ] DEBUG AssetLoader          - Loading from cache: /assets/textures/iso-64x64-outside.png
13:49:50.639 [FXGL Background Thread 1 ] DEBUG AssetLoader          - Loading from cache: /assets/textures/iso-64x64-outside.png
13:49:50.639 [FXGL Background Thread 1 ] DEBUG AssetLoader          - Loading from cache: /assets/textures/iso-64x64-outside.png
13:49:50.639 [FXGL Background Thread 1 ] DEBUG AssetLoader          - Loading from cache: /assets/textures/iso-64x64-outside.png
13:49:50.639 [FXGL Background Thread 1 ] DEBUG AssetLoader          - Loading from cache: /assets/textures/iso-64x64-outside.png
13:49:50.639 [FXGL Background Thread 1 ] DEBUG AssetLoader          - Loading from cache: /assets/textures/iso-64x64-outside.png
13:49:50.639 [FXGL Background Thread 1 ] DEBUG AssetLoader          - Loading from cache: /assets/textures/iso-64x64-outside.png
13:49:50.639 [FXGL Background Thread 1 ] DEBUG AssetLoader          - Loading from cache: /assets/textures/iso-64x64-outside.png
13:49:50.639 [FXGL Background Thread 1 ] DEBUG AssetLoader          - Loading from cache: /assets/textures/iso-64x64-building.png
13:49:50.639 [FXGL Background Thread 1 ] DEBUG AssetLoader          - Loading from cache: /assets/textures/iso-64x64-outside.png
13:49:50.639 [FXGL Background Thread 1 ] DEBUG AssetLoader          - Loading from cache: /assets/textures/iso-64x64-outside.png
13:49:50.640 [FXGL Background Thread 1 ] DEBUG AssetLoader          - Loading from cache: /assets/textures/iso-64x64-outside.png
13:49:50.640 [FXGL Background Thread 1 ] DEBUG AssetLoader          - Loading from cache: /assets/textures/iso-64x64-outside.png
13:49:50.643 [FXGL Background Thread 1 ] DEBUG AssetLoader          - Loading from cache: /assets/textures/iso-64x64-outside.png
13:49:50.643 [FXGL Background Thread 1 ] DEBUG AssetLoader          - Loading from cache: /assets/textures/iso-64x64-outside.png
13:49:50.643 [FXGL Background Thread 1 ] DEBUG AssetLoader          - Loading from cache: /assets/textures/iso-64x64-outside.png
13:49:50.643 [FXGL Background Thread 1 ] DEBUG AssetLoader          - Loading from cache: /assets/textures/iso-64x64-outside.png
13:49:50.643 [FXGL Background Thread 1 ] DEBUG AssetLoader          - Loading from cache: /assets/textures/iso-64x64-outside.png
13:49:50.643 [FXGL Background Thread 1 ] DEBUG AssetLoader          - Loading from cache: /assets/textures/iso-64x64-outside.png
13:49:50.643 [FXGL Background Thread 1 ] DEBUG AssetLoader          - Loading from cache: /assets/textures/iso-64x64-outside.png
13:49:50.644 [FXGL Background Thread 1 ] DEBUG AssetLoader          - Loading from cache: /assets/textures/iso-64x64-outside.png
13:49:50.644 [FXGL Background Thread 1 ] DEBUG AssetLoader          - Loading from cache: /assets/textures/iso-64x64-building.png
13:49:50.644 [FXGL Background Thread 1 ] DEBUG AssetLoader          - Loading from cache: /assets/textures/iso-64x64-building.png
13:49:50.644 [FXGL Background Thread 1 ] DEBUG AssetLoader          - Loading from cache: /assets/textures/iso-64x64-outside.png
13:49:50.644 [FXGL Background Thread 1 ] DEBUG AssetLoader          - Loading from cache: /assets/textures/iso-64x64-outside.png
13:49:50.644 [FXGL Background Thread 1 ] DEBUG AssetLoader          - Loading from cache: /assets/textures/iso-64x64-outside.png
13:49:50.644 [FXGL Background Thread 1 ] DEBUG AssetLoader          - Loading from cache: /assets/textures/iso-64x64-outside.png
13:49:50.644 [FXGL Background Thread 1 ] DEBUG AssetLoader          - Loading from cache: /assets/textures/iso-64x64-outside.png
13:49:50.644 [FXGL Background Thread 1 ] DEBUG AssetLoader          - Loading from cache: /assets/textures/iso-64x64-outside.png
13:49:50.644 [FXGL Background Thread 1 ] DEBUG AssetLoader          - Loading from cache: /assets/textures/iso-64x64-outside.png
13:49:50.644 [FXGL Background Thread 1 ] DEBUG AssetLoader          - Loading from cache: /assets/textures/iso-64x64-outside.png
13:49:50.645 [FXGL Background Thread 1 ] DEBUG AssetLoader          - Loading from cache: /assets/textures/iso-64x64-outside.png
13:49:50.645 [FXGL Background Thread 1 ] DEBUG AssetLoader          - Loading from cache: /assets/textures/iso-64x64-outside.png
13:49:50.645 [FXGL Background Thread 1 ] DEBUG AssetLoader          - Loading from cache: /assets/textures/iso-64x64-outside.png
13:49:50.645 [FXGL Background Thread 1 ] DEBUG AssetLoader          - Loading from cache: /assets/textures/iso-64x64-outside.png
13:49:50.645 [FXGL Background Thread 1 ] DEBUG AssetLoader          - Loading from cache: /assets/textures/iso-64x64-building.png
13:49:50.645 [FXGL Background Thread 1 ] DEBUG AssetLoader          - Loading from cache: /assets/textures/iso-64x64-outside.png
13:49:50.645 [FXGL Background Thread 1 ] DEBUG AssetLoader          - Loading from cache: /assets/textures/iso-64x64-building.png
13:49:50.645 [FXGL Background Thread 1 ] DEBUG AssetLoader          - Loading from cache: /assets/textures/iso-64x64-outside.png
13:49:50.645 [FXGL Background Thread 1 ] DEBUG AssetLoader          - Loading from cache: /assets/textures/iso-64x64-outside.png
13:49:50.645 [FXGL Background Thread 1 ] DEBUG AssetLoader          - Loading from cache: /assets/textures/iso-64x64-outside.png
13:49:50.646 [FXGL Background Thread 1 ] DEBUG AssetLoader          - Loading from cache: /assets/textures/iso-64x64-outside.png
13:49:50.646 [FXGL Background Thread 1 ] DEBUG AssetLoader          - Loading from cache: /assets/textures/iso-64x64-outside.png
13:49:50.646 [FXGL Background Thread 1 ] DEBUG AssetLoader          - Loading from cache: /assets/textures/iso-64x64-outside.png
13:49:50.646 [FXGL Background Thread 1 ] DEBUG AssetLoader          - Loading from cache: /assets/textures/iso-64x64-outside.png
13:49:50.646 [FXGL Background Thread 1 ] DEBUG AssetLoader          - Loading from cache: /assets/textures/iso-64x64-outside.png
13:49:50.646 [FXGL Background Thread 1 ] DEBUG AssetLoader          - Loading from cache: /assets/textures/iso-64x64-outside.png
13:49:50.646 [FXGL Background Thread 1 ] DEBUG AssetLoader          - Loading from cache: /assets/textures/iso-64x64-outside.png
13:49:50.646 [FXGL Background Thread 1 ] DEBUG AssetLoader          - Loading from cache: /assets/textures/iso-64x64-outside.png
13:49:50.646 [FXGL Background Thread 1 ] DEBUG AssetLoader          - Loading from cache: /assets/textures/iso-64x64-outside.png
13:49:50.646 [FXGL Background Thread 1 ] DEBUG AssetLoader          - Loading from cache: /assets/textures/iso-64x64-outside.png
13:49:50.646 [FXGL Background Thread 1 ] DEBUG AssetLoader          - Loading from cache: /assets/textures/iso-64x64-building.png
13:49:50.647 [FXGL Background Thread 1 ] DEBUG AssetLoader          - Loading from cache: /assets/textures/iso-64x64-outside.png
13:49:50.647 [FXGL Background Thread 1 ] DEBUG AssetLoader          - Loading from cache: /assets/textures/iso-64x64-outside.png
13:49:50.647 [FXGL Background Thread 1 ] DEBUG AssetLoader          - Loading from cache: /assets/textures/iso-64x64-outside.png
13:49:50.647 [FXGL Background Thread 1 ] DEBUG AssetLoader          - Loading from cache: /assets/textures/iso-64x64-outside.png
13:49:50.647 [FXGL Background Thread 1 ] DEBUG AssetLoader          - Loading from cache: /assets/textures/iso-64x64-outside.png
13:49:50.647 [FXGL Background Thread 1 ] DEBUG AssetLoader          - Loading from cache: /assets/textures/iso-64x64-outside.png
13:49:50.647 [FXGL Background Thread 1 ] DEBUG AssetLoader          - Loading from cache: /assets/textures/iso-64x64-outside.png
13:49:50.647 [FXGL Background Thread 1 ] DEBUG AssetLoader          - Loading from cache: /assets/textures/iso-64x64-outside.png
13:49:50.647 [FXGL Background Thread 1 ] DEBUG AssetLoader          - Loading from cache: /assets/textures/iso-64x64-outside.png
13:49:50.647 [FXGL Background Thread 1 ] DEBUG AssetLoader          - Loading from cache: /assets/textures/iso-64x64-building.png
13:49:50.648 [FXGL Background Thread 1 ] DEBUG AssetLoader          - Loading from cache: /assets/textures/iso-64x64-outside.png
13:49:50.648 [FXGL Background Thread 1 ] DEBUG AssetLoader          - Loading from cache: /assets/textures/iso-64x64-building.png
13:49:50.648 [FXGL Background Thread 1 ] DEBUG AssetLoader          - Loading from cache: /assets/textures/iso-64x64-outside.png
13:49:50.648 [FXGL Background Thread 1 ] DEBUG AssetLoader          - Loading from cache: /assets/textures/iso-64x64-outside.png
13:49:50.648 [FXGL Background Thread 1 ] DEBUG AssetLoader          - Loading from cache: /assets/textures/iso-64x64-building.png
13:49:50.648 [FXGL Background Thread 1 ] DEBUG AssetLoader          - Loading from cache: /assets/textures/iso-64x64-outside.png
13:49:50.648 [FXGL Background Thread 1 ] DEBUG AssetLoader          - Loading from cache: /assets/textures/iso-64x64-outside.png
13:49:50.648 [FXGL Background Thread 1 ] DEBUG AssetLoader          - Loading from cache: /assets/textures/iso-64x64-outside.png
13:49:50.648 [FXGL Background Thread 1 ] DEBUG AssetLoader          - Loading from cache: /assets/textures/iso-64x64-outside.png
13:49:50.648 [FXGL Background Thread 1 ] DEBUG AssetLoader          - Loading from cache: /assets/textures/iso-64x64-outside.png
13:49:50.648 [FXGL Background Thread 1 ] DEBUG AssetLoader          - Loading from cache: /assets/textures/iso-64x64-outside.png
13:49:50.649 [FXGL Background Thread 1 ] DEBUG AssetLoader          - Loading from cache: /assets/textures/iso-64x64-outside.png
13:49:50.649 [FXGL Background Thread 1 ] DEBUG AssetLoader          - Loading from cache: /assets/textures/iso-64x64-outside.png
13:49:50.649 [FXGL Background Thread 1 ] DEBUG AssetLoader          - Loading from cache: /assets/textures/iso-64x64-building.png
13:49:50.649 [FXGL Background Thread 1 ] DEBUG AssetLoader          - Loading from cache: /assets/textures/iso-64x64-building.png
13:49:50.649 [FXGL Background Thread 1 ] DEBUG AssetLoader          - Loading from cache: /assets/textures/iso-64x64-outside.png
13:49:50.649 [FXGL Background Thread 1 ] DEBUG AssetLoader          - Loading from cache: /assets/textures/iso-64x64-outside.png
13:49:50.649 [FXGL Background Thread 1 ] DEBUG AssetLoader          - Loading from cache: /assets/textures/iso-64x64-outside.png
13:49:50.649 [FXGL Background Thread 1 ] DEBUG AssetLoader          - Loading from cache: /assets/textures/iso-64x64-building.png
13:49:50.649 [FXGL Background Thread 1 ] DEBUG AssetLoader          - Loading from cache: /assets/textures/iso-64x64-outside.png
13:49:50.649 [FXGL Background Thread 1 ] DEBUG AssetLoader          - Loading from cache: /assets/textures/iso-64x64-outside.png
13:49:50.649 [FXGL Background Thread 1 ] DEBUG AssetLoader          - Loading from cache: /assets/textures/iso-64x64-outside.png
13:49:50.649 [FXGL Background Thread 1 ] DEBUG AssetLoader          - Loading from cache: /assets/textures/iso-64x64-outside.png
13:49:50.650 [FXGL Background Thread 1 ] DEBUG AssetLoader          - Loading from cache: /assets/textures/iso-64x64-outside.png
13:49:50.650 [FXGL Background Thread 1 ] DEBUG AssetLoader          - Loading from cache: /assets/textures/iso-64x64-outside.png
13:49:50.650 [FXGL Background Thread 1 ] DEBUG AssetLoader          - Loading from cache: /assets/textures/iso-64x64-outside.png
13:49:50.650 [FXGL Background Thread 1 ] DEBUG AssetLoader          - Loading from cache: /assets/textures/iso-64x64-outside.png
13:49:50.650 [FXGL Background Thread 1 ] DEBUG AssetLoader          - Loading from cache: /assets/textures/iso-64x64-outside.png
13:49:50.650 [FXGL Background Thread 1 ] DEBUG AssetLoader          - Loading from cache: /assets/textures/iso-64x64-building.png
13:49:50.650 [FXGL Background Thread 1 ] DEBUG AssetLoader          - Loading from cache: /assets/textures/iso-64x64-outside.png
13:49:50.650 [FXGL Background Thread 1 ] DEBUG AssetLoader          - Loading from cache: /assets/textures/iso-64x64-outside.png
13:49:50.650 [FXGL Background Thread 1 ] DEBUG AssetLoader          - Loading from cache: /assets/textures/iso-64x64-outside.png
13:49:50.650 [FXGL Background Thread 1 ] DEBUG AssetLoader          - Loading from cache: /assets/textures/iso-64x64-outside.png
13:49:50.650 [FXGL Background Thread 1 ] DEBUG AssetLoader          - Loading from cache: /assets/textures/iso-64x64-outside.png
13:49:50.650 [FXGL Background Thread 1 ] DEBUG AssetLoader          - Loading from cache: /assets/textures/iso-64x64-outside.png
13:49:50.650 [FXGL Background Thread 1 ] DEBUG AssetLoader          - Loading from cache: /assets/textures/iso-64x64-outside.png
13:49:50.651 [FXGL Background Thread 1 ] DEBUG AssetLoader          - Loading from cache: /assets/textures/iso-64x64-outside.png
13:49:50.651 [FXGL Background Thread 1 ] DEBUG AssetLoader          - Loading from cache: /assets/textures/iso-64x64-outside.png
13:49:50.651 [FXGL Background Thread 1 ] DEBUG AssetLoader          - Loading from cache: /assets/textures/iso-64x64-outside.png
13:49:50.651 [FXGL Background Thread 1 ] DEBUG AssetLoader          - Loading from cache: /assets/textures/iso-64x64-outside.png
13:49:50.651 [FXGL Background Thread 1 ] DEBUG AssetLoader          - Loading from cache: /assets/textures/iso-64x64-outside.png
13:49:50.651 [FXGL Background Thread 1 ] DEBUG AssetLoader          - Loading from cache: /assets/textures/iso-64x64-outside.png
13:49:50.651 [FXGL Background Thread 1 ] DEBUG AssetLoader          - Loading from cache: /assets/textures/iso-64x64-outside.png
13:49:50.651 [FXGL Background Thread 1 ] DEBUG AssetLoader          - Loading from cache: /assets/textures/iso-64x64-outside.png
13:49:50.651 [FXGL Background Thread 1 ] DEBUG AssetLoader          - Loading from cache: /assets/textures/iso-64x64-outside.png
13:49:50.651 [FXGL Background Thread 1 ] DEBUG AssetLoader          - Loading from cache: /assets/textures/iso-64x64-outside.png
13:49:50.651 [FXGL Background Thread 1 ] DEBUG AssetLoader          - Loading from cache: /assets/textures/iso-64x64-outside.png
13:49:50.651 [FXGL Background Thread 1 ] DEBUG AssetLoader          - Loading from cache: /assets/textures/iso-64x64-outside.png
13:49:50.651 [FXGL Background Thread 1 ] DEBUG AssetLoader          - Loading from cache: /assets/textures/iso-64x64-outside.png
13:49:50.652 [FXGL Background Thread 1 ] DEBUG AssetLoader          - Loading from cache: /assets/textures/iso-64x64-outside.png
13:49:50.652 [FXGL Background Thread 1 ] DEBUG AssetLoader          - Loading from cache: /assets/textures/iso-64x64-outside.png
13:49:50.652 [FXGL Background Thread 1 ] DEBUG AssetLoader          - Loading from cache: /assets/textures/iso-64x64-outside.png
13:49:50.652 [FXGL Background Thread 1 ] DEBUG AssetLoader          - Loading from cache: /assets/textures/iso-64x64-outside.png
13:49:50.652 [FXGL Background Thread 1 ] DEBUG AssetLoader          - Loading from cache: /assets/textures/iso-64x64-outside.png
13:49:50.652 [FXGL Background Thread 1 ] DEBUG AssetLoader          - Loading from cache: /assets/textures/iso-64x64-outside.png
13:49:50.652 [FXGL Background Thread 1 ] DEBUG AssetLoader          - Loading from cache: /assets/textures/iso-64x64-outside.png
13:49:50.652 [FXGL Background Thread 1 ] DEBUG AssetLoader          - Loading from cache: /assets/textures/iso-64x64-outside.png
13:49:50.652 [FXGL Background Thread 1 ] DEBUG AssetLoader          - Loading from cache: /assets/textures/iso-64x64-outside.png
13:49:50.652 [FXGL Background Thread 1 ] DEBUG AssetLoader          - Loading from cache: /assets/textures/iso-64x64-outside.png
13:49:50.652 [FXGL Background Thread 1 ] DEBUG AssetLoader          - Loading from cache: /assets/textures/iso-64x64-outside.png
13:49:50.652 [FXGL Background Thread 1 ] DEBUG AssetLoader          - Loading from cache: /assets/textures/iso-64x64-outside.png
13:49:50.652 [FXGL Background Thread 1 ] DEBUG AssetLoader          - Loading from cache: /assets/textures/iso-64x64-outside.png
13:49:50.653 [FXGL Background Thread 1 ] DEBUG AssetLoader          - Loading from cache: /assets/textures/iso-64x64-outside.png
13:49:50.653 [FXGL Background Thread 1 ] DEBUG AssetLoader          - Loading from cache: /assets/textures/iso-64x64-outside.png
13:49:50.653 [FXGL Background Thread 1 ] DEBUG AssetLoader          - Loading from cache: /assets/textures/iso-64x64-outside.png
13:49:50.653 [FXGL Background Thread 1 ] DEBUG AssetLoader          - Loading from cache: /assets/textures/iso-64x64-outside.png
13:49:50.653 [FXGL Background Thread 1 ] DEBUG AssetLoader          - Loading from cache: /assets/textures/iso-64x64-outside.png
13:49:50.653 [FXGL Background Thread 1 ] DEBUG AssetLoader          - Loading from cache: /assets/textures/iso-64x64-outside.png
13:49:50.653 [FXGL Background Thread 1 ] DEBUG AssetLoader          - Loading from cache: /assets/textures/iso-64x64-outside.png
13:49:50.653 [FXGL Background Thread 1 ] DEBUG AssetLoader          - Loading from cache: /assets/textures/iso-64x64-outside.png
13:49:50.653 [FXGL Background Thread 1 ] DEBUG AssetLoader          - Loading from cache: /assets/textures/iso-64x64-outside.png
13:49:50.653 [FXGL Background Thread 1 ] DEBUG AssetLoader          - Loading from cache: /assets/textures/iso-64x64-outside.png
13:49:50.653 [FXGL Background Thread 1 ] DEBUG AssetLoader          - Loading from cache: /assets/textures/iso-64x64-outside.png
13:49:50.653 [FXGL Background Thread 1 ] DEBUG AssetLoader          - Loading from cache: /assets/textures/iso-64x64-outside.png
13:49:50.653 [FXGL Background Thread 1 ] DEBUG AssetLoader          - Loading from cache: /assets/textures/iso-64x64-outside.png
13:49:50.654 [FXGL Background Thread 1 ] DEBUG AssetLoader          - Loading from cache: /assets/textures/iso-64x64-outside.png
13:49:50.654 [FXGL Background Thread 1 ] DEBUG AssetLoader          - Loading from cache: /assets/textures/iso-64x64-outside.png
13:49:50.654 [FXGL Background Thread 1 ] DEBUG AssetLoader          - Loading from cache: /assets/textures/iso-64x64-outside.png
13:49:50.654 [FXGL Background Thread 1 ] DEBUG AssetLoader          - Loading from cache: /assets/textures/iso-64x64-outside.png
13:49:50.654 [FXGL Background Thread 1 ] DEBUG AssetLoader          - Loading from cache: /assets/textures/iso-64x64-outside.png
13:49:50.654 [FXGL Background Thread 1 ] DEBUG AssetLoader          - Loading from cache: /assets/textures/iso-64x64-outside.png
13:49:50.654 [FXGL Background Thread 1 ] DEBUG AssetLoader          - Loading from cache: /assets/textures/iso-64x64-outside.png
13:49:50.654 [FXGL Background Thread 1 ] DEBUG AssetLoader          - Loading from cache: /assets/textures/iso-64x64-outside.png
13:49:50.654 [FXGL Background Thread 1 ] DEBUG AssetLoader          - Loading from cache: /assets/textures/iso-64x64-outside.png
13:49:50.654 [FXGL Background Thread 1 ] DEBUG AssetLoader          - Loading from cache: /assets/textures/iso-64x64-outside.png
13:49:50.654 [FXGL Background Thread 1 ] DEBUG AssetLoader          - Loading from cache: /assets/textures/iso-64x64-outside.png
13:49:50.654 [FXGL Background Thread 1 ] DEBUG AssetLoader          - Loading from cache: /assets/textures/iso-64x64-outside.png
13:49:50.654 [FXGL Background Thread 1 ] DEBUG AssetLoader          - Loading from cache: /assets/textures/iso-64x64-outside.png
13:49:50.655 [FXGL Background Thread 1 ] DEBUG AssetLoader          - Loading from cache: /assets/textures/iso-64x64-outside.png
13:49:50.655 [FXGL Background Thread 1 ] DEBUG AssetLoader          - Loading from cache: /assets/textures/iso-64x64-outside.png
13:49:50.655 [FXGL Background Thread 1 ] DEBUG AssetLoader          - Loading from cache: /assets/textures/iso-64x64-outside.png
13:49:50.655 [FXGL Background Thread 1 ] DEBUG AssetLoader          - Loading from cache: /assets/textures/iso-64x64-outside.png
13:49:50.655 [FXGL Background Thread 1 ] DEBUG AssetLoader          - Loading from cache: /assets/textures/iso-64x64-outside.png
13:49:50.655 [FXGL Background Thread 1 ] DEBUG AssetLoader          - Loading from cache: /assets/textures/iso-64x64-outside.png
13:49:50.655 [FXGL Background Thread 1 ] DEBUG AssetLoader          - Loading from cache: /assets/textures/iso-64x64-outside.png
13:49:50.655 [FXGL Background Thread 1 ] DEBUG AssetLoader          - Loading from cache: /assets/textures/iso-64x64-outside.png
13:49:50.655 [FXGL Background Thread 1 ] DEBUG AssetLoader          - Loading from cache: /assets/textures/iso-64x64-outside.png
13:49:50.655 [FXGL Background Thread 1 ] DEBUG AssetLoader          - Loading from cache: /assets/textures/iso-64x64-outside.png
13:49:50.655 [FXGL Background Thread 1 ] DEBUG AssetLoader          - Loading from cache: /assets/textures/iso-64x64-outside.png
13:49:50.655 [FXGL Background Thread 1 ] DEBUG AssetLoader          - Loading from cache: /assets/textures/iso-64x64-outside.png
13:49:50.655 [FXGL Background Thread 1 ] DEBUG AssetLoader          - Loading from cache: /assets/textures/iso-64x64-outside.png
13:49:50.656 [FXGL Background Thread 1 ] DEBUG AssetLoader          - Loading from cache: /assets/textures/iso-64x64-outside.png
13:49:50.656 [FXGL Background Thread 1 ] DEBUG AssetLoader          - Loading from cache: /assets/textures/iso-64x64-outside.png
13:49:50.656 [FXGL Background Thread 1 ] DEBUG AssetLoader          - Loading from cache: /assets/textures/iso-64x64-outside.png
13:49:50.656 [FXGL Background Thread 1 ] DEBUG AssetLoader          - Loading from cache: /assets/textures/iso-64x64-outside.png
13:49:50.656 [FXGL Background Thread 1 ] DEBUG AssetLoader          - Loading from cache: /assets/textures/iso-64x64-outside.png
13:49:50.656 [FXGL Background Thread 1 ] DEBUG AssetLoader          - Loading from cache: /assets/textures/iso-64x64-outside.png
13:49:50.656 [FXGL Background Thread 1 ] DEBUG AssetLoader          - Loading from cache: /assets/textures/iso-64x64-outside.png
13:49:50.656 [FXGL Background Thread 1 ] DEBUG AssetLoader          - Loading from cache: /assets/textures/iso-64x64-outside.png
13:49:50.656 [FXGL Background Thread 1 ] DEBUG AssetLoader          - Loading from cache: /assets/textures/iso-64x64-outside.png
13:49:50.656 [FXGL Background Thread 1 ] DEBUG AssetLoader          - Loading from cache: /assets/textures/iso-64x64-outside.png
13:49:50.656 [FXGL Background Thread 1 ] DEBUG AssetLoader          - Loading from cache: /assets/textures/iso-64x64-outside.png
13:49:50.656 [FXGL Background Thread 1 ] DEBUG AssetLoader          - Loading from cache: /assets/textures/iso-64x64-outside.png
13:49:50.656 [FXGL Background Thread 1 ] DEBUG AssetLoader          - Loading from cache: /assets/textures/iso-64x64-outside.png
13:49:50.657 [FXGL Background Thread 1 ] DEBUG AssetLoader          - Loading from cache: /assets/textures/iso-64x64-outside.png
13:49:50.657 [FXGL Background Thread 1 ] DEBUG AssetLoader          - Loading from cache: /assets/textures/iso-64x64-outside.png
13:49:50.657 [FXGL Background Thread 1 ] DEBUG AssetLoader          - Loading from cache: /assets/textures/iso-64x64-outside.png
13:49:50.657 [FXGL Background Thread 1 ] DEBUG AssetLoader          - Loading from cache: /assets/textures/iso-64x64-outside.png
13:49:50.657 [FXGL Background Thread 1 ] DEBUG AssetLoader          - Loading from cache: /assets/textures/iso-64x64-outside.png
13:49:50.657 [FXGL Background Thread 1 ] DEBUG AssetLoader          - Loading from cache: /assets/textures/iso-64x64-outside.png
13:49:50.657 [FXGL Background Thread 1 ] DEBUG AssetLoader          - Loading from cache: /assets/textures/iso-64x64-outside.png
13:49:50.657 [FXGL Background Thread 1 ] DEBUG AssetLoader          - Loading from cache: /assets/textures/iso-64x64-outside.png
13:49:50.657 [FXGL Background Thread 1 ] DEBUG AssetLoader          - Loading from cache: /assets/textures/iso-64x64-outside.png
13:49:50.657 [FXGL Background Thread 1 ] DEBUG AssetLoader          - Loading from cache: /assets/textures/iso-64x64-outside.png
13:49:50.657 [FXGL Background Thread 1 ] DEBUG AssetLoader          - Loading from cache: /assets/textures/iso-64x64-outside.png
13:49:50.657 [FXGL Background Thread 1 ] DEBUG AssetLoader          - Loading from cache: /assets/textures/iso-64x64-outside.png
13:49:50.657 [FXGL Background Thread 1 ] DEBUG AssetLoader          - Loading from cache: /assets/textures/iso-64x64-outside.png
13:49:50.657 [FXGL Background Thread 1 ] DEBUG AssetLoader          - Loading from cache: /assets/textures/iso-64x64-outside.png
13:49:50.658 [FXGL Background Thread 1 ] DEBUG AssetLoader          - Loading from cache: /assets/textures/iso-64x64-outside.png
13:49:50.658 [FXGL Background Thread 1 ] DEBUG AssetLoader          - Loading from cache: /assets/textures/iso-64x64-outside.png
13:49:50.658 [FXGL Background Thread 1 ] DEBUG AssetLoader          - Loading from cache: /assets/textures/iso-64x64-outside.png
13:49:50.658 [FXGL Background Thread 1 ] DEBUG AssetLoader          - Loading from cache: /assets/textures/iso-64x64-outside.png
13:49:50.658 [FXGL Background Thread 1 ] DEBUG AssetLoader          - Loading from cache: /assets/textures/iso-64x64-outside.png
13:49:50.658 [FXGL Background Thread 1 ] DEBUG AssetLoader          - Loading from cache: /assets/textures/iso-64x64-outside.png
13:49:50.658 [FXGL Background Thread 1 ] DEBUG AssetLoader          - Loading from cache: /assets/textures/iso-64x64-outside.png
13:49:50.658 [FXGL Background Thread 1 ] DEBUG AssetLoader          - Loading from cache: /assets/textures/iso-64x64-outside.png
13:49:50.658 [FXGL Background Thread 1 ] DEBUG AssetLoader          - Loading from cache: /assets/textures/iso-64x64-outside.png
13:49:50.658 [FXGL Background Thread 1 ] DEBUG AssetLoader          - Loading from cache: /assets/textures/iso-64x64-outside.png
13:49:50.658 [FXGL Background Thread 1 ] DEBUG AssetLoader          - Loading from cache: /assets/textures/iso-64x64-outside.png
13:49:50.658 [FXGL Background Thread 1 ] DEBUG AssetLoader          - Loading from cache: /assets/textures/iso-64x64-outside.png
13:49:50.658 [FXGL Background Thread 1 ] DEBUG AssetLoader          - Loading from cache: /assets/textures/iso-64x64-outside.png
13:49:50.659 [FXGL Background Thread 1 ] DEBUG AssetLoader          - Loading from cache: /assets/textures/iso-64x64-outside.png
13:49:50.659 [FXGL Background Thread 1 ] DEBUG AssetLoader          - Loading from cache: /assets/textures/iso-64x64-outside.png
13:49:50.659 [FXGL Background Thread 1 ] DEBUG AssetLoader          - Loading from cache: /assets/textures/iso-64x64-outside.png
13:49:50.659 [FXGL Background Thread 1 ] DEBUG AssetLoader          - Loading from cache: /assets/textures/iso-64x64-outside.png
13:49:50.659 [FXGL Background Thread 1 ] DEBUG AssetLoader          - Loading from cache: /assets/textures/iso-64x64-outside.png
13:49:50.659 [FXGL Background Thread 1 ] DEBUG AssetLoader          - Loading from cache: /assets/textures/iso-64x64-outside.png
13:49:50.659 [FXGL Background Thread 1 ] DEBUG AssetLoader          - Loading from cache: /assets/textures/iso-64x64-outside.png
13:49:50.659 [FXGL Background Thread 1 ] DEBUG AssetLoader          - Loading from cache: /assets/textures/iso-64x64-outside.png
13:49:50.659 [FXGL Background Thread 1 ] DEBUG AssetLoader          - Loading from cache: /assets/textures/iso-64x64-outside.png
13:49:50.659 [FXGL Background Thread 1 ] DEBUG AssetLoader          - Loading from cache: /assets/textures/iso-64x64-outside.png
13:49:50.659 [FXGL Background Thread 1 ] DEBUG AssetLoader          - Loading from cache: /assets/textures/iso-64x64-outside.png
13:49:50.659 [FXGL Background Thread 1 ] DEBUG AssetLoader          - Loading from cache: /assets/textures/iso-64x64-outside.png
13:49:50.659 [FXGL Background Thread 1 ] DEBUG AssetLoader          - Loading from cache: /assets/textures/iso-64x64-outside.png
13:49:50.660 [FXGL Background Thread 1 ] DEBUG AssetLoader          - Loading from cache: /assets/textures/iso-64x64-outside.png
13:49:50.660 [FXGL Background Thread 1 ] DEBUG AssetLoader          - Loading from cache: /assets/textures/iso-64x64-outside.png
13:49:50.660 [FXGL Background Thread 1 ] DEBUG AssetLoader          - Loading from cache: /assets/textures/iso-64x64-outside.png
13:49:50.660 [FXGL Background Thread 1 ] DEBUG AssetLoader          - Loading from cache: /assets/textures/iso-64x64-outside.png
13:49:50.660 [FXGL Background Thread 1 ] DEBUG AssetLoader          - Loading from cache: /assets/textures/iso-64x64-outside.png
13:49:50.660 [FXGL Background Thread 1 ] DEBUG AssetLoader          - Loading from cache: /assets/textures/iso-64x64-outside.png
13:49:50.660 [FXGL Background Thread 1 ] DEBUG AssetLoader          - Loading from cache: /assets/textures/iso-64x64-outside.png
13:49:50.660 [FXGL Background Thread 1 ] DEBUG AssetLoader          - Loading from cache: /assets/textures/iso-64x64-outside.png
13:49:50.660 [FXGL Background Thread 1 ] DEBUG AssetLoader          - Loading from cache: /assets/textures/iso-64x64-outside.png
13:49:50.660 [FXGL Background Thread 1 ] DEBUG AssetLoader          - Loading from cache: /assets/textures/iso-64x64-outside.png
13:49:50.660 [FXGL Background Thread 1 ] DEBUG AssetLoader          - Loading from cache: /assets/textures/iso-64x64-outside.png
13:49:50.660 [FXGL Background Thread 1 ] DEBUG AssetLoader          - Loading from cache: /assets/textures/iso-64x64-outside.png
13:49:50.660 [FXGL Background Thread 1 ] DEBUG AssetLoader          - Loading from cache: /assets/textures/iso-64x64-outside.png
13:49:50.660 [FXGL Background Thread 1 ] DEBUG AssetLoader          - Loading from cache: /assets/textures/iso-64x64-outside.png
13:49:50.661 [FXGL Background Thread 1 ] DEBUG AssetLoader          - Loading from cache: /assets/textures/iso-64x64-outside.png
13:49:50.661 [FXGL Background Thread 1 ] DEBUG AssetLoader          - Loading from cache: /assets/textures/iso-64x64-outside.png
13:49:50.661 [FXGL Background Thread 1 ] DEBUG AssetLoader          - Loading from cache: /assets/textures/iso-64x64-outside.png
13:49:50.661 [FXGL Background Thread 1 ] DEBUG AssetLoader          - Loading from cache: /assets/textures/iso-64x64-outside.png
13:49:50.661 [FXGL Background Thread 1 ] DEBUG AssetLoader          - Loading from cache: /assets/textures/iso-64x64-outside.png
13:49:50.661 [FXGL Background Thread 1 ] DEBUG AssetLoader          - Loading from cache: /assets/textures/iso-64x64-outside.png
13:49:50.661 [FXGL Background Thread 1 ] DEBUG AssetLoader          - Loading from cache: /assets/textures/iso-64x64-outside.png
13:49:50.661 [FXGL Background Thread 1 ] DEBUG AssetLoader          - Loading from cache: /assets/textures/iso-64x64-outside.png
13:49:50.661 [FXGL Background Thread 1 ] DEBUG AssetLoader          - Loading from cache: /assets/textures/iso-64x64-outside.png
13:49:50.661 [FXGL Background Thread 1 ] DEBUG AssetLoader          - Loading from cache: /assets/textures/iso-64x64-outside.png
13:49:50.661 [FXGL Background Thread 1 ] DEBUG AssetLoader          - Loading from cache: /assets/textures/iso-64x64-outside.png
13:49:50.661 [FXGL Background Thread 1 ] DEBUG AssetLoader          - Loading from cache: /assets/textures/iso-64x64-outside.png
13:49:50.661 [FXGL Background Thread 1 ] DEBUG AssetLoader          - Loading from cache: /assets/textures/iso-64x64-outside.png
13:49:50.661 [FXGL Background Thread 1 ] DEBUG AssetLoader          - Loading from cache: /assets/textures/iso-64x64-outside.png
13:49:50.661 [FXGL Background Thread 1 ] DEBUG AssetLoader          - Loading from cache: /assets/textures/iso-64x64-outside.png
13:49:50.662 [FXGL Background Thread 1 ] DEBUG AssetLoader          - Loading from cache: /assets/textures/iso-64x64-outside.png
13:49:50.662 [FXGL Background Thread 1 ] DEBUG AssetLoader          - Loading from cache: /assets/textures/iso-64x64-outside.png
13:49:50.662 [FXGL Background Thread 1 ] DEBUG AssetLoader          - Loading from cache: /assets/textures/iso-64x64-outside.png
13:49:50.662 [FXGL Background Thread 1 ] DEBUG AssetLoader          - Loading from cache: /assets/textures/iso-64x64-outside.png
13:49:50.662 [FXGL Background Thread 1 ] DEBUG AssetLoader          - Loading from cache: /assets/textures/iso-64x64-outside.png
13:49:50.662 [FXGL Background Thread 1 ] DEBUG AssetLoader          - Loading from cache: /assets/textures/iso-64x64-outside.png
13:49:50.662 [FXGL Background Thread 1 ] DEBUG AssetLoader          - Loading from cache: /assets/textures/iso-64x64-outside.png
13:49:50.662 [FXGL Background Thread 1 ] DEBUG AssetLoader          - Loading from cache: /assets/textures/iso-64x64-outside.png
13:49:50.662 [FXGL Background Thread 1 ] DEBUG AssetLoader          - Loading from cache: /assets/textures/iso-64x64-outside.png
13:49:50.662 [FXGL Background Thread 1 ] DEBUG AssetLoader          - Loading from cache: /assets/textures/iso-64x64-outside.png
13:49:50.664 [FXGL Background Thread 1 ] DEBUG GameScene            - Creating render group for layer: BACKGROUND(1000)
13:49:50.683 [FXGL Background Thread 1 ] DEBUG AssetLoader          - Loading from cache: /assets/textures/iso-64x64-building.png
13:49:50.683 [FXGL Background Thread 1 ] DEBUG AssetLoader          - Loading from cache: /assets/textures/iso-64x64-building.png
13:49:50.683 [FXGL Background Thread 1 ] DEBUG AssetLoader          - Loading from cache: /assets/textures/iso-64x64-building.png
13:49:50.683 [FXGL Background Thread 1 ] DEBUG AssetLoader          - Loading from cache: /assets/textures/iso-64x64-outside.png
13:49:50.683 [FXGL Background Thread 1 ] DEBUG AssetLoader          - Loading from cache: /assets/textures/iso-64x64-building.png
13:49:50.683 [FXGL Background Thread 1 ] DEBUG AssetLoader          - Loading from cache: /assets/textures/iso-64x64-outside.png
13:49:50.683 [FXGL Background Thread 1 ] DEBUG AssetLoader          - Loading from cache: /assets/textures/iso-64x64-outside.png
13:49:50.683 [FXGL Background Thread 1 ] DEBUG AssetLoader          - Loading from cache: /assets/textures/iso-64x64-outside.png
13:49:50.683 [FXGL Background Thread 1 ] DEBUG AssetLoader          - Loading from cache: /assets/textures/iso-64x64-outside.png
13:49:50.683 [FXGL Background Thread 1 ] DEBUG AssetLoader          - Loading from cache: /assets/textures/iso-64x64-outside.png
13:49:50.684 [FXGL Background Thread 1 ] DEBUG AssetLoader          - Loading from cache: /assets/textures/iso-64x64-outside.png
13:49:50.684 [FXGL Background Thread 1 ] DEBUG AssetLoader          - Loading from cache: /assets/textures/iso-64x64-outside.png
13:49:50.684 [FXGL Background Thread 1 ] DEBUG AssetLoader          - Loading from cache: /assets/textures/iso-64x64-outside.png
13:49:50.684 [FXGL Background Thread 1 ] DEBUG AssetLoader          - Loading from cache: /assets/textures/iso-64x64-outside.png
13:49:50.684 [FXGL Background Thread 1 ] DEBUG AssetLoader          - Loading from cache: /assets/textures/iso-64x64-outside.png
13:49:50.684 [FXGL Background Thread 1 ] DEBUG AssetLoader          - Loading from cache: /assets/textures/iso-64x64-outside.png
13:49:50.684 [FXGL Background Thread 1 ] DEBUG AssetLoader          - Loading from cache: /assets/textures/iso-64x64-outside.png
13:49:50.684 [FXGL Background Thread 1 ] DEBUG AssetLoader          - Loading from cache: /assets/textures/iso-64x64-outside.png
13:49:50.684 [FXGL Background Thread 1 ] DEBUG AssetLoader          - Loading from cache: /assets/textures/iso-64x64-outside.png
13:49:50.684 [FXGL Background Thread 1 ] DEBUG AssetLoader          - Loading from cache: /assets/textures/iso-64x64-building.png
13:49:50.684 [FXGL Background Thread 1 ] DEBUG AssetLoader          - Loading from cache: /assets/textures/iso-64x64-building.png
13:49:50.684 [FXGL Background Thread 1 ] DEBUG AssetLoader          - Loading from cache: /assets/textures/iso-64x64-outside.png
13:49:50.684 [FXGL Background Thread 1 ] DEBUG AssetLoader          - Loading from cache: /assets/textures/iso-64x64-outside.png
13:49:50.685 [FXGL Background Thread 1 ] DEBUG AssetLoader          - Loading from cache: /assets/textures/iso-64x64-building.png
13:49:50.685 [FXGL Background Thread 1 ] DEBUG AssetLoader          - Loading from cache: /assets/textures/iso-64x64-building.png
13:49:50.685 [FXGL Background Thread 1 ] DEBUG AssetLoader          - Loading from cache: /assets/textures/iso-64x64-building.png
13:49:50.685 [FXGL Background Thread 1 ] DEBUG AssetLoader          - Loading from cache: /assets/textures/iso-64x64-outside.png
13:49:50.685 [FXGL Background Thread 1 ] DEBUG AssetLoader          - Loading from cache: /assets/textures/iso-64x64-outside.png
13:49:50.685 [FXGL Background Thread 1 ] DEBUG AssetLoader          - Loading from cache: /assets/textures/iso-64x64-outside.png
13:49:50.685 [FXGL Background Thread 1 ] DEBUG AssetLoader          - Loading from cache: /assets/textures/iso-64x64-outside.png
13:49:50.685 [FXGL Background Thread 1 ] DEBUG AssetLoader          - Loading from cache: /assets/textures/iso-64x64-outside.png
13:49:50.685 [FXGL Background Thread 1 ] DEBUG AssetLoader          - Loading from cache: /assets/textures/iso-64x64-outside.png
13:49:50.685 [FXGL Background Thread 1 ] DEBUG AssetLoader          - Loading from cache: /assets/textures/iso-64x64-outside.png
13:49:50.685 [FXGL Background Thread 1 ] DEBUG AssetLoader          - Loading from cache: /assets/textures/iso-64x64-outside.png
13:49:50.709 [FXGL Background Thread 1 ] DEBUG AssetLoader          - Loading from disk: /assets/textures/redHero.png
13:49:50.712 [FXGL Background Thread 1 ] DEBUG GameScene            - Creating render group for layer: DEFAULT(100000)
13:49:50.712 [FXGL Background Thread 1 ] DEBUG AssetLoader          - Loading from disk: /assets/textures/blueHero.png
13:49:50.713 [FXGL Background Thread 1 ] DEBUG AssetLoader          - Loading from disk: /assets/textures/greenHero.png
13:49:50.715 [FXGL Background Thread 1 ] DEBUG AssetLoader          - Loading from disk: /assets/textures/Hero1_full.png
13:49:50.717 [FXGL Background Thread 1 ] DEBUG InitAppTask          - Initializing Physics
13:49:50.718 [FXGL Background Thread 1 ] DEBUG InitAppTask          - Initializing UI
13:49:50.718 [FXGL Background Thread 1 ] DEBUG AssetLoader          - Loading from disk: /assets/ui/cursors/cursor.png
13:49:50.722 [FXGL Background Thread 1 ] DEBUG InitAppTask          - Initialization Complete
13:49:50.722 [FXGL Background Thread 1 ] INFO  InitAppTask          - Game initialization took: 0,245 sec
13:49:50.725 [JavaFX Application Thread] DEBUG Input                - Clearing active input actions
13:49:50.725 [JavaFX Application Thread] DEBUG AssetLoader          - Loading from disk: /assets/ui/css/fxgl_dark.css
13:49:50.729 [JavaFX Application Thread] DEBUG AppStateMachine      - LoadingState -> PlayState
13:49:55.655 [JavaFX Application Thread] DEBUG FXGL                 - Exiting FXGL
13:49:55.655 [JavaFX Application Thread] DEBUG FXGL                 - Shutting down background threads
13:49:55.656 [JavaFX Application Thread] INFO  Profiler             - Processed Frames: 339
13:49:55.656 [JavaFX Application Thread] INFO  Profiler             - Average FPS: 59
13:49:55.656 [JavaFX Application Thread] INFO  Profiler             - Avg Frame Took: 0,12 ms
13:49:55.656 [JavaFX Application Thread] INFO  Profiler             - Avg Memory Usage: 60 MB
13:49:55.656 [JavaFX Application Thread] INFO  Profiler             - Min Memory Usage: 9 MB
13:49:55.656 [JavaFX Application Thread] INFO  Profiler             - Max Memory Usage: 64 MB
13:49:55.656 [JavaFX Application Thread] INFO  Profiler             - Estimated GC runs: 2
13:49:55.656 [JavaFX Application Thread] DEBUG FXGL                 - Saving FXGL system data
13:49:55.658 [JavaFX Application Thread] DEBUG DesktopFSService     - Writing to: system\fxgl.bundle
13:49:55.661 [JavaFX Application Thread] DEBUG FXGL                 - Closing logger and exiting JavaFX
