15:56:06.709 [JavaFX Application Thread] DEBUG GameApplication      - Logger initialized
15:56:06.727 [JavaFX Application Thread] DEBUG GameApplication      - Logging settings
Title: Journey down the den
Version: 0.3
Width: 1920
Height: 1080
Fullscreen: true
Intro: false
Menus: false
Profiling: false
Single step:false
App Mode: DEVELOPER
Menu Key: ESCAPE
Stage Style: DECORATED
Scene Factory: class com.almasb.fxgl.scene.SceneFactory
Dialog Factory: class com.almasb.fxgl.ui.FXGLDialogFactory
UI Factory: class com.almasb.fxgl.ui.FXGLUIFactory
Notification Service: class com.almasb.fxgl.gameplay.notification.XboxNotificationView
Exception Handler: class com.almasb.fxgl.app.FXGLExceptionHandler
15:56:06.727 [JavaFX Application Thread] DEBUG GameApplication      - Starting FXGL
15:56:06.735 [JavaFX Application Thread] INFO  FXGL                 - FXGL-0.5.4 on DESKTOP
15:56:06.735 [JavaFX Application Thread] INFO  FXGL                 - Source code and latest versions at: https://github.com/AlmasB/FXGL
15:56:06.735 [JavaFX Application Thread] INFO  FXGL                 -              Join the FXGL chat at: https://gitter.im/AlmasB/FXGL
15:56:06.735 [JavaFX Application Thread] DEBUG FXGL                 - FXGL started
15:56:06.736 [JavaFX Application Thread] DEBUG FXGL                 - Initializing FXGL
15:56:06.795 [JavaFX Application Thread] DEBUG AssetLoader          - Loading from disk: /assets/ui/cursors/fxgl_default.png
15:56:06.882 [JavaFX Application Thread] DEBUG AssetLoader          - Loading from disk: /assets/ui/fonts/VarelaRound-Regular.ttf
15:56:07.266 [JavaFX Application Thread] DEBUG MainWindow           - Creating a JavaFX scene
15:56:07.313 [JavaFX Application Thread] DEBUG MainWindow           - Target settings size: 1920.0 x 1080.0
15:56:07.315 [JavaFX Application Thread] DEBUG MainWindow           - Scaled scene size:    1920.0 x 1080.0
15:56:07.315 [JavaFX Application Thread] DEBUG MainWindow           - Scaled ratio: (1.0, 1.0)
15:56:07.331 [JavaFX Application Thread] DEBUG AssetLoader          - Loading from disk: /assets/ui/css/fxgl_dark.css
15:56:07.336 [JavaFX Application Thread] DEBUG AssetLoader          - Loading from disk: /assets/textures/JDTD_icon.png
15:56:07.347 [JavaFX Application Thread] DEBUG MainWindow           - Opening main window
15:56:07.541 [JavaFX Application Thread] DEBUG MainWindow           - Window border size: (16.0, 39.0)
15:56:07.541 [JavaFX Application Thread] DEBUG MainWindow           - Scaled size: 1920.0 x 1080.0
15:56:07.541 [JavaFX Application Thread] DEBUG MainWindow           - Scaled ratio: (1.0, 1.0)
15:56:07.541 [JavaFX Application Thread] DEBUG MainWindow           - Scene size: 1920.0 x 1080.0
15:56:07.542 [JavaFX Application Thread] DEBUG MainWindow           - Stage size: 1936.0 x 1119.0
15:56:07.577 [ForkJoinPool.commonPool-worker-9] DEBUG FS                   - Loaded DesktopFSService
15:56:07.578 [ForkJoinPool.commonPool-worker-9] DEBUG FXGL                 - Loading FXGL system data
15:56:07.584 [ForkJoinPool.commonPool-worker-9] DEBUG DesktopFSService     - Reading from: system\fxgl.bundle
15:56:07.597 [ForkJoinPool.commonPool-worker-9] DEBUG Bundle               - Logging bundle: FXGL
15:56:07.598 [ForkJoinPool.commonPool-worker-9] DEBUG Bundle               - FXGL.offline.timer.version.check=2020-12-03T18:16:20.516
15:56:07.598 [ForkJoinPool.commonPool-worker-9] DEBUG FXGL                 - Initializing state machine and application states
15:56:07.601 [ForkJoinPool.commonPool-worker-9] DEBUG AssetLoader          - Loading from disk: /assets/ui/cursors/fxgl_default.png
15:56:07.606 [ForkJoinPool.commonPool-worker-9] DEBUG AssetLoader          - Loading from disk: /assets/ui/cursors/fxgl_default.png
15:56:07.618 [ForkJoinPool.commonPool-worker-9] DEBUG AssetLoader          - Loading from cache: /assets/ui/fonts/VarelaRound-Regular.ttf
15:56:07.621 [ForkJoinPool.commonPool-worker-9] DEBUG AssetLoader          - Loading from disk: /assets/ui/cursors/fxgl_default.png
15:56:07.624 [ForkJoinPool.commonPool-worker-9] DEBUG GameScene            - Game scene initialized: 1920x1080
15:56:07.630 [ForkJoinPool.commonPool-worker-9] DEBUG GameWorld            - Game world initialized
15:56:07.689 [ForkJoinPool.commonPool-worker-9] DEBUG PhysicsWorld         - Physics world initialized: appHeight=1080, physics.ppm=50,0
15:56:07.729 [ForkJoinPool.commonPool-worker-9] DEBUG Input                - Registered new binding: Pause - Esc
15:56:07.771 [JavaFX Application Thread] DEBUG FXGL                 - Running preInit()
15:56:07.772 [JavaFX Application Thread] DEBUG Input                - Registered new binding: Screenshot - P
15:56:07.773 [JavaFX Application Thread] DEBUG Input                - Registered new binding: Dev Options - CTRL+0
15:56:07.774 [JavaFX Application Thread] DEBUG Input                - Registered new binding: System info dump - CTRL+9
15:56:07.775 [JavaFX Application Thread] DEBUG Input                - Registered new binding: Restart - CTRL+R
15:56:07.775 [JavaFX Application Thread] DEBUG Input                - Registered new binding: Show grid - F
15:56:07.776 [JavaFX Application Thread] INFO  FXGL                 - FXGL initialization took: 1,040 sec
15:56:07.776 [JavaFX Application Thread] DEBUG LoopRunner           - Starting loop
15:56:07.777 [JavaFX Application Thread] DEBUG StartupState         - STARTUP
15:56:07.777 [JavaFX Application Thread] DEBUG GameApplication      - Starting new game
15:56:07.778 [JavaFX Application Thread] DEBUG Input                - Clearing active input actions
15:56:07.778 [JavaFX Application Thread] DEBUG AssetLoader          - Loading from disk: /assets/ui/css/fxgl_dark.css
15:56:07.783 [JavaFX Application Thread] DEBUG AppStateMachine      - StartupState -> LoadingState
15:56:07.788 [FXGL Background Thread 1 ] DEBUG InitAppTask          - Clearing previous game
15:56:07.788 [FXGL Background Thread 1 ] DEBUG GameWorld            - Clearing game world
15:56:07.789 [FXGL Background Thread 1 ] DEBUG PhysicsWorld         - Clearing physics world
15:56:07.789 [FXGL Background Thread 1 ] DEBUG GameScene            - Clearing game scene
15:56:07.790 [FXGL Background Thread 1 ] DEBUG InitAppTask          - Initializing Game
15:56:07.798 [FXGL Background Thread 1 ] DEBUG AssetLoader          - Loading from disk: /assets/tmx/map1.tmx
15:56:07.834 [FXGL Background Thread 1 ] WARN  TMXParser            - TiledMap generated from 1.4.2. Supported version: 1.1.2. Some features may not be parsed fully.
15:56:07.860 [FXGL Background Thread 1 ] DEBUG GameWorld            - Clearing removable entities
15:56:07.860 [FXGL Background Thread 1 ] DEBUG GameWorld            - Setting level from map
15:56:07.915 [FXGL Background Thread 1 ] DEBUG AssetLoader          - Loading from disk: /assets/textures/tinySLATES60.png
15:56:08.058 [FXGL Background Thread 1 ] DEBUG AssetLoader          - Loading from cache: /assets/textures/tinySLATES60.png
15:56:08.059 [FXGL Background Thread 1 ] DEBUG AssetLoader          - Loading from cache: /assets/textures/tinySLATES60.png
15:56:08.059 [FXGL Background Thread 1 ] DEBUG AssetLoader          - Loading from cache: /assets/textures/tinySLATES60.png
15:56:08.059 [FXGL Background Thread 1 ] DEBUG AssetLoader          - Loading from cache: /assets/textures/tinySLATES60.png
15:56:08.059 [FXGL Background Thread 1 ] DEBUG AssetLoader          - Loading from cache: /assets/textures/tinySLATES60.png
15:56:08.059 [FXGL Background Thread 1 ] DEBUG AssetLoader          - Loading from cache: /assets/textures/tinySLATES60.png
15:56:08.059 [FXGL Background Thread 1 ] DEBUG AssetLoader          - Loading from cache: /assets/textures/tinySLATES60.png
15:56:08.059 [FXGL Background Thread 1 ] DEBUG AssetLoader          - Loading from cache: /assets/textures/tinySLATES60.png
15:56:08.060 [FXGL Background Thread 1 ] DEBUG AssetLoader          - Loading from cache: /assets/textures/tinySLATES60.png
15:56:08.060 [FXGL Background Thread 1 ] DEBUG AssetLoader          - Loading from cache: /assets/textures/tinySLATES60.png
15:56:08.060 [FXGL Background Thread 1 ] DEBUG AssetLoader          - Loading from cache: /assets/textures/tinySLATES60.png
15:56:08.060 [FXGL Background Thread 1 ] DEBUG AssetLoader          - Loading from cache: /assets/textures/tinySLATES60.png
15:56:08.060 [FXGL Background Thread 1 ] DEBUG AssetLoader          - Loading from cache: /assets/textures/tinySLATES60.png
15:56:08.060 [FXGL Background Thread 1 ] DEBUG AssetLoader          - Loading from cache: /assets/textures/tinySLATES60.png
15:56:08.060 [FXGL Background Thread 1 ] DEBUG AssetLoader          - Loading from cache: /assets/textures/tinySLATES60.png
15:56:08.061 [FXGL Background Thread 1 ] DEBUG AssetLoader          - Loading from cache: /assets/textures/tinySLATES60.png
15:56:08.061 [FXGL Background Thread 1 ] DEBUG AssetLoader          - Loading from cache: /assets/textures/tinySLATES60.png
15:56:08.061 [FXGL Background Thread 1 ] DEBUG AssetLoader          - Loading from cache: /assets/textures/tinySLATES60.png
15:56:08.061 [FXGL Background Thread 1 ] DEBUG AssetLoader          - Loading from cache: /assets/textures/tinySLATES60.png
15:56:08.061 [FXGL Background Thread 1 ] DEBUG AssetLoader          - Loading from cache: /assets/textures/tinySLATES60.png
15:56:08.062 [FXGL Background Thread 1 ] DEBUG AssetLoader          - Loading from cache: /assets/textures/tinySLATES60.png
15:56:08.062 [FXGL Background Thread 1 ] DEBUG AssetLoader          - Loading from cache: /assets/textures/tinySLATES60.png
15:56:08.062 [FXGL Background Thread 1 ] DEBUG AssetLoader          - Loading from cache: /assets/textures/tinySLATES60.png
15:56:08.062 [FXGL Background Thread 1 ] DEBUG AssetLoader          - Loading from cache: /assets/textures/tinySLATES60.png
15:56:08.062 [FXGL Background Thread 1 ] DEBUG AssetLoader          - Loading from cache: /assets/textures/tinySLATES60.png
15:56:08.062 [FXGL Background Thread 1 ] DEBUG AssetLoader          - Loading from cache: /assets/textures/tinySLATES60.png
15:56:08.062 [FXGL Background Thread 1 ] DEBUG AssetLoader          - Loading from cache: /assets/textures/tinySLATES60.png
15:56:08.062 [FXGL Background Thread 1 ] DEBUG AssetLoader          - Loading from cache: /assets/textures/tinySLATES60.png
15:56:08.063 [FXGL Background Thread 1 ] DEBUG AssetLoader          - Loading from cache: /assets/textures/tinySLATES60.png
15:56:08.063 [FXGL Background Thread 1 ] DEBUG AssetLoader          - Loading from cache: /assets/textures/tinySLATES60.png
15:56:08.063 [FXGL Background Thread 1 ] DEBUG AssetLoader          - Loading from cache: /assets/textures/tinySLATES60.png
15:56:08.063 [FXGL Background Thread 1 ] DEBUG AssetLoader          - Loading from cache: /assets/textures/tinySLATES60.png
15:56:08.063 [FXGL Background Thread 1 ] DEBUG AssetLoader          - Loading from cache: /assets/textures/tinySLATES60.png
15:56:08.063 [FXGL Background Thread 1 ] DEBUG AssetLoader          - Loading from cache: /assets/textures/tinySLATES60.png
15:56:08.063 [FXGL Background Thread 1 ] DEBUG AssetLoader          - Loading from cache: /assets/textures/tinySLATES60.png
15:56:08.063 [FXGL Background Thread 1 ] DEBUG AssetLoader          - Loading from cache: /assets/textures/tinySLATES60.png
15:56:08.064 [FXGL Background Thread 1 ] DEBUG AssetLoader          - Loading from cache: /assets/textures/tinySLATES60.png
15:56:08.064 [FXGL Background Thread 1 ] DEBUG AssetLoader          - Loading from cache: /assets/textures/tinySLATES60.png
15:56:08.064 [FXGL Background Thread 1 ] DEBUG AssetLoader          - Loading from cache: /assets/textures/tinySLATES60.png
15:56:08.064 [FXGL Background Thread 1 ] DEBUG AssetLoader          - Loading from cache: /assets/textures/tinySLATES60.png
15:56:08.064 [FXGL Background Thread 1 ] DEBUG AssetLoader          - Loading from cache: /assets/textures/tinySLATES60.png
15:56:08.064 [FXGL Background Thread 1 ] DEBUG AssetLoader          - Loading from cache: /assets/textures/tinySLATES60.png
15:56:08.064 [FXGL Background Thread 1 ] DEBUG AssetLoader          - Loading from cache: /assets/textures/tinySLATES60.png
15:56:08.064 [FXGL Background Thread 1 ] DEBUG AssetLoader          - Loading from cache: /assets/textures/tinySLATES60.png
15:56:08.064 [FXGL Background Thread 1 ] DEBUG AssetLoader          - Loading from cache: /assets/textures/tinySLATES60.png
15:56:08.065 [FXGL Background Thread 1 ] DEBUG AssetLoader          - Loading from cache: /assets/textures/tinySLATES60.png
15:56:08.065 [FXGL Background Thread 1 ] DEBUG AssetLoader          - Loading from cache: /assets/textures/tinySLATES60.png
15:56:08.065 [FXGL Background Thread 1 ] DEBUG AssetLoader          - Loading from cache: /assets/textures/tinySLATES60.png
15:56:08.065 [FXGL Background Thread 1 ] DEBUG AssetLoader          - Loading from cache: /assets/textures/tinySLATES60.png
15:56:08.065 [FXGL Background Thread 1 ] DEBUG AssetLoader          - Loading from cache: /assets/textures/tinySLATES60.png
15:56:08.065 [FXGL Background Thread 1 ] DEBUG AssetLoader          - Loading from cache: /assets/textures/tinySLATES60.png
15:56:08.065 [FXGL Background Thread 1 ] DEBUG AssetLoader          - Loading from cache: /assets/textures/tinySLATES60.png
15:56:08.066 [FXGL Background Thread 1 ] DEBUG AssetLoader          - Loading from cache: /assets/textures/tinySLATES60.png
15:56:08.066 [FXGL Background Thread 1 ] DEBUG AssetLoader          - Loading from cache: /assets/textures/tinySLATES60.png
15:56:08.066 [FXGL Background Thread 1 ] DEBUG AssetLoader          - Loading from cache: /assets/textures/tinySLATES60.png
15:56:08.066 [FXGL Background Thread 1 ] DEBUG AssetLoader          - Loading from cache: /assets/textures/tinySLATES60.png
15:56:08.066 [FXGL Background Thread 1 ] DEBUG AssetLoader          - Loading from cache: /assets/textures/tinySLATES60.png
15:56:08.066 [FXGL Background Thread 1 ] DEBUG AssetLoader          - Loading from cache: /assets/textures/tinySLATES60.png
15:56:08.066 [FXGL Background Thread 1 ] DEBUG AssetLoader          - Loading from cache: /assets/textures/tinySLATES60.png
15:56:08.066 [FXGL Background Thread 1 ] DEBUG AssetLoader          - Loading from cache: /assets/textures/tinySLATES60.png
15:56:08.067 [FXGL Background Thread 1 ] DEBUG AssetLoader          - Loading from cache: /assets/textures/tinySLATES60.png
15:56:08.067 [FXGL Background Thread 1 ] DEBUG AssetLoader          - Loading from cache: /assets/textures/tinySLATES60.png
15:56:08.067 [FXGL Background Thread 1 ] DEBUG AssetLoader          - Loading from cache: /assets/textures/tinySLATES60.png
15:56:08.067 [FXGL Background Thread 1 ] DEBUG AssetLoader          - Loading from cache: /assets/textures/tinySLATES60.png
15:56:08.067 [FXGL Background Thread 1 ] DEBUG AssetLoader          - Loading from cache: /assets/textures/tinySLATES60.png
15:56:08.067 [FXGL Background Thread 1 ] DEBUG AssetLoader          - Loading from cache: /assets/textures/tinySLATES60.png
15:56:08.067 [FXGL Background Thread 1 ] DEBUG AssetLoader          - Loading from cache: /assets/textures/tinySLATES60.png
15:56:08.068 [FXGL Background Thread 1 ] DEBUG AssetLoader          - Loading from cache: /assets/textures/tinySLATES60.png
15:56:08.068 [FXGL Background Thread 1 ] DEBUG AssetLoader          - Loading from cache: /assets/textures/tinySLATES60.png
15:56:08.068 [FXGL Background Thread 1 ] DEBUG AssetLoader          - Loading from cache: /assets/textures/tinySLATES60.png
15:56:08.068 [FXGL Background Thread 1 ] DEBUG AssetLoader          - Loading from cache: /assets/textures/tinySLATES60.png
15:56:08.068 [FXGL Background Thread 1 ] DEBUG AssetLoader          - Loading from cache: /assets/textures/tinySLATES60.png
15:56:08.068 [FXGL Background Thread 1 ] DEBUG AssetLoader          - Loading from cache: /assets/textures/tinySLATES60.png
15:56:08.068 [FXGL Background Thread 1 ] DEBUG AssetLoader          - Loading from cache: /assets/textures/tinySLATES60.png
15:56:08.068 [FXGL Background Thread 1 ] DEBUG AssetLoader          - Loading from cache: /assets/textures/tinySLATES60.png
15:56:08.068 [FXGL Background Thread 1 ] DEBUG AssetLoader          - Loading from cache: /assets/textures/tinySLATES60.png
15:56:08.069 [FXGL Background Thread 1 ] DEBUG AssetLoader          - Loading from cache: /assets/textures/tinySLATES60.png
15:56:08.069 [FXGL Background Thread 1 ] DEBUG AssetLoader          - Loading from cache: /assets/textures/tinySLATES60.png
15:56:08.069 [FXGL Background Thread 1 ] DEBUG AssetLoader          - Loading from cache: /assets/textures/tinySLATES60.png
15:56:08.069 [FXGL Background Thread 1 ] DEBUG AssetLoader          - Loading from cache: /assets/textures/tinySLATES60.png
15:56:08.069 [FXGL Background Thread 1 ] DEBUG AssetLoader          - Loading from cache: /assets/textures/tinySLATES60.png
15:56:08.069 [FXGL Background Thread 1 ] DEBUG AssetLoader          - Loading from cache: /assets/textures/tinySLATES60.png
15:56:08.069 [FXGL Background Thread 1 ] DEBUG AssetLoader          - Loading from cache: /assets/textures/tinySLATES60.png
15:56:08.069 [FXGL Background Thread 1 ] DEBUG AssetLoader          - Loading from cache: /assets/textures/tinySLATES60.png
15:56:08.069 [FXGL Background Thread 1 ] DEBUG AssetLoader          - Loading from cache: /assets/textures/tinySLATES60.png
15:56:08.070 [FXGL Background Thread 1 ] DEBUG AssetLoader          - Loading from cache: /assets/textures/tinySLATES60.png
15:56:08.070 [FXGL Background Thread 1 ] DEBUG AssetLoader          - Loading from cache: /assets/textures/tinySLATES60.png
15:56:08.070 [FXGL Background Thread 1 ] DEBUG AssetLoader          - Loading from cache: /assets/textures/tinySLATES60.png
15:56:08.070 [FXGL Background Thread 1 ] DEBUG AssetLoader          - Loading from cache: /assets/textures/tinySLATES60.png
15:56:08.070 [FXGL Background Thread 1 ] DEBUG AssetLoader          - Loading from cache: /assets/textures/tinySLATES60.png
15:56:08.070 [FXGL Background Thread 1 ] DEBUG AssetLoader          - Loading from cache: /assets/textures/tinySLATES60.png
15:56:08.070 [FXGL Background Thread 1 ] DEBUG AssetLoader          - Loading from cache: /assets/textures/tinySLATES60.png
15:56:08.070 [FXGL Background Thread 1 ] DEBUG AssetLoader          - Loading from cache: /assets/textures/tinySLATES60.png
15:56:08.070 [FXGL Background Thread 1 ] DEBUG AssetLoader          - Loading from cache: /assets/textures/tinySLATES60.png
15:56:08.071 [FXGL Background Thread 1 ] DEBUG AssetLoader          - Loading from cache: /assets/textures/tinySLATES60.png
15:56:08.071 [FXGL Background Thread 1 ] DEBUG AssetLoader          - Loading from cache: /assets/textures/tinySLATES60.png
15:56:08.071 [FXGL Background Thread 1 ] DEBUG AssetLoader          - Loading from cache: /assets/textures/tinySLATES60.png
15:56:08.071 [FXGL Background Thread 1 ] DEBUG AssetLoader          - Loading from cache: /assets/textures/tinySLATES60.png
15:56:08.071 [FXGL Background Thread 1 ] DEBUG AssetLoader          - Loading from cache: /assets/textures/tinySLATES60.png
15:56:08.071 [FXGL Background Thread 1 ] DEBUG AssetLoader          - Loading from cache: /assets/textures/tinySLATES60.png
15:56:08.071 [FXGL Background Thread 1 ] DEBUG AssetLoader          - Loading from cache: /assets/textures/tinySLATES60.png
15:56:08.071 [FXGL Background Thread 1 ] DEBUG AssetLoader          - Loading from cache: /assets/textures/tinySLATES60.png
15:56:08.072 [FXGL Background Thread 1 ] DEBUG AssetLoader          - Loading from cache: /assets/textures/tinySLATES60.png
15:56:08.072 [FXGL Background Thread 1 ] DEBUG AssetLoader          - Loading from cache: /assets/textures/tinySLATES60.png
15:56:08.072 [FXGL Background Thread 1 ] DEBUG AssetLoader          - Loading from cache: /assets/textures/tinySLATES60.png
15:56:08.072 [FXGL Background Thread 1 ] DEBUG AssetLoader          - Loading from cache: /assets/textures/tinySLATES60.png
15:56:08.072 [FXGL Background Thread 1 ] DEBUG AssetLoader          - Loading from cache: /assets/textures/tinySLATES60.png
15:56:08.072 [FXGL Background Thread 1 ] DEBUG AssetLoader          - Loading from cache: /assets/textures/tinySLATES60.png
15:56:08.072 [FXGL Background Thread 1 ] DEBUG AssetLoader          - Loading from cache: /assets/textures/tinySLATES60.png
15:56:08.072 [FXGL Background Thread 1 ] DEBUG AssetLoader          - Loading from cache: /assets/textures/tinySLATES60.png
15:56:08.072 [FXGL Background Thread 1 ] DEBUG AssetLoader          - Loading from cache: /assets/textures/tinySLATES60.png
15:56:08.073 [FXGL Background Thread 1 ] DEBUG AssetLoader          - Loading from cache: /assets/textures/tinySLATES60.png
15:56:08.073 [FXGL Background Thread 1 ] DEBUG AssetLoader          - Loading from cache: /assets/textures/tinySLATES60.png
15:56:08.073 [FXGL Background Thread 1 ] DEBUG AssetLoader          - Loading from cache: /assets/textures/tinySLATES60.png
15:56:08.073 [FXGL Background Thread 1 ] DEBUG AssetLoader          - Loading from cache: /assets/textures/tinySLATES60.png
15:56:08.073 [FXGL Background Thread 1 ] DEBUG AssetLoader          - Loading from cache: /assets/textures/tinySLATES60.png
15:56:08.073 [FXGL Background Thread 1 ] DEBUG AssetLoader          - Loading from cache: /assets/textures/tinySLATES60.png
15:56:08.073 [FXGL Background Thread 1 ] DEBUG AssetLoader          - Loading from cache: /assets/textures/tinySLATES60.png
15:56:08.073 [FXGL Background Thread 1 ] DEBUG AssetLoader          - Loading from cache: /assets/textures/tinySLATES60.png
15:56:08.073 [FXGL Background Thread 1 ] DEBUG AssetLoader          - Loading from cache: /assets/textures/tinySLATES60.png
15:56:08.073 [FXGL Background Thread 1 ] DEBUG AssetLoader          - Loading from cache: /assets/textures/tinySLATES60.png
15:56:08.074 [FXGL Background Thread 1 ] DEBUG AssetLoader          - Loading from cache: /assets/textures/tinySLATES60.png
15:56:08.074 [FXGL Background Thread 1 ] DEBUG AssetLoader          - Loading from cache: /assets/textures/tinySLATES60.png
15:56:08.074 [FXGL Background Thread 1 ] DEBUG AssetLoader          - Loading from cache: /assets/textures/tinySLATES60.png
15:56:08.074 [FXGL Background Thread 1 ] DEBUG AssetLoader          - Loading from cache: /assets/textures/tinySLATES60.png
15:56:08.074 [FXGL Background Thread 1 ] DEBUG AssetLoader          - Loading from cache: /assets/textures/tinySLATES60.png
15:56:08.074 [FXGL Background Thread 1 ] DEBUG AssetLoader          - Loading from cache: /assets/textures/tinySLATES60.png
15:56:08.074 [FXGL Background Thread 1 ] DEBUG AssetLoader          - Loading from cache: /assets/textures/tinySLATES60.png
15:56:08.075 [FXGL Background Thread 1 ] DEBUG AssetLoader          - Loading from cache: /assets/textures/tinySLATES60.png
15:56:08.075 [FXGL Background Thread 1 ] DEBUG AssetLoader          - Loading from cache: /assets/textures/tinySLATES60.png
15:56:08.075 [FXGL Background Thread 1 ] DEBUG AssetLoader          - Loading from cache: /assets/textures/tinySLATES60.png
15:56:08.075 [FXGL Background Thread 1 ] DEBUG AssetLoader          - Loading from cache: /assets/textures/tinySLATES60.png
15:56:08.075 [FXGL Background Thread 1 ] DEBUG AssetLoader          - Loading from cache: /assets/textures/tinySLATES60.png
15:56:08.076 [FXGL Background Thread 1 ] DEBUG AssetLoader          - Loading from cache: /assets/textures/tinySLATES60.png
15:56:08.076 [FXGL Background Thread 1 ] DEBUG AssetLoader          - Loading from cache: /assets/textures/tinySLATES60.png
15:56:08.076 [FXGL Background Thread 1 ] DEBUG AssetLoader          - Loading from cache: /assets/textures/tinySLATES60.png
15:56:08.076 [FXGL Background Thread 1 ] DEBUG AssetLoader          - Loading from cache: /assets/textures/tinySLATES60.png
15:56:08.076 [FXGL Background Thread 1 ] DEBUG AssetLoader          - Loading from cache: /assets/textures/tinySLATES60.png
15:56:08.076 [FXGL Background Thread 1 ] DEBUG AssetLoader          - Loading from cache: /assets/textures/tinySLATES60.png
15:56:08.076 [FXGL Background Thread 1 ] DEBUG AssetLoader          - Loading from cache: /assets/textures/tinySLATES60.png
15:56:08.076 [FXGL Background Thread 1 ] DEBUG AssetLoader          - Loading from cache: /assets/textures/tinySLATES60.png
15:56:08.076 [FXGL Background Thread 1 ] DEBUG AssetLoader          - Loading from cache: /assets/textures/tinySLATES60.png
15:56:08.076 [FXGL Background Thread 1 ] DEBUG AssetLoader          - Loading from cache: /assets/textures/tinySLATES60.png
15:56:08.077 [FXGL Background Thread 1 ] DEBUG AssetLoader          - Loading from cache: /assets/textures/tinySLATES60.png
15:56:08.077 [FXGL Background Thread 1 ] DEBUG AssetLoader          - Loading from cache: /assets/textures/tinySLATES60.png
15:56:08.077 [FXGL Background Thread 1 ] DEBUG AssetLoader          - Loading from cache: /assets/textures/tinySLATES60.png
15:56:08.077 [FXGL Background Thread 1 ] DEBUG AssetLoader          - Loading from cache: /assets/textures/tinySLATES60.png
15:56:08.077 [FXGL Background Thread 1 ] DEBUG AssetLoader          - Loading from cache: /assets/textures/tinySLATES60.png
15:56:08.077 [FXGL Background Thread 1 ] DEBUG AssetLoader          - Loading from cache: /assets/textures/tinySLATES60.png
15:56:08.077 [FXGL Background Thread 1 ] DEBUG AssetLoader          - Loading from cache: /assets/textures/tinySLATES60.png
15:56:08.077 [FXGL Background Thread 1 ] DEBUG AssetLoader          - Loading from cache: /assets/textures/tinySLATES60.png
15:56:08.077 [FXGL Background Thread 1 ] DEBUG AssetLoader          - Loading from cache: /assets/textures/tinySLATES60.png
15:56:08.077 [FXGL Background Thread 1 ] DEBUG AssetLoader          - Loading from cache: /assets/textures/tinySLATES60.png
15:56:08.078 [FXGL Background Thread 1 ] DEBUG AssetLoader          - Loading from cache: /assets/textures/tinySLATES60.png
15:56:08.078 [FXGL Background Thread 1 ] DEBUG AssetLoader          - Loading from cache: /assets/textures/tinySLATES60.png
15:56:08.078 [FXGL Background Thread 1 ] DEBUG AssetLoader          - Loading from cache: /assets/textures/tinySLATES60.png
15:56:08.078 [FXGL Background Thread 1 ] DEBUG AssetLoader          - Loading from cache: /assets/textures/tinySLATES60.png
15:56:08.078 [FXGL Background Thread 1 ] DEBUG AssetLoader          - Loading from cache: /assets/textures/tinySLATES60.png
15:56:08.078 [FXGL Background Thread 1 ] DEBUG AssetLoader          - Loading from cache: /assets/textures/tinySLATES60.png
15:56:08.078 [FXGL Background Thread 1 ] DEBUG AssetLoader          - Loading from cache: /assets/textures/tinySLATES60.png
15:56:08.078 [FXGL Background Thread 1 ] DEBUG AssetLoader          - Loading from cache: /assets/textures/tinySLATES60.png
15:56:08.078 [FXGL Background Thread 1 ] DEBUG AssetLoader          - Loading from cache: /assets/textures/tinySLATES60.png
15:56:08.078 [FXGL Background Thread 1 ] DEBUG AssetLoader          - Loading from cache: /assets/textures/tinySLATES60.png
15:56:08.079 [FXGL Background Thread 1 ] DEBUG AssetLoader          - Loading from cache: /assets/textures/tinySLATES60.png
15:56:08.079 [FXGL Background Thread 1 ] DEBUG AssetLoader          - Loading from cache: /assets/textures/tinySLATES60.png
15:56:08.079 [FXGL Background Thread 1 ] DEBUG AssetLoader          - Loading from cache: /assets/textures/tinySLATES60.png
15:56:08.079 [FXGL Background Thread 1 ] DEBUG AssetLoader          - Loading from cache: /assets/textures/tinySLATES60.png
15:56:08.079 [FXGL Background Thread 1 ] DEBUG AssetLoader          - Loading from cache: /assets/textures/tinySLATES60.png
15:56:08.079 [FXGL Background Thread 1 ] DEBUG AssetLoader          - Loading from cache: /assets/textures/tinySLATES60.png
15:56:08.079 [FXGL Background Thread 1 ] DEBUG AssetLoader          - Loading from cache: /assets/textures/tinySLATES60.png
15:56:08.080 [FXGL Background Thread 1 ] DEBUG AssetLoader          - Loading from cache: /assets/textures/tinySLATES60.png
15:56:08.080 [FXGL Background Thread 1 ] DEBUG AssetLoader          - Loading from cache: /assets/textures/tinySLATES60.png
15:56:08.080 [FXGL Background Thread 1 ] DEBUG AssetLoader          - Loading from cache: /assets/textures/tinySLATES60.png
15:56:08.080 [FXGL Background Thread 1 ] DEBUG AssetLoader          - Loading from cache: /assets/textures/tinySLATES60.png
15:56:08.080 [FXGL Background Thread 1 ] DEBUG AssetLoader          - Loading from cache: /assets/textures/tinySLATES60.png
15:56:08.080 [FXGL Background Thread 1 ] DEBUG AssetLoader          - Loading from cache: /assets/textures/tinySLATES60.png
15:56:08.080 [FXGL Background Thread 1 ] DEBUG AssetLoader          - Loading from cache: /assets/textures/tinySLATES60.png
15:56:08.080 [FXGL Background Thread 1 ] DEBUG AssetLoader          - Loading from cache: /assets/textures/tinySLATES60.png
15:56:08.080 [FXGL Background Thread 1 ] DEBUG AssetLoader          - Loading from cache: /assets/textures/tinySLATES60.png
15:56:08.080 [FXGL Background Thread 1 ] DEBUG AssetLoader          - Loading from cache: /assets/textures/tinySLATES60.png
15:56:08.081 [FXGL Background Thread 1 ] DEBUG AssetLoader          - Loading from cache: /assets/textures/tinySLATES60.png
15:56:08.081 [FXGL Background Thread 1 ] DEBUG AssetLoader          - Loading from cache: /assets/textures/tinySLATES60.png
15:56:08.081 [FXGL Background Thread 1 ] DEBUG AssetLoader          - Loading from cache: /assets/textures/tinySLATES60.png
15:56:08.081 [FXGL Background Thread 1 ] DEBUG AssetLoader          - Loading from cache: /assets/textures/tinySLATES60.png
15:56:08.081 [FXGL Background Thread 1 ] DEBUG AssetLoader          - Loading from cache: /assets/textures/tinySLATES60.png
15:56:08.081 [FXGL Background Thread 1 ] DEBUG AssetLoader          - Loading from cache: /assets/textures/tinySLATES60.png
15:56:08.081 [FXGL Background Thread 1 ] DEBUG AssetLoader          - Loading from cache: /assets/textures/tinySLATES60.png
15:56:08.081 [FXGL Background Thread 1 ] DEBUG AssetLoader          - Loading from cache: /assets/textures/tinySLATES60.png
15:56:08.081 [FXGL Background Thread 1 ] DEBUG AssetLoader          - Loading from cache: /assets/textures/tinySLATES60.png
15:56:08.081 [FXGL Background Thread 1 ] DEBUG AssetLoader          - Loading from cache: /assets/textures/tinySLATES60.png
15:56:08.082 [FXGL Background Thread 1 ] DEBUG AssetLoader          - Loading from cache: /assets/textures/tinySLATES60.png
15:56:08.082 [FXGL Background Thread 1 ] DEBUG AssetLoader          - Loading from cache: /assets/textures/tinySLATES60.png
15:56:08.082 [FXGL Background Thread 1 ] DEBUG AssetLoader          - Loading from cache: /assets/textures/tinySLATES60.png
15:56:08.082 [FXGL Background Thread 1 ] DEBUG AssetLoader          - Loading from cache: /assets/textures/tinySLATES60.png
15:56:08.082 [FXGL Background Thread 1 ] DEBUG AssetLoader          - Loading from cache: /assets/textures/tinySLATES60.png
15:56:08.082 [FXGL Background Thread 1 ] DEBUG AssetLoader          - Loading from cache: /assets/textures/tinySLATES60.png
15:56:08.082 [FXGL Background Thread 1 ] DEBUG AssetLoader          - Loading from cache: /assets/textures/tinySLATES60.png
15:56:08.082 [FXGL Background Thread 1 ] DEBUG AssetLoader          - Loading from cache: /assets/textures/tinySLATES60.png
15:56:08.082 [FXGL Background Thread 1 ] DEBUG AssetLoader          - Loading from cache: /assets/textures/tinySLATES60.png
15:56:08.082 [FXGL Background Thread 1 ] DEBUG AssetLoader          - Loading from cache: /assets/textures/tinySLATES60.png
15:56:08.082 [FXGL Background Thread 1 ] DEBUG AssetLoader          - Loading from cache: /assets/textures/tinySLATES60.png
15:56:08.083 [FXGL Background Thread 1 ] DEBUG AssetLoader          - Loading from cache: /assets/textures/tinySLATES60.png
15:56:08.083 [FXGL Background Thread 1 ] DEBUG AssetLoader          - Loading from cache: /assets/textures/tinySLATES60.png
15:56:08.083 [FXGL Background Thread 1 ] DEBUG AssetLoader          - Loading from cache: /assets/textures/tinySLATES60.png
15:56:08.083 [FXGL Background Thread 1 ] DEBUG AssetLoader          - Loading from cache: /assets/textures/tinySLATES60.png
15:56:08.083 [FXGL Background Thread 1 ] DEBUG AssetLoader          - Loading from cache: /assets/textures/tinySLATES60.png
15:56:08.083 [FXGL Background Thread 1 ] DEBUG AssetLoader          - Loading from cache: /assets/textures/tinySLATES60.png
15:56:08.083 [FXGL Background Thread 1 ] DEBUG AssetLoader          - Loading from cache: /assets/textures/tinySLATES60.png
15:56:08.084 [FXGL Background Thread 1 ] DEBUG AssetLoader          - Loading from cache: /assets/textures/tinySLATES60.png
15:56:08.084 [FXGL Background Thread 1 ] DEBUG AssetLoader          - Loading from cache: /assets/textures/tinySLATES60.png
15:56:08.084 [FXGL Background Thread 1 ] DEBUG AssetLoader          - Loading from cache: /assets/textures/tinySLATES60.png
15:56:08.084 [FXGL Background Thread 1 ] DEBUG AssetLoader          - Loading from cache: /assets/textures/tinySLATES60.png
15:56:08.084 [FXGL Background Thread 1 ] DEBUG AssetLoader          - Loading from cache: /assets/textures/tinySLATES60.png
15:56:08.084 [FXGL Background Thread 1 ] DEBUG AssetLoader          - Loading from cache: /assets/textures/tinySLATES60.png
15:56:08.084 [FXGL Background Thread 1 ] DEBUG AssetLoader          - Loading from cache: /assets/textures/tinySLATES60.png
15:56:08.084 [FXGL Background Thread 1 ] DEBUG AssetLoader          - Loading from cache: /assets/textures/tinySLATES60.png
15:56:08.084 [FXGL Background Thread 1 ] DEBUG AssetLoader          - Loading from cache: /assets/textures/tinySLATES60.png
15:56:08.084 [FXGL Background Thread 1 ] DEBUG AssetLoader          - Loading from cache: /assets/textures/tinySLATES60.png
15:56:08.084 [FXGL Background Thread 1 ] DEBUG AssetLoader          - Loading from cache: /assets/textures/tinySLATES60.png
15:56:08.085 [FXGL Background Thread 1 ] DEBUG AssetLoader          - Loading from cache: /assets/textures/tinySLATES60.png
15:56:08.085 [FXGL Background Thread 1 ] DEBUG AssetLoader          - Loading from cache: /assets/textures/tinySLATES60.png
15:56:08.085 [FXGL Background Thread 1 ] DEBUG AssetLoader          - Loading from cache: /assets/textures/tinySLATES60.png
15:56:08.085 [FXGL Background Thread 1 ] DEBUG AssetLoader          - Loading from cache: /assets/textures/tinySLATES60.png
15:56:08.085 [FXGL Background Thread 1 ] DEBUG AssetLoader          - Loading from cache: /assets/textures/tinySLATES60.png
15:56:08.086 [FXGL Background Thread 1 ] DEBUG AssetLoader          - Loading from cache: /assets/textures/tinySLATES60.png
15:56:08.086 [FXGL Background Thread 1 ] DEBUG AssetLoader          - Loading from cache: /assets/textures/tinySLATES60.png
15:56:08.086 [FXGL Background Thread 1 ] DEBUG AssetLoader          - Loading from cache: /assets/textures/tinySLATES60.png
15:56:08.086 [FXGL Background Thread 1 ] DEBUG AssetLoader          - Loading from cache: /assets/textures/tinySLATES60.png
15:56:08.086 [FXGL Background Thread 1 ] DEBUG AssetLoader          - Loading from cache: /assets/textures/tinySLATES60.png
15:56:08.087 [FXGL Background Thread 1 ] DEBUG AssetLoader          - Loading from cache: /assets/textures/tinySLATES60.png
15:56:08.087 [FXGL Background Thread 1 ] DEBUG AssetLoader          - Loading from cache: /assets/textures/tinySLATES60.png
15:56:08.087 [FXGL Background Thread 1 ] DEBUG AssetLoader          - Loading from cache: /assets/textures/tinySLATES60.png
15:56:08.087 [FXGL Background Thread 1 ] DEBUG AssetLoader          - Loading from cache: /assets/textures/tinySLATES60.png
15:56:08.087 [FXGL Background Thread 1 ] DEBUG AssetLoader          - Loading from cache: /assets/textures/tinySLATES60.png
15:56:08.087 [FXGL Background Thread 1 ] DEBUG AssetLoader          - Loading from cache: /assets/textures/tinySLATES60.png
15:56:08.088 [FXGL Background Thread 1 ] DEBUG AssetLoader          - Loading from cache: /assets/textures/tinySLATES60.png
15:56:08.088 [FXGL Background Thread 1 ] DEBUG AssetLoader          - Loading from cache: /assets/textures/tinySLATES60.png
15:56:08.088 [FXGL Background Thread 1 ] DEBUG AssetLoader          - Loading from cache: /assets/textures/tinySLATES60.png
15:56:08.088 [FXGL Background Thread 1 ] DEBUG AssetLoader          - Loading from cache: /assets/textures/tinySLATES60.png
15:56:08.088 [FXGL Background Thread 1 ] DEBUG AssetLoader          - Loading from cache: /assets/textures/tinySLATES60.png
15:56:08.089 [FXGL Background Thread 1 ] DEBUG AssetLoader          - Loading from cache: /assets/textures/tinySLATES60.png
15:56:08.089 [FXGL Background Thread 1 ] DEBUG AssetLoader          - Loading from cache: /assets/textures/tinySLATES60.png
15:56:08.089 [FXGL Background Thread 1 ] DEBUG AssetLoader          - Loading from cache: /assets/textures/tinySLATES60.png
15:56:08.089 [FXGL Background Thread 1 ] DEBUG AssetLoader          - Loading from cache: /assets/textures/tinySLATES60.png
15:56:08.089 [FXGL Background Thread 1 ] DEBUG AssetLoader          - Loading from cache: /assets/textures/tinySLATES60.png
15:56:08.089 [FXGL Background Thread 1 ] DEBUG AssetLoader          - Loading from cache: /assets/textures/tinySLATES60.png
15:56:08.090 [FXGL Background Thread 1 ] DEBUG AssetLoader          - Loading from cache: /assets/textures/tinySLATES60.png
15:56:08.090 [FXGL Background Thread 1 ] DEBUG AssetLoader          - Loading from cache: /assets/textures/tinySLATES60.png
15:56:08.090 [FXGL Background Thread 1 ] DEBUG AssetLoader          - Loading from cache: /assets/textures/tinySLATES60.png
15:56:08.090 [FXGL Background Thread 1 ] DEBUG AssetLoader          - Loading from cache: /assets/textures/tinySLATES60.png
15:56:08.090 [FXGL Background Thread 1 ] DEBUG AssetLoader          - Loading from cache: /assets/textures/tinySLATES60.png
15:56:08.090 [FXGL Background Thread 1 ] DEBUG AssetLoader          - Loading from cache: /assets/textures/tinySLATES60.png
15:56:08.090 [FXGL Background Thread 1 ] DEBUG AssetLoader          - Loading from cache: /assets/textures/tinySLATES60.png
15:56:08.090 [FXGL Background Thread 1 ] DEBUG AssetLoader          - Loading from cache: /assets/textures/tinySLATES60.png
15:56:08.091 [FXGL Background Thread 1 ] DEBUG AssetLoader          - Loading from cache: /assets/textures/tinySLATES60.png
15:56:08.091 [FXGL Background Thread 1 ] DEBUG AssetLoader          - Loading from cache: /assets/textures/tinySLATES60.png
15:56:08.091 [FXGL Background Thread 1 ] DEBUG AssetLoader          - Loading from cache: /assets/textures/tinySLATES60.png
15:56:08.091 [FXGL Background Thread 1 ] DEBUG AssetLoader          - Loading from cache: /assets/textures/tinySLATES60.png
15:56:08.091 [FXGL Background Thread 1 ] DEBUG AssetLoader          - Loading from cache: /assets/textures/tinySLATES60.png
15:56:08.091 [FXGL Background Thread 1 ] DEBUG AssetLoader          - Loading from cache: /assets/textures/tinySLATES60.png
15:56:08.091 [FXGL Background Thread 1 ] DEBUG AssetLoader          - Loading from cache: /assets/textures/tinySLATES60.png
15:56:08.091 [FXGL Background Thread 1 ] DEBUG AssetLoader          - Loading from cache: /assets/textures/tinySLATES60.png
15:56:08.091 [FXGL Background Thread 1 ] DEBUG AssetLoader          - Loading from cache: /assets/textures/tinySLATES60.png
15:56:08.091 [FXGL Background Thread 1 ] DEBUG AssetLoader          - Loading from cache: /assets/textures/tinySLATES60.png
15:56:08.092 [FXGL Background Thread 1 ] DEBUG AssetLoader          - Loading from cache: /assets/textures/tinySLATES60.png
15:56:08.092 [FXGL Background Thread 1 ] DEBUG AssetLoader          - Loading from cache: /assets/textures/tinySLATES60.png
15:56:08.092 [FXGL Background Thread 1 ] DEBUG AssetLoader          - Loading from cache: /assets/textures/tinySLATES60.png
15:56:08.092 [FXGL Background Thread 1 ] DEBUG AssetLoader          - Loading from cache: /assets/textures/tinySLATES60.png
15:56:08.092 [FXGL Background Thread 1 ] DEBUG AssetLoader          - Loading from cache: /assets/textures/tinySLATES60.png
15:56:08.092 [FXGL Background Thread 1 ] DEBUG AssetLoader          - Loading from cache: /assets/textures/tinySLATES60.png
15:56:08.092 [FXGL Background Thread 1 ] DEBUG AssetLoader          - Loading from cache: /assets/textures/tinySLATES60.png
15:56:08.092 [FXGL Background Thread 1 ] DEBUG AssetLoader          - Loading from cache: /assets/textures/tinySLATES60.png
15:56:08.092 [FXGL Background Thread 1 ] DEBUG AssetLoader          - Loading from cache: /assets/textures/tinySLATES60.png
15:56:08.092 [FXGL Background Thread 1 ] DEBUG AssetLoader          - Loading from cache: /assets/textures/tinySLATES60.png
15:56:08.093 [FXGL Background Thread 1 ] DEBUG AssetLoader          - Loading from cache: /assets/textures/tinySLATES60.png
15:56:08.093 [FXGL Background Thread 1 ] DEBUG AssetLoader          - Loading from cache: /assets/textures/tinySLATES60.png
15:56:08.093 [FXGL Background Thread 1 ] DEBUG AssetLoader          - Loading from cache: /assets/textures/tinySLATES60.png
15:56:08.093 [FXGL Background Thread 1 ] DEBUG AssetLoader          - Loading from cache: /assets/textures/tinySLATES60.png
15:56:08.093 [FXGL Background Thread 1 ] DEBUG AssetLoader          - Loading from cache: /assets/textures/tinySLATES60.png
15:56:08.093 [FXGL Background Thread 1 ] DEBUG AssetLoader          - Loading from cache: /assets/textures/tinySLATES60.png
15:56:08.093 [FXGL Background Thread 1 ] DEBUG AssetLoader          - Loading from cache: /assets/textures/tinySLATES60.png
15:56:08.094 [FXGL Background Thread 1 ] DEBUG AssetLoader          - Loading from cache: /assets/textures/tinySLATES60.png
15:56:08.094 [FXGL Background Thread 1 ] DEBUG AssetLoader          - Loading from cache: /assets/textures/tinySLATES60.png
15:56:08.094 [FXGL Background Thread 1 ] DEBUG AssetLoader          - Loading from cache: /assets/textures/tinySLATES60.png
15:56:08.094 [FXGL Background Thread 1 ] DEBUG AssetLoader          - Loading from cache: /assets/textures/tinySLATES60.png
15:56:08.094 [FXGL Background Thread 1 ] DEBUG AssetLoader          - Loading from cache: /assets/textures/tinySLATES60.png
15:56:08.094 [FXGL Background Thread 1 ] DEBUG AssetLoader          - Loading from cache: /assets/textures/tinySLATES60.png
15:56:08.094 [FXGL Background Thread 1 ] DEBUG AssetLoader          - Loading from cache: /assets/textures/tinySLATES60.png
15:56:08.095 [FXGL Background Thread 1 ] DEBUG AssetLoader          - Loading from cache: /assets/textures/tinySLATES60.png
15:56:08.095 [FXGL Background Thread 1 ] DEBUG AssetLoader          - Loading from cache: /assets/textures/tinySLATES60.png
15:56:08.095 [FXGL Background Thread 1 ] DEBUG AssetLoader          - Loading from cache: /assets/textures/tinySLATES60.png
15:56:08.095 [FXGL Background Thread 1 ] DEBUG AssetLoader          - Loading from cache: /assets/textures/tinySLATES60.png
15:56:08.095 [FXGL Background Thread 1 ] DEBUG AssetLoader          - Loading from cache: /assets/textures/tinySLATES60.png
15:56:08.095 [FXGL Background Thread 1 ] DEBUG AssetLoader          - Loading from cache: /assets/textures/tinySLATES60.png
15:56:08.096 [FXGL Background Thread 1 ] DEBUG AssetLoader          - Loading from cache: /assets/textures/tinySLATES60.png
15:56:08.096 [FXGL Background Thread 1 ] DEBUG AssetLoader          - Loading from cache: /assets/textures/tinySLATES60.png
15:56:08.096 [FXGL Background Thread 1 ] DEBUG AssetLoader          - Loading from cache: /assets/textures/tinySLATES60.png
15:56:08.096 [FXGL Background Thread 1 ] DEBUG AssetLoader          - Loading from cache: /assets/textures/tinySLATES60.png
15:56:08.096 [FXGL Background Thread 1 ] DEBUG AssetLoader          - Loading from cache: /assets/textures/tinySLATES60.png
15:56:08.096 [FXGL Background Thread 1 ] DEBUG AssetLoader          - Loading from cache: /assets/textures/tinySLATES60.png
15:56:08.096 [FXGL Background Thread 1 ] DEBUG AssetLoader          - Loading from cache: /assets/textures/tinySLATES60.png
15:56:08.096 [FXGL Background Thread 1 ] DEBUG AssetLoader          - Loading from cache: /assets/textures/tinySLATES60.png
15:56:08.097 [FXGL Background Thread 1 ] DEBUG AssetLoader          - Loading from cache: /assets/textures/tinySLATES60.png
15:56:08.097 [FXGL Background Thread 1 ] DEBUG AssetLoader          - Loading from cache: /assets/textures/tinySLATES60.png
15:56:08.097 [FXGL Background Thread 1 ] DEBUG AssetLoader          - Loading from cache: /assets/textures/tinySLATES60.png
15:56:08.097 [FXGL Background Thread 1 ] DEBUG AssetLoader          - Loading from cache: /assets/textures/tinySLATES60.png
15:56:08.097 [FXGL Background Thread 1 ] DEBUG AssetLoader          - Loading from cache: /assets/textures/tinySLATES60.png
15:56:08.097 [FXGL Background Thread 1 ] DEBUG AssetLoader          - Loading from cache: /assets/textures/tinySLATES60.png
15:56:08.097 [FXGL Background Thread 1 ] DEBUG AssetLoader          - Loading from cache: /assets/textures/tinySLATES60.png
15:56:08.097 [FXGL Background Thread 1 ] DEBUG AssetLoader          - Loading from cache: /assets/textures/tinySLATES60.png
15:56:08.097 [FXGL Background Thread 1 ] DEBUG AssetLoader          - Loading from cache: /assets/textures/tinySLATES60.png
15:56:08.097 [FXGL Background Thread 1 ] DEBUG AssetLoader          - Loading from cache: /assets/textures/tinySLATES60.png
15:56:08.097 [FXGL Background Thread 1 ] DEBUG AssetLoader          - Loading from cache: /assets/textures/tinySLATES60.png
15:56:08.097 [FXGL Background Thread 1 ] DEBUG AssetLoader          - Loading from cache: /assets/textures/tinySLATES60.png
15:56:08.097 [FXGL Background Thread 1 ] DEBUG AssetLoader          - Loading from cache: /assets/textures/tinySLATES60.png
15:56:08.098 [FXGL Background Thread 1 ] DEBUG AssetLoader          - Loading from cache: /assets/textures/tinySLATES60.png
15:56:08.098 [FXGL Background Thread 1 ] DEBUG AssetLoader          - Loading from cache: /assets/textures/tinySLATES60.png
15:56:08.098 [FXGL Background Thread 1 ] DEBUG AssetLoader          - Loading from cache: /assets/textures/tinySLATES60.png
15:56:08.098 [FXGL Background Thread 1 ] DEBUG AssetLoader          - Loading from cache: /assets/textures/tinySLATES60.png
15:56:08.098 [FXGL Background Thread 1 ] DEBUG AssetLoader          - Loading from cache: /assets/textures/tinySLATES60.png
15:56:08.098 [FXGL Background Thread 1 ] DEBUG AssetLoader          - Loading from cache: /assets/textures/tinySLATES60.png
15:56:08.098 [FXGL Background Thread 1 ] DEBUG AssetLoader          - Loading from cache: /assets/textures/tinySLATES60.png
15:56:08.098 [FXGL Background Thread 1 ] DEBUG AssetLoader          - Loading from cache: /assets/textures/tinySLATES60.png
15:56:08.099 [FXGL Background Thread 1 ] DEBUG AssetLoader          - Loading from cache: /assets/textures/tinySLATES60.png
15:56:08.099 [FXGL Background Thread 1 ] DEBUG AssetLoader          - Loading from cache: /assets/textures/tinySLATES60.png
15:56:08.099 [FXGL Background Thread 1 ] DEBUG AssetLoader          - Loading from cache: /assets/textures/tinySLATES60.png
15:56:08.099 [FXGL Background Thread 1 ] DEBUG AssetLoader          - Loading from cache: /assets/textures/tinySLATES60.png
15:56:08.099 [FXGL Background Thread 1 ] DEBUG AssetLoader          - Loading from cache: /assets/textures/tinySLATES60.png
15:56:08.099 [FXGL Background Thread 1 ] DEBUG AssetLoader          - Loading from cache: /assets/textures/tinySLATES60.png
15:56:08.099 [FXGL Background Thread 1 ] DEBUG AssetLoader          - Loading from cache: /assets/textures/tinySLATES60.png
15:56:08.099 [FXGL Background Thread 1 ] DEBUG AssetLoader          - Loading from cache: /assets/textures/tinySLATES60.png
15:56:08.099 [FXGL Background Thread 1 ] DEBUG AssetLoader          - Loading from cache: /assets/textures/tinySLATES60.png
15:56:08.099 [FXGL Background Thread 1 ] DEBUG AssetLoader          - Loading from cache: /assets/textures/tinySLATES60.png
15:56:08.100 [FXGL Background Thread 1 ] DEBUG AssetLoader          - Loading from cache: /assets/textures/tinySLATES60.png
15:56:08.100 [FXGL Background Thread 1 ] DEBUG AssetLoader          - Loading from cache: /assets/textures/tinySLATES60.png
15:56:08.100 [FXGL Background Thread 1 ] DEBUG AssetLoader          - Loading from cache: /assets/textures/tinySLATES60.png
15:56:08.100 [FXGL Background Thread 1 ] DEBUG AssetLoader          - Loading from cache: /assets/textures/tinySLATES60.png
15:56:08.100 [FXGL Background Thread 1 ] DEBUG AssetLoader          - Loading from cache: /assets/textures/tinySLATES60.png
15:56:08.100 [FXGL Background Thread 1 ] DEBUG AssetLoader          - Loading from cache: /assets/textures/tinySLATES60.png
15:56:08.100 [FXGL Background Thread 1 ] DEBUG AssetLoader          - Loading from cache: /assets/textures/tinySLATES60.png
15:56:08.100 [FXGL Background Thread 1 ] DEBUG AssetLoader          - Loading from cache: /assets/textures/tinySLATES60.png
15:56:08.100 [FXGL Background Thread 1 ] DEBUG AssetLoader          - Loading from cache: /assets/textures/tinySLATES60.png
15:56:08.101 [FXGL Background Thread 1 ] DEBUG AssetLoader          - Loading from cache: /assets/textures/tinySLATES60.png
15:56:08.101 [FXGL Background Thread 1 ] DEBUG AssetLoader          - Loading from cache: /assets/textures/tinySLATES60.png
15:56:08.101 [FXGL Background Thread 1 ] DEBUG AssetLoader          - Loading from cache: /assets/textures/tinySLATES60.png
15:56:08.101 [FXGL Background Thread 1 ] DEBUG AssetLoader          - Loading from cache: /assets/textures/tinySLATES60.png
15:56:08.101 [FXGL Background Thread 1 ] DEBUG AssetLoader          - Loading from cache: /assets/textures/tinySLATES60.png
15:56:08.101 [FXGL Background Thread 1 ] DEBUG AssetLoader          - Loading from cache: /assets/textures/tinySLATES60.png
15:56:08.101 [FXGL Background Thread 1 ] DEBUG AssetLoader          - Loading from cache: /assets/textures/tinySLATES60.png
15:56:08.101 [FXGL Background Thread 1 ] DEBUG AssetLoader          - Loading from cache: /assets/textures/tinySLATES60.png
15:56:08.101 [FXGL Background Thread 1 ] DEBUG AssetLoader          - Loading from cache: /assets/textures/tinySLATES60.png
15:56:08.101 [FXGL Background Thread 1 ] DEBUG AssetLoader          - Loading from cache: /assets/textures/tinySLATES60.png
15:56:08.101 [FXGL Background Thread 1 ] DEBUG AssetLoader          - Loading from cache: /assets/textures/tinySLATES60.png
15:56:08.102 [FXGL Background Thread 1 ] DEBUG AssetLoader          - Loading from cache: /assets/textures/tinySLATES60.png
15:56:08.102 [FXGL Background Thread 1 ] DEBUG AssetLoader          - Loading from cache: /assets/textures/tinySLATES60.png
15:56:08.102 [FXGL Background Thread 1 ] DEBUG AssetLoader          - Loading from cache: /assets/textures/tinySLATES60.png
15:56:08.102 [FXGL Background Thread 1 ] DEBUG AssetLoader          - Loading from cache: /assets/textures/tinySLATES60.png
15:56:08.102 [FXGL Background Thread 1 ] DEBUG AssetLoader          - Loading from cache: /assets/textures/tinySLATES60.png
15:56:08.102 [FXGL Background Thread 1 ] DEBUG AssetLoader          - Loading from cache: /assets/textures/tinySLATES60.png
15:56:08.102 [FXGL Background Thread 1 ] DEBUG AssetLoader          - Loading from cache: /assets/textures/tinySLATES60.png
15:56:08.102 [FXGL Background Thread 1 ] DEBUG AssetLoader          - Loading from cache: /assets/textures/tinySLATES60.png
15:56:08.102 [FXGL Background Thread 1 ] DEBUG AssetLoader          - Loading from cache: /assets/textures/tinySLATES60.png
15:56:08.102 [FXGL Background Thread 1 ] DEBUG AssetLoader          - Loading from cache: /assets/textures/tinySLATES60.png
15:56:08.102 [FXGL Background Thread 1 ] DEBUG AssetLoader          - Loading from cache: /assets/textures/tinySLATES60.png
15:56:08.103 [FXGL Background Thread 1 ] DEBUG AssetLoader          - Loading from cache: /assets/textures/tinySLATES60.png
15:56:08.103 [FXGL Background Thread 1 ] DEBUG AssetLoader          - Loading from cache: /assets/textures/tinySLATES60.png
15:56:08.103 [FXGL Background Thread 1 ] DEBUG AssetLoader          - Loading from cache: /assets/textures/tinySLATES60.png
15:56:08.103 [FXGL Background Thread 1 ] DEBUG AssetLoader          - Loading from cache: /assets/textures/tinySLATES60.png
15:56:08.103 [FXGL Background Thread 1 ] DEBUG AssetLoader          - Loading from cache: /assets/textures/tinySLATES60.png
15:56:08.103 [FXGL Background Thread 1 ] DEBUG AssetLoader          - Loading from cache: /assets/textures/tinySLATES60.png
15:56:08.103 [FXGL Background Thread 1 ] DEBUG AssetLoader          - Loading from cache: /assets/textures/tinySLATES60.png
15:56:08.103 [FXGL Background Thread 1 ] DEBUG AssetLoader          - Loading from cache: /assets/textures/tinySLATES60.png
15:56:08.103 [FXGL Background Thread 1 ] DEBUG AssetLoader          - Loading from cache: /assets/textures/tinySLATES60.png
15:56:08.103 [FXGL Background Thread 1 ] DEBUG AssetLoader          - Loading from cache: /assets/textures/tinySLATES60.png
15:56:08.103 [FXGL Background Thread 1 ] DEBUG AssetLoader          - Loading from cache: /assets/textures/tinySLATES60.png
15:56:08.103 [FXGL Background Thread 1 ] DEBUG AssetLoader          - Loading from cache: /assets/textures/tinySLATES60.png
15:56:08.104 [FXGL Background Thread 1 ] DEBUG AssetLoader          - Loading from cache: /assets/textures/tinySLATES60.png
15:56:08.104 [FXGL Background Thread 1 ] DEBUG AssetLoader          - Loading from cache: /assets/textures/tinySLATES60.png
15:56:08.104 [FXGL Background Thread 1 ] DEBUG AssetLoader          - Loading from cache: /assets/textures/tinySLATES60.png
15:56:08.104 [FXGL Background Thread 1 ] DEBUG AssetLoader          - Loading from cache: /assets/textures/tinySLATES60.png
15:56:08.104 [FXGL Background Thread 1 ] DEBUG AssetLoader          - Loading from cache: /assets/textures/tinySLATES60.png
15:56:08.104 [FXGL Background Thread 1 ] DEBUG AssetLoader          - Loading from cache: /assets/textures/tinySLATES60.png
15:56:08.104 [FXGL Background Thread 1 ] DEBUG AssetLoader          - Loading from cache: /assets/textures/tinySLATES60.png
15:56:08.104 [FXGL Background Thread 1 ] DEBUG AssetLoader          - Loading from cache: /assets/textures/tinySLATES60.png
15:56:08.104 [FXGL Background Thread 1 ] DEBUG AssetLoader          - Loading from cache: /assets/textures/tinySLATES60.png
15:56:08.104 [FXGL Background Thread 1 ] DEBUG AssetLoader          - Loading from cache: /assets/textures/tinySLATES60.png
15:56:08.104 [FXGL Background Thread 1 ] DEBUG AssetLoader          - Loading from cache: /assets/textures/tinySLATES60.png
15:56:08.104 [FXGL Background Thread 1 ] DEBUG AssetLoader          - Loading from cache: /assets/textures/tinySLATES60.png
15:56:08.104 [FXGL Background Thread 1 ] DEBUG AssetLoader          - Loading from cache: /assets/textures/tinySLATES60.png
15:56:08.105 [FXGL Background Thread 1 ] DEBUG AssetLoader          - Loading from cache: /assets/textures/tinySLATES60.png
15:56:08.105 [FXGL Background Thread 1 ] DEBUG AssetLoader          - Loading from cache: /assets/textures/tinySLATES60.png
15:56:08.105 [FXGL Background Thread 1 ] DEBUG AssetLoader          - Loading from cache: /assets/textures/tinySLATES60.png
15:56:08.105 [FXGL Background Thread 1 ] DEBUG AssetLoader          - Loading from cache: /assets/textures/tinySLATES60.png
15:56:08.105 [FXGL Background Thread 1 ] DEBUG AssetLoader          - Loading from cache: /assets/textures/tinySLATES60.png
15:56:08.105 [FXGL Background Thread 1 ] DEBUG AssetLoader          - Loading from cache: /assets/textures/tinySLATES60.png
15:56:08.105 [FXGL Background Thread 1 ] DEBUG AssetLoader          - Loading from cache: /assets/textures/tinySLATES60.png
15:56:08.105 [FXGL Background Thread 1 ] DEBUG AssetLoader          - Loading from cache: /assets/textures/tinySLATES60.png
15:56:08.105 [FXGL Background Thread 1 ] DEBUG AssetLoader          - Loading from cache: /assets/textures/tinySLATES60.png
15:56:08.105 [FXGL Background Thread 1 ] DEBUG AssetLoader          - Loading from cache: /assets/textures/tinySLATES60.png
15:56:08.105 [FXGL Background Thread 1 ] DEBUG AssetLoader          - Loading from cache: /assets/textures/tinySLATES60.png
15:56:08.105 [FXGL Background Thread 1 ] DEBUG AssetLoader          - Loading from cache: /assets/textures/tinySLATES60.png
15:56:08.106 [FXGL Background Thread 1 ] DEBUG AssetLoader          - Loading from cache: /assets/textures/tinySLATES60.png
15:56:08.106 [FXGL Background Thread 1 ] DEBUG AssetLoader          - Loading from cache: /assets/textures/tinySLATES60.png
15:56:08.106 [FXGL Background Thread 1 ] DEBUG AssetLoader          - Loading from cache: /assets/textures/tinySLATES60.png
15:56:08.106 [FXGL Background Thread 1 ] DEBUG AssetLoader          - Loading from cache: /assets/textures/tinySLATES60.png
15:56:08.106 [FXGL Background Thread 1 ] DEBUG AssetLoader          - Loading from cache: /assets/textures/tinySLATES60.png
15:56:08.106 [FXGL Background Thread 1 ] DEBUG AssetLoader          - Loading from cache: /assets/textures/tinySLATES60.png
15:56:08.106 [FXGL Background Thread 1 ] DEBUG AssetLoader          - Loading from cache: /assets/textures/tinySLATES60.png
15:56:08.106 [FXGL Background Thread 1 ] DEBUG AssetLoader          - Loading from cache: /assets/textures/tinySLATES60.png
15:56:08.106 [FXGL Background Thread 1 ] DEBUG AssetLoader          - Loading from cache: /assets/textures/tinySLATES60.png
15:56:08.106 [FXGL Background Thread 1 ] DEBUG AssetLoader          - Loading from cache: /assets/textures/tinySLATES60.png
15:56:08.106 [FXGL Background Thread 1 ] DEBUG AssetLoader          - Loading from cache: /assets/textures/tinySLATES60.png
15:56:08.106 [FXGL Background Thread 1 ] DEBUG AssetLoader          - Loading from cache: /assets/textures/tinySLATES60.png
15:56:08.106 [FXGL Background Thread 1 ] DEBUG AssetLoader          - Loading from cache: /assets/textures/tinySLATES60.png
15:56:08.107 [FXGL Background Thread 1 ] DEBUG AssetLoader          - Loading from cache: /assets/textures/tinySLATES60.png
15:56:08.107 [FXGL Background Thread 1 ] DEBUG AssetLoader          - Loading from cache: /assets/textures/tinySLATES60.png
15:56:08.107 [FXGL Background Thread 1 ] DEBUG AssetLoader          - Loading from cache: /assets/textures/tinySLATES60.png
15:56:08.107 [FXGL Background Thread 1 ] DEBUG AssetLoader          - Loading from cache: /assets/textures/tinySLATES60.png
15:56:08.107 [FXGL Background Thread 1 ] DEBUG AssetLoader          - Loading from cache: /assets/textures/tinySLATES60.png
15:56:08.107 [FXGL Background Thread 1 ] DEBUG AssetLoader          - Loading from cache: /assets/textures/tinySLATES60.png
15:56:08.107 [FXGL Background Thread 1 ] DEBUG AssetLoader          - Loading from cache: /assets/textures/tinySLATES60.png
15:56:08.107 [FXGL Background Thread 1 ] DEBUG AssetLoader          - Loading from cache: /assets/textures/tinySLATES60.png
15:56:08.107 [FXGL Background Thread 1 ] DEBUG AssetLoader          - Loading from cache: /assets/textures/tinySLATES60.png
15:56:08.107 [FXGL Background Thread 1 ] DEBUG AssetLoader          - Loading from cache: /assets/textures/tinySLATES60.png
15:56:08.107 [FXGL Background Thread 1 ] DEBUG AssetLoader          - Loading from cache: /assets/textures/tinySLATES60.png
15:56:08.107 [FXGL Background Thread 1 ] DEBUG AssetLoader          - Loading from cache: /assets/textures/tinySLATES60.png
15:56:08.108 [FXGL Background Thread 1 ] DEBUG AssetLoader          - Loading from cache: /assets/textures/tinySLATES60.png
15:56:08.108 [FXGL Background Thread 1 ] DEBUG AssetLoader          - Loading from cache: /assets/textures/tinySLATES60.png
15:56:08.108 [FXGL Background Thread 1 ] DEBUG AssetLoader          - Loading from cache: /assets/textures/tinySLATES60.png
15:56:08.108 [FXGL Background Thread 1 ] DEBUG AssetLoader          - Loading from cache: /assets/textures/tinySLATES60.png
15:56:08.108 [FXGL Background Thread 1 ] DEBUG AssetLoader          - Loading from cache: /assets/textures/tinySLATES60.png
15:56:08.108 [FXGL Background Thread 1 ] DEBUG AssetLoader          - Loading from cache: /assets/textures/tinySLATES60.png
15:56:08.108 [FXGL Background Thread 1 ] DEBUG AssetLoader          - Loading from cache: /assets/textures/tinySLATES60.png
15:56:08.108 [FXGL Background Thread 1 ] DEBUG AssetLoader          - Loading from cache: /assets/textures/tinySLATES60.png
15:56:08.108 [FXGL Background Thread 1 ] DEBUG AssetLoader          - Loading from cache: /assets/textures/tinySLATES60.png
15:56:08.108 [FXGL Background Thread 1 ] DEBUG AssetLoader          - Loading from cache: /assets/textures/tinySLATES60.png
15:56:08.109 [FXGL Background Thread 1 ] DEBUG AssetLoader          - Loading from cache: /assets/textures/tinySLATES60.png
15:56:08.109 [FXGL Background Thread 1 ] DEBUG AssetLoader          - Loading from cache: /assets/textures/tinySLATES60.png
15:56:08.109 [FXGL Background Thread 1 ] DEBUG AssetLoader          - Loading from cache: /assets/textures/tinySLATES60.png
15:56:08.109 [FXGL Background Thread 1 ] DEBUG AssetLoader          - Loading from cache: /assets/textures/tinySLATES60.png
15:56:08.109 [FXGL Background Thread 1 ] DEBUG AssetLoader          - Loading from cache: /assets/textures/tinySLATES60.png
15:56:08.109 [FXGL Background Thread 1 ] DEBUG AssetLoader          - Loading from cache: /assets/textures/tinySLATES60.png
15:56:08.109 [FXGL Background Thread 1 ] DEBUG AssetLoader          - Loading from cache: /assets/textures/tinySLATES60.png
15:56:08.109 [FXGL Background Thread 1 ] DEBUG AssetLoader          - Loading from cache: /assets/textures/tinySLATES60.png
15:56:08.109 [FXGL Background Thread 1 ] DEBUG AssetLoader          - Loading from cache: /assets/textures/tinySLATES60.png
15:56:08.109 [FXGL Background Thread 1 ] DEBUG AssetLoader          - Loading from cache: /assets/textures/tinySLATES60.png
15:56:08.109 [FXGL Background Thread 1 ] DEBUG AssetLoader          - Loading from cache: /assets/textures/tinySLATES60.png
15:56:08.110 [FXGL Background Thread 1 ] DEBUG AssetLoader          - Loading from cache: /assets/textures/tinySLATES60.png
15:56:08.110 [FXGL Background Thread 1 ] DEBUG AssetLoader          - Loading from cache: /assets/textures/tinySLATES60.png
15:56:08.110 [FXGL Background Thread 1 ] DEBUG AssetLoader          - Loading from cache: /assets/textures/tinySLATES60.png
15:56:08.110 [FXGL Background Thread 1 ] DEBUG AssetLoader          - Loading from cache: /assets/textures/tinySLATES60.png
15:56:08.110 [FXGL Background Thread 1 ] DEBUG AssetLoader          - Loading from cache: /assets/textures/tinySLATES60.png
15:56:08.110 [FXGL Background Thread 1 ] DEBUG AssetLoader          - Loading from cache: /assets/textures/tinySLATES60.png
15:56:08.110 [FXGL Background Thread 1 ] DEBUG AssetLoader          - Loading from cache: /assets/textures/tinySLATES60.png
15:56:08.110 [FXGL Background Thread 1 ] DEBUG AssetLoader          - Loading from cache: /assets/textures/tinySLATES60.png
15:56:08.110 [FXGL Background Thread 1 ] DEBUG AssetLoader          - Loading from cache: /assets/textures/tinySLATES60.png
15:56:08.110 [FXGL Background Thread 1 ] DEBUG AssetLoader          - Loading from cache: /assets/textures/tinySLATES60.png
15:56:08.110 [FXGL Background Thread 1 ] DEBUG AssetLoader          - Loading from cache: /assets/textures/tinySLATES60.png
15:56:08.110 [FXGL Background Thread 1 ] DEBUG AssetLoader          - Loading from cache: /assets/textures/tinySLATES60.png
15:56:08.111 [FXGL Background Thread 1 ] DEBUG AssetLoader          - Loading from cache: /assets/textures/tinySLATES60.png
15:56:08.111 [FXGL Background Thread 1 ] DEBUG AssetLoader          - Loading from cache: /assets/textures/tinySLATES60.png
15:56:08.111 [FXGL Background Thread 1 ] DEBUG AssetLoader          - Loading from cache: /assets/textures/tinySLATES60.png
15:56:08.111 [FXGL Background Thread 1 ] DEBUG AssetLoader          - Loading from cache: /assets/textures/tinySLATES60.png
15:56:08.111 [FXGL Background Thread 1 ] DEBUG AssetLoader          - Loading from cache: /assets/textures/tinySLATES60.png
15:56:08.111 [FXGL Background Thread 1 ] DEBUG AssetLoader          - Loading from cache: /assets/textures/tinySLATES60.png
15:56:08.111 [FXGL Background Thread 1 ] DEBUG AssetLoader          - Loading from cache: /assets/textures/tinySLATES60.png
15:56:08.111 [FXGL Background Thread 1 ] DEBUG AssetLoader          - Loading from cache: /assets/textures/tinySLATES60.png
15:56:08.111 [FXGL Background Thread 1 ] DEBUG AssetLoader          - Loading from cache: /assets/textures/tinySLATES60.png
15:56:08.111 [FXGL Background Thread 1 ] DEBUG AssetLoader          - Loading from cache: /assets/textures/tinySLATES60.png
15:56:08.111 [FXGL Background Thread 1 ] DEBUG AssetLoader          - Loading from cache: /assets/textures/tinySLATES60.png
15:56:08.111 [FXGL Background Thread 1 ] DEBUG AssetLoader          - Loading from cache: /assets/textures/tinySLATES60.png
15:56:08.111 [FXGL Background Thread 1 ] DEBUG AssetLoader          - Loading from cache: /assets/textures/tinySLATES60.png
15:56:08.112 [FXGL Background Thread 1 ] DEBUG AssetLoader          - Loading from cache: /assets/textures/tinySLATES60.png
15:56:08.112 [FXGL Background Thread 1 ] DEBUG AssetLoader          - Loading from cache: /assets/textures/tinySLATES60.png
15:56:08.112 [FXGL Background Thread 1 ] DEBUG AssetLoader          - Loading from cache: /assets/textures/tinySLATES60.png
15:56:08.112 [FXGL Background Thread 1 ] DEBUG AssetLoader          - Loading from cache: /assets/textures/tinySLATES60.png
15:56:08.112 [FXGL Background Thread 1 ] DEBUG AssetLoader          - Loading from cache: /assets/textures/tinySLATES60.png
15:56:08.112 [FXGL Background Thread 1 ] DEBUG AssetLoader          - Loading from cache: /assets/textures/tinySLATES60.png
15:56:08.112 [FXGL Background Thread 1 ] DEBUG AssetLoader          - Loading from cache: /assets/textures/tinySLATES60.png
15:56:08.114 [FXGL Background Thread 1 ] DEBUG GameScene            - Creating render group for layer: BACKGROUND(1000)
15:56:08.119 [FXGL Background Thread 1 ] DEBUG AssetLoader          - Loading from cache: /assets/textures/tinySLATES60.png
15:56:08.119 [FXGL Background Thread 1 ] DEBUG AssetLoader          - Loading from cache: /assets/textures/tinySLATES60.png
15:56:08.119 [FXGL Background Thread 1 ] DEBUG AssetLoader          - Loading from cache: /assets/textures/tinySLATES60.png
15:56:08.120 [FXGL Background Thread 1 ] DEBUG AssetLoader          - Loading from cache: /assets/textures/tinySLATES60.png
15:56:08.120 [FXGL Background Thread 1 ] DEBUG AssetLoader          - Loading from cache: /assets/textures/tinySLATES60.png
15:56:08.120 [FXGL Background Thread 1 ] DEBUG AssetLoader          - Loading from cache: /assets/textures/tinySLATES60.png
15:56:08.120 [FXGL Background Thread 1 ] DEBUG AssetLoader          - Loading from cache: /assets/textures/tinySLATES60.png
15:56:08.120 [FXGL Background Thread 1 ] DEBUG AssetLoader          - Loading from cache: /assets/textures/tinySLATES60.png
15:56:08.120 [FXGL Background Thread 1 ] DEBUG AssetLoader          - Loading from cache: /assets/textures/tinySLATES60.png
15:56:08.120 [FXGL Background Thread 1 ] DEBUG AssetLoader          - Loading from cache: /assets/textures/tinySLATES60.png
15:56:08.120 [FXGL Background Thread 1 ] DEBUG AssetLoader          - Loading from cache: /assets/textures/tinySLATES60.png
15:56:08.120 [FXGL Background Thread 1 ] DEBUG AssetLoader          - Loading from cache: /assets/textures/tinySLATES60.png
15:56:08.120 [FXGL Background Thread 1 ] DEBUG AssetLoader          - Loading from cache: /assets/textures/tinySLATES60.png
15:56:08.121 [FXGL Background Thread 1 ] DEBUG AssetLoader          - Loading from cache: /assets/textures/tinySLATES60.png
15:56:08.121 [FXGL Background Thread 1 ] DEBUG AssetLoader          - Loading from cache: /assets/textures/tinySLATES60.png
15:56:08.121 [FXGL Background Thread 1 ] DEBUG AssetLoader          - Loading from cache: /assets/textures/tinySLATES60.png
15:56:08.121 [FXGL Background Thread 1 ] DEBUG AssetLoader          - Loading from cache: /assets/textures/tinySLATES60.png
15:56:08.121 [FXGL Background Thread 1 ] DEBUG AssetLoader          - Loading from cache: /assets/textures/tinySLATES60.png
15:56:08.121 [FXGL Background Thread 1 ] DEBUG AssetLoader          - Loading from cache: /assets/textures/tinySLATES60.png
15:56:08.121 [FXGL Background Thread 1 ] DEBUG AssetLoader          - Loading from cache: /assets/textures/tinySLATES60.png
15:56:08.121 [FXGL Background Thread 1 ] DEBUG AssetLoader          - Loading from cache: /assets/textures/tinySLATES60.png
15:56:08.121 [FXGL Background Thread 1 ] DEBUG AssetLoader          - Loading from cache: /assets/textures/tinySLATES60.png
15:56:08.121 [FXGL Background Thread 1 ] DEBUG AssetLoader          - Loading from cache: /assets/textures/tinySLATES60.png
15:56:08.121 [FXGL Background Thread 1 ] DEBUG AssetLoader          - Loading from cache: /assets/textures/tinySLATES60.png
15:56:08.121 [FXGL Background Thread 1 ] DEBUG AssetLoader          - Loading from cache: /assets/textures/tinySLATES60.png
15:56:08.122 [FXGL Background Thread 1 ] DEBUG AssetLoader          - Loading from cache: /assets/textures/tinySLATES60.png
15:56:08.122 [FXGL Background Thread 1 ] DEBUG AssetLoader          - Loading from cache: /assets/textures/tinySLATES60.png
15:56:08.122 [FXGL Background Thread 1 ] DEBUG AssetLoader          - Loading from cache: /assets/textures/tinySLATES60.png
15:56:08.122 [FXGL Background Thread 1 ] DEBUG AssetLoader          - Loading from cache: /assets/textures/tinySLATES60.png
15:56:08.122 [FXGL Background Thread 1 ] DEBUG AssetLoader          - Loading from cache: /assets/textures/tinySLATES60.png
15:56:08.122 [FXGL Background Thread 1 ] DEBUG AssetLoader          - Loading from cache: /assets/textures/tinySLATES60.png
15:56:08.122 [FXGL Background Thread 1 ] DEBUG AssetLoader          - Loading from cache: /assets/textures/tinySLATES60.png
15:56:08.122 [FXGL Background Thread 1 ] DEBUG AssetLoader          - Loading from cache: /assets/textures/tinySLATES60.png
15:56:08.122 [FXGL Background Thread 1 ] DEBUG AssetLoader          - Loading from cache: /assets/textures/tinySLATES60.png
15:56:08.122 [FXGL Background Thread 1 ] DEBUG AssetLoader          - Loading from cache: /assets/textures/tinySLATES60.png
15:56:08.122 [FXGL Background Thread 1 ] DEBUG AssetLoader          - Loading from cache: /assets/textures/tinySLATES60.png
15:56:08.123 [FXGL Background Thread 1 ] DEBUG AssetLoader          - Loading from cache: /assets/textures/tinySLATES60.png
15:56:08.123 [FXGL Background Thread 1 ] DEBUG AssetLoader          - Loading from cache: /assets/textures/tinySLATES60.png
15:56:08.123 [FXGL Background Thread 1 ] DEBUG AssetLoader          - Loading from cache: /assets/textures/tinySLATES60.png
15:56:08.123 [FXGL Background Thread 1 ] DEBUG AssetLoader          - Loading from cache: /assets/textures/tinySLATES60.png
15:56:08.123 [FXGL Background Thread 1 ] DEBUG AssetLoader          - Loading from cache: /assets/textures/tinySLATES60.png
15:56:08.123 [FXGL Background Thread 1 ] DEBUG AssetLoader          - Loading from cache: /assets/textures/tinySLATES60.png
15:56:08.123 [FXGL Background Thread 1 ] DEBUG AssetLoader          - Loading from cache: /assets/textures/tinySLATES60.png
15:56:08.123 [FXGL Background Thread 1 ] DEBUG AssetLoader          - Loading from cache: /assets/textures/tinySLATES60.png
15:56:08.123 [FXGL Background Thread 1 ] DEBUG AssetLoader          - Loading from cache: /assets/textures/tinySLATES60.png
15:56:08.123 [FXGL Background Thread 1 ] DEBUG AssetLoader          - Loading from cache: /assets/textures/tinySLATES60.png
15:56:08.123 [FXGL Background Thread 1 ] DEBUG AssetLoader          - Loading from cache: /assets/textures/tinySLATES60.png
15:56:08.124 [FXGL Background Thread 1 ] DEBUG AssetLoader          - Loading from cache: /assets/textures/tinySLATES60.png
15:56:08.124 [FXGL Background Thread 1 ] DEBUG AssetLoader          - Loading from cache: /assets/textures/tinySLATES60.png
15:56:08.124 [FXGL Background Thread 1 ] DEBUG AssetLoader          - Loading from cache: /assets/textures/tinySLATES60.png
15:56:08.124 [FXGL Background Thread 1 ] DEBUG AssetLoader          - Loading from cache: /assets/textures/tinySLATES60.png
15:56:08.124 [FXGL Background Thread 1 ] DEBUG AssetLoader          - Loading from cache: /assets/textures/tinySLATES60.png
15:56:08.124 [FXGL Background Thread 1 ] DEBUG AssetLoader          - Loading from cache: /assets/textures/tinySLATES60.png
15:56:08.124 [FXGL Background Thread 1 ] DEBUG AssetLoader          - Loading from cache: /assets/textures/tinySLATES60.png
15:56:08.124 [FXGL Background Thread 1 ] DEBUG AssetLoader          - Loading from cache: /assets/textures/tinySLATES60.png
15:56:08.124 [FXGL Background Thread 1 ] DEBUG AssetLoader          - Loading from cache: /assets/textures/tinySLATES60.png
15:56:08.124 [FXGL Background Thread 1 ] DEBUG AssetLoader          - Loading from cache: /assets/textures/tinySLATES60.png
15:56:08.124 [FXGL Background Thread 1 ] DEBUG AssetLoader          - Loading from cache: /assets/textures/tinySLATES60.png
15:56:08.124 [FXGL Background Thread 1 ] DEBUG AssetLoader          - Loading from cache: /assets/textures/tinySLATES60.png
15:56:08.124 [FXGL Background Thread 1 ] DEBUG AssetLoader          - Loading from cache: /assets/textures/tinySLATES60.png
15:56:08.124 [FXGL Background Thread 1 ] DEBUG AssetLoader          - Loading from cache: /assets/textures/tinySLATES60.png
15:56:08.124 [FXGL Background Thread 1 ] DEBUG AssetLoader          - Loading from cache: /assets/textures/tinySLATES60.png
15:56:08.124 [FXGL Background Thread 1 ] DEBUG AssetLoader          - Loading from cache: /assets/textures/tinySLATES60.png
15:56:08.124 [FXGL Background Thread 1 ] DEBUG AssetLoader          - Loading from cache: /assets/textures/tinySLATES60.png
15:56:08.124 [FXGL Background Thread 1 ] DEBUG AssetLoader          - Loading from cache: /assets/textures/tinySLATES60.png
15:56:08.124 [FXGL Background Thread 1 ] DEBUG AssetLoader          - Loading from cache: /assets/textures/tinySLATES60.png
15:56:08.124 [FXGL Background Thread 1 ] DEBUG AssetLoader          - Loading from cache: /assets/textures/tinySLATES60.png
15:56:08.124 [FXGL Background Thread 1 ] DEBUG AssetLoader          - Loading from cache: /assets/textures/tinySLATES60.png
15:56:08.124 [FXGL Background Thread 1 ] DEBUG AssetLoader          - Loading from cache: /assets/textures/tinySLATES60.png
15:56:08.124 [FXGL Background Thread 1 ] DEBUG AssetLoader          - Loading from cache: /assets/textures/tinySLATES60.png
15:56:08.124 [FXGL Background Thread 1 ] DEBUG AssetLoader          - Loading from cache: /assets/textures/tinySLATES60.png
15:56:08.124 [FXGL Background Thread 1 ] DEBUG AssetLoader          - Loading from cache: /assets/textures/tinySLATES60.png
15:56:08.125 [FXGL Background Thread 1 ] DEBUG AssetLoader          - Loading from cache: /assets/textures/tinySLATES60.png
15:56:08.125 [FXGL Background Thread 1 ] DEBUG AssetLoader          - Loading from cache: /assets/textures/tinySLATES60.png
15:56:08.125 [FXGL Background Thread 1 ] DEBUG AssetLoader          - Loading from cache: /assets/textures/tinySLATES60.png
15:56:08.125 [FXGL Background Thread 1 ] DEBUG AssetLoader          - Loading from cache: /assets/textures/tinySLATES60.png
15:56:08.125 [FXGL Background Thread 1 ] DEBUG AssetLoader          - Loading from cache: /assets/textures/tinySLATES60.png
15:56:08.125 [FXGL Background Thread 1 ] DEBUG AssetLoader          - Loading from cache: /assets/textures/tinySLATES60.png
15:56:08.125 [FXGL Background Thread 1 ] DEBUG AssetLoader          - Loading from cache: /assets/textures/tinySLATES60.png
15:56:08.125 [FXGL Background Thread 1 ] DEBUG AssetLoader          - Loading from cache: /assets/textures/tinySLATES60.png
15:56:08.125 [FXGL Background Thread 1 ] DEBUG AssetLoader          - Loading from cache: /assets/textures/tinySLATES60.png
15:56:08.125 [FXGL Background Thread 1 ] DEBUG AssetLoader          - Loading from cache: /assets/textures/tinySLATES60.png
15:56:08.125 [FXGL Background Thread 1 ] DEBUG AssetLoader          - Loading from cache: /assets/textures/tinySLATES60.png
15:56:08.125 [FXGL Background Thread 1 ] DEBUG AssetLoader          - Loading from cache: /assets/textures/tinySLATES60.png
15:56:08.125 [FXGL Background Thread 1 ] DEBUG AssetLoader          - Loading from cache: /assets/textures/tinySLATES60.png
15:56:08.125 [FXGL Background Thread 1 ] DEBUG AssetLoader          - Loading from cache: /assets/textures/tinySLATES60.png
15:56:08.125 [FXGL Background Thread 1 ] DEBUG AssetLoader          - Loading from cache: /assets/textures/tinySLATES60.png
15:56:08.127 [FXGL Background Thread 1 ] DEBUG AssetLoader          - Loading from cache: /assets/textures/tinySLATES60.png
15:56:08.127 [FXGL Background Thread 1 ] DEBUG AssetLoader          - Loading from cache: /assets/textures/tinySLATES60.png
15:56:08.127 [FXGL Background Thread 1 ] DEBUG AssetLoader          - Loading from cache: /assets/textures/tinySLATES60.png
15:56:08.127 [FXGL Background Thread 1 ] DEBUG AssetLoader          - Loading from cache: /assets/textures/tinySLATES60.png
15:56:08.127 [FXGL Background Thread 1 ] DEBUG AssetLoader          - Loading from cache: /assets/textures/tinySLATES60.png
15:56:08.127 [FXGL Background Thread 1 ] DEBUG AssetLoader          - Loading from cache: /assets/textures/tinySLATES60.png
15:56:08.127 [FXGL Background Thread 1 ] DEBUG AssetLoader          - Loading from cache: /assets/textures/tinySLATES60.png
15:56:08.127 [FXGL Background Thread 1 ] DEBUG AssetLoader          - Loading from cache: /assets/textures/tinySLATES60.png
15:56:08.127 [FXGL Background Thread 1 ] DEBUG AssetLoader          - Loading from cache: /assets/textures/tinySLATES60.png
15:56:08.127 [FXGL Background Thread 1 ] DEBUG AssetLoader          - Loading from cache: /assets/textures/tinySLATES60.png
15:56:08.127 [FXGL Background Thread 1 ] DEBUG AssetLoader          - Loading from cache: /assets/textures/tinySLATES60.png
15:56:08.127 [FXGL Background Thread 1 ] DEBUG AssetLoader          - Loading from cache: /assets/textures/tinySLATES60.png
15:56:08.127 [FXGL Background Thread 1 ] DEBUG AssetLoader          - Loading from cache: /assets/textures/tinySLATES60.png
15:56:08.127 [FXGL Background Thread 1 ] DEBUG AssetLoader          - Loading from cache: /assets/textures/tinySLATES60.png
15:56:08.127 [FXGL Background Thread 1 ] DEBUG AssetLoader          - Loading from cache: /assets/textures/tinySLATES60.png
15:56:08.127 [FXGL Background Thread 1 ] DEBUG AssetLoader          - Loading from cache: /assets/textures/tinySLATES60.png
15:56:08.127 [FXGL Background Thread 1 ] DEBUG AssetLoader          - Loading from cache: /assets/textures/tinySLATES60.png
15:56:08.127 [FXGL Background Thread 1 ] DEBUG AssetLoader          - Loading from cache: /assets/textures/tinySLATES60.png
15:56:08.127 [FXGL Background Thread 1 ] DEBUG AssetLoader          - Loading from cache: /assets/textures/tinySLATES60.png
15:56:08.127 [FXGL Background Thread 1 ] DEBUG AssetLoader          - Loading from cache: /assets/textures/tinySLATES60.png
15:56:08.127 [FXGL Background Thread 1 ] DEBUG AssetLoader          - Loading from cache: /assets/textures/tinySLATES60.png
15:56:08.127 [FXGL Background Thread 1 ] DEBUG AssetLoader          - Loading from cache: /assets/textures/tinySLATES60.png
15:56:08.127 [FXGL Background Thread 1 ] DEBUG AssetLoader          - Loading from cache: /assets/textures/tinySLATES60.png
15:56:08.127 [FXGL Background Thread 1 ] DEBUG AssetLoader          - Loading from cache: /assets/textures/tinySLATES60.png
15:56:08.127 [FXGL Background Thread 1 ] DEBUG AssetLoader          - Loading from cache: /assets/textures/tinySLATES60.png
15:56:08.127 [FXGL Background Thread 1 ] DEBUG AssetLoader          - Loading from cache: /assets/textures/tinySLATES60.png
15:56:08.128 [FXGL Background Thread 1 ] DEBUG AssetLoader          - Loading from cache: /assets/textures/tinySLATES60.png
15:56:08.128 [FXGL Background Thread 1 ] DEBUG AssetLoader          - Loading from cache: /assets/textures/tinySLATES60.png
15:56:08.128 [FXGL Background Thread 1 ] DEBUG AssetLoader          - Loading from cache: /assets/textures/tinySLATES60.png
15:56:08.128 [FXGL Background Thread 1 ] DEBUG AssetLoader          - Loading from cache: /assets/textures/tinySLATES60.png
15:56:08.128 [FXGL Background Thread 1 ] DEBUG AssetLoader          - Loading from cache: /assets/textures/tinySLATES60.png
15:56:08.128 [FXGL Background Thread 1 ] DEBUG AssetLoader          - Loading from cache: /assets/textures/tinySLATES60.png
15:56:08.128 [FXGL Background Thread 1 ] DEBUG AssetLoader          - Loading from cache: /assets/textures/tinySLATES60.png
15:56:08.128 [FXGL Background Thread 1 ] DEBUG AssetLoader          - Loading from cache: /assets/textures/tinySLATES60.png
15:56:08.128 [FXGL Background Thread 1 ] DEBUG AssetLoader          - Loading from cache: /assets/textures/tinySLATES60.png
15:56:08.128 [FXGL Background Thread 1 ] DEBUG AssetLoader          - Loading from cache: /assets/textures/tinySLATES60.png
15:56:08.128 [FXGL Background Thread 1 ] DEBUG AssetLoader          - Loading from cache: /assets/textures/tinySLATES60.png
15:56:08.128 [FXGL Background Thread 1 ] DEBUG AssetLoader          - Loading from cache: /assets/textures/tinySLATES60.png
15:56:08.128 [FXGL Background Thread 1 ] DEBUG AssetLoader          - Loading from cache: /assets/textures/tinySLATES60.png
15:56:08.128 [FXGL Background Thread 1 ] DEBUG AssetLoader          - Loading from cache: /assets/textures/tinySLATES60.png
15:56:08.129 [FXGL Background Thread 1 ] DEBUG AssetLoader          - Loading from cache: /assets/textures/tinySLATES60.png
15:56:08.129 [FXGL Background Thread 1 ] DEBUG AssetLoader          - Loading from cache: /assets/textures/tinySLATES60.png
15:56:08.129 [FXGL Background Thread 1 ] DEBUG AssetLoader          - Loading from cache: /assets/textures/tinySLATES60.png
15:56:08.129 [FXGL Background Thread 1 ] DEBUG AssetLoader          - Loading from cache: /assets/textures/tinySLATES60.png
15:56:08.129 [FXGL Background Thread 1 ] DEBUG AssetLoader          - Loading from cache: /assets/textures/tinySLATES60.png
15:56:08.129 [FXGL Background Thread 1 ] DEBUG AssetLoader          - Loading from cache: /assets/textures/tinySLATES60.png
15:56:08.129 [FXGL Background Thread 1 ] DEBUG AssetLoader          - Loading from cache: /assets/textures/tinySLATES60.png
15:56:08.129 [FXGL Background Thread 1 ] DEBUG AssetLoader          - Loading from cache: /assets/textures/tinySLATES60.png
15:56:08.129 [FXGL Background Thread 1 ] DEBUG AssetLoader          - Loading from cache: /assets/textures/tinySLATES60.png
15:56:08.136 [FXGL Background Thread 1 ] DEBUG AssetLoader          - Loading from cache: /assets/textures/tinySLATES60.png
15:56:08.136 [FXGL Background Thread 1 ] DEBUG AssetLoader          - Loading from cache: /assets/textures/tinySLATES60.png
15:56:08.136 [FXGL Background Thread 1 ] DEBUG AssetLoader          - Loading from cache: /assets/textures/tinySLATES60.png
15:56:08.136 [FXGL Background Thread 1 ] DEBUG AssetLoader          - Loading from cache: /assets/textures/tinySLATES60.png
15:56:08.136 [FXGL Background Thread 1 ] DEBUG AssetLoader          - Loading from cache: /assets/textures/tinySLATES60.png
15:56:08.136 [FXGL Background Thread 1 ] DEBUG AssetLoader          - Loading from cache: /assets/textures/tinySLATES60.png
15:56:08.136 [FXGL Background Thread 1 ] DEBUG AssetLoader          - Loading from cache: /assets/textures/tinySLATES60.png
15:56:08.137 [FXGL Background Thread 1 ] DEBUG AssetLoader          - Loading from cache: /assets/textures/tinySLATES60.png
15:56:08.137 [FXGL Background Thread 1 ] DEBUG AssetLoader          - Loading from cache: /assets/textures/tinySLATES60.png
15:56:08.137 [FXGL Background Thread 1 ] DEBUG AssetLoader          - Loading from cache: /assets/textures/tinySLATES60.png
15:56:08.137 [FXGL Background Thread 1 ] DEBUG AssetLoader          - Loading from cache: /assets/textures/tinySLATES60.png
15:56:08.137 [FXGL Background Thread 1 ] DEBUG AssetLoader          - Loading from cache: /assets/textures/tinySLATES60.png
15:56:08.137 [FXGL Background Thread 1 ] DEBUG AssetLoader          - Loading from cache: /assets/textures/tinySLATES60.png
15:56:08.137 [FXGL Background Thread 1 ] DEBUG AssetLoader          - Loading from cache: /assets/textures/tinySLATES60.png
15:56:08.137 [FXGL Background Thread 1 ] DEBUG AssetLoader          - Loading from cache: /assets/textures/tinySLATES60.png
15:56:08.137 [FXGL Background Thread 1 ] DEBUG AssetLoader          - Loading from cache: /assets/textures/tinySLATES60.png
15:56:08.137 [FXGL Background Thread 1 ] DEBUG AssetLoader          - Loading from cache: /assets/textures/tinySLATES60.png
15:56:08.137 [FXGL Background Thread 1 ] DEBUG AssetLoader          - Loading from cache: /assets/textures/tinySLATES60.png
15:56:08.138 [FXGL Background Thread 1 ] DEBUG AssetLoader          - Loading from cache: /assets/textures/tinySLATES60.png
15:56:08.138 [FXGL Background Thread 1 ] DEBUG AssetLoader          - Loading from cache: /assets/textures/tinySLATES60.png
15:56:08.138 [FXGL Background Thread 1 ] DEBUG AssetLoader          - Loading from cache: /assets/textures/tinySLATES60.png
15:56:08.138 [FXGL Background Thread 1 ] DEBUG AssetLoader          - Loading from cache: /assets/textures/tinySLATES60.png
15:56:08.138 [FXGL Background Thread 1 ] DEBUG AssetLoader          - Loading from cache: /assets/textures/tinySLATES60.png
15:56:08.138 [FXGL Background Thread 1 ] DEBUG AssetLoader          - Loading from cache: /assets/textures/tinySLATES60.png
15:56:08.138 [FXGL Background Thread 1 ] DEBUG AssetLoader          - Loading from cache: /assets/textures/tinySLATES60.png
15:56:08.138 [FXGL Background Thread 1 ] DEBUG AssetLoader          - Loading from cache: /assets/textures/tinySLATES60.png
15:56:08.138 [FXGL Background Thread 1 ] DEBUG AssetLoader          - Loading from cache: /assets/textures/tinySLATES60.png
15:56:08.138 [FXGL Background Thread 1 ] DEBUG AssetLoader          - Loading from cache: /assets/textures/tinySLATES60.png
15:56:08.138 [FXGL Background Thread 1 ] DEBUG AssetLoader          - Loading from cache: /assets/textures/tinySLATES60.png
15:56:08.138 [FXGL Background Thread 1 ] DEBUG AssetLoader          - Loading from cache: /assets/textures/tinySLATES60.png
15:56:08.138 [FXGL Background Thread 1 ] DEBUG AssetLoader          - Loading from cache: /assets/textures/tinySLATES60.png
15:56:08.139 [FXGL Background Thread 1 ] DEBUG AssetLoader          - Loading from cache: /assets/textures/tinySLATES60.png
15:56:08.139 [FXGL Background Thread 1 ] DEBUG AssetLoader          - Loading from cache: /assets/textures/tinySLATES60.png
15:56:08.139 [FXGL Background Thread 1 ] DEBUG AssetLoader          - Loading from cache: /assets/textures/tinySLATES60.png
15:56:08.139 [FXGL Background Thread 1 ] DEBUG AssetLoader          - Loading from cache: /assets/textures/tinySLATES60.png
15:56:08.139 [FXGL Background Thread 1 ] DEBUG AssetLoader          - Loading from cache: /assets/textures/tinySLATES60.png
15:56:08.139 [FXGL Background Thread 1 ] DEBUG AssetLoader          - Loading from cache: /assets/textures/tinySLATES60.png
15:56:08.139 [FXGL Background Thread 1 ] DEBUG AssetLoader          - Loading from cache: /assets/textures/tinySLATES60.png
15:56:08.139 [FXGL Background Thread 1 ] DEBUG AssetLoader          - Loading from cache: /assets/textures/tinySLATES60.png
15:56:08.139 [FXGL Background Thread 1 ] DEBUG AssetLoader          - Loading from cache: /assets/textures/tinySLATES60.png
15:56:08.139 [FXGL Background Thread 1 ] DEBUG AssetLoader          - Loading from cache: /assets/textures/tinySLATES60.png
15:56:08.139 [FXGL Background Thread 1 ] DEBUG AssetLoader          - Loading from cache: /assets/textures/tinySLATES60.png
15:56:08.139 [FXGL Background Thread 1 ] DEBUG AssetLoader          - Loading from cache: /assets/textures/tinySLATES60.png
15:56:08.139 [FXGL Background Thread 1 ] DEBUG AssetLoader          - Loading from cache: /assets/textures/tinySLATES60.png
15:56:08.139 [FXGL Background Thread 1 ] DEBUG AssetLoader          - Loading from cache: /assets/textures/tinySLATES60.png
15:56:08.140 [FXGL Background Thread 1 ] DEBUG AssetLoader          - Loading from cache: /assets/textures/tinySLATES60.png
15:56:08.140 [FXGL Background Thread 1 ] DEBUG AssetLoader          - Loading from cache: /assets/textures/tinySLATES60.png
15:56:08.140 [FXGL Background Thread 1 ] DEBUG AssetLoader          - Loading from cache: /assets/textures/tinySLATES60.png
15:56:08.140 [FXGL Background Thread 1 ] DEBUG AssetLoader          - Loading from cache: /assets/textures/tinySLATES60.png
15:56:08.140 [FXGL Background Thread 1 ] DEBUG AssetLoader          - Loading from cache: /assets/textures/tinySLATES60.png
15:56:08.140 [FXGL Background Thread 1 ] DEBUG AssetLoader          - Loading from cache: /assets/textures/tinySLATES60.png
15:56:08.140 [FXGL Background Thread 1 ] DEBUG AssetLoader          - Loading from cache: /assets/textures/tinySLATES60.png
15:56:08.140 [FXGL Background Thread 1 ] DEBUG AssetLoader          - Loading from cache: /assets/textures/tinySLATES60.png
15:56:08.140 [FXGL Background Thread 1 ] DEBUG AssetLoader          - Loading from cache: /assets/textures/tinySLATES60.png
15:56:08.140 [FXGL Background Thread 1 ] DEBUG AssetLoader          - Loading from cache: /assets/textures/tinySLATES60.png
15:56:08.140 [FXGL Background Thread 1 ] DEBUG AssetLoader          - Loading from cache: /assets/textures/tinySLATES60.png
15:56:08.141 [FXGL Background Thread 1 ] DEBUG AssetLoader          - Loading from cache: /assets/textures/tinySLATES60.png
15:56:08.141 [FXGL Background Thread 1 ] DEBUG AssetLoader          - Loading from cache: /assets/textures/tinySLATES60.png
15:56:08.141 [FXGL Background Thread 1 ] DEBUG AssetLoader          - Loading from cache: /assets/textures/tinySLATES60.png
15:56:08.141 [FXGL Background Thread 1 ] DEBUG AssetLoader          - Loading from cache: /assets/textures/tinySLATES60.png
15:56:08.141 [FXGL Background Thread 1 ] DEBUG AssetLoader          - Loading from cache: /assets/textures/tinySLATES60.png
15:56:08.141 [FXGL Background Thread 1 ] DEBUG AssetLoader          - Loading from cache: /assets/textures/tinySLATES60.png
15:56:08.141 [FXGL Background Thread 1 ] DEBUG AssetLoader          - Loading from cache: /assets/textures/tinySLATES60.png
15:56:08.141 [FXGL Background Thread 1 ] DEBUG AssetLoader          - Loading from cache: /assets/textures/tinySLATES60.png
15:56:08.141 [FXGL Background Thread 1 ] DEBUG AssetLoader          - Loading from cache: /assets/textures/tinySLATES60.png
15:56:08.141 [FXGL Background Thread 1 ] DEBUG AssetLoader          - Loading from cache: /assets/textures/tinySLATES60.png
15:56:08.141 [FXGL Background Thread 1 ] DEBUG AssetLoader          - Loading from cache: /assets/textures/tinySLATES60.png
15:56:08.141 [FXGL Background Thread 1 ] DEBUG AssetLoader          - Loading from cache: /assets/textures/tinySLATES60.png
15:56:08.141 [FXGL Background Thread 1 ] DEBUG AssetLoader          - Loading from cache: /assets/textures/tinySLATES60.png
15:56:08.142 [FXGL Background Thread 1 ] DEBUG AssetLoader          - Loading from cache: /assets/textures/tinySLATES60.png
15:56:08.142 [FXGL Background Thread 1 ] DEBUG AssetLoader          - Loading from cache: /assets/textures/tinySLATES60.png
15:56:08.142 [FXGL Background Thread 1 ] DEBUG AssetLoader          - Loading from cache: /assets/textures/tinySLATES60.png
15:56:08.142 [FXGL Background Thread 1 ] DEBUG AssetLoader          - Loading from cache: /assets/textures/tinySLATES60.png
15:56:08.142 [FXGL Background Thread 1 ] DEBUG AssetLoader          - Loading from cache: /assets/textures/tinySLATES60.png
15:56:08.142 [FXGL Background Thread 1 ] DEBUG AssetLoader          - Loading from cache: /assets/textures/tinySLATES60.png
15:56:08.142 [FXGL Background Thread 1 ] DEBUG AssetLoader          - Loading from cache: /assets/textures/tinySLATES60.png
15:56:08.142 [FXGL Background Thread 1 ] DEBUG AssetLoader          - Loading from cache: /assets/textures/tinySLATES60.png
15:56:08.142 [FXGL Background Thread 1 ] DEBUG AssetLoader          - Loading from cache: /assets/textures/tinySLATES60.png
15:56:08.142 [FXGL Background Thread 1 ] DEBUG AssetLoader          - Loading from cache: /assets/textures/tinySLATES60.png
15:56:08.142 [FXGL Background Thread 1 ] DEBUG AssetLoader          - Loading from cache: /assets/textures/tinySLATES60.png
15:56:08.142 [FXGL Background Thread 1 ] DEBUG AssetLoader          - Loading from cache: /assets/textures/tinySLATES60.png
15:56:08.142 [FXGL Background Thread 1 ] DEBUG AssetLoader          - Loading from cache: /assets/textures/tinySLATES60.png
15:56:08.143 [FXGL Background Thread 1 ] DEBUG AssetLoader          - Loading from cache: /assets/textures/tinySLATES60.png
15:56:08.151 [FXGL Background Thread 1 ] DEBUG AssetLoader          - Loading from disk: /assets/textures/redHero.png
15:56:08.154 [FXGL Background Thread 1 ] DEBUG GameScene            - Creating render group for layer: DEFAULT(100000)
15:56:08.155 [FXGL Background Thread 1 ] DEBUG AssetLoader          - Loading from disk: /assets/textures/blueHero.png
15:56:08.156 [FXGL Background Thread 1 ] DEBUG AssetLoader          - Loading from disk: /assets/textures/greenHero.png
15:56:08.159 [FXGL Background Thread 1 ] DEBUG AssetLoader          - Loading from disk: /assets/textures/UI.png
15:56:08.161 [FXGL Background Thread 1 ] DEBUG InitAppTask          - Initializing Physics
15:56:08.161 [FXGL Background Thread 1 ] DEBUG InitAppTask          - Initializing UI
15:56:08.163 [FXGL Background Thread 1 ] DEBUG AssetLoader          - Loading from disk: /assets/ui/cursors/cursor.png
15:56:08.167 [FXGL Background Thread 1 ] DEBUG InitAppTask          - Initialization Complete
15:56:08.167 [FXGL Background Thread 1 ] INFO  InitAppTask          - Game initialization took: 0,379 sec
15:56:08.172 [JavaFX Application Thread] DEBUG Input                - Clearing active input actions
15:56:08.172 [JavaFX Application Thread] DEBUG AssetLoader          - Loading from disk: /assets/ui/css/fxgl_dark.css
15:56:08.177 [JavaFX Application Thread] DEBUG AppStateMachine      - LoadingState -> PlayState
15:56:10.364 [JavaFX Application Thread] DEBUG FXGL                 - Exiting FXGL
15:56:10.364 [JavaFX Application Thread] DEBUG FXGL                 - Shutting down background threads
15:56:10.364 [JavaFX Application Thread] DEBUG FXGL                 - Saving FXGL system data
15:56:10.367 [JavaFX Application Thread] DEBUG DesktopFSService     - Writing to: system\fxgl.bundle
15:56:10.370 [JavaFX Application Thread] DEBUG FXGL                 - Closing logger and exiting JavaFX
