14:28:26.469 [JavaFX Application Thread] DEBUG GameApplication      - Logger initialized
14:28:26.482 [JavaFX Application Thread] DEBUG GameApplication      - Logging settings
Title: Journey down the den
Version: 0.1
Width: 1920
Height: 1080
Fullscreen: false
Intro: false
Menus: false
Profiling: false
Single step:false
App Mode: DEVELOPER
Menu Key: ESCAPE
Stage Style: DECORATED
Scene Factory: class com.almasb.fxgl.scene.SceneFactory
Dialog Factory: class com.almasb.fxgl.ui.FXGLDialogFactory
UI Factory: class com.almasb.fxgl.ui.FXGLUIFactory
Notification Service: class com.almasb.fxgl.gameplay.notification.XboxNotificationView
Exception Handler: class com.almasb.fxgl.app.FXGLExceptionHandler
14:28:26.482 [JavaFX Application Thread] DEBUG GameApplication      - Starting FXGL
14:28:26.489 [JavaFX Application Thread] INFO  FXGL                 - FXGL-0.5.4 on DESKTOP
14:28:26.489 [JavaFX Application Thread] INFO  FXGL                 - Source code and latest versions at: https://github.com/AlmasB/FXGL
14:28:26.489 [JavaFX Application Thread] INFO  FXGL                 -              Join the FXGL chat at: https://gitter.im/AlmasB/FXGL
14:28:26.490 [JavaFX Application Thread] DEBUG FXGL                 - FXGL started
14:28:26.490 [JavaFX Application Thread] DEBUG FXGL                 - Initializing FXGL
14:28:26.540 [JavaFX Application Thread] DEBUG AssetLoader          - Loading from disk: /assets/ui/cursors/fxgl_default.png
14:28:26.628 [JavaFX Application Thread] DEBUG AssetLoader          - Loading from disk: /assets/ui/fonts/VarelaRound-Regular.ttf
14:28:27.045 [JavaFX Application Thread] DEBUG MainWindow           - Creating a JavaFX scene
14:28:27.046 [JavaFX Application Thread] DEBUG MainWindow           - Target size > screen size
14:28:27.074 [JavaFX Application Thread] DEBUG MainWindow           - Target settings size: 1920.0 x 1080.0
14:28:27.075 [JavaFX Application Thread] DEBUG MainWindow           - Scaled scene size:    1823.0 x 1039.0
14:28:27.075 [JavaFX Application Thread] DEBUG MainWindow           - Scaled ratio: (0.9494791666666667, 0.962037037037037)
14:28:27.085 [JavaFX Application Thread] DEBUG AssetLoader          - Loading from disk: /assets/ui/css/fxgl_dark.css
14:28:27.090 [JavaFX Application Thread] DEBUG AssetLoader          - Loading from disk: /assets/textures/fxgl_icon.png
14:28:27.098 [JavaFX Application Thread] DEBUG MainWindow           - Opening main window
14:28:27.272 [JavaFX Application Thread] DEBUG MainWindow           - Window border size: (16.0, 39.0)
14:28:27.272 [JavaFX Application Thread] DEBUG MainWindow           - Scaled size: 1823.0 x 1039.0
14:28:27.272 [JavaFX Application Thread] DEBUG MainWindow           - Scaled ratio: (0.9494791666666667, 0.962037037037037)
14:28:27.272 [JavaFX Application Thread] DEBUG MainWindow           - Scene size: 1823.0 x 1039.0
14:28:27.272 [JavaFX Application Thread] DEBUG MainWindow           - Stage size: 1839.0 x 1078.0
14:28:27.302 [ForkJoinPool.commonPool-worker-9] DEBUG FS                   - Loaded DesktopFSService
14:28:27.302 [ForkJoinPool.commonPool-worker-9] DEBUG FXGL                 - Loading FXGL system data
14:28:27.307 [ForkJoinPool.commonPool-worker-9] DEBUG DesktopFSService     - Reading from: system\fxgl.bundle
14:28:27.312 [ForkJoinPool.commonPool-worker-9] DEBUG Bundle               - Logging bundle: FXGL
14:28:27.312 [ForkJoinPool.commonPool-worker-9] DEBUG Bundle               - FXGL.offline.timer.version.check=2020-10-14T00:11:39.825
14:28:27.313 [ForkJoinPool.commonPool-worker-9] DEBUG FXGL                 - Initializing state machine and application states
14:28:27.315 [ForkJoinPool.commonPool-worker-9] DEBUG AssetLoader          - Loading from disk: /assets/ui/cursors/fxgl_default.png
14:28:27.320 [ForkJoinPool.commonPool-worker-9] DEBUG AssetLoader          - Loading from disk: /assets/ui/cursors/fxgl_default.png
14:28:27.328 [ForkJoinPool.commonPool-worker-9] DEBUG AssetLoader          - Loading from cache: /assets/ui/fonts/VarelaRound-Regular.ttf
14:28:27.330 [ForkJoinPool.commonPool-worker-9] DEBUG AssetLoader          - Loading from disk: /assets/ui/cursors/fxgl_default.png
14:28:27.332 [ForkJoinPool.commonPool-worker-9] DEBUG GameScene            - Game scene initialized: 1920x1080
14:28:27.338 [ForkJoinPool.commonPool-worker-9] DEBUG GameWorld            - Game world initialized
14:28:27.392 [ForkJoinPool.commonPool-worker-9] DEBUG PhysicsWorld         - Physics world initialized: appHeight=1080, physics.ppm=50,0
14:28:27.410 [ForkJoinPool.commonPool-worker-9] DEBUG Input                - Registered new binding: Pause - Esc
14:28:27.447 [JavaFX Application Thread] DEBUG FXGL                 - Running preInit()
14:28:27.448 [JavaFX Application Thread] DEBUG Input                - Registered new binding: Screenshot - P
14:28:27.449 [JavaFX Application Thread] DEBUG Input                - Registered new binding: Dev Options - CTRL+0
14:28:27.449 [JavaFX Application Thread] DEBUG Input                - Registered new binding: System info dump - CTRL+9
14:28:27.449 [JavaFX Application Thread] DEBUG Input                - Registered new binding: Restart - CTRL+R
14:28:27.450 [JavaFX Application Thread] DEBUG Input                - Registered new binding: Move Right - D
14:28:27.450 [JavaFX Application Thread] DEBUG Input                - Registered new binding: Move Left - Q
14:28:27.450 [JavaFX Application Thread] DEBUG Input                - Registered new binding: Move Up - Z
14:28:27.450 [JavaFX Application Thread] DEBUG Input                - Registered new binding: Move Down - S
14:28:27.451 [JavaFX Application Thread] INFO  FXGL                 - FXGL initialization took: 0,961 sec
14:28:27.451 [JavaFX Application Thread] DEBUG LoopRunner           - Starting loop
14:28:27.452 [JavaFX Application Thread] DEBUG StartupState         - STARTUP
14:28:27.452 [JavaFX Application Thread] DEBUG GameApplication      - Starting new game
14:28:27.452 [JavaFX Application Thread] DEBUG Input                - Clearing active input actions
14:28:27.453 [JavaFX Application Thread] DEBUG AssetLoader          - Loading from disk: /assets/ui/css/fxgl_dark.css
14:28:27.458 [JavaFX Application Thread] DEBUG AppStateMachine      - StartupState -> LoadingState
14:28:27.462 [FXGL Background Thread 1 ] DEBUG InitAppTask          - Clearing previous game
14:28:27.462 [FXGL Background Thread 1 ] DEBUG GameWorld            - Clearing game world
14:28:27.462 [FXGL Background Thread 1 ] DEBUG PhysicsWorld         - Clearing physics world
14:28:27.462 [FXGL Background Thread 1 ] DEBUG GameScene            - Clearing game scene
14:28:27.463 [FXGL Background Thread 1 ] DEBUG InitAppTask          - Initializing Game
14:28:27.494 [FXGL Background Thread 1 ] DEBUG AssetLoader          - Loading from disk: /assets/textures/mapTest.png
14:28:27.521 [FXGL Background Thread 1 ] DEBUG GameScene            - Creating render group for layer: DEFAULT(100000)
14:28:27.523 [FXGL Background Thread 1 ] DEBUG AssetLoader          - Loading from disk: /assets/textures/down_character.png
14:28:27.952 [FXGL Background Thread 1 ] DEBUG AudioPlayer          - Playing music com.almasb.fxgl.audio.Music@ac3798
14:28:27.955 [FXGL Background Thread 1 ] DEBUG InitAppTask          - Initializing Physics
14:28:27.955 [FXGL Background Thread 1 ] DEBUG InitAppTask          - Initializing UI
14:28:27.955 [FXGL Background Thread 1 ] DEBUG AssetLoader          - Loading from cache: /assets/ui/fonts/VarelaRound-Regular.ttf
14:28:27.955 [FXGL Background Thread 1 ] DEBUG AssetLoader          - Loading from disk: /assets/ui/cursors/cursor.png
14:28:28.311 [FXGL Background Thread 1 ] DEBUG InitAppTask          - Initialization Complete
14:28:28.311 [FXGL Background Thread 1 ] INFO  InitAppTask          - Game initialization took: 0,849 sec
14:28:28.325 [JavaFX Application Thread] DEBUG Input                - Clearing active input actions
14:28:28.325 [JavaFX Application Thread] DEBUG AssetLoader          - Loading from disk: /assets/ui/css/fxgl_dark.css
14:28:28.372 [JavaFX Application Thread] DEBUG AppStateMachine      - LoadingState -> PlayState
14:28:29.488 [JavaFX Application Thread] DEBUG Input                - Registered new binding: Resume - Esc
14:28:29.488 [JavaFX Application Thread] DEBUG AssetLoader          - Loading from disk: /assets/textures/pause_menu_bg.png
14:28:29.496 [JavaFX Application Thread] DEBUG AssetLoader          - Loading from disk: /assets/properties/languages/english.properties
14:28:29.497 [JavaFX Application Thread] DEBUG AssetLoader          - Loading from cache: /assets/ui/fonts/VarelaRound-Regular.ttf
14:28:29.498 [JavaFX Application Thread] DEBUG AssetLoader          - Loading from cache: /assets/properties/languages/english.properties
14:28:29.498 [JavaFX Application Thread] DEBUG AssetLoader          - Loading from cache: /assets/ui/fonts/VarelaRound-Regular.ttf
14:28:29.509 [JavaFX Application Thread] DEBUG AppStateMachine      - Push state: PauseMenuSubState
14:28:29.509 [JavaFX Application Thread] DEBUG Input                - Clearing active input actions
14:28:29.510 [JavaFX Application Thread] DEBUG AppStateMachine      - PlayState -> PauseMenuSubState
14:28:30.771 [JavaFX Application Thread] DEBUG FXGL                 - Exiting FXGL
14:28:30.771 [JavaFX Application Thread] DEBUG FXGL                 - Shutting down background threads
14:28:30.771 [JavaFX Application Thread] DEBUG FXGL                 - Saving FXGL system data
14:28:30.773 [JavaFX Application Thread] DEBUG DesktopFSService     - Writing to: system\fxgl.bundle
14:28:30.776 [JavaFX Application Thread] DEBUG FXGL                 - Closing logger and exiting JavaFX
