15:56:16.835 [JavaFX Application Thread] DEBUG GameApplication      - Logger initialized
15:56:16.853 [JavaFX Application Thread] DEBUG GameApplication      - Logging settings
Title: Journey down the den
Version: 0.3
Width: 1920
Height: 1080
Fullscreen: true
Intro: false
Menus: false
Profiling: false
Single step:false
App Mode: DEVELOPER
Menu Key: ESCAPE
Stage Style: DECORATED
Scene Factory: class com.almasb.fxgl.scene.SceneFactory
Dialog Factory: class com.almasb.fxgl.ui.FXGLDialogFactory
UI Factory: class com.almasb.fxgl.ui.FXGLUIFactory
Notification Service: class com.almasb.fxgl.gameplay.notification.XboxNotificationView
Exception Handler: class com.almasb.fxgl.app.FXGLExceptionHandler
15:56:16.853 [JavaFX Application Thread] DEBUG GameApplication      - Starting FXGL
15:56:16.861 [JavaFX Application Thread] INFO  FXGL                 - FXGL-0.5.4 on DESKTOP
15:56:16.861 [JavaFX Application Thread] INFO  FXGL                 - Source code and latest versions at: https://github.com/AlmasB/FXGL
15:56:16.861 [JavaFX Application Thread] INFO  FXGL                 -              Join the FXGL chat at: https://gitter.im/AlmasB/FXGL
15:56:16.862 [JavaFX Application Thread] DEBUG FXGL                 - FXGL started
15:56:16.862 [JavaFX Application Thread] DEBUG FXGL                 - Initializing FXGL
15:56:16.923 [JavaFX Application Thread] DEBUG AssetLoader          - Loading from disk: /assets/ui/cursors/fxgl_default.png
15:56:17.014 [JavaFX Application Thread] DEBUG AssetLoader          - Loading from disk: /assets/ui/fonts/VarelaRound-Regular.ttf
15:56:17.421 [JavaFX Application Thread] DEBUG MainWindow           - Creating a JavaFX scene
15:56:17.456 [JavaFX Application Thread] DEBUG MainWindow           - Target settings size: 1920.0 x 1080.0
15:56:17.457 [JavaFX Application Thread] DEBUG MainWindow           - Scaled scene size:    1920.0 x 1080.0
15:56:17.457 [JavaFX Application Thread] DEBUG MainWindow           - Scaled ratio: (1.0, 1.0)
15:56:17.470 [JavaFX Application Thread] DEBUG AssetLoader          - Loading from disk: /assets/ui/css/fxgl_dark.css
15:56:17.475 [JavaFX Application Thread] DEBUG AssetLoader          - Loading from disk: /assets/textures/JDTD_icon.png
15:56:17.483 [JavaFX Application Thread] DEBUG MainWindow           - Opening main window
15:56:17.699 [JavaFX Application Thread] DEBUG MainWindow           - Window border size: (16.0, 39.0)
15:56:17.699 [JavaFX Application Thread] DEBUG MainWindow           - Scaled size: 1920.0 x 1080.0
15:56:17.699 [JavaFX Application Thread] DEBUG MainWindow           - Scaled ratio: (1.0, 1.0)
15:56:17.700 [JavaFX Application Thread] DEBUG MainWindow           - Scene size: 1920.0 x 1080.0
15:56:17.700 [JavaFX Application Thread] DEBUG MainWindow           - Stage size: 1936.0 x 1119.0
15:56:17.739 [ForkJoinPool.commonPool-worker-9] DEBUG FS                   - Loaded DesktopFSService
15:56:17.740 [ForkJoinPool.commonPool-worker-9] DEBUG FXGL                 - Loading FXGL system data
15:56:17.747 [ForkJoinPool.commonPool-worker-9] DEBUG DesktopFSService     - Reading from: system\fxgl.bundle
15:56:17.756 [ForkJoinPool.commonPool-worker-9] DEBUG Bundle               - Logging bundle: FXGL
15:56:17.757 [ForkJoinPool.commonPool-worker-9] DEBUG Bundle               - FXGL.offline.timer.version.check=2020-12-03T18:16:20.516
15:56:17.758 [ForkJoinPool.commonPool-worker-9] DEBUG FXGL                 - Initializing state machine and application states
15:56:17.760 [ForkJoinPool.commonPool-worker-9] DEBUG AssetLoader          - Loading from disk: /assets/ui/cursors/fxgl_default.png
15:56:17.766 [ForkJoinPool.commonPool-worker-9] DEBUG AssetLoader          - Loading from disk: /assets/ui/cursors/fxgl_default.png
15:56:17.777 [ForkJoinPool.commonPool-worker-9] DEBUG AssetLoader          - Loading from cache: /assets/ui/fonts/VarelaRound-Regular.ttf
15:56:17.779 [ForkJoinPool.commonPool-worker-9] DEBUG AssetLoader          - Loading from disk: /assets/ui/cursors/fxgl_default.png
15:56:17.783 [ForkJoinPool.commonPool-worker-9] DEBUG GameScene            - Game scene initialized: 1920x1080
15:56:17.789 [ForkJoinPool.commonPool-worker-9] DEBUG GameWorld            - Game world initialized
15:56:17.849 [ForkJoinPool.commonPool-worker-9] DEBUG PhysicsWorld         - Physics world initialized: appHeight=1080, physics.ppm=50,0
15:56:17.886 [ForkJoinPool.commonPool-worker-9] DEBUG Input                - Registered new binding: Pause - Esc
15:56:17.933 [JavaFX Application Thread] DEBUG FXGL                 - Running preInit()
15:56:17.934 [JavaFX Application Thread] DEBUG Input                - Registered new binding: Screenshot - P
15:56:17.935 [JavaFX Application Thread] DEBUG Input                - Registered new binding: Dev Options - CTRL+0
15:56:17.936 [JavaFX Application Thread] DEBUG Input                - Registered new binding: System info dump - CTRL+9
15:56:17.937 [JavaFX Application Thread] DEBUG Input                - Registered new binding: Restart - CTRL+R
15:56:17.937 [JavaFX Application Thread] DEBUG Input                - Registered new binding: Show grid - F
15:56:17.938 [JavaFX Application Thread] INFO  FXGL                 - FXGL initialization took: 1,076 sec
15:56:17.938 [JavaFX Application Thread] DEBUG LoopRunner           - Starting loop
15:56:17.939 [JavaFX Application Thread] DEBUG StartupState         - STARTUP
15:56:17.940 [JavaFX Application Thread] DEBUG GameApplication      - Starting new game
15:56:17.940 [JavaFX Application Thread] DEBUG Input                - Clearing active input actions
15:56:17.941 [JavaFX Application Thread] DEBUG AssetLoader          - Loading from disk: /assets/ui/css/fxgl_dark.css
15:56:17.948 [JavaFX Application Thread] DEBUG AppStateMachine      - StartupState -> LoadingState
15:56:17.954 [FXGL Background Thread 1 ] DEBUG InitAppTask          - Clearing previous game
15:56:17.954 [FXGL Background Thread 1 ] DEBUG GameWorld            - Clearing game world
15:56:17.954 [FXGL Background Thread 1 ] DEBUG PhysicsWorld         - Clearing physics world
15:56:17.955 [FXGL Background Thread 1 ] DEBUG GameScene            - Clearing game scene
15:56:17.956 [FXGL Background Thread 1 ] DEBUG InitAppTask          - Initializing Game
15:56:17.967 [FXGL Background Thread 1 ] DEBUG AssetLoader          - Loading from disk: /assets/tmx/map1.tmx
15:56:18.004 [FXGL Background Thread 1 ] WARN  TMXParser            - TiledMap generated from 1.4.2. Supported version: 1.1.2. Some features may not be parsed fully.
15:56:18.031 [FXGL Background Thread 1 ] DEBUG GameWorld            - Clearing removable entities
15:56:18.031 [FXGL Background Thread 1 ] DEBUG GameWorld            - Setting level from map
15:56:18.075 [FXGL Background Thread 1 ] DEBUG AssetLoader          - Loading from disk: /assets/textures/tinySLATES60.png
15:56:18.212 [FXGL Background Thread 1 ] DEBUG AssetLoader          - Loading from cache: /assets/textures/tinySLATES60.png
15:56:18.212 [FXGL Background Thread 1 ] DEBUG AssetLoader          - Loading from cache: /assets/textures/tinySLATES60.png
15:56:18.212 [FXGL Background Thread 1 ] DEBUG AssetLoader          - Loading from cache: /assets/textures/tinySLATES60.png
15:56:18.212 [FXGL Background Thread 1 ] DEBUG AssetLoader          - Loading from cache: /assets/textures/tinySLATES60.png
15:56:18.213 [FXGL Background Thread 1 ] DEBUG AssetLoader          - Loading from cache: /assets/textures/tinySLATES60.png
15:56:18.213 [FXGL Background Thread 1 ] DEBUG AssetLoader          - Loading from cache: /assets/textures/tinySLATES60.png
15:56:18.213 [FXGL Background Thread 1 ] DEBUG AssetLoader          - Loading from cache: /assets/textures/tinySLATES60.png
15:56:18.213 [FXGL Background Thread 1 ] DEBUG AssetLoader          - Loading from cache: /assets/textures/tinySLATES60.png
15:56:18.213 [FXGL Background Thread 1 ] DEBUG AssetLoader          - Loading from cache: /assets/textures/tinySLATES60.png
15:56:18.214 [FXGL Background Thread 1 ] DEBUG AssetLoader          - Loading from cache: /assets/textures/tinySLATES60.png
15:56:18.214 [FXGL Background Thread 1 ] DEBUG AssetLoader          - Loading from cache: /assets/textures/tinySLATES60.png
15:56:18.214 [FXGL Background Thread 1 ] DEBUG AssetLoader          - Loading from cache: /assets/textures/tinySLATES60.png
15:56:18.214 [FXGL Background Thread 1 ] DEBUG AssetLoader          - Loading from cache: /assets/textures/tinySLATES60.png
15:56:18.215 [FXGL Background Thread 1 ] DEBUG AssetLoader          - Loading from cache: /assets/textures/tinySLATES60.png
15:56:18.215 [FXGL Background Thread 1 ] DEBUG AssetLoader          - Loading from cache: /assets/textures/tinySLATES60.png
15:56:18.215 [FXGL Background Thread 1 ] DEBUG AssetLoader          - Loading from cache: /assets/textures/tinySLATES60.png
15:56:18.215 [FXGL Background Thread 1 ] DEBUG AssetLoader          - Loading from cache: /assets/textures/tinySLATES60.png
15:56:18.216 [FXGL Background Thread 1 ] DEBUG AssetLoader          - Loading from cache: /assets/textures/tinySLATES60.png
15:56:18.216 [FXGL Background Thread 1 ] DEBUG AssetLoader          - Loading from cache: /assets/textures/tinySLATES60.png
15:56:18.216 [FXGL Background Thread 1 ] DEBUG AssetLoader          - Loading from cache: /assets/textures/tinySLATES60.png
15:56:18.216 [FXGL Background Thread 1 ] DEBUG AssetLoader          - Loading from cache: /assets/textures/tinySLATES60.png
15:56:18.216 [FXGL Background Thread 1 ] DEBUG AssetLoader          - Loading from cache: /assets/textures/tinySLATES60.png
15:56:18.217 [FXGL Background Thread 1 ] DEBUG AssetLoader          - Loading from cache: /assets/textures/tinySLATES60.png
15:56:18.217 [FXGL Background Thread 1 ] DEBUG AssetLoader          - Loading from cache: /assets/textures/tinySLATES60.png
15:56:18.217 [FXGL Background Thread 1 ] DEBUG AssetLoader          - Loading from cache: /assets/textures/tinySLATES60.png
15:56:18.217 [FXGL Background Thread 1 ] DEBUG AssetLoader          - Loading from cache: /assets/textures/tinySLATES60.png
15:56:18.217 [FXGL Background Thread 1 ] DEBUG AssetLoader          - Loading from cache: /assets/textures/tinySLATES60.png
15:56:18.217 [FXGL Background Thread 1 ] DEBUG AssetLoader          - Loading from cache: /assets/textures/tinySLATES60.png
15:56:18.217 [FXGL Background Thread 1 ] DEBUG AssetLoader          - Loading from cache: /assets/textures/tinySLATES60.png
15:56:18.217 [FXGL Background Thread 1 ] DEBUG AssetLoader          - Loading from cache: /assets/textures/tinySLATES60.png
15:56:18.217 [FXGL Background Thread 1 ] DEBUG AssetLoader          - Loading from cache: /assets/textures/tinySLATES60.png
15:56:18.218 [FXGL Background Thread 1 ] DEBUG AssetLoader          - Loading from cache: /assets/textures/tinySLATES60.png
15:56:18.218 [FXGL Background Thread 1 ] DEBUG AssetLoader          - Loading from cache: /assets/textures/tinySLATES60.png
15:56:18.218 [FXGL Background Thread 1 ] DEBUG AssetLoader          - Loading from cache: /assets/textures/tinySLATES60.png
15:56:18.218 [FXGL Background Thread 1 ] DEBUG AssetLoader          - Loading from cache: /assets/textures/tinySLATES60.png
15:56:18.218 [FXGL Background Thread 1 ] DEBUG AssetLoader          - Loading from cache: /assets/textures/tinySLATES60.png
15:56:18.218 [FXGL Background Thread 1 ] DEBUG AssetLoader          - Loading from cache: /assets/textures/tinySLATES60.png
15:56:18.218 [FXGL Background Thread 1 ] DEBUG AssetLoader          - Loading from cache: /assets/textures/tinySLATES60.png
15:56:18.218 [FXGL Background Thread 1 ] DEBUG AssetLoader          - Loading from cache: /assets/textures/tinySLATES60.png
15:56:18.218 [FXGL Background Thread 1 ] DEBUG AssetLoader          - Loading from cache: /assets/textures/tinySLATES60.png
15:56:18.219 [FXGL Background Thread 1 ] DEBUG AssetLoader          - Loading from cache: /assets/textures/tinySLATES60.png
15:56:18.219 [FXGL Background Thread 1 ] DEBUG AssetLoader          - Loading from cache: /assets/textures/tinySLATES60.png
15:56:18.219 [FXGL Background Thread 1 ] DEBUG AssetLoader          - Loading from cache: /assets/textures/tinySLATES60.png
15:56:18.219 [FXGL Background Thread 1 ] DEBUG AssetLoader          - Loading from cache: /assets/textures/tinySLATES60.png
15:56:18.219 [FXGL Background Thread 1 ] DEBUG AssetLoader          - Loading from cache: /assets/textures/tinySLATES60.png
15:56:18.219 [FXGL Background Thread 1 ] DEBUG AssetLoader          - Loading from cache: /assets/textures/tinySLATES60.png
15:56:18.220 [FXGL Background Thread 1 ] DEBUG AssetLoader          - Loading from cache: /assets/textures/tinySLATES60.png
15:56:18.220 [FXGL Background Thread 1 ] DEBUG AssetLoader          - Loading from cache: /assets/textures/tinySLATES60.png
15:56:18.220 [FXGL Background Thread 1 ] DEBUG AssetLoader          - Loading from cache: /assets/textures/tinySLATES60.png
15:56:18.220 [FXGL Background Thread 1 ] DEBUG AssetLoader          - Loading from cache: /assets/textures/tinySLATES60.png
15:56:18.221 [FXGL Background Thread 1 ] DEBUG AssetLoader          - Loading from cache: /assets/textures/tinySLATES60.png
15:56:18.221 [FXGL Background Thread 1 ] DEBUG AssetLoader          - Loading from cache: /assets/textures/tinySLATES60.png
15:56:18.221 [FXGL Background Thread 1 ] DEBUG AssetLoader          - Loading from cache: /assets/textures/tinySLATES60.png
15:56:18.221 [FXGL Background Thread 1 ] DEBUG AssetLoader          - Loading from cache: /assets/textures/tinySLATES60.png
15:56:18.221 [FXGL Background Thread 1 ] DEBUG AssetLoader          - Loading from cache: /assets/textures/tinySLATES60.png
15:56:18.221 [FXGL Background Thread 1 ] DEBUG AssetLoader          - Loading from cache: /assets/textures/tinySLATES60.png
15:56:18.222 [FXGL Background Thread 1 ] DEBUG AssetLoader          - Loading from cache: /assets/textures/tinySLATES60.png
15:56:18.222 [FXGL Background Thread 1 ] DEBUG AssetLoader          - Loading from cache: /assets/textures/tinySLATES60.png
15:56:18.222 [FXGL Background Thread 1 ] DEBUG AssetLoader          - Loading from cache: /assets/textures/tinySLATES60.png
15:56:18.222 [FXGL Background Thread 1 ] DEBUG AssetLoader          - Loading from cache: /assets/textures/tinySLATES60.png
15:56:18.222 [FXGL Background Thread 1 ] DEBUG AssetLoader          - Loading from cache: /assets/textures/tinySLATES60.png
15:56:18.222 [FXGL Background Thread 1 ] DEBUG AssetLoader          - Loading from cache: /assets/textures/tinySLATES60.png
15:56:18.222 [FXGL Background Thread 1 ] DEBUG AssetLoader          - Loading from cache: /assets/textures/tinySLATES60.png
15:56:18.223 [FXGL Background Thread 1 ] DEBUG AssetLoader          - Loading from cache: /assets/textures/tinySLATES60.png
15:56:18.223 [FXGL Background Thread 1 ] DEBUG AssetLoader          - Loading from cache: /assets/textures/tinySLATES60.png
15:56:18.223 [FXGL Background Thread 1 ] DEBUG AssetLoader          - Loading from cache: /assets/textures/tinySLATES60.png
15:56:18.223 [FXGL Background Thread 1 ] DEBUG AssetLoader          - Loading from cache: /assets/textures/tinySLATES60.png
15:56:18.223 [FXGL Background Thread 1 ] DEBUG AssetLoader          - Loading from cache: /assets/textures/tinySLATES60.png
15:56:18.223 [FXGL Background Thread 1 ] DEBUG AssetLoader          - Loading from cache: /assets/textures/tinySLATES60.png
15:56:18.223 [FXGL Background Thread 1 ] DEBUG AssetLoader          - Loading from cache: /assets/textures/tinySLATES60.png
15:56:18.223 [FXGL Background Thread 1 ] DEBUG AssetLoader          - Loading from cache: /assets/textures/tinySLATES60.png
15:56:18.223 [FXGL Background Thread 1 ] DEBUG AssetLoader          - Loading from cache: /assets/textures/tinySLATES60.png
15:56:18.223 [FXGL Background Thread 1 ] DEBUG AssetLoader          - Loading from cache: /assets/textures/tinySLATES60.png
15:56:18.224 [FXGL Background Thread 1 ] DEBUG AssetLoader          - Loading from cache: /assets/textures/tinySLATES60.png
15:56:18.224 [FXGL Background Thread 1 ] DEBUG AssetLoader          - Loading from cache: /assets/textures/tinySLATES60.png
15:56:18.224 [FXGL Background Thread 1 ] DEBUG AssetLoader          - Loading from cache: /assets/textures/tinySLATES60.png
15:56:18.224 [FXGL Background Thread 1 ] DEBUG AssetLoader          - Loading from cache: /assets/textures/tinySLATES60.png
15:56:18.224 [FXGL Background Thread 1 ] DEBUG AssetLoader          - Loading from cache: /assets/textures/tinySLATES60.png
15:56:18.224 [FXGL Background Thread 1 ] DEBUG AssetLoader          - Loading from cache: /assets/textures/tinySLATES60.png
15:56:18.225 [FXGL Background Thread 1 ] DEBUG AssetLoader          - Loading from cache: /assets/textures/tinySLATES60.png
15:56:18.225 [FXGL Background Thread 1 ] DEBUG AssetLoader          - Loading from cache: /assets/textures/tinySLATES60.png
15:56:18.225 [FXGL Background Thread 1 ] DEBUG AssetLoader          - Loading from cache: /assets/textures/tinySLATES60.png
15:56:18.225 [FXGL Background Thread 1 ] DEBUG AssetLoader          - Loading from cache: /assets/textures/tinySLATES60.png
15:56:18.225 [FXGL Background Thread 1 ] DEBUG AssetLoader          - Loading from cache: /assets/textures/tinySLATES60.png
15:56:18.225 [FXGL Background Thread 1 ] DEBUG AssetLoader          - Loading from cache: /assets/textures/tinySLATES60.png
15:56:18.225 [FXGL Background Thread 1 ] DEBUG AssetLoader          - Loading from cache: /assets/textures/tinySLATES60.png
15:56:18.225 [FXGL Background Thread 1 ] DEBUG AssetLoader          - Loading from cache: /assets/textures/tinySLATES60.png
15:56:18.225 [FXGL Background Thread 1 ] DEBUG AssetLoader          - Loading from cache: /assets/textures/tinySLATES60.png
15:56:18.225 [FXGL Background Thread 1 ] DEBUG AssetLoader          - Loading from cache: /assets/textures/tinySLATES60.png
15:56:18.226 [FXGL Background Thread 1 ] DEBUG AssetLoader          - Loading from cache: /assets/textures/tinySLATES60.png
15:56:18.226 [FXGL Background Thread 1 ] DEBUG AssetLoader          - Loading from cache: /assets/textures/tinySLATES60.png
15:56:18.226 [FXGL Background Thread 1 ] DEBUG AssetLoader          - Loading from cache: /assets/textures/tinySLATES60.png
15:56:18.226 [FXGL Background Thread 1 ] DEBUG AssetLoader          - Loading from cache: /assets/textures/tinySLATES60.png
15:56:18.226 [FXGL Background Thread 1 ] DEBUG AssetLoader          - Loading from cache: /assets/textures/tinySLATES60.png
15:56:18.226 [FXGL Background Thread 1 ] DEBUG AssetLoader          - Loading from cache: /assets/textures/tinySLATES60.png
15:56:18.226 [FXGL Background Thread 1 ] DEBUG AssetLoader          - Loading from cache: /assets/textures/tinySLATES60.png
15:56:18.226 [FXGL Background Thread 1 ] DEBUG AssetLoader          - Loading from cache: /assets/textures/tinySLATES60.png
15:56:18.226 [FXGL Background Thread 1 ] DEBUG AssetLoader          - Loading from cache: /assets/textures/tinySLATES60.png
15:56:18.227 [FXGL Background Thread 1 ] DEBUG AssetLoader          - Loading from cache: /assets/textures/tinySLATES60.png
15:56:18.227 [FXGL Background Thread 1 ] DEBUG AssetLoader          - Loading from cache: /assets/textures/tinySLATES60.png
15:56:18.227 [FXGL Background Thread 1 ] DEBUG AssetLoader          - Loading from cache: /assets/textures/tinySLATES60.png
15:56:18.227 [FXGL Background Thread 1 ] DEBUG AssetLoader          - Loading from cache: /assets/textures/tinySLATES60.png
15:56:18.227 [FXGL Background Thread 1 ] DEBUG AssetLoader          - Loading from cache: /assets/textures/tinySLATES60.png
15:56:18.227 [FXGL Background Thread 1 ] DEBUG AssetLoader          - Loading from cache: /assets/textures/tinySLATES60.png
15:56:18.227 [FXGL Background Thread 1 ] DEBUG AssetLoader          - Loading from cache: /assets/textures/tinySLATES60.png
15:56:18.228 [FXGL Background Thread 1 ] DEBUG AssetLoader          - Loading from cache: /assets/textures/tinySLATES60.png
15:56:18.228 [FXGL Background Thread 1 ] DEBUG AssetLoader          - Loading from cache: /assets/textures/tinySLATES60.png
15:56:18.228 [FXGL Background Thread 1 ] DEBUG AssetLoader          - Loading from cache: /assets/textures/tinySLATES60.png
15:56:18.228 [FXGL Background Thread 1 ] DEBUG AssetLoader          - Loading from cache: /assets/textures/tinySLATES60.png
15:56:18.228 [FXGL Background Thread 1 ] DEBUG AssetLoader          - Loading from cache: /assets/textures/tinySLATES60.png
15:56:18.228 [FXGL Background Thread 1 ] DEBUG AssetLoader          - Loading from cache: /assets/textures/tinySLATES60.png
15:56:18.228 [FXGL Background Thread 1 ] DEBUG AssetLoader          - Loading from cache: /assets/textures/tinySLATES60.png
15:56:18.229 [FXGL Background Thread 1 ] DEBUG AssetLoader          - Loading from cache: /assets/textures/tinySLATES60.png
15:56:18.229 [FXGL Background Thread 1 ] DEBUG AssetLoader          - Loading from cache: /assets/textures/tinySLATES60.png
15:56:18.229 [FXGL Background Thread 1 ] DEBUG AssetLoader          - Loading from cache: /assets/textures/tinySLATES60.png
15:56:18.229 [FXGL Background Thread 1 ] DEBUG AssetLoader          - Loading from cache: /assets/textures/tinySLATES60.png
15:56:18.229 [FXGL Background Thread 1 ] DEBUG AssetLoader          - Loading from cache: /assets/textures/tinySLATES60.png
15:56:18.229 [FXGL Background Thread 1 ] DEBUG AssetLoader          - Loading from cache: /assets/textures/tinySLATES60.png
15:56:18.229 [FXGL Background Thread 1 ] DEBUG AssetLoader          - Loading from cache: /assets/textures/tinySLATES60.png
15:56:18.229 [FXGL Background Thread 1 ] DEBUG AssetLoader          - Loading from cache: /assets/textures/tinySLATES60.png
15:56:18.229 [FXGL Background Thread 1 ] DEBUG AssetLoader          - Loading from cache: /assets/textures/tinySLATES60.png
15:56:18.229 [FXGL Background Thread 1 ] DEBUG AssetLoader          - Loading from cache: /assets/textures/tinySLATES60.png
15:56:18.230 [FXGL Background Thread 1 ] DEBUG AssetLoader          - Loading from cache: /assets/textures/tinySLATES60.png
15:56:18.230 [FXGL Background Thread 1 ] DEBUG AssetLoader          - Loading from cache: /assets/textures/tinySLATES60.png
15:56:18.230 [FXGL Background Thread 1 ] DEBUG AssetLoader          - Loading from cache: /assets/textures/tinySLATES60.png
15:56:18.230 [FXGL Background Thread 1 ] DEBUG AssetLoader          - Loading from cache: /assets/textures/tinySLATES60.png
15:56:18.230 [FXGL Background Thread 1 ] DEBUG AssetLoader          - Loading from cache: /assets/textures/tinySLATES60.png
15:56:18.230 [FXGL Background Thread 1 ] DEBUG AssetLoader          - Loading from cache: /assets/textures/tinySLATES60.png
15:56:18.230 [FXGL Background Thread 1 ] DEBUG AssetLoader          - Loading from cache: /assets/textures/tinySLATES60.png
15:56:18.230 [FXGL Background Thread 1 ] DEBUG AssetLoader          - Loading from cache: /assets/textures/tinySLATES60.png
15:56:18.230 [FXGL Background Thread 1 ] DEBUG AssetLoader          - Loading from cache: /assets/textures/tinySLATES60.png
15:56:18.231 [FXGL Background Thread 1 ] DEBUG AssetLoader          - Loading from cache: /assets/textures/tinySLATES60.png
15:56:18.231 [FXGL Background Thread 1 ] DEBUG AssetLoader          - Loading from cache: /assets/textures/tinySLATES60.png
15:56:18.231 [FXGL Background Thread 1 ] DEBUG AssetLoader          - Loading from cache: /assets/textures/tinySLATES60.png
15:56:18.231 [FXGL Background Thread 1 ] DEBUG AssetLoader          - Loading from cache: /assets/textures/tinySLATES60.png
15:56:18.231 [FXGL Background Thread 1 ] DEBUG AssetLoader          - Loading from cache: /assets/textures/tinySLATES60.png
15:56:18.231 [FXGL Background Thread 1 ] DEBUG AssetLoader          - Loading from cache: /assets/textures/tinySLATES60.png
15:56:18.231 [FXGL Background Thread 1 ] DEBUG AssetLoader          - Loading from cache: /assets/textures/tinySLATES60.png
15:56:18.231 [FXGL Background Thread 1 ] DEBUG AssetLoader          - Loading from cache: /assets/textures/tinySLATES60.png
15:56:18.232 [FXGL Background Thread 1 ] DEBUG AssetLoader          - Loading from cache: /assets/textures/tinySLATES60.png
15:56:18.232 [FXGL Background Thread 1 ] DEBUG AssetLoader          - Loading from cache: /assets/textures/tinySLATES60.png
15:56:18.232 [FXGL Background Thread 1 ] DEBUG AssetLoader          - Loading from cache: /assets/textures/tinySLATES60.png
15:56:18.232 [FXGL Background Thread 1 ] DEBUG AssetLoader          - Loading from cache: /assets/textures/tinySLATES60.png
15:56:18.232 [FXGL Background Thread 1 ] DEBUG AssetLoader          - Loading from cache: /assets/textures/tinySLATES60.png
15:56:18.232 [FXGL Background Thread 1 ] DEBUG AssetLoader          - Loading from cache: /assets/textures/tinySLATES60.png
15:56:18.232 [FXGL Background Thread 1 ] DEBUG AssetLoader          - Loading from cache: /assets/textures/tinySLATES60.png
15:56:18.232 [FXGL Background Thread 1 ] DEBUG AssetLoader          - Loading from cache: /assets/textures/tinySLATES60.png
15:56:18.232 [FXGL Background Thread 1 ] DEBUG AssetLoader          - Loading from cache: /assets/textures/tinySLATES60.png
15:56:18.232 [FXGL Background Thread 1 ] DEBUG AssetLoader          - Loading from cache: /assets/textures/tinySLATES60.png
15:56:18.233 [FXGL Background Thread 1 ] DEBUG AssetLoader          - Loading from cache: /assets/textures/tinySLATES60.png
15:56:18.233 [FXGL Background Thread 1 ] DEBUG AssetLoader          - Loading from cache: /assets/textures/tinySLATES60.png
15:56:18.233 [FXGL Background Thread 1 ] DEBUG AssetLoader          - Loading from cache: /assets/textures/tinySLATES60.png
15:56:18.233 [FXGL Background Thread 1 ] DEBUG AssetLoader          - Loading from cache: /assets/textures/tinySLATES60.png
15:56:18.233 [FXGL Background Thread 1 ] DEBUG AssetLoader          - Loading from cache: /assets/textures/tinySLATES60.png
15:56:18.233 [FXGL Background Thread 1 ] DEBUG AssetLoader          - Loading from cache: /assets/textures/tinySLATES60.png
15:56:18.233 [FXGL Background Thread 1 ] DEBUG AssetLoader          - Loading from cache: /assets/textures/tinySLATES60.png
15:56:18.233 [FXGL Background Thread 1 ] DEBUG AssetLoader          - Loading from cache: /assets/textures/tinySLATES60.png
15:56:18.233 [FXGL Background Thread 1 ] DEBUG AssetLoader          - Loading from cache: /assets/textures/tinySLATES60.png
15:56:18.233 [FXGL Background Thread 1 ] DEBUG AssetLoader          - Loading from cache: /assets/textures/tinySLATES60.png
15:56:18.234 [FXGL Background Thread 1 ] DEBUG AssetLoader          - Loading from cache: /assets/textures/tinySLATES60.png
15:56:18.234 [FXGL Background Thread 1 ] DEBUG AssetLoader          - Loading from cache: /assets/textures/tinySLATES60.png
15:56:18.234 [FXGL Background Thread 1 ] DEBUG AssetLoader          - Loading from cache: /assets/textures/tinySLATES60.png
15:56:18.234 [FXGL Background Thread 1 ] DEBUG AssetLoader          - Loading from cache: /assets/textures/tinySLATES60.png
15:56:18.234 [FXGL Background Thread 1 ] DEBUG AssetLoader          - Loading from cache: /assets/textures/tinySLATES60.png
15:56:18.234 [FXGL Background Thread 1 ] DEBUG AssetLoader          - Loading from cache: /assets/textures/tinySLATES60.png
15:56:18.234 [FXGL Background Thread 1 ] DEBUG AssetLoader          - Loading from cache: /assets/textures/tinySLATES60.png
15:56:18.235 [FXGL Background Thread 1 ] DEBUG AssetLoader          - Loading from cache: /assets/textures/tinySLATES60.png
15:56:18.235 [FXGL Background Thread 1 ] DEBUG AssetLoader          - Loading from cache: /assets/textures/tinySLATES60.png
15:56:18.235 [FXGL Background Thread 1 ] DEBUG AssetLoader          - Loading from cache: /assets/textures/tinySLATES60.png
15:56:18.235 [FXGL Background Thread 1 ] DEBUG AssetLoader          - Loading from cache: /assets/textures/tinySLATES60.png
15:56:18.235 [FXGL Background Thread 1 ] DEBUG AssetLoader          - Loading from cache: /assets/textures/tinySLATES60.png
15:56:18.235 [FXGL Background Thread 1 ] DEBUG AssetLoader          - Loading from cache: /assets/textures/tinySLATES60.png
15:56:18.235 [FXGL Background Thread 1 ] DEBUG AssetLoader          - Loading from cache: /assets/textures/tinySLATES60.png
15:56:18.235 [FXGL Background Thread 1 ] DEBUG AssetLoader          - Loading from cache: /assets/textures/tinySLATES60.png
15:56:18.235 [FXGL Background Thread 1 ] DEBUG AssetLoader          - Loading from cache: /assets/textures/tinySLATES60.png
15:56:18.235 [FXGL Background Thread 1 ] DEBUG AssetLoader          - Loading from cache: /assets/textures/tinySLATES60.png
15:56:18.236 [FXGL Background Thread 1 ] DEBUG AssetLoader          - Loading from cache: /assets/textures/tinySLATES60.png
15:56:18.236 [FXGL Background Thread 1 ] DEBUG AssetLoader          - Loading from cache: /assets/textures/tinySLATES60.png
15:56:18.236 [FXGL Background Thread 1 ] DEBUG AssetLoader          - Loading from cache: /assets/textures/tinySLATES60.png
15:56:18.236 [FXGL Background Thread 1 ] DEBUG AssetLoader          - Loading from cache: /assets/textures/tinySLATES60.png
15:56:18.236 [FXGL Background Thread 1 ] DEBUG AssetLoader          - Loading from cache: /assets/textures/tinySLATES60.png
15:56:18.236 [FXGL Background Thread 1 ] DEBUG AssetLoader          - Loading from cache: /assets/textures/tinySLATES60.png
15:56:18.236 [FXGL Background Thread 1 ] DEBUG AssetLoader          - Loading from cache: /assets/textures/tinySLATES60.png
15:56:18.236 [FXGL Background Thread 1 ] DEBUG AssetLoader          - Loading from cache: /assets/textures/tinySLATES60.png
15:56:18.236 [FXGL Background Thread 1 ] DEBUG AssetLoader          - Loading from cache: /assets/textures/tinySLATES60.png
15:56:18.236 [FXGL Background Thread 1 ] DEBUG AssetLoader          - Loading from cache: /assets/textures/tinySLATES60.png
15:56:18.236 [FXGL Background Thread 1 ] DEBUG AssetLoader          - Loading from cache: /assets/textures/tinySLATES60.png
15:56:18.237 [FXGL Background Thread 1 ] DEBUG AssetLoader          - Loading from cache: /assets/textures/tinySLATES60.png
15:56:18.237 [FXGL Background Thread 1 ] DEBUG AssetLoader          - Loading from cache: /assets/textures/tinySLATES60.png
15:56:18.237 [FXGL Background Thread 1 ] DEBUG AssetLoader          - Loading from cache: /assets/textures/tinySLATES60.png
15:56:18.237 [FXGL Background Thread 1 ] DEBUG AssetLoader          - Loading from cache: /assets/textures/tinySLATES60.png
15:56:18.237 [FXGL Background Thread 1 ] DEBUG AssetLoader          - Loading from cache: /assets/textures/tinySLATES60.png
15:56:18.237 [FXGL Background Thread 1 ] DEBUG AssetLoader          - Loading from cache: /assets/textures/tinySLATES60.png
15:56:18.237 [FXGL Background Thread 1 ] DEBUG AssetLoader          - Loading from cache: /assets/textures/tinySLATES60.png
15:56:18.237 [FXGL Background Thread 1 ] DEBUG AssetLoader          - Loading from cache: /assets/textures/tinySLATES60.png
15:56:18.237 [FXGL Background Thread 1 ] DEBUG AssetLoader          - Loading from cache: /assets/textures/tinySLATES60.png
15:56:18.237 [FXGL Background Thread 1 ] DEBUG AssetLoader          - Loading from cache: /assets/textures/tinySLATES60.png
15:56:18.238 [FXGL Background Thread 1 ] DEBUG AssetLoader          - Loading from cache: /assets/textures/tinySLATES60.png
15:56:18.238 [FXGL Background Thread 1 ] DEBUG AssetLoader          - Loading from cache: /assets/textures/tinySLATES60.png
15:56:18.238 [FXGL Background Thread 1 ] DEBUG AssetLoader          - Loading from cache: /assets/textures/tinySLATES60.png
15:56:18.238 [FXGL Background Thread 1 ] DEBUG AssetLoader          - Loading from cache: /assets/textures/tinySLATES60.png
15:56:18.238 [FXGL Background Thread 1 ] DEBUG AssetLoader          - Loading from cache: /assets/textures/tinySLATES60.png
15:56:18.238 [FXGL Background Thread 1 ] DEBUG AssetLoader          - Loading from cache: /assets/textures/tinySLATES60.png
15:56:18.238 [FXGL Background Thread 1 ] DEBUG AssetLoader          - Loading from cache: /assets/textures/tinySLATES60.png
15:56:18.238 [FXGL Background Thread 1 ] DEBUG AssetLoader          - Loading from cache: /assets/textures/tinySLATES60.png
15:56:18.238 [FXGL Background Thread 1 ] DEBUG AssetLoader          - Loading from cache: /assets/textures/tinySLATES60.png
15:56:18.238 [FXGL Background Thread 1 ] DEBUG AssetLoader          - Loading from cache: /assets/textures/tinySLATES60.png
15:56:18.239 [FXGL Background Thread 1 ] DEBUG AssetLoader          - Loading from cache: /assets/textures/tinySLATES60.png
15:56:18.239 [FXGL Background Thread 1 ] DEBUG AssetLoader          - Loading from cache: /assets/textures/tinySLATES60.png
15:56:18.239 [FXGL Background Thread 1 ] DEBUG AssetLoader          - Loading from cache: /assets/textures/tinySLATES60.png
15:56:18.239 [FXGL Background Thread 1 ] DEBUG AssetLoader          - Loading from cache: /assets/textures/tinySLATES60.png
15:56:18.239 [FXGL Background Thread 1 ] DEBUG AssetLoader          - Loading from cache: /assets/textures/tinySLATES60.png
15:56:18.239 [FXGL Background Thread 1 ] DEBUG AssetLoader          - Loading from cache: /assets/textures/tinySLATES60.png
15:56:18.239 [FXGL Background Thread 1 ] DEBUG AssetLoader          - Loading from cache: /assets/textures/tinySLATES60.png
15:56:18.239 [FXGL Background Thread 1 ] DEBUG AssetLoader          - Loading from cache: /assets/textures/tinySLATES60.png
15:56:18.239 [FXGL Background Thread 1 ] DEBUG AssetLoader          - Loading from cache: /assets/textures/tinySLATES60.png
15:56:18.239 [FXGL Background Thread 1 ] DEBUG AssetLoader          - Loading from cache: /assets/textures/tinySLATES60.png
15:56:18.239 [FXGL Background Thread 1 ] DEBUG AssetLoader          - Loading from cache: /assets/textures/tinySLATES60.png
15:56:18.240 [FXGL Background Thread 1 ] DEBUG AssetLoader          - Loading from cache: /assets/textures/tinySLATES60.png
15:56:18.240 [FXGL Background Thread 1 ] DEBUG AssetLoader          - Loading from cache: /assets/textures/tinySLATES60.png
15:56:18.240 [FXGL Background Thread 1 ] DEBUG AssetLoader          - Loading from cache: /assets/textures/tinySLATES60.png
15:56:18.240 [FXGL Background Thread 1 ] DEBUG AssetLoader          - Loading from cache: /assets/textures/tinySLATES60.png
15:56:18.240 [FXGL Background Thread 1 ] DEBUG AssetLoader          - Loading from cache: /assets/textures/tinySLATES60.png
15:56:18.240 [FXGL Background Thread 1 ] DEBUG AssetLoader          - Loading from cache: /assets/textures/tinySLATES60.png
15:56:18.240 [FXGL Background Thread 1 ] DEBUG AssetLoader          - Loading from cache: /assets/textures/tinySLATES60.png
15:56:18.240 [FXGL Background Thread 1 ] DEBUG AssetLoader          - Loading from cache: /assets/textures/tinySLATES60.png
15:56:18.240 [FXGL Background Thread 1 ] DEBUG AssetLoader          - Loading from cache: /assets/textures/tinySLATES60.png
15:56:18.240 [FXGL Background Thread 1 ] DEBUG AssetLoader          - Loading from cache: /assets/textures/tinySLATES60.png
15:56:18.240 [FXGL Background Thread 1 ] DEBUG AssetLoader          - Loading from cache: /assets/textures/tinySLATES60.png
15:56:18.241 [FXGL Background Thread 1 ] DEBUG AssetLoader          - Loading from cache: /assets/textures/tinySLATES60.png
15:56:18.241 [FXGL Background Thread 1 ] DEBUG AssetLoader          - Loading from cache: /assets/textures/tinySLATES60.png
15:56:18.241 [FXGL Background Thread 1 ] DEBUG AssetLoader          - Loading from cache: /assets/textures/tinySLATES60.png
15:56:18.241 [FXGL Background Thread 1 ] DEBUG AssetLoader          - Loading from cache: /assets/textures/tinySLATES60.png
15:56:18.241 [FXGL Background Thread 1 ] DEBUG AssetLoader          - Loading from cache: /assets/textures/tinySLATES60.png
15:56:18.241 [FXGL Background Thread 1 ] DEBUG AssetLoader          - Loading from cache: /assets/textures/tinySLATES60.png
15:56:18.241 [FXGL Background Thread 1 ] DEBUG AssetLoader          - Loading from cache: /assets/textures/tinySLATES60.png
15:56:18.241 [FXGL Background Thread 1 ] DEBUG AssetLoader          - Loading from cache: /assets/textures/tinySLATES60.png
15:56:18.241 [FXGL Background Thread 1 ] DEBUG AssetLoader          - Loading from cache: /assets/textures/tinySLATES60.png
15:56:18.241 [FXGL Background Thread 1 ] DEBUG AssetLoader          - Loading from cache: /assets/textures/tinySLATES60.png
15:56:18.241 [FXGL Background Thread 1 ] DEBUG AssetLoader          - Loading from cache: /assets/textures/tinySLATES60.png
15:56:18.242 [FXGL Background Thread 1 ] DEBUG AssetLoader          - Loading from cache: /assets/textures/tinySLATES60.png
15:56:18.242 [FXGL Background Thread 1 ] DEBUG AssetLoader          - Loading from cache: /assets/textures/tinySLATES60.png
15:56:18.242 [FXGL Background Thread 1 ] DEBUG AssetLoader          - Loading from cache: /assets/textures/tinySLATES60.png
15:56:18.242 [FXGL Background Thread 1 ] DEBUG AssetLoader          - Loading from cache: /assets/textures/tinySLATES60.png
15:56:18.242 [FXGL Background Thread 1 ] DEBUG AssetLoader          - Loading from cache: /assets/textures/tinySLATES60.png
15:56:18.242 [FXGL Background Thread 1 ] DEBUG AssetLoader          - Loading from cache: /assets/textures/tinySLATES60.png
15:56:18.242 [FXGL Background Thread 1 ] DEBUG AssetLoader          - Loading from cache: /assets/textures/tinySLATES60.png
15:56:18.242 [FXGL Background Thread 1 ] DEBUG AssetLoader          - Loading from cache: /assets/textures/tinySLATES60.png
15:56:18.242 [FXGL Background Thread 1 ] DEBUG AssetLoader          - Loading from cache: /assets/textures/tinySLATES60.png
15:56:18.242 [FXGL Background Thread 1 ] DEBUG AssetLoader          - Loading from cache: /assets/textures/tinySLATES60.png
15:56:18.243 [FXGL Background Thread 1 ] DEBUG AssetLoader          - Loading from cache: /assets/textures/tinySLATES60.png
15:56:18.243 [FXGL Background Thread 1 ] DEBUG AssetLoader          - Loading from cache: /assets/textures/tinySLATES60.png
15:56:18.243 [FXGL Background Thread 1 ] DEBUG AssetLoader          - Loading from cache: /assets/textures/tinySLATES60.png
15:56:18.243 [FXGL Background Thread 1 ] DEBUG AssetLoader          - Loading from cache: /assets/textures/tinySLATES60.png
15:56:18.243 [FXGL Background Thread 1 ] DEBUG AssetLoader          - Loading from cache: /assets/textures/tinySLATES60.png
15:56:18.243 [FXGL Background Thread 1 ] DEBUG AssetLoader          - Loading from cache: /assets/textures/tinySLATES60.png
15:56:18.243 [FXGL Background Thread 1 ] DEBUG AssetLoader          - Loading from cache: /assets/textures/tinySLATES60.png
15:56:18.243 [FXGL Background Thread 1 ] DEBUG AssetLoader          - Loading from cache: /assets/textures/tinySLATES60.png
15:56:18.243 [FXGL Background Thread 1 ] DEBUG AssetLoader          - Loading from cache: /assets/textures/tinySLATES60.png
15:56:18.243 [FXGL Background Thread 1 ] DEBUG AssetLoader          - Loading from cache: /assets/textures/tinySLATES60.png
15:56:18.243 [FXGL Background Thread 1 ] DEBUG AssetLoader          - Loading from cache: /assets/textures/tinySLATES60.png
15:56:18.244 [FXGL Background Thread 1 ] DEBUG AssetLoader          - Loading from cache: /assets/textures/tinySLATES60.png
15:56:18.244 [FXGL Background Thread 1 ] DEBUG AssetLoader          - Loading from cache: /assets/textures/tinySLATES60.png
15:56:18.244 [FXGL Background Thread 1 ] DEBUG AssetLoader          - Loading from cache: /assets/textures/tinySLATES60.png
15:56:18.244 [FXGL Background Thread 1 ] DEBUG AssetLoader          - Loading from cache: /assets/textures/tinySLATES60.png
15:56:18.244 [FXGL Background Thread 1 ] DEBUG AssetLoader          - Loading from cache: /assets/textures/tinySLATES60.png
15:56:18.244 [FXGL Background Thread 1 ] DEBUG AssetLoader          - Loading from cache: /assets/textures/tinySLATES60.png
15:56:18.244 [FXGL Background Thread 1 ] DEBUG AssetLoader          - Loading from cache: /assets/textures/tinySLATES60.png
15:56:18.244 [FXGL Background Thread 1 ] DEBUG AssetLoader          - Loading from cache: /assets/textures/tinySLATES60.png
15:56:18.244 [FXGL Background Thread 1 ] DEBUG AssetLoader          - Loading from cache: /assets/textures/tinySLATES60.png
15:56:18.244 [FXGL Background Thread 1 ] DEBUG AssetLoader          - Loading from cache: /assets/textures/tinySLATES60.png
15:56:18.244 [FXGL Background Thread 1 ] DEBUG AssetLoader          - Loading from cache: /assets/textures/tinySLATES60.png
15:56:18.244 [FXGL Background Thread 1 ] DEBUG AssetLoader          - Loading from cache: /assets/textures/tinySLATES60.png
15:56:18.245 [FXGL Background Thread 1 ] DEBUG AssetLoader          - Loading from cache: /assets/textures/tinySLATES60.png
15:56:18.245 [FXGL Background Thread 1 ] DEBUG AssetLoader          - Loading from cache: /assets/textures/tinySLATES60.png
15:56:18.245 [FXGL Background Thread 1 ] DEBUG AssetLoader          - Loading from cache: /assets/textures/tinySLATES60.png
15:56:18.245 [FXGL Background Thread 1 ] DEBUG AssetLoader          - Loading from cache: /assets/textures/tinySLATES60.png
15:56:18.245 [FXGL Background Thread 1 ] DEBUG AssetLoader          - Loading from cache: /assets/textures/tinySLATES60.png
15:56:18.245 [FXGL Background Thread 1 ] DEBUG AssetLoader          - Loading from cache: /assets/textures/tinySLATES60.png
15:56:18.245 [FXGL Background Thread 1 ] DEBUG AssetLoader          - Loading from cache: /assets/textures/tinySLATES60.png
15:56:18.245 [FXGL Background Thread 1 ] DEBUG AssetLoader          - Loading from cache: /assets/textures/tinySLATES60.png
15:56:18.245 [FXGL Background Thread 1 ] DEBUG AssetLoader          - Loading from cache: /assets/textures/tinySLATES60.png
15:56:18.245 [FXGL Background Thread 1 ] DEBUG AssetLoader          - Loading from cache: /assets/textures/tinySLATES60.png
15:56:18.245 [FXGL Background Thread 1 ] DEBUG AssetLoader          - Loading from cache: /assets/textures/tinySLATES60.png
15:56:18.245 [FXGL Background Thread 1 ] DEBUG AssetLoader          - Loading from cache: /assets/textures/tinySLATES60.png
15:56:18.245 [FXGL Background Thread 1 ] DEBUG AssetLoader          - Loading from cache: /assets/textures/tinySLATES60.png
15:56:18.246 [FXGL Background Thread 1 ] DEBUG AssetLoader          - Loading from cache: /assets/textures/tinySLATES60.png
15:56:18.246 [FXGL Background Thread 1 ] DEBUG AssetLoader          - Loading from cache: /assets/textures/tinySLATES60.png
15:56:18.246 [FXGL Background Thread 1 ] DEBUG AssetLoader          - Loading from cache: /assets/textures/tinySLATES60.png
15:56:18.246 [FXGL Background Thread 1 ] DEBUG AssetLoader          - Loading from cache: /assets/textures/tinySLATES60.png
15:56:18.246 [FXGL Background Thread 1 ] DEBUG AssetLoader          - Loading from cache: /assets/textures/tinySLATES60.png
15:56:18.246 [FXGL Background Thread 1 ] DEBUG AssetLoader          - Loading from cache: /assets/textures/tinySLATES60.png
15:56:18.246 [FXGL Background Thread 1 ] DEBUG AssetLoader          - Loading from cache: /assets/textures/tinySLATES60.png
15:56:18.246 [FXGL Background Thread 1 ] DEBUG AssetLoader          - Loading from cache: /assets/textures/tinySLATES60.png
15:56:18.246 [FXGL Background Thread 1 ] DEBUG AssetLoader          - Loading from cache: /assets/textures/tinySLATES60.png
15:56:18.246 [FXGL Background Thread 1 ] DEBUG AssetLoader          - Loading from cache: /assets/textures/tinySLATES60.png
15:56:18.246 [FXGL Background Thread 1 ] DEBUG AssetLoader          - Loading from cache: /assets/textures/tinySLATES60.png
15:56:18.246 [FXGL Background Thread 1 ] DEBUG AssetLoader          - Loading from cache: /assets/textures/tinySLATES60.png
15:56:18.246 [FXGL Background Thread 1 ] DEBUG AssetLoader          - Loading from cache: /assets/textures/tinySLATES60.png
15:56:18.247 [FXGL Background Thread 1 ] DEBUG AssetLoader          - Loading from cache: /assets/textures/tinySLATES60.png
15:56:18.247 [FXGL Background Thread 1 ] DEBUG AssetLoader          - Loading from cache: /assets/textures/tinySLATES60.png
15:56:18.247 [FXGL Background Thread 1 ] DEBUG AssetLoader          - Loading from cache: /assets/textures/tinySLATES60.png
15:56:18.247 [FXGL Background Thread 1 ] DEBUG AssetLoader          - Loading from cache: /assets/textures/tinySLATES60.png
15:56:18.247 [FXGL Background Thread 1 ] DEBUG AssetLoader          - Loading from cache: /assets/textures/tinySLATES60.png
15:56:18.247 [FXGL Background Thread 1 ] DEBUG AssetLoader          - Loading from cache: /assets/textures/tinySLATES60.png
15:56:18.247 [FXGL Background Thread 1 ] DEBUG AssetLoader          - Loading from cache: /assets/textures/tinySLATES60.png
15:56:18.247 [FXGL Background Thread 1 ] DEBUG AssetLoader          - Loading from cache: /assets/textures/tinySLATES60.png
15:56:18.247 [FXGL Background Thread 1 ] DEBUG AssetLoader          - Loading from cache: /assets/textures/tinySLATES60.png
15:56:18.247 [FXGL Background Thread 1 ] DEBUG AssetLoader          - Loading from cache: /assets/textures/tinySLATES60.png
15:56:18.247 [FXGL Background Thread 1 ] DEBUG AssetLoader          - Loading from cache: /assets/textures/tinySLATES60.png
15:56:18.247 [FXGL Background Thread 1 ] DEBUG AssetLoader          - Loading from cache: /assets/textures/tinySLATES60.png
15:56:18.247 [FXGL Background Thread 1 ] DEBUG AssetLoader          - Loading from cache: /assets/textures/tinySLATES60.png
15:56:18.247 [FXGL Background Thread 1 ] DEBUG AssetLoader          - Loading from cache: /assets/textures/tinySLATES60.png
15:56:18.248 [FXGL Background Thread 1 ] DEBUG AssetLoader          - Loading from cache: /assets/textures/tinySLATES60.png
15:56:18.248 [FXGL Background Thread 1 ] DEBUG AssetLoader          - Loading from cache: /assets/textures/tinySLATES60.png
15:56:18.248 [FXGL Background Thread 1 ] DEBUG AssetLoader          - Loading from cache: /assets/textures/tinySLATES60.png
15:56:18.248 [FXGL Background Thread 1 ] DEBUG AssetLoader          - Loading from cache: /assets/textures/tinySLATES60.png
15:56:18.248 [FXGL Background Thread 1 ] DEBUG AssetLoader          - Loading from cache: /assets/textures/tinySLATES60.png
15:56:18.248 [FXGL Background Thread 1 ] DEBUG AssetLoader          - Loading from cache: /assets/textures/tinySLATES60.png
15:56:18.248 [FXGL Background Thread 1 ] DEBUG AssetLoader          - Loading from cache: /assets/textures/tinySLATES60.png
15:56:18.248 [FXGL Background Thread 1 ] DEBUG AssetLoader          - Loading from cache: /assets/textures/tinySLATES60.png
15:56:18.248 [FXGL Background Thread 1 ] DEBUG AssetLoader          - Loading from cache: /assets/textures/tinySLATES60.png
15:56:18.249 [FXGL Background Thread 1 ] DEBUG AssetLoader          - Loading from cache: /assets/textures/tinySLATES60.png
15:56:18.249 [FXGL Background Thread 1 ] DEBUG AssetLoader          - Loading from cache: /assets/textures/tinySLATES60.png
15:56:18.249 [FXGL Background Thread 1 ] DEBUG AssetLoader          - Loading from cache: /assets/textures/tinySLATES60.png
15:56:18.249 [FXGL Background Thread 1 ] DEBUG AssetLoader          - Loading from cache: /assets/textures/tinySLATES60.png
15:56:18.249 [FXGL Background Thread 1 ] DEBUG AssetLoader          - Loading from cache: /assets/textures/tinySLATES60.png
15:56:18.249 [FXGL Background Thread 1 ] DEBUG AssetLoader          - Loading from cache: /assets/textures/tinySLATES60.png
15:56:18.249 [FXGL Background Thread 1 ] DEBUG AssetLoader          - Loading from cache: /assets/textures/tinySLATES60.png
15:56:18.249 [FXGL Background Thread 1 ] DEBUG AssetLoader          - Loading from cache: /assets/textures/tinySLATES60.png
15:56:18.249 [FXGL Background Thread 1 ] DEBUG AssetLoader          - Loading from cache: /assets/textures/tinySLATES60.png
15:56:18.249 [FXGL Background Thread 1 ] DEBUG AssetLoader          - Loading from cache: /assets/textures/tinySLATES60.png
15:56:18.249 [FXGL Background Thread 1 ] DEBUG AssetLoader          - Loading from cache: /assets/textures/tinySLATES60.png
15:56:18.250 [FXGL Background Thread 1 ] DEBUG AssetLoader          - Loading from cache: /assets/textures/tinySLATES60.png
15:56:18.250 [FXGL Background Thread 1 ] DEBUG AssetLoader          - Loading from cache: /assets/textures/tinySLATES60.png
15:56:18.250 [FXGL Background Thread 1 ] DEBUG AssetLoader          - Loading from cache: /assets/textures/tinySLATES60.png
15:56:18.250 [FXGL Background Thread 1 ] DEBUG AssetLoader          - Loading from cache: /assets/textures/tinySLATES60.png
15:56:18.250 [FXGL Background Thread 1 ] DEBUG AssetLoader          - Loading from cache: /assets/textures/tinySLATES60.png
15:56:18.250 [FXGL Background Thread 1 ] DEBUG AssetLoader          - Loading from cache: /assets/textures/tinySLATES60.png
15:56:18.250 [FXGL Background Thread 1 ] DEBUG AssetLoader          - Loading from cache: /assets/textures/tinySLATES60.png
15:56:18.250 [FXGL Background Thread 1 ] DEBUG AssetLoader          - Loading from cache: /assets/textures/tinySLATES60.png
15:56:18.250 [FXGL Background Thread 1 ] DEBUG AssetLoader          - Loading from cache: /assets/textures/tinySLATES60.png
15:56:18.250 [FXGL Background Thread 1 ] DEBUG AssetLoader          - Loading from cache: /assets/textures/tinySLATES60.png
15:56:18.251 [FXGL Background Thread 1 ] DEBUG AssetLoader          - Loading from cache: /assets/textures/tinySLATES60.png
15:56:18.251 [FXGL Background Thread 1 ] DEBUG AssetLoader          - Loading from cache: /assets/textures/tinySLATES60.png
15:56:18.251 [FXGL Background Thread 1 ] DEBUG AssetLoader          - Loading from cache: /assets/textures/tinySLATES60.png
15:56:18.251 [FXGL Background Thread 1 ] DEBUG AssetLoader          - Loading from cache: /assets/textures/tinySLATES60.png
15:56:18.251 [FXGL Background Thread 1 ] DEBUG AssetLoader          - Loading from cache: /assets/textures/tinySLATES60.png
15:56:18.251 [FXGL Background Thread 1 ] DEBUG AssetLoader          - Loading from cache: /assets/textures/tinySLATES60.png
15:56:18.251 [FXGL Background Thread 1 ] DEBUG AssetLoader          - Loading from cache: /assets/textures/tinySLATES60.png
15:56:18.251 [FXGL Background Thread 1 ] DEBUG AssetLoader          - Loading from cache: /assets/textures/tinySLATES60.png
15:56:18.251 [FXGL Background Thread 1 ] DEBUG AssetLoader          - Loading from cache: /assets/textures/tinySLATES60.png
15:56:18.251 [FXGL Background Thread 1 ] DEBUG AssetLoader          - Loading from cache: /assets/textures/tinySLATES60.png
15:56:18.251 [FXGL Background Thread 1 ] DEBUG AssetLoader          - Loading from cache: /assets/textures/tinySLATES60.png
15:56:18.251 [FXGL Background Thread 1 ] DEBUG AssetLoader          - Loading from cache: /assets/textures/tinySLATES60.png
15:56:18.251 [FXGL Background Thread 1 ] DEBUG AssetLoader          - Loading from cache: /assets/textures/tinySLATES60.png
15:56:18.251 [FXGL Background Thread 1 ] DEBUG AssetLoader          - Loading from cache: /assets/textures/tinySLATES60.png
15:56:18.252 [FXGL Background Thread 1 ] DEBUG AssetLoader          - Loading from cache: /assets/textures/tinySLATES60.png
15:56:18.252 [FXGL Background Thread 1 ] DEBUG AssetLoader          - Loading from cache: /assets/textures/tinySLATES60.png
15:56:18.252 [FXGL Background Thread 1 ] DEBUG AssetLoader          - Loading from cache: /assets/textures/tinySLATES60.png
15:56:18.252 [FXGL Background Thread 1 ] DEBUG AssetLoader          - Loading from cache: /assets/textures/tinySLATES60.png
15:56:18.252 [FXGL Background Thread 1 ] DEBUG AssetLoader          - Loading from cache: /assets/textures/tinySLATES60.png
15:56:18.252 [FXGL Background Thread 1 ] DEBUG AssetLoader          - Loading from cache: /assets/textures/tinySLATES60.png
15:56:18.252 [FXGL Background Thread 1 ] DEBUG AssetLoader          - Loading from cache: /assets/textures/tinySLATES60.png
15:56:18.252 [FXGL Background Thread 1 ] DEBUG AssetLoader          - Loading from cache: /assets/textures/tinySLATES60.png
15:56:18.252 [FXGL Background Thread 1 ] DEBUG AssetLoader          - Loading from cache: /assets/textures/tinySLATES60.png
15:56:18.252 [FXGL Background Thread 1 ] DEBUG AssetLoader          - Loading from cache: /assets/textures/tinySLATES60.png
15:56:18.252 [FXGL Background Thread 1 ] DEBUG AssetLoader          - Loading from cache: /assets/textures/tinySLATES60.png
15:56:18.252 [FXGL Background Thread 1 ] DEBUG AssetLoader          - Loading from cache: /assets/textures/tinySLATES60.png
15:56:18.252 [FXGL Background Thread 1 ] DEBUG AssetLoader          - Loading from cache: /assets/textures/tinySLATES60.png
15:56:18.252 [FXGL Background Thread 1 ] DEBUG AssetLoader          - Loading from cache: /assets/textures/tinySLATES60.png
15:56:18.253 [FXGL Background Thread 1 ] DEBUG AssetLoader          - Loading from cache: /assets/textures/tinySLATES60.png
15:56:18.253 [FXGL Background Thread 1 ] DEBUG AssetLoader          - Loading from cache: /assets/textures/tinySLATES60.png
15:56:18.253 [FXGL Background Thread 1 ] DEBUG AssetLoader          - Loading from cache: /assets/textures/tinySLATES60.png
15:56:18.253 [FXGL Background Thread 1 ] DEBUG AssetLoader          - Loading from cache: /assets/textures/tinySLATES60.png
15:56:18.253 [FXGL Background Thread 1 ] DEBUG AssetLoader          - Loading from cache: /assets/textures/tinySLATES60.png
15:56:18.253 [FXGL Background Thread 1 ] DEBUG AssetLoader          - Loading from cache: /assets/textures/tinySLATES60.png
15:56:18.253 [FXGL Background Thread 1 ] DEBUG AssetLoader          - Loading from cache: /assets/textures/tinySLATES60.png
15:56:18.253 [FXGL Background Thread 1 ] DEBUG AssetLoader          - Loading from cache: /assets/textures/tinySLATES60.png
15:56:18.253 [FXGL Background Thread 1 ] DEBUG AssetLoader          - Loading from cache: /assets/textures/tinySLATES60.png
15:56:18.253 [FXGL Background Thread 1 ] DEBUG AssetLoader          - Loading from cache: /assets/textures/tinySLATES60.png
15:56:18.253 [FXGL Background Thread 1 ] DEBUG AssetLoader          - Loading from cache: /assets/textures/tinySLATES60.png
15:56:18.253 [FXGL Background Thread 1 ] DEBUG AssetLoader          - Loading from cache: /assets/textures/tinySLATES60.png
15:56:18.253 [FXGL Background Thread 1 ] DEBUG AssetLoader          - Loading from cache: /assets/textures/tinySLATES60.png
15:56:18.253 [FXGL Background Thread 1 ] DEBUG AssetLoader          - Loading from cache: /assets/textures/tinySLATES60.png
15:56:18.253 [FXGL Background Thread 1 ] DEBUG AssetLoader          - Loading from cache: /assets/textures/tinySLATES60.png
15:56:18.254 [FXGL Background Thread 1 ] DEBUG AssetLoader          - Loading from cache: /assets/textures/tinySLATES60.png
15:56:18.254 [FXGL Background Thread 1 ] DEBUG AssetLoader          - Loading from cache: /assets/textures/tinySLATES60.png
15:56:18.254 [FXGL Background Thread 1 ] DEBUG AssetLoader          - Loading from cache: /assets/textures/tinySLATES60.png
15:56:18.254 [FXGL Background Thread 1 ] DEBUG AssetLoader          - Loading from cache: /assets/textures/tinySLATES60.png
15:56:18.254 [FXGL Background Thread 1 ] DEBUG AssetLoader          - Loading from cache: /assets/textures/tinySLATES60.png
15:56:18.254 [FXGL Background Thread 1 ] DEBUG AssetLoader          - Loading from cache: /assets/textures/tinySLATES60.png
15:56:18.254 [FXGL Background Thread 1 ] DEBUG AssetLoader          - Loading from cache: /assets/textures/tinySLATES60.png
15:56:18.254 [FXGL Background Thread 1 ] DEBUG AssetLoader          - Loading from cache: /assets/textures/tinySLATES60.png
15:56:18.254 [FXGL Background Thread 1 ] DEBUG AssetLoader          - Loading from cache: /assets/textures/tinySLATES60.png
15:56:18.254 [FXGL Background Thread 1 ] DEBUG AssetLoader          - Loading from cache: /assets/textures/tinySLATES60.png
15:56:18.254 [FXGL Background Thread 1 ] DEBUG AssetLoader          - Loading from cache: /assets/textures/tinySLATES60.png
15:56:18.254 [FXGL Background Thread 1 ] DEBUG AssetLoader          - Loading from cache: /assets/textures/tinySLATES60.png
15:56:18.255 [FXGL Background Thread 1 ] DEBUG AssetLoader          - Loading from cache: /assets/textures/tinySLATES60.png
15:56:18.255 [FXGL Background Thread 1 ] DEBUG AssetLoader          - Loading from cache: /assets/textures/tinySLATES60.png
15:56:18.255 [FXGL Background Thread 1 ] DEBUG AssetLoader          - Loading from cache: /assets/textures/tinySLATES60.png
15:56:18.255 [FXGL Background Thread 1 ] DEBUG AssetLoader          - Loading from cache: /assets/textures/tinySLATES60.png
15:56:18.255 [FXGL Background Thread 1 ] DEBUG AssetLoader          - Loading from cache: /assets/textures/tinySLATES60.png
15:56:18.255 [FXGL Background Thread 1 ] DEBUG AssetLoader          - Loading from cache: /assets/textures/tinySLATES60.png
15:56:18.255 [FXGL Background Thread 1 ] DEBUG AssetLoader          - Loading from cache: /assets/textures/tinySLATES60.png
15:56:18.255 [FXGL Background Thread 1 ] DEBUG AssetLoader          - Loading from cache: /assets/textures/tinySLATES60.png
15:56:18.255 [FXGL Background Thread 1 ] DEBUG AssetLoader          - Loading from cache: /assets/textures/tinySLATES60.png
15:56:18.255 [FXGL Background Thread 1 ] DEBUG AssetLoader          - Loading from cache: /assets/textures/tinySLATES60.png
15:56:18.255 [FXGL Background Thread 1 ] DEBUG AssetLoader          - Loading from cache: /assets/textures/tinySLATES60.png
15:56:18.255 [FXGL Background Thread 1 ] DEBUG AssetLoader          - Loading from cache: /assets/textures/tinySLATES60.png
15:56:18.255 [FXGL Background Thread 1 ] DEBUG AssetLoader          - Loading from cache: /assets/textures/tinySLATES60.png
15:56:18.255 [FXGL Background Thread 1 ] DEBUG AssetLoader          - Loading from cache: /assets/textures/tinySLATES60.png
15:56:18.255 [FXGL Background Thread 1 ] DEBUG AssetLoader          - Loading from cache: /assets/textures/tinySLATES60.png
15:56:18.256 [FXGL Background Thread 1 ] DEBUG AssetLoader          - Loading from cache: /assets/textures/tinySLATES60.png
15:56:18.256 [FXGL Background Thread 1 ] DEBUG AssetLoader          - Loading from cache: /assets/textures/tinySLATES60.png
15:56:18.256 [FXGL Background Thread 1 ] DEBUG AssetLoader          - Loading from cache: /assets/textures/tinySLATES60.png
15:56:18.256 [FXGL Background Thread 1 ] DEBUG AssetLoader          - Loading from cache: /assets/textures/tinySLATES60.png
15:56:18.256 [FXGL Background Thread 1 ] DEBUG AssetLoader          - Loading from cache: /assets/textures/tinySLATES60.png
15:56:18.256 [FXGL Background Thread 1 ] DEBUG AssetLoader          - Loading from cache: /assets/textures/tinySLATES60.png
15:56:18.256 [FXGL Background Thread 1 ] DEBUG AssetLoader          - Loading from cache: /assets/textures/tinySLATES60.png
15:56:18.256 [FXGL Background Thread 1 ] DEBUG AssetLoader          - Loading from cache: /assets/textures/tinySLATES60.png
15:56:18.256 [FXGL Background Thread 1 ] DEBUG AssetLoader          - Loading from cache: /assets/textures/tinySLATES60.png
15:56:18.256 [FXGL Background Thread 1 ] DEBUG AssetLoader          - Loading from cache: /assets/textures/tinySLATES60.png
15:56:18.256 [FXGL Background Thread 1 ] DEBUG AssetLoader          - Loading from cache: /assets/textures/tinySLATES60.png
15:56:18.256 [FXGL Background Thread 1 ] DEBUG AssetLoader          - Loading from cache: /assets/textures/tinySLATES60.png
15:56:18.256 [FXGL Background Thread 1 ] DEBUG AssetLoader          - Loading from cache: /assets/textures/tinySLATES60.png
15:56:18.257 [FXGL Background Thread 1 ] DEBUG AssetLoader          - Loading from cache: /assets/textures/tinySLATES60.png
15:56:18.257 [FXGL Background Thread 1 ] DEBUG AssetLoader          - Loading from cache: /assets/textures/tinySLATES60.png
15:56:18.257 [FXGL Background Thread 1 ] DEBUG AssetLoader          - Loading from cache: /assets/textures/tinySLATES60.png
15:56:18.257 [FXGL Background Thread 1 ] DEBUG AssetLoader          - Loading from cache: /assets/textures/tinySLATES60.png
15:56:18.257 [FXGL Background Thread 1 ] DEBUG AssetLoader          - Loading from cache: /assets/textures/tinySLATES60.png
15:56:18.257 [FXGL Background Thread 1 ] DEBUG AssetLoader          - Loading from cache: /assets/textures/tinySLATES60.png
15:56:18.257 [FXGL Background Thread 1 ] DEBUG AssetLoader          - Loading from cache: /assets/textures/tinySLATES60.png
15:56:18.257 [FXGL Background Thread 1 ] DEBUG AssetLoader          - Loading from cache: /assets/textures/tinySLATES60.png
15:56:18.257 [FXGL Background Thread 1 ] DEBUG AssetLoader          - Loading from cache: /assets/textures/tinySLATES60.png
15:56:18.257 [FXGL Background Thread 1 ] DEBUG AssetLoader          - Loading from cache: /assets/textures/tinySLATES60.png
15:56:18.257 [FXGL Background Thread 1 ] DEBUG AssetLoader          - Loading from cache: /assets/textures/tinySLATES60.png
15:56:18.258 [FXGL Background Thread 1 ] DEBUG AssetLoader          - Loading from cache: /assets/textures/tinySLATES60.png
15:56:18.258 [FXGL Background Thread 1 ] DEBUG AssetLoader          - Loading from cache: /assets/textures/tinySLATES60.png
15:56:18.258 [FXGL Background Thread 1 ] DEBUG AssetLoader          - Loading from cache: /assets/textures/tinySLATES60.png
15:56:18.258 [FXGL Background Thread 1 ] DEBUG AssetLoader          - Loading from cache: /assets/textures/tinySLATES60.png
15:56:18.258 [FXGL Background Thread 1 ] DEBUG AssetLoader          - Loading from cache: /assets/textures/tinySLATES60.png
15:56:18.258 [FXGL Background Thread 1 ] DEBUG AssetLoader          - Loading from cache: /assets/textures/tinySLATES60.png
15:56:18.258 [FXGL Background Thread 1 ] DEBUG AssetLoader          - Loading from cache: /assets/textures/tinySLATES60.png
15:56:18.258 [FXGL Background Thread 1 ] DEBUG AssetLoader          - Loading from cache: /assets/textures/tinySLATES60.png
15:56:18.258 [FXGL Background Thread 1 ] DEBUG AssetLoader          - Loading from cache: /assets/textures/tinySLATES60.png
15:56:18.258 [FXGL Background Thread 1 ] DEBUG AssetLoader          - Loading from cache: /assets/textures/tinySLATES60.png
15:56:18.258 [FXGL Background Thread 1 ] DEBUG AssetLoader          - Loading from cache: /assets/textures/tinySLATES60.png
15:56:18.258 [FXGL Background Thread 1 ] DEBUG AssetLoader          - Loading from cache: /assets/textures/tinySLATES60.png
15:56:18.259 [FXGL Background Thread 1 ] DEBUG AssetLoader          - Loading from cache: /assets/textures/tinySLATES60.png
15:56:18.259 [FXGL Background Thread 1 ] DEBUG AssetLoader          - Loading from cache: /assets/textures/tinySLATES60.png
15:56:18.259 [FXGL Background Thread 1 ] DEBUG AssetLoader          - Loading from cache: /assets/textures/tinySLATES60.png
15:56:18.259 [FXGL Background Thread 1 ] DEBUG AssetLoader          - Loading from cache: /assets/textures/tinySLATES60.png
15:56:18.259 [FXGL Background Thread 1 ] DEBUG AssetLoader          - Loading from cache: /assets/textures/tinySLATES60.png
15:56:18.259 [FXGL Background Thread 1 ] DEBUG AssetLoader          - Loading from cache: /assets/textures/tinySLATES60.png
15:56:18.259 [FXGL Background Thread 1 ] DEBUG AssetLoader          - Loading from cache: /assets/textures/tinySLATES60.png
15:56:18.259 [FXGL Background Thread 1 ] DEBUG AssetLoader          - Loading from cache: /assets/textures/tinySLATES60.png
15:56:18.259 [FXGL Background Thread 1 ] DEBUG AssetLoader          - Loading from cache: /assets/textures/tinySLATES60.png
15:56:18.259 [FXGL Background Thread 1 ] DEBUG AssetLoader          - Loading from cache: /assets/textures/tinySLATES60.png
15:56:18.259 [FXGL Background Thread 1 ] DEBUG AssetLoader          - Loading from cache: /assets/textures/tinySLATES60.png
15:56:18.259 [FXGL Background Thread 1 ] DEBUG AssetLoader          - Loading from cache: /assets/textures/tinySLATES60.png
15:56:18.259 [FXGL Background Thread 1 ] DEBUG AssetLoader          - Loading from cache: /assets/textures/tinySLATES60.png
15:56:18.259 [FXGL Background Thread 1 ] DEBUG AssetLoader          - Loading from cache: /assets/textures/tinySLATES60.png
15:56:18.259 [FXGL Background Thread 1 ] DEBUG AssetLoader          - Loading from cache: /assets/textures/tinySLATES60.png
15:56:18.260 [FXGL Background Thread 1 ] DEBUG AssetLoader          - Loading from cache: /assets/textures/tinySLATES60.png
15:56:18.260 [FXGL Background Thread 1 ] DEBUG AssetLoader          - Loading from cache: /assets/textures/tinySLATES60.png
15:56:18.260 [FXGL Background Thread 1 ] DEBUG AssetLoader          - Loading from cache: /assets/textures/tinySLATES60.png
15:56:18.260 [FXGL Background Thread 1 ] DEBUG AssetLoader          - Loading from cache: /assets/textures/tinySLATES60.png
15:56:18.260 [FXGL Background Thread 1 ] DEBUG AssetLoader          - Loading from cache: /assets/textures/tinySLATES60.png
15:56:18.260 [FXGL Background Thread 1 ] DEBUG AssetLoader          - Loading from cache: /assets/textures/tinySLATES60.png
15:56:18.260 [FXGL Background Thread 1 ] DEBUG AssetLoader          - Loading from cache: /assets/textures/tinySLATES60.png
15:56:18.260 [FXGL Background Thread 1 ] DEBUG AssetLoader          - Loading from cache: /assets/textures/tinySLATES60.png
15:56:18.260 [FXGL Background Thread 1 ] DEBUG AssetLoader          - Loading from cache: /assets/textures/tinySLATES60.png
15:56:18.260 [FXGL Background Thread 1 ] DEBUG AssetLoader          - Loading from cache: /assets/textures/tinySLATES60.png
15:56:18.260 [FXGL Background Thread 1 ] DEBUG AssetLoader          - Loading from cache: /assets/textures/tinySLATES60.png
15:56:18.260 [FXGL Background Thread 1 ] DEBUG AssetLoader          - Loading from cache: /assets/textures/tinySLATES60.png
15:56:18.260 [FXGL Background Thread 1 ] DEBUG AssetLoader          - Loading from cache: /assets/textures/tinySLATES60.png
15:56:18.260 [FXGL Background Thread 1 ] DEBUG AssetLoader          - Loading from cache: /assets/textures/tinySLATES60.png
15:56:18.261 [FXGL Background Thread 1 ] DEBUG AssetLoader          - Loading from cache: /assets/textures/tinySLATES60.png
15:56:18.263 [FXGL Background Thread 1 ] DEBUG GameScene            - Creating render group for layer: BACKGROUND(1000)
15:56:18.273 [FXGL Background Thread 1 ] DEBUG AssetLoader          - Loading from cache: /assets/textures/tinySLATES60.png
15:56:18.274 [FXGL Background Thread 1 ] DEBUG AssetLoader          - Loading from cache: /assets/textures/tinySLATES60.png
15:56:18.274 [FXGL Background Thread 1 ] DEBUG AssetLoader          - Loading from cache: /assets/textures/tinySLATES60.png
15:56:18.274 [FXGL Background Thread 1 ] DEBUG AssetLoader          - Loading from cache: /assets/textures/tinySLATES60.png
15:56:18.274 [FXGL Background Thread 1 ] DEBUG AssetLoader          - Loading from cache: /assets/textures/tinySLATES60.png
15:56:18.274 [FXGL Background Thread 1 ] DEBUG AssetLoader          - Loading from cache: /assets/textures/tinySLATES60.png
15:56:18.274 [FXGL Background Thread 1 ] DEBUG AssetLoader          - Loading from cache: /assets/textures/tinySLATES60.png
15:56:18.274 [FXGL Background Thread 1 ] DEBUG AssetLoader          - Loading from cache: /assets/textures/tinySLATES60.png
15:56:18.274 [FXGL Background Thread 1 ] DEBUG AssetLoader          - Loading from cache: /assets/textures/tinySLATES60.png
15:56:18.275 [FXGL Background Thread 1 ] DEBUG AssetLoader          - Loading from cache: /assets/textures/tinySLATES60.png
15:56:18.275 [FXGL Background Thread 1 ] DEBUG AssetLoader          - Loading from cache: /assets/textures/tinySLATES60.png
15:56:18.275 [FXGL Background Thread 1 ] DEBUG AssetLoader          - Loading from cache: /assets/textures/tinySLATES60.png
15:56:18.275 [FXGL Background Thread 1 ] DEBUG AssetLoader          - Loading from cache: /assets/textures/tinySLATES60.png
15:56:18.275 [FXGL Background Thread 1 ] DEBUG AssetLoader          - Loading from cache: /assets/textures/tinySLATES60.png
15:56:18.275 [FXGL Background Thread 1 ] DEBUG AssetLoader          - Loading from cache: /assets/textures/tinySLATES60.png
15:56:18.275 [FXGL Background Thread 1 ] DEBUG AssetLoader          - Loading from cache: /assets/textures/tinySLATES60.png
15:56:18.275 [FXGL Background Thread 1 ] DEBUG AssetLoader          - Loading from cache: /assets/textures/tinySLATES60.png
15:56:18.275 [FXGL Background Thread 1 ] DEBUG AssetLoader          - Loading from cache: /assets/textures/tinySLATES60.png
15:56:18.275 [FXGL Background Thread 1 ] DEBUG AssetLoader          - Loading from cache: /assets/textures/tinySLATES60.png
15:56:18.276 [FXGL Background Thread 1 ] DEBUG AssetLoader          - Loading from cache: /assets/textures/tinySLATES60.png
15:56:18.276 [FXGL Background Thread 1 ] DEBUG AssetLoader          - Loading from cache: /assets/textures/tinySLATES60.png
15:56:18.276 [FXGL Background Thread 1 ] DEBUG AssetLoader          - Loading from cache: /assets/textures/tinySLATES60.png
15:56:18.276 [FXGL Background Thread 1 ] DEBUG AssetLoader          - Loading from cache: /assets/textures/tinySLATES60.png
15:56:18.276 [FXGL Background Thread 1 ] DEBUG AssetLoader          - Loading from cache: /assets/textures/tinySLATES60.png
15:56:18.276 [FXGL Background Thread 1 ] DEBUG AssetLoader          - Loading from cache: /assets/textures/tinySLATES60.png
15:56:18.276 [FXGL Background Thread 1 ] DEBUG AssetLoader          - Loading from cache: /assets/textures/tinySLATES60.png
15:56:18.276 [FXGL Background Thread 1 ] DEBUG AssetLoader          - Loading from cache: /assets/textures/tinySLATES60.png
15:56:18.276 [FXGL Background Thread 1 ] DEBUG AssetLoader          - Loading from cache: /assets/textures/tinySLATES60.png
15:56:18.276 [FXGL Background Thread 1 ] DEBUG AssetLoader          - Loading from cache: /assets/textures/tinySLATES60.png
15:56:18.277 [FXGL Background Thread 1 ] DEBUG AssetLoader          - Loading from cache: /assets/textures/tinySLATES60.png
15:56:18.277 [FXGL Background Thread 1 ] DEBUG AssetLoader          - Loading from cache: /assets/textures/tinySLATES60.png
15:56:18.277 [FXGL Background Thread 1 ] DEBUG AssetLoader          - Loading from cache: /assets/textures/tinySLATES60.png
15:56:18.277 [FXGL Background Thread 1 ] DEBUG AssetLoader          - Loading from cache: /assets/textures/tinySLATES60.png
15:56:18.277 [FXGL Background Thread 1 ] DEBUG AssetLoader          - Loading from cache: /assets/textures/tinySLATES60.png
15:56:18.277 [FXGL Background Thread 1 ] DEBUG AssetLoader          - Loading from cache: /assets/textures/tinySLATES60.png
15:56:18.277 [FXGL Background Thread 1 ] DEBUG AssetLoader          - Loading from cache: /assets/textures/tinySLATES60.png
15:56:18.277 [FXGL Background Thread 1 ] DEBUG AssetLoader          - Loading from cache: /assets/textures/tinySLATES60.png
15:56:18.277 [FXGL Background Thread 1 ] DEBUG AssetLoader          - Loading from cache: /assets/textures/tinySLATES60.png
15:56:18.277 [FXGL Background Thread 1 ] DEBUG AssetLoader          - Loading from cache: /assets/textures/tinySLATES60.png
15:56:18.277 [FXGL Background Thread 1 ] DEBUG AssetLoader          - Loading from cache: /assets/textures/tinySLATES60.png
15:56:18.277 [FXGL Background Thread 1 ] DEBUG AssetLoader          - Loading from cache: /assets/textures/tinySLATES60.png
15:56:18.277 [FXGL Background Thread 1 ] DEBUG AssetLoader          - Loading from cache: /assets/textures/tinySLATES60.png
15:56:18.278 [FXGL Background Thread 1 ] DEBUG AssetLoader          - Loading from cache: /assets/textures/tinySLATES60.png
15:56:18.278 [FXGL Background Thread 1 ] DEBUG AssetLoader          - Loading from cache: /assets/textures/tinySLATES60.png
15:56:18.278 [FXGL Background Thread 1 ] DEBUG AssetLoader          - Loading from cache: /assets/textures/tinySLATES60.png
15:56:18.278 [FXGL Background Thread 1 ] DEBUG AssetLoader          - Loading from cache: /assets/textures/tinySLATES60.png
15:56:18.278 [FXGL Background Thread 1 ] DEBUG AssetLoader          - Loading from cache: /assets/textures/tinySLATES60.png
15:56:18.278 [FXGL Background Thread 1 ] DEBUG AssetLoader          - Loading from cache: /assets/textures/tinySLATES60.png
15:56:18.278 [FXGL Background Thread 1 ] DEBUG AssetLoader          - Loading from cache: /assets/textures/tinySLATES60.png
15:56:18.278 [FXGL Background Thread 1 ] DEBUG AssetLoader          - Loading from cache: /assets/textures/tinySLATES60.png
15:56:18.278 [FXGL Background Thread 1 ] DEBUG AssetLoader          - Loading from cache: /assets/textures/tinySLATES60.png
15:56:18.278 [FXGL Background Thread 1 ] DEBUG AssetLoader          - Loading from cache: /assets/textures/tinySLATES60.png
15:56:18.278 [FXGL Background Thread 1 ] DEBUG AssetLoader          - Loading from cache: /assets/textures/tinySLATES60.png
15:56:18.278 [FXGL Background Thread 1 ] DEBUG AssetLoader          - Loading from cache: /assets/textures/tinySLATES60.png
15:56:18.278 [FXGL Background Thread 1 ] DEBUG AssetLoader          - Loading from cache: /assets/textures/tinySLATES60.png
15:56:18.278 [FXGL Background Thread 1 ] DEBUG AssetLoader          - Loading from cache: /assets/textures/tinySLATES60.png
15:56:18.279 [FXGL Background Thread 1 ] DEBUG AssetLoader          - Loading from cache: /assets/textures/tinySLATES60.png
15:56:18.279 [FXGL Background Thread 1 ] DEBUG AssetLoader          - Loading from cache: /assets/textures/tinySLATES60.png
15:56:18.279 [FXGL Background Thread 1 ] DEBUG AssetLoader          - Loading from cache: /assets/textures/tinySLATES60.png
15:56:18.279 [FXGL Background Thread 1 ] DEBUG AssetLoader          - Loading from cache: /assets/textures/tinySLATES60.png
15:56:18.279 [FXGL Background Thread 1 ] DEBUG AssetLoader          - Loading from cache: /assets/textures/tinySLATES60.png
15:56:18.279 [FXGL Background Thread 1 ] DEBUG AssetLoader          - Loading from cache: /assets/textures/tinySLATES60.png
15:56:18.279 [FXGL Background Thread 1 ] DEBUG AssetLoader          - Loading from cache: /assets/textures/tinySLATES60.png
15:56:18.279 [FXGL Background Thread 1 ] DEBUG AssetLoader          - Loading from cache: /assets/textures/tinySLATES60.png
15:56:18.279 [FXGL Background Thread 1 ] DEBUG AssetLoader          - Loading from cache: /assets/textures/tinySLATES60.png
15:56:18.279 [FXGL Background Thread 1 ] DEBUG AssetLoader          - Loading from cache: /assets/textures/tinySLATES60.png
15:56:18.279 [FXGL Background Thread 1 ] DEBUG AssetLoader          - Loading from cache: /assets/textures/tinySLATES60.png
15:56:18.279 [FXGL Background Thread 1 ] DEBUG AssetLoader          - Loading from cache: /assets/textures/tinySLATES60.png
15:56:18.279 [FXGL Background Thread 1 ] DEBUG AssetLoader          - Loading from cache: /assets/textures/tinySLATES60.png
15:56:18.279 [FXGL Background Thread 1 ] DEBUG AssetLoader          - Loading from cache: /assets/textures/tinySLATES60.png
15:56:18.279 [FXGL Background Thread 1 ] DEBUG AssetLoader          - Loading from cache: /assets/textures/tinySLATES60.png
15:56:18.279 [FXGL Background Thread 1 ] DEBUG AssetLoader          - Loading from cache: /assets/textures/tinySLATES60.png
15:56:18.280 [FXGL Background Thread 1 ] DEBUG AssetLoader          - Loading from cache: /assets/textures/tinySLATES60.png
15:56:18.280 [FXGL Background Thread 1 ] DEBUG AssetLoader          - Loading from cache: /assets/textures/tinySLATES60.png
15:56:18.280 [FXGL Background Thread 1 ] DEBUG AssetLoader          - Loading from cache: /assets/textures/tinySLATES60.png
15:56:18.280 [FXGL Background Thread 1 ] DEBUG AssetLoader          - Loading from cache: /assets/textures/tinySLATES60.png
15:56:18.280 [FXGL Background Thread 1 ] DEBUG AssetLoader          - Loading from cache: /assets/textures/tinySLATES60.png
15:56:18.280 [FXGL Background Thread 1 ] DEBUG AssetLoader          - Loading from cache: /assets/textures/tinySLATES60.png
15:56:18.280 [FXGL Background Thread 1 ] DEBUG AssetLoader          - Loading from cache: /assets/textures/tinySLATES60.png
15:56:18.280 [FXGL Background Thread 1 ] DEBUG AssetLoader          - Loading from cache: /assets/textures/tinySLATES60.png
15:56:18.280 [FXGL Background Thread 1 ] DEBUG AssetLoader          - Loading from cache: /assets/textures/tinySLATES60.png
15:56:18.280 [FXGL Background Thread 1 ] DEBUG AssetLoader          - Loading from cache: /assets/textures/tinySLATES60.png
15:56:18.280 [FXGL Background Thread 1 ] DEBUG AssetLoader          - Loading from cache: /assets/textures/tinySLATES60.png
15:56:18.280 [FXGL Background Thread 1 ] DEBUG AssetLoader          - Loading from cache: /assets/textures/tinySLATES60.png
15:56:18.280 [FXGL Background Thread 1 ] DEBUG AssetLoader          - Loading from cache: /assets/textures/tinySLATES60.png
15:56:18.280 [FXGL Background Thread 1 ] DEBUG AssetLoader          - Loading from cache: /assets/textures/tinySLATES60.png
15:56:18.281 [FXGL Background Thread 1 ] DEBUG AssetLoader          - Loading from cache: /assets/textures/tinySLATES60.png
15:56:18.281 [FXGL Background Thread 1 ] DEBUG AssetLoader          - Loading from cache: /assets/textures/tinySLATES60.png
15:56:18.281 [FXGL Background Thread 1 ] DEBUG AssetLoader          - Loading from cache: /assets/textures/tinySLATES60.png
15:56:18.281 [FXGL Background Thread 1 ] DEBUG AssetLoader          - Loading from cache: /assets/textures/tinySLATES60.png
15:56:18.281 [FXGL Background Thread 1 ] DEBUG AssetLoader          - Loading from cache: /assets/textures/tinySLATES60.png
15:56:18.281 [FXGL Background Thread 1 ] DEBUG AssetLoader          - Loading from cache: /assets/textures/tinySLATES60.png
15:56:18.281 [FXGL Background Thread 1 ] DEBUG AssetLoader          - Loading from cache: /assets/textures/tinySLATES60.png
15:56:18.281 [FXGL Background Thread 1 ] DEBUG AssetLoader          - Loading from cache: /assets/textures/tinySLATES60.png
15:56:18.281 [FXGL Background Thread 1 ] DEBUG AssetLoader          - Loading from cache: /assets/textures/tinySLATES60.png
15:56:18.281 [FXGL Background Thread 1 ] DEBUG AssetLoader          - Loading from cache: /assets/textures/tinySLATES60.png
15:56:18.281 [FXGL Background Thread 1 ] DEBUG AssetLoader          - Loading from cache: /assets/textures/tinySLATES60.png
15:56:18.281 [FXGL Background Thread 1 ] DEBUG AssetLoader          - Loading from cache: /assets/textures/tinySLATES60.png
15:56:18.281 [FXGL Background Thread 1 ] DEBUG AssetLoader          - Loading from cache: /assets/textures/tinySLATES60.png
15:56:18.281 [FXGL Background Thread 1 ] DEBUG AssetLoader          - Loading from cache: /assets/textures/tinySLATES60.png
15:56:18.281 [FXGL Background Thread 1 ] DEBUG AssetLoader          - Loading from cache: /assets/textures/tinySLATES60.png
15:56:18.282 [FXGL Background Thread 1 ] DEBUG AssetLoader          - Loading from cache: /assets/textures/tinySLATES60.png
15:56:18.282 [FXGL Background Thread 1 ] DEBUG AssetLoader          - Loading from cache: /assets/textures/tinySLATES60.png
15:56:18.282 [FXGL Background Thread 1 ] DEBUG AssetLoader          - Loading from cache: /assets/textures/tinySLATES60.png
15:56:18.282 [FXGL Background Thread 1 ] DEBUG AssetLoader          - Loading from cache: /assets/textures/tinySLATES60.png
15:56:18.282 [FXGL Background Thread 1 ] DEBUG AssetLoader          - Loading from cache: /assets/textures/tinySLATES60.png
15:56:18.282 [FXGL Background Thread 1 ] DEBUG AssetLoader          - Loading from cache: /assets/textures/tinySLATES60.png
15:56:18.282 [FXGL Background Thread 1 ] DEBUG AssetLoader          - Loading from cache: /assets/textures/tinySLATES60.png
15:56:18.282 [FXGL Background Thread 1 ] DEBUG AssetLoader          - Loading from cache: /assets/textures/tinySLATES60.png
15:56:18.282 [FXGL Background Thread 1 ] DEBUG AssetLoader          - Loading from cache: /assets/textures/tinySLATES60.png
15:56:18.282 [FXGL Background Thread 1 ] DEBUG AssetLoader          - Loading from cache: /assets/textures/tinySLATES60.png
15:56:18.282 [FXGL Background Thread 1 ] DEBUG AssetLoader          - Loading from cache: /assets/textures/tinySLATES60.png
15:56:18.282 [FXGL Background Thread 1 ] DEBUG AssetLoader          - Loading from cache: /assets/textures/tinySLATES60.png
15:56:18.282 [FXGL Background Thread 1 ] DEBUG AssetLoader          - Loading from cache: /assets/textures/tinySLATES60.png
15:56:18.282 [FXGL Background Thread 1 ] DEBUG AssetLoader          - Loading from cache: /assets/textures/tinySLATES60.png
15:56:18.282 [FXGL Background Thread 1 ] DEBUG AssetLoader          - Loading from cache: /assets/textures/tinySLATES60.png
15:56:18.283 [FXGL Background Thread 1 ] DEBUG AssetLoader          - Loading from cache: /assets/textures/tinySLATES60.png
15:56:18.283 [FXGL Background Thread 1 ] DEBUG AssetLoader          - Loading from cache: /assets/textures/tinySLATES60.png
15:56:18.283 [FXGL Background Thread 1 ] DEBUG AssetLoader          - Loading from cache: /assets/textures/tinySLATES60.png
15:56:18.283 [FXGL Background Thread 1 ] DEBUG AssetLoader          - Loading from cache: /assets/textures/tinySLATES60.png
15:56:18.283 [FXGL Background Thread 1 ] DEBUG AssetLoader          - Loading from cache: /assets/textures/tinySLATES60.png
15:56:18.283 [FXGL Background Thread 1 ] DEBUG AssetLoader          - Loading from cache: /assets/textures/tinySLATES60.png
15:56:18.283 [FXGL Background Thread 1 ] DEBUG AssetLoader          - Loading from cache: /assets/textures/tinySLATES60.png
15:56:18.283 [FXGL Background Thread 1 ] DEBUG AssetLoader          - Loading from cache: /assets/textures/tinySLATES60.png
15:56:18.283 [FXGL Background Thread 1 ] DEBUG AssetLoader          - Loading from cache: /assets/textures/tinySLATES60.png
15:56:18.283 [FXGL Background Thread 1 ] DEBUG AssetLoader          - Loading from cache: /assets/textures/tinySLATES60.png
15:56:18.283 [FXGL Background Thread 1 ] DEBUG AssetLoader          - Loading from cache: /assets/textures/tinySLATES60.png
15:56:18.283 [FXGL Background Thread 1 ] DEBUG AssetLoader          - Loading from cache: /assets/textures/tinySLATES60.png
15:56:18.284 [FXGL Background Thread 1 ] DEBUG AssetLoader          - Loading from cache: /assets/textures/tinySLATES60.png
15:56:18.284 [FXGL Background Thread 1 ] DEBUG AssetLoader          - Loading from cache: /assets/textures/tinySLATES60.png
15:56:18.284 [FXGL Background Thread 1 ] DEBUG AssetLoader          - Loading from cache: /assets/textures/tinySLATES60.png
15:56:18.284 [FXGL Background Thread 1 ] DEBUG AssetLoader          - Loading from cache: /assets/textures/tinySLATES60.png
15:56:18.284 [FXGL Background Thread 1 ] DEBUG AssetLoader          - Loading from cache: /assets/textures/tinySLATES60.png
15:56:18.284 [FXGL Background Thread 1 ] DEBUG AssetLoader          - Loading from cache: /assets/textures/tinySLATES60.png
15:56:18.284 [FXGL Background Thread 1 ] DEBUG AssetLoader          - Loading from cache: /assets/textures/tinySLATES60.png
15:56:18.284 [FXGL Background Thread 1 ] DEBUG AssetLoader          - Loading from cache: /assets/textures/tinySLATES60.png
15:56:18.290 [FXGL Background Thread 1 ] DEBUG AssetLoader          - Loading from cache: /assets/textures/tinySLATES60.png
15:56:18.290 [FXGL Background Thread 1 ] DEBUG AssetLoader          - Loading from cache: /assets/textures/tinySLATES60.png
15:56:18.290 [FXGL Background Thread 1 ] DEBUG AssetLoader          - Loading from cache: /assets/textures/tinySLATES60.png
15:56:18.290 [FXGL Background Thread 1 ] DEBUG AssetLoader          - Loading from cache: /assets/textures/tinySLATES60.png
15:56:18.290 [FXGL Background Thread 1 ] DEBUG AssetLoader          - Loading from cache: /assets/textures/tinySLATES60.png
15:56:18.290 [FXGL Background Thread 1 ] DEBUG AssetLoader          - Loading from cache: /assets/textures/tinySLATES60.png
15:56:18.291 [FXGL Background Thread 1 ] DEBUG AssetLoader          - Loading from cache: /assets/textures/tinySLATES60.png
15:56:18.291 [FXGL Background Thread 1 ] DEBUG AssetLoader          - Loading from cache: /assets/textures/tinySLATES60.png
15:56:18.291 [FXGL Background Thread 1 ] DEBUG AssetLoader          - Loading from cache: /assets/textures/tinySLATES60.png
15:56:18.291 [FXGL Background Thread 1 ] DEBUG AssetLoader          - Loading from cache: /assets/textures/tinySLATES60.png
15:56:18.291 [FXGL Background Thread 1 ] DEBUG AssetLoader          - Loading from cache: /assets/textures/tinySLATES60.png
15:56:18.291 [FXGL Background Thread 1 ] DEBUG AssetLoader          - Loading from cache: /assets/textures/tinySLATES60.png
15:56:18.291 [FXGL Background Thread 1 ] DEBUG AssetLoader          - Loading from cache: /assets/textures/tinySLATES60.png
15:56:18.291 [FXGL Background Thread 1 ] DEBUG AssetLoader          - Loading from cache: /assets/textures/tinySLATES60.png
15:56:18.291 [FXGL Background Thread 1 ] DEBUG AssetLoader          - Loading from cache: /assets/textures/tinySLATES60.png
15:56:18.291 [FXGL Background Thread 1 ] DEBUG AssetLoader          - Loading from cache: /assets/textures/tinySLATES60.png
15:56:18.291 [FXGL Background Thread 1 ] DEBUG AssetLoader          - Loading from cache: /assets/textures/tinySLATES60.png
15:56:18.292 [FXGL Background Thread 1 ] DEBUG AssetLoader          - Loading from cache: /assets/textures/tinySLATES60.png
15:56:18.292 [FXGL Background Thread 1 ] DEBUG AssetLoader          - Loading from cache: /assets/textures/tinySLATES60.png
15:56:18.292 [FXGL Background Thread 1 ] DEBUG AssetLoader          - Loading from cache: /assets/textures/tinySLATES60.png
15:56:18.292 [FXGL Background Thread 1 ] DEBUG AssetLoader          - Loading from cache: /assets/textures/tinySLATES60.png
15:56:18.292 [FXGL Background Thread 1 ] DEBUG AssetLoader          - Loading from cache: /assets/textures/tinySLATES60.png
15:56:18.292 [FXGL Background Thread 1 ] DEBUG AssetLoader          - Loading from cache: /assets/textures/tinySLATES60.png
15:56:18.292 [FXGL Background Thread 1 ] DEBUG AssetLoader          - Loading from cache: /assets/textures/tinySLATES60.png
15:56:18.292 [FXGL Background Thread 1 ] DEBUG AssetLoader          - Loading from cache: /assets/textures/tinySLATES60.png
15:56:18.292 [FXGL Background Thread 1 ] DEBUG AssetLoader          - Loading from cache: /assets/textures/tinySLATES60.png
15:56:18.292 [FXGL Background Thread 1 ] DEBUG AssetLoader          - Loading from cache: /assets/textures/tinySLATES60.png
15:56:18.292 [FXGL Background Thread 1 ] DEBUG AssetLoader          - Loading from cache: /assets/textures/tinySLATES60.png
15:56:18.292 [FXGL Background Thread 1 ] DEBUG AssetLoader          - Loading from cache: /assets/textures/tinySLATES60.png
15:56:18.292 [FXGL Background Thread 1 ] DEBUG AssetLoader          - Loading from cache: /assets/textures/tinySLATES60.png
15:56:18.293 [FXGL Background Thread 1 ] DEBUG AssetLoader          - Loading from cache: /assets/textures/tinySLATES60.png
15:56:18.293 [FXGL Background Thread 1 ] DEBUG AssetLoader          - Loading from cache: /assets/textures/tinySLATES60.png
15:56:18.293 [FXGL Background Thread 1 ] DEBUG AssetLoader          - Loading from cache: /assets/textures/tinySLATES60.png
15:56:18.293 [FXGL Background Thread 1 ] DEBUG AssetLoader          - Loading from cache: /assets/textures/tinySLATES60.png
15:56:18.293 [FXGL Background Thread 1 ] DEBUG AssetLoader          - Loading from cache: /assets/textures/tinySLATES60.png
15:56:18.293 [FXGL Background Thread 1 ] DEBUG AssetLoader          - Loading from cache: /assets/textures/tinySLATES60.png
15:56:18.293 [FXGL Background Thread 1 ] DEBUG AssetLoader          - Loading from cache: /assets/textures/tinySLATES60.png
15:56:18.293 [FXGL Background Thread 1 ] DEBUG AssetLoader          - Loading from cache: /assets/textures/tinySLATES60.png
15:56:18.293 [FXGL Background Thread 1 ] DEBUG AssetLoader          - Loading from cache: /assets/textures/tinySLATES60.png
15:56:18.293 [FXGL Background Thread 1 ] DEBUG AssetLoader          - Loading from cache: /assets/textures/tinySLATES60.png
15:56:18.293 [FXGL Background Thread 1 ] DEBUG AssetLoader          - Loading from cache: /assets/textures/tinySLATES60.png
15:56:18.293 [FXGL Background Thread 1 ] DEBUG AssetLoader          - Loading from cache: /assets/textures/tinySLATES60.png
15:56:18.294 [FXGL Background Thread 1 ] DEBUG AssetLoader          - Loading from cache: /assets/textures/tinySLATES60.png
15:56:18.294 [FXGL Background Thread 1 ] DEBUG AssetLoader          - Loading from cache: /assets/textures/tinySLATES60.png
15:56:18.294 [FXGL Background Thread 1 ] DEBUG AssetLoader          - Loading from cache: /assets/textures/tinySLATES60.png
15:56:18.294 [FXGL Background Thread 1 ] DEBUG AssetLoader          - Loading from cache: /assets/textures/tinySLATES60.png
15:56:18.294 [FXGL Background Thread 1 ] DEBUG AssetLoader          - Loading from cache: /assets/textures/tinySLATES60.png
15:56:18.294 [FXGL Background Thread 1 ] DEBUG AssetLoader          - Loading from cache: /assets/textures/tinySLATES60.png
15:56:18.294 [FXGL Background Thread 1 ] DEBUG AssetLoader          - Loading from cache: /assets/textures/tinySLATES60.png
15:56:18.294 [FXGL Background Thread 1 ] DEBUG AssetLoader          - Loading from cache: /assets/textures/tinySLATES60.png
15:56:18.294 [FXGL Background Thread 1 ] DEBUG AssetLoader          - Loading from cache: /assets/textures/tinySLATES60.png
15:56:18.294 [FXGL Background Thread 1 ] DEBUG AssetLoader          - Loading from cache: /assets/textures/tinySLATES60.png
15:56:18.294 [FXGL Background Thread 1 ] DEBUG AssetLoader          - Loading from cache: /assets/textures/tinySLATES60.png
15:56:18.294 [FXGL Background Thread 1 ] DEBUG AssetLoader          - Loading from cache: /assets/textures/tinySLATES60.png
15:56:18.294 [FXGL Background Thread 1 ] DEBUG AssetLoader          - Loading from cache: /assets/textures/tinySLATES60.png
15:56:18.294 [FXGL Background Thread 1 ] DEBUG AssetLoader          - Loading from cache: /assets/textures/tinySLATES60.png
15:56:18.295 [FXGL Background Thread 1 ] DEBUG AssetLoader          - Loading from cache: /assets/textures/tinySLATES60.png
15:56:18.295 [FXGL Background Thread 1 ] DEBUG AssetLoader          - Loading from cache: /assets/textures/tinySLATES60.png
15:56:18.295 [FXGL Background Thread 1 ] DEBUG AssetLoader          - Loading from cache: /assets/textures/tinySLATES60.png
15:56:18.295 [FXGL Background Thread 1 ] DEBUG AssetLoader          - Loading from cache: /assets/textures/tinySLATES60.png
15:56:18.295 [FXGL Background Thread 1 ] DEBUG AssetLoader          - Loading from cache: /assets/textures/tinySLATES60.png
15:56:18.295 [FXGL Background Thread 1 ] DEBUG AssetLoader          - Loading from cache: /assets/textures/tinySLATES60.png
15:56:18.295 [FXGL Background Thread 1 ] DEBUG AssetLoader          - Loading from cache: /assets/textures/tinySLATES60.png
15:56:18.295 [FXGL Background Thread 1 ] DEBUG AssetLoader          - Loading from cache: /assets/textures/tinySLATES60.png
15:56:18.295 [FXGL Background Thread 1 ] DEBUG AssetLoader          - Loading from cache: /assets/textures/tinySLATES60.png
15:56:18.295 [FXGL Background Thread 1 ] DEBUG AssetLoader          - Loading from cache: /assets/textures/tinySLATES60.png
15:56:18.295 [FXGL Background Thread 1 ] DEBUG AssetLoader          - Loading from cache: /assets/textures/tinySLATES60.png
15:56:18.295 [FXGL Background Thread 1 ] DEBUG AssetLoader          - Loading from cache: /assets/textures/tinySLATES60.png
15:56:18.295 [FXGL Background Thread 1 ] DEBUG AssetLoader          - Loading from cache: /assets/textures/tinySLATES60.png
15:56:18.296 [FXGL Background Thread 1 ] DEBUG AssetLoader          - Loading from cache: /assets/textures/tinySLATES60.png
15:56:18.296 [FXGL Background Thread 1 ] DEBUG AssetLoader          - Loading from cache: /assets/textures/tinySLATES60.png
15:56:18.296 [FXGL Background Thread 1 ] DEBUG AssetLoader          - Loading from cache: /assets/textures/tinySLATES60.png
15:56:18.296 [FXGL Background Thread 1 ] DEBUG AssetLoader          - Loading from cache: /assets/textures/tinySLATES60.png
15:56:18.296 [FXGL Background Thread 1 ] DEBUG AssetLoader          - Loading from cache: /assets/textures/tinySLATES60.png
15:56:18.296 [FXGL Background Thread 1 ] DEBUG AssetLoader          - Loading from cache: /assets/textures/tinySLATES60.png
15:56:18.296 [FXGL Background Thread 1 ] DEBUG AssetLoader          - Loading from cache: /assets/textures/tinySLATES60.png
15:56:18.296 [FXGL Background Thread 1 ] DEBUG AssetLoader          - Loading from cache: /assets/textures/tinySLATES60.png
15:56:18.296 [FXGL Background Thread 1 ] DEBUG AssetLoader          - Loading from cache: /assets/textures/tinySLATES60.png
15:56:18.296 [FXGL Background Thread 1 ] DEBUG AssetLoader          - Loading from cache: /assets/textures/tinySLATES60.png
15:56:18.296 [FXGL Background Thread 1 ] DEBUG AssetLoader          - Loading from cache: /assets/textures/tinySLATES60.png
15:56:18.296 [FXGL Background Thread 1 ] DEBUG AssetLoader          - Loading from cache: /assets/textures/tinySLATES60.png
15:56:18.296 [FXGL Background Thread 1 ] DEBUG AssetLoader          - Loading from cache: /assets/textures/tinySLATES60.png
15:56:18.297 [FXGL Background Thread 1 ] DEBUG AssetLoader          - Loading from cache: /assets/textures/tinySLATES60.png
15:56:18.305 [FXGL Background Thread 1 ] DEBUG AssetLoader          - Loading from disk: /assets/textures/redHero.png
15:56:18.308 [FXGL Background Thread 1 ] DEBUG GameScene            - Creating render group for layer: DEFAULT(100000)
15:56:18.309 [FXGL Background Thread 1 ] DEBUG AssetLoader          - Loading from disk: /assets/textures/blueHero.png
15:56:18.310 [FXGL Background Thread 1 ] DEBUG AssetLoader          - Loading from disk: /assets/textures/greenHero.png
15:56:18.312 [FXGL Background Thread 1 ] DEBUG AssetLoader          - Loading from disk: /assets/textures/UI.png
15:56:18.315 [FXGL Background Thread 1 ] DEBUG InitAppTask          - Initializing Physics
15:56:18.315 [FXGL Background Thread 1 ] DEBUG InitAppTask          - Initializing UI
15:56:18.316 [FXGL Background Thread 1 ] DEBUG AssetLoader          - Loading from disk: /assets/ui/cursors/cursor.png
15:56:18.320 [FXGL Background Thread 1 ] DEBUG InitAppTask          - Initialization Complete
15:56:18.320 [FXGL Background Thread 1 ] INFO  InitAppTask          - Game initialization took: 0,366 sec
15:56:18.328 [JavaFX Application Thread] DEBUG Input                - Clearing active input actions
15:56:18.328 [JavaFX Application Thread] DEBUG AssetLoader          - Loading from disk: /assets/ui/css/fxgl_dark.css
15:56:18.333 [JavaFX Application Thread] DEBUG AppStateMachine      - LoadingState -> PlayState
15:56:20.692 [JavaFX Application Thread] DEBUG FXGL                 - Exiting FXGL
15:56:20.692 [JavaFX Application Thread] DEBUG FXGL                 - Shutting down background threads
15:56:20.692 [JavaFX Application Thread] DEBUG FXGL                 - Saving FXGL system data
15:56:20.694 [JavaFX Application Thread] DEBUG DesktopFSService     - Writing to: system\fxgl.bundle
15:56:20.698 [JavaFX Application Thread] DEBUG FXGL                 - Closing logger and exiting JavaFX
