12:54:26.067 [JavaFX Application Thread] DEBUG GameApplication      - Logger initialized
12:54:26.084 [JavaFX Application Thread] DEBUG GameApplication      - Logging settings
Title: Journey down the den
Version: 0.2
Width: 1920
Height: 1080
Fullscreen: true
Intro: false
Menus: false
Profiling: true
Single step:false
App Mode: DEVELOPER
Menu Key: ESCAPE
Stage Style: DECORATED
Scene Factory: class com.almasb.fxgl.scene.SceneFactory
Dialog Factory: class com.almasb.fxgl.ui.FXGLDialogFactory
UI Factory: class com.almasb.fxgl.ui.FXGLUIFactory
Notification Service: class com.almasb.fxgl.gameplay.notification.XboxNotificationView
Exception Handler: class com.almasb.fxgl.app.FXGLExceptionHandler
12:54:26.084 [JavaFX Application Thread] DEBUG GameApplication      - Starting FXGL
12:54:26.091 [JavaFX Application Thread] INFO  FXGL                 - FXGL-0.5.4 on DESKTOP
12:54:26.091 [JavaFX Application Thread] INFO  FXGL                 - Source code and latest versions at: https://github.com/AlmasB/FXGL
12:54:26.091 [JavaFX Application Thread] INFO  FXGL                 -              Join the FXGL chat at: https://gitter.im/AlmasB/FXGL
12:54:26.092 [JavaFX Application Thread] DEBUG FXGL                 - FXGL started
12:54:26.092 [JavaFX Application Thread] DEBUG FXGL                 - Initializing FXGL
12:54:26.143 [JavaFX Application Thread] DEBUG AssetLoader          - Loading from disk: /assets/ui/cursors/fxgl_default.png
12:54:26.217 [JavaFX Application Thread] DEBUG AssetLoader          - Loading from disk: /assets/ui/fonts/VarelaRound-Regular.ttf
12:54:26.587 [JavaFX Application Thread] DEBUG MainWindow           - Creating a JavaFX scene
12:54:26.618 [JavaFX Application Thread] DEBUG MainWindow           - Target settings size: 1920.0 x 1080.0
12:54:26.618 [JavaFX Application Thread] DEBUG MainWindow           - Scaled scene size:    1920.0 x 1080.0
12:54:26.618 [JavaFX Application Thread] DEBUG MainWindow           - Scaled ratio: (1.0, 1.0)
12:54:26.632 [JavaFX Application Thread] DEBUG AssetLoader          - Loading from disk: /assets/ui/css/fxgl_dark.css
12:54:26.636 [JavaFX Application Thread] DEBUG AssetLoader          - Loading from disk: /assets/textures/JDTD_icon.png
12:54:26.646 [JavaFX Application Thread] DEBUG MainWindow           - Opening main window
12:54:26.823 [JavaFX Application Thread] DEBUG MainWindow           - Window border size: (16.0, 20.0)
12:54:26.823 [JavaFX Application Thread] DEBUG MainWindow           - Scaled size: 1920.0 x 1080.0
12:54:26.824 [JavaFX Application Thread] DEBUG MainWindow           - Scaled ratio: (1.0, 1.0)
12:54:26.824 [JavaFX Application Thread] DEBUG MainWindow           - Scene size: 1920.0 x 1080.0
12:54:26.824 [JavaFX Application Thread] DEBUG MainWindow           - Stage size: 1936.0 x 1100.0
12:54:26.855 [ForkJoinPool.commonPool-worker-9] DEBUG FS                   - Loaded DesktopFSService
12:54:26.856 [ForkJoinPool.commonPool-worker-9] DEBUG FXGL                 - Loading FXGL system data
12:54:26.863 [ForkJoinPool.commonPool-worker-9] DEBUG DesktopFSService     - Reading from: system\fxgl.bundle
12:54:26.871 [ForkJoinPool.commonPool-worker-9] DEBUG Bundle               - Logging bundle: FXGL
12:54:26.871 [ForkJoinPool.commonPool-worker-9] DEBUG Bundle               - FXGL.offline.timer.version.check=2020-11-18T09:51:52.340
12:54:26.872 [ForkJoinPool.commonPool-worker-9] DEBUG FXGL                 - Initializing state machine and application states
12:54:26.874 [ForkJoinPool.commonPool-worker-9] DEBUG AssetLoader          - Loading from disk: /assets/ui/cursors/fxgl_default.png
12:54:26.878 [ForkJoinPool.commonPool-worker-9] DEBUG AssetLoader          - Loading from disk: /assets/ui/cursors/fxgl_default.png
12:54:26.888 [ForkJoinPool.commonPool-worker-9] DEBUG AssetLoader          - Loading from cache: /assets/ui/fonts/VarelaRound-Regular.ttf
12:54:26.891 [ForkJoinPool.commonPool-worker-9] DEBUG AssetLoader          - Loading from disk: /assets/ui/cursors/fxgl_default.png
12:54:26.893 [ForkJoinPool.commonPool-worker-9] DEBUG AssetLoader          - Loading from disk: /assets/ui/fonts/lucida_console.ttf
12:54:26.901 [ForkJoinPool.commonPool-worker-9] DEBUG GameScene            - Game scene initialized: 1920x1080
12:54:26.908 [ForkJoinPool.commonPool-worker-9] DEBUG GameWorld            - Game world initialized
12:54:26.962 [ForkJoinPool.commonPool-worker-9] DEBUG PhysicsWorld         - Physics world initialized: appHeight=1080, physics.ppm=50,0
12:54:26.998 [ForkJoinPool.commonPool-worker-9] DEBUG Input                - Registered new binding: Pause - Esc
12:54:27.034 [JavaFX Application Thread] DEBUG FXGL                 - Running preInit()
12:54:27.035 [JavaFX Application Thread] DEBUG Input                - Registered new binding: Screenshot - P
12:54:27.035 [JavaFX Application Thread] DEBUG Input                - Registered new binding: Dev Options - CTRL+0
12:54:27.036 [JavaFX Application Thread] DEBUG Input                - Registered new binding: System info dump - CTRL+9
12:54:27.036 [JavaFX Application Thread] DEBUG Input                - Registered new binding: Restart - CTRL+R
12:54:27.036 [JavaFX Application Thread] DEBUG Input                - Registered new binding: Show grid - F
12:54:27.037 [JavaFX Application Thread] INFO  FXGL                 - FXGL initialization took: 0,945 sec
12:54:27.037 [JavaFX Application Thread] DEBUG LoopRunner           - Starting loop
12:54:27.039 [JavaFX Application Thread] DEBUG StartupState         - STARTUP
12:54:27.040 [JavaFX Application Thread] DEBUG GameApplication      - Starting new game
12:54:27.040 [JavaFX Application Thread] DEBUG Input                - Clearing active input actions
12:54:27.041 [JavaFX Application Thread] DEBUG AssetLoader          - Loading from disk: /assets/ui/css/fxgl_dark.css
12:54:27.045 [JavaFX Application Thread] DEBUG AppStateMachine      - StartupState -> LoadingState
12:54:27.049 [FXGL Background Thread 1 ] DEBUG InitAppTask          - Clearing previous game
12:54:27.049 [FXGL Background Thread 1 ] DEBUG GameWorld            - Clearing game world
12:54:27.050 [FXGL Background Thread 1 ] DEBUG PhysicsWorld         - Clearing physics world
12:54:27.050 [FXGL Background Thread 1 ] DEBUG GameScene            - Clearing game scene
12:54:27.051 [FXGL Background Thread 1 ] DEBUG InitAppTask          - Initializing Game
12:54:27.087 [FXGL Background Thread 1 ] DEBUG AssetLoader          - Loading from disk: /assets/textures/redHero.png
12:54:27.099 [FXGL Background Thread 1 ] DEBUG GameScene            - Creating render group for layer: DEFAULT(100000)
12:54:27.102 [FXGL Background Thread 1 ] DEBUG AssetLoader          - Loading from disk: /assets/textures/blueHero.png
12:54:27.104 [FXGL Background Thread 1 ] DEBUG AssetLoader          - Loading from disk: /assets/textures/greenHero.png
12:54:27.106 [FXGL Background Thread 1 ] DEBUG AssetLoader          - Loading from disk: /assets/textures/Hero1_full.png
12:54:27.109 [FXGL Background Thread 1 ] DEBUG InitAppTask          - Initializing Physics
12:54:27.110 [FXGL Background Thread 1 ] DEBUG InitAppTask          - Initializing UI
12:54:27.110 [FXGL Background Thread 1 ] DEBUG AssetLoader          - Loading from disk: /assets/ui/cursors/cursor.png
12:54:27.114 [FXGL Background Thread 1 ] DEBUG InitAppTask          - Initialization Complete
12:54:27.115 [FXGL Background Thread 1 ] INFO  InitAppTask          - Game initialization took: 0,065 sec
12:54:27.119 [JavaFX Application Thread] DEBUG Input                - Clearing active input actions
12:54:27.119 [JavaFX Application Thread] DEBUG AssetLoader          - Loading from disk: /assets/ui/css/fxgl_dark.css
12:54:27.123 [JavaFX Application Thread] DEBUG AppStateMachine      - LoadingState -> PlayState
12:54:53.409 [JavaFX Application Thread] DEBUG FXGL                 - Exiting FXGL
12:54:53.409 [JavaFX Application Thread] DEBUG FXGL                 - Shutting down background threads
12:54:53.409 [JavaFX Application Thread] INFO  Profiler             - Processed Frames: 1777
12:54:53.409 [JavaFX Application Thread] INFO  Profiler             - Average FPS: 59
12:54:53.409 [JavaFX Application Thread] INFO  Profiler             - Avg Frame Took: 0,06 ms
12:54:53.409 [JavaFX Application Thread] INFO  Profiler             - Avg Memory Usage: 12 MB
12:54:53.409 [JavaFX Application Thread] INFO  Profiler             - Min Memory Usage: 8 MB
12:54:53.409 [JavaFX Application Thread] INFO  Profiler             - Max Memory Usage: 16 MB
12:54:53.410 [JavaFX Application Thread] INFO  Profiler             - Estimated GC runs: 3
12:54:53.410 [JavaFX Application Thread] DEBUG FXGL                 - Saving FXGL system data
12:54:53.412 [JavaFX Application Thread] DEBUG DesktopFSService     - Writing to: system\fxgl.bundle
12:54:53.415 [JavaFX Application Thread] DEBUG FXGL                 - Closing logger and exiting JavaFX
