15:55:19.598 [JavaFX Application Thread] DEBUG GameApplication      - Logger initialized
15:55:19.616 [JavaFX Application Thread] DEBUG GameApplication      - Logging settings
Title: Journey down the den
Version: 0.3
Width: 1920
Height: 1080
Fullscreen: true
Intro: false
Menus: false
Profiling: false
Single step:false
App Mode: DEVELOPER
Menu Key: ESCAPE
Stage Style: DECORATED
Scene Factory: class com.almasb.fxgl.scene.SceneFactory
Dialog Factory: class com.almasb.fxgl.ui.FXGLDialogFactory
UI Factory: class com.almasb.fxgl.ui.FXGLUIFactory
Notification Service: class com.almasb.fxgl.gameplay.notification.XboxNotificationView
Exception Handler: class com.almasb.fxgl.app.FXGLExceptionHandler
15:55:19.617 [JavaFX Application Thread] DEBUG GameApplication      - Starting FXGL
15:55:19.624 [JavaFX Application Thread] INFO  FXGL                 - FXGL-0.5.4 on DESKTOP
15:55:19.624 [JavaFX Application Thread] INFO  FXGL                 - Source code and latest versions at: https://github.com/AlmasB/FXGL
15:55:19.624 [JavaFX Application Thread] INFO  FXGL                 -              Join the FXGL chat at: https://gitter.im/AlmasB/FXGL
15:55:19.625 [JavaFX Application Thread] DEBUG FXGL                 - FXGL started
15:55:19.625 [JavaFX Application Thread] DEBUG FXGL                 - Initializing FXGL
15:55:19.682 [JavaFX Application Thread] DEBUG AssetLoader          - Loading from disk: /assets/ui/cursors/fxgl_default.png
15:55:19.770 [JavaFX Application Thread] DEBUG AssetLoader          - Loading from disk: /assets/ui/fonts/VarelaRound-Regular.ttf
15:55:20.162 [JavaFX Application Thread] DEBUG MainWindow           - Creating a JavaFX scene
15:55:20.201 [JavaFX Application Thread] DEBUG MainWindow           - Target settings size: 1920.0 x 1080.0
15:55:20.201 [JavaFX Application Thread] DEBUG MainWindow           - Scaled scene size:    1920.0 x 1080.0
15:55:20.201 [JavaFX Application Thread] DEBUG MainWindow           - Scaled ratio: (1.0, 1.0)
15:55:20.214 [JavaFX Application Thread] DEBUG AssetLoader          - Loading from disk: /assets/ui/css/fxgl_dark.css
15:55:20.218 [JavaFX Application Thread] DEBUG AssetLoader          - Loading from disk: /assets/textures/JDTD_icon.png
15:55:20.229 [JavaFX Application Thread] DEBUG MainWindow           - Opening main window
15:55:20.418 [JavaFX Application Thread] DEBUG MainWindow           - Window border size: (16.0, 39.0)
15:55:20.418 [JavaFX Application Thread] DEBUG MainWindow           - Scaled size: 1920.0 x 1080.0
15:55:20.418 [JavaFX Application Thread] DEBUG MainWindow           - Scaled ratio: (1.0, 1.0)
15:55:20.418 [JavaFX Application Thread] DEBUG MainWindow           - Scene size: 1920.0 x 1080.0
15:55:20.418 [JavaFX Application Thread] DEBUG MainWindow           - Stage size: 1936.0 x 1119.0
15:55:20.457 [ForkJoinPool.commonPool-worker-9] DEBUG FS                   - Loaded DesktopFSService
15:55:20.458 [ForkJoinPool.commonPool-worker-9] DEBUG FXGL                 - Loading FXGL system data
15:55:20.466 [ForkJoinPool.commonPool-worker-9] DEBUG DesktopFSService     - Reading from: system\fxgl.bundle
15:55:20.476 [ForkJoinPool.commonPool-worker-9] DEBUG Bundle               - Logging bundle: FXGL
15:55:20.476 [ForkJoinPool.commonPool-worker-9] DEBUG Bundle               - FXGL.offline.timer.version.check=2020-12-03T18:16:20.516
15:55:20.477 [ForkJoinPool.commonPool-worker-9] DEBUG FXGL                 - Initializing state machine and application states
15:55:20.479 [ForkJoinPool.commonPool-worker-9] DEBUG AssetLoader          - Loading from disk: /assets/ui/cursors/fxgl_default.png
15:55:20.483 [ForkJoinPool.commonPool-worker-9] DEBUG AssetLoader          - Loading from disk: /assets/ui/cursors/fxgl_default.png
15:55:20.495 [ForkJoinPool.commonPool-worker-9] DEBUG AssetLoader          - Loading from cache: /assets/ui/fonts/VarelaRound-Regular.ttf
15:55:20.498 [ForkJoinPool.commonPool-worker-9] DEBUG AssetLoader          - Loading from disk: /assets/ui/cursors/fxgl_default.png
15:55:20.500 [ForkJoinPool.commonPool-worker-9] DEBUG GameScene            - Game scene initialized: 1920x1080
15:55:20.507 [ForkJoinPool.commonPool-worker-9] DEBUG GameWorld            - Game world initialized
15:55:20.563 [ForkJoinPool.commonPool-worker-9] DEBUG PhysicsWorld         - Physics world initialized: appHeight=1080, physics.ppm=50,0
15:55:20.597 [ForkJoinPool.commonPool-worker-9] DEBUG Input                - Registered new binding: Pause - Esc
15:55:20.638 [JavaFX Application Thread] DEBUG FXGL                 - Running preInit()
15:55:20.640 [JavaFX Application Thread] DEBUG Input                - Registered new binding: Screenshot - P
15:55:20.640 [JavaFX Application Thread] DEBUG Input                - Registered new binding: Dev Options - CTRL+0
15:55:20.641 [JavaFX Application Thread] DEBUG Input                - Registered new binding: System info dump - CTRL+9
15:55:20.641 [JavaFX Application Thread] DEBUG Input                - Registered new binding: Restart - CTRL+R
15:55:20.641 [JavaFX Application Thread] DEBUG Input                - Registered new binding: Show grid - F
15:55:20.642 [JavaFX Application Thread] INFO  FXGL                 - FXGL initialization took: 1,016 sec
15:55:20.642 [JavaFX Application Thread] DEBUG LoopRunner           - Starting loop
15:55:20.644 [JavaFX Application Thread] DEBUG StartupState         - STARTUP
15:55:20.644 [JavaFX Application Thread] DEBUG GameApplication      - Starting new game
15:55:20.644 [JavaFX Application Thread] DEBUG Input                - Clearing active input actions
15:55:20.645 [JavaFX Application Thread] DEBUG AssetLoader          - Loading from disk: /assets/ui/css/fxgl_dark.css
15:55:20.650 [JavaFX Application Thread] DEBUG AppStateMachine      - StartupState -> LoadingState
15:55:20.654 [FXGL Background Thread 1 ] DEBUG InitAppTask          - Clearing previous game
15:55:20.655 [FXGL Background Thread 1 ] DEBUG GameWorld            - Clearing game world
15:55:20.655 [FXGL Background Thread 1 ] DEBUG PhysicsWorld         - Clearing physics world
15:55:20.655 [FXGL Background Thread 1 ] DEBUG GameScene            - Clearing game scene
15:55:20.656 [FXGL Background Thread 1 ] DEBUG InitAppTask          - Initializing Game
15:55:20.665 [FXGL Background Thread 1 ] DEBUG AssetLoader          - Loading from disk: /assets/tmx/map1.tmx
15:55:20.696 [FXGL Background Thread 1 ] WARN  TMXParser            - TiledMap generated from 1.4.2. Supported version: 1.1.2. Some features may not be parsed fully.
15:55:20.725 [FXGL Background Thread 1 ] DEBUG GameWorld            - Clearing removable entities
15:55:20.726 [FXGL Background Thread 1 ] DEBUG GameWorld            - Setting level from map
15:55:20.764 [FXGL Background Thread 1 ] DEBUG AssetLoader          - Loading from disk: /assets/textures/tinySLATES60.png
15:55:20.903 [FXGL Background Thread 1 ] DEBUG AssetLoader          - Loading from cache: /assets/textures/tinySLATES60.png
15:55:20.903 [FXGL Background Thread 1 ] DEBUG AssetLoader          - Loading from cache: /assets/textures/tinySLATES60.png
15:55:20.903 [FXGL Background Thread 1 ] DEBUG AssetLoader          - Loading from cache: /assets/textures/tinySLATES60.png
15:55:20.903 [FXGL Background Thread 1 ] DEBUG AssetLoader          - Loading from cache: /assets/textures/tinySLATES60.png
15:55:20.903 [FXGL Background Thread 1 ] DEBUG AssetLoader          - Loading from cache: /assets/textures/tinySLATES60.png
15:55:20.903 [FXGL Background Thread 1 ] DEBUG AssetLoader          - Loading from cache: /assets/textures/tinySLATES60.png
15:55:20.904 [FXGL Background Thread 1 ] DEBUG AssetLoader          - Loading from cache: /assets/textures/tinySLATES60.png
15:55:20.904 [FXGL Background Thread 1 ] DEBUG AssetLoader          - Loading from cache: /assets/textures/tinySLATES60.png
15:55:20.904 [FXGL Background Thread 1 ] DEBUG AssetLoader          - Loading from cache: /assets/textures/tinySLATES60.png
15:55:20.904 [FXGL Background Thread 1 ] DEBUG AssetLoader          - Loading from cache: /assets/textures/tinySLATES60.png
15:55:20.904 [FXGL Background Thread 1 ] DEBUG AssetLoader          - Loading from cache: /assets/textures/tinySLATES60.png
15:55:20.904 [FXGL Background Thread 1 ] DEBUG AssetLoader          - Loading from cache: /assets/textures/tinySLATES60.png
15:55:20.904 [FXGL Background Thread 1 ] DEBUG AssetLoader          - Loading from cache: /assets/textures/tinySLATES60.png
15:55:20.904 [FXGL Background Thread 1 ] DEBUG AssetLoader          - Loading from cache: /assets/textures/tinySLATES60.png
15:55:20.904 [FXGL Background Thread 1 ] DEBUG AssetLoader          - Loading from cache: /assets/textures/tinySLATES60.png
15:55:20.905 [FXGL Background Thread 1 ] DEBUG AssetLoader          - Loading from cache: /assets/textures/tinySLATES60.png
15:55:20.905 [FXGL Background Thread 1 ] DEBUG AssetLoader          - Loading from cache: /assets/textures/tinySLATES60.png
15:55:20.905 [FXGL Background Thread 1 ] DEBUG AssetLoader          - Loading from cache: /assets/textures/tinySLATES60.png
15:55:20.905 [FXGL Background Thread 1 ] DEBUG AssetLoader          - Loading from cache: /assets/textures/tinySLATES60.png
15:55:20.905 [FXGL Background Thread 1 ] DEBUG AssetLoader          - Loading from cache: /assets/textures/tinySLATES60.png
15:55:20.906 [FXGL Background Thread 1 ] DEBUG AssetLoader          - Loading from cache: /assets/textures/tinySLATES60.png
15:55:20.906 [FXGL Background Thread 1 ] DEBUG AssetLoader          - Loading from cache: /assets/textures/tinySLATES60.png
15:55:20.906 [FXGL Background Thread 1 ] DEBUG AssetLoader          - Loading from cache: /assets/textures/tinySLATES60.png
15:55:20.906 [FXGL Background Thread 1 ] DEBUG AssetLoader          - Loading from cache: /assets/textures/tinySLATES60.png
15:55:20.906 [FXGL Background Thread 1 ] DEBUG AssetLoader          - Loading from cache: /assets/textures/tinySLATES60.png
15:55:20.906 [FXGL Background Thread 1 ] DEBUG AssetLoader          - Loading from cache: /assets/textures/tinySLATES60.png
15:55:20.906 [FXGL Background Thread 1 ] DEBUG AssetLoader          - Loading from cache: /assets/textures/tinySLATES60.png
15:55:20.906 [FXGL Background Thread 1 ] DEBUG AssetLoader          - Loading from cache: /assets/textures/tinySLATES60.png
15:55:20.906 [FXGL Background Thread 1 ] DEBUG AssetLoader          - Loading from cache: /assets/textures/tinySLATES60.png
15:55:20.907 [FXGL Background Thread 1 ] DEBUG AssetLoader          - Loading from cache: /assets/textures/tinySLATES60.png
15:55:20.907 [FXGL Background Thread 1 ] DEBUG AssetLoader          - Loading from cache: /assets/textures/tinySLATES60.png
15:55:20.907 [FXGL Background Thread 1 ] DEBUG AssetLoader          - Loading from cache: /assets/textures/tinySLATES60.png
15:55:20.907 [FXGL Background Thread 1 ] DEBUG AssetLoader          - Loading from cache: /assets/textures/tinySLATES60.png
15:55:20.907 [FXGL Background Thread 1 ] DEBUG AssetLoader          - Loading from cache: /assets/textures/tinySLATES60.png
15:55:20.907 [FXGL Background Thread 1 ] DEBUG AssetLoader          - Loading from cache: /assets/textures/tinySLATES60.png
15:55:20.907 [FXGL Background Thread 1 ] DEBUG AssetLoader          - Loading from cache: /assets/textures/tinySLATES60.png
15:55:20.907 [FXGL Background Thread 1 ] DEBUG AssetLoader          - Loading from cache: /assets/textures/tinySLATES60.png
15:55:20.908 [FXGL Background Thread 1 ] DEBUG AssetLoader          - Loading from cache: /assets/textures/tinySLATES60.png
15:55:20.908 [FXGL Background Thread 1 ] DEBUG AssetLoader          - Loading from cache: /assets/textures/tinySLATES60.png
15:55:20.908 [FXGL Background Thread 1 ] DEBUG AssetLoader          - Loading from cache: /assets/textures/tinySLATES60.png
15:55:20.908 [FXGL Background Thread 1 ] DEBUG AssetLoader          - Loading from cache: /assets/textures/tinySLATES60.png
15:55:20.908 [FXGL Background Thread 1 ] DEBUG AssetLoader          - Loading from cache: /assets/textures/tinySLATES60.png
15:55:20.908 [FXGL Background Thread 1 ] DEBUG AssetLoader          - Loading from cache: /assets/textures/tinySLATES60.png
15:55:20.909 [FXGL Background Thread 1 ] DEBUG AssetLoader          - Loading from cache: /assets/textures/tinySLATES60.png
15:55:20.909 [FXGL Background Thread 1 ] DEBUG AssetLoader          - Loading from cache: /assets/textures/tinySLATES60.png
15:55:20.909 [FXGL Background Thread 1 ] DEBUG AssetLoader          - Loading from cache: /assets/textures/tinySLATES60.png
15:55:20.909 [FXGL Background Thread 1 ] DEBUG AssetLoader          - Loading from cache: /assets/textures/tinySLATES60.png
15:55:20.909 [FXGL Background Thread 1 ] DEBUG AssetLoader          - Loading from cache: /assets/textures/tinySLATES60.png
15:55:20.909 [FXGL Background Thread 1 ] DEBUG AssetLoader          - Loading from cache: /assets/textures/tinySLATES60.png
15:55:20.909 [FXGL Background Thread 1 ] DEBUG AssetLoader          - Loading from cache: /assets/textures/tinySLATES60.png
15:55:20.909 [FXGL Background Thread 1 ] DEBUG AssetLoader          - Loading from cache: /assets/textures/tinySLATES60.png
15:55:20.910 [FXGL Background Thread 1 ] DEBUG AssetLoader          - Loading from cache: /assets/textures/tinySLATES60.png
15:55:20.910 [FXGL Background Thread 1 ] DEBUG AssetLoader          - Loading from cache: /assets/textures/tinySLATES60.png
15:55:20.910 [FXGL Background Thread 1 ] DEBUG AssetLoader          - Loading from cache: /assets/textures/tinySLATES60.png
15:55:20.910 [FXGL Background Thread 1 ] DEBUG AssetLoader          - Loading from cache: /assets/textures/tinySLATES60.png
15:55:20.910 [FXGL Background Thread 1 ] DEBUG AssetLoader          - Loading from cache: /assets/textures/tinySLATES60.png
15:55:20.910 [FXGL Background Thread 1 ] DEBUG AssetLoader          - Loading from cache: /assets/textures/tinySLATES60.png
15:55:20.910 [FXGL Background Thread 1 ] DEBUG AssetLoader          - Loading from cache: /assets/textures/tinySLATES60.png
15:55:20.910 [FXGL Background Thread 1 ] DEBUG AssetLoader          - Loading from cache: /assets/textures/tinySLATES60.png
15:55:20.911 [FXGL Background Thread 1 ] DEBUG AssetLoader          - Loading from cache: /assets/textures/tinySLATES60.png
15:55:20.911 [FXGL Background Thread 1 ] DEBUG AssetLoader          - Loading from cache: /assets/textures/tinySLATES60.png
15:55:20.911 [FXGL Background Thread 1 ] DEBUG AssetLoader          - Loading from cache: /assets/textures/tinySLATES60.png
15:55:20.911 [FXGL Background Thread 1 ] DEBUG AssetLoader          - Loading from cache: /assets/textures/tinySLATES60.png
15:55:20.911 [FXGL Background Thread 1 ] DEBUG AssetLoader          - Loading from cache: /assets/textures/tinySLATES60.png
15:55:20.911 [FXGL Background Thread 1 ] DEBUG AssetLoader          - Loading from cache: /assets/textures/tinySLATES60.png
15:55:20.911 [FXGL Background Thread 1 ] DEBUG AssetLoader          - Loading from cache: /assets/textures/tinySLATES60.png
15:55:20.911 [FXGL Background Thread 1 ] DEBUG AssetLoader          - Loading from cache: /assets/textures/tinySLATES60.png
15:55:20.911 [FXGL Background Thread 1 ] DEBUG AssetLoader          - Loading from cache: /assets/textures/tinySLATES60.png
15:55:20.911 [FXGL Background Thread 1 ] DEBUG AssetLoader          - Loading from cache: /assets/textures/tinySLATES60.png
15:55:20.912 [FXGL Background Thread 1 ] DEBUG AssetLoader          - Loading from cache: /assets/textures/tinySLATES60.png
15:55:20.912 [FXGL Background Thread 1 ] DEBUG AssetLoader          - Loading from cache: /assets/textures/tinySLATES60.png
15:55:20.912 [FXGL Background Thread 1 ] DEBUG AssetLoader          - Loading from cache: /assets/textures/tinySLATES60.png
15:55:20.912 [FXGL Background Thread 1 ] DEBUG AssetLoader          - Loading from cache: /assets/textures/tinySLATES60.png
15:55:20.912 [FXGL Background Thread 1 ] DEBUG AssetLoader          - Loading from cache: /assets/textures/tinySLATES60.png
15:55:20.912 [FXGL Background Thread 1 ] DEBUG AssetLoader          - Loading from cache: /assets/textures/tinySLATES60.png
15:55:20.912 [FXGL Background Thread 1 ] DEBUG AssetLoader          - Loading from cache: /assets/textures/tinySLATES60.png
15:55:20.912 [FXGL Background Thread 1 ] DEBUG AssetLoader          - Loading from cache: /assets/textures/tinySLATES60.png
15:55:20.912 [FXGL Background Thread 1 ] DEBUG AssetLoader          - Loading from cache: /assets/textures/tinySLATES60.png
15:55:20.913 [FXGL Background Thread 1 ] DEBUG AssetLoader          - Loading from cache: /assets/textures/tinySLATES60.png
15:55:20.913 [FXGL Background Thread 1 ] DEBUG AssetLoader          - Loading from cache: /assets/textures/tinySLATES60.png
15:55:20.913 [FXGL Background Thread 1 ] DEBUG AssetLoader          - Loading from cache: /assets/textures/tinySLATES60.png
15:55:20.913 [FXGL Background Thread 1 ] DEBUG AssetLoader          - Loading from cache: /assets/textures/tinySLATES60.png
15:55:20.913 [FXGL Background Thread 1 ] DEBUG AssetLoader          - Loading from cache: /assets/textures/tinySLATES60.png
15:55:20.913 [FXGL Background Thread 1 ] DEBUG AssetLoader          - Loading from cache: /assets/textures/tinySLATES60.png
15:55:20.913 [FXGL Background Thread 1 ] DEBUG AssetLoader          - Loading from cache: /assets/textures/tinySLATES60.png
15:55:20.913 [FXGL Background Thread 1 ] DEBUG AssetLoader          - Loading from cache: /assets/textures/tinySLATES60.png
15:55:20.913 [FXGL Background Thread 1 ] DEBUG AssetLoader          - Loading from cache: /assets/textures/tinySLATES60.png
15:55:20.913 [FXGL Background Thread 1 ] DEBUG AssetLoader          - Loading from cache: /assets/textures/tinySLATES60.png
15:55:20.914 [FXGL Background Thread 1 ] DEBUG AssetLoader          - Loading from cache: /assets/textures/tinySLATES60.png
15:55:20.914 [FXGL Background Thread 1 ] DEBUG AssetLoader          - Loading from cache: /assets/textures/tinySLATES60.png
15:55:20.914 [FXGL Background Thread 1 ] DEBUG AssetLoader          - Loading from cache: /assets/textures/tinySLATES60.png
15:55:20.914 [FXGL Background Thread 1 ] DEBUG AssetLoader          - Loading from cache: /assets/textures/tinySLATES60.png
15:55:20.914 [FXGL Background Thread 1 ] DEBUG AssetLoader          - Loading from cache: /assets/textures/tinySLATES60.png
15:55:20.914 [FXGL Background Thread 1 ] DEBUG AssetLoader          - Loading from cache: /assets/textures/tinySLATES60.png
15:55:20.914 [FXGL Background Thread 1 ] DEBUG AssetLoader          - Loading from cache: /assets/textures/tinySLATES60.png
15:55:20.914 [FXGL Background Thread 1 ] DEBUG AssetLoader          - Loading from cache: /assets/textures/tinySLATES60.png
15:55:20.914 [FXGL Background Thread 1 ] DEBUG AssetLoader          - Loading from cache: /assets/textures/tinySLATES60.png
15:55:20.915 [FXGL Background Thread 1 ] DEBUG AssetLoader          - Loading from cache: /assets/textures/tinySLATES60.png
15:55:20.915 [FXGL Background Thread 1 ] DEBUG AssetLoader          - Loading from cache: /assets/textures/tinySLATES60.png
15:55:20.915 [FXGL Background Thread 1 ] DEBUG AssetLoader          - Loading from cache: /assets/textures/tinySLATES60.png
15:55:20.915 [FXGL Background Thread 1 ] DEBUG AssetLoader          - Loading from cache: /assets/textures/tinySLATES60.png
15:55:20.915 [FXGL Background Thread 1 ] DEBUG AssetLoader          - Loading from cache: /assets/textures/tinySLATES60.png
15:55:20.915 [FXGL Background Thread 1 ] DEBUG AssetLoader          - Loading from cache: /assets/textures/tinySLATES60.png
15:55:20.915 [FXGL Background Thread 1 ] DEBUG AssetLoader          - Loading from cache: /assets/textures/tinySLATES60.png
15:55:20.915 [FXGL Background Thread 1 ] DEBUG AssetLoader          - Loading from cache: /assets/textures/tinySLATES60.png
15:55:20.915 [FXGL Background Thread 1 ] DEBUG AssetLoader          - Loading from cache: /assets/textures/tinySLATES60.png
15:55:20.916 [FXGL Background Thread 1 ] DEBUG AssetLoader          - Loading from cache: /assets/textures/tinySLATES60.png
15:55:20.916 [FXGL Background Thread 1 ] DEBUG AssetLoader          - Loading from cache: /assets/textures/tinySLATES60.png
15:55:20.916 [FXGL Background Thread 1 ] DEBUG AssetLoader          - Loading from cache: /assets/textures/tinySLATES60.png
15:55:20.916 [FXGL Background Thread 1 ] DEBUG AssetLoader          - Loading from cache: /assets/textures/tinySLATES60.png
15:55:20.916 [FXGL Background Thread 1 ] DEBUG AssetLoader          - Loading from cache: /assets/textures/tinySLATES60.png
15:55:20.916 [FXGL Background Thread 1 ] DEBUG AssetLoader          - Loading from cache: /assets/textures/tinySLATES60.png
15:55:20.916 [FXGL Background Thread 1 ] DEBUG AssetLoader          - Loading from cache: /assets/textures/tinySLATES60.png
15:55:20.916 [FXGL Background Thread 1 ] DEBUG AssetLoader          - Loading from cache: /assets/textures/tinySLATES60.png
15:55:20.916 [FXGL Background Thread 1 ] DEBUG AssetLoader          - Loading from cache: /assets/textures/tinySLATES60.png
15:55:20.917 [FXGL Background Thread 1 ] DEBUG AssetLoader          - Loading from cache: /assets/textures/tinySLATES60.png
15:55:20.917 [FXGL Background Thread 1 ] DEBUG AssetLoader          - Loading from cache: /assets/textures/tinySLATES60.png
15:55:20.917 [FXGL Background Thread 1 ] DEBUG AssetLoader          - Loading from cache: /assets/textures/tinySLATES60.png
15:55:20.917 [FXGL Background Thread 1 ] DEBUG AssetLoader          - Loading from cache: /assets/textures/tinySLATES60.png
15:55:20.917 [FXGL Background Thread 1 ] DEBUG AssetLoader          - Loading from cache: /assets/textures/tinySLATES60.png
15:55:20.917 [FXGL Background Thread 1 ] DEBUG AssetLoader          - Loading from cache: /assets/textures/tinySLATES60.png
15:55:20.917 [FXGL Background Thread 1 ] DEBUG AssetLoader          - Loading from cache: /assets/textures/tinySLATES60.png
15:55:20.917 [FXGL Background Thread 1 ] DEBUG AssetLoader          - Loading from cache: /assets/textures/tinySLATES60.png
15:55:20.918 [FXGL Background Thread 1 ] DEBUG AssetLoader          - Loading from cache: /assets/textures/tinySLATES60.png
15:55:20.918 [FXGL Background Thread 1 ] DEBUG AssetLoader          - Loading from cache: /assets/textures/tinySLATES60.png
15:55:20.918 [FXGL Background Thread 1 ] DEBUG AssetLoader          - Loading from cache: /assets/textures/tinySLATES60.png
15:55:20.918 [FXGL Background Thread 1 ] DEBUG AssetLoader          - Loading from cache: /assets/textures/tinySLATES60.png
15:55:20.918 [FXGL Background Thread 1 ] DEBUG AssetLoader          - Loading from cache: /assets/textures/tinySLATES60.png
15:55:20.918 [FXGL Background Thread 1 ] DEBUG AssetLoader          - Loading from cache: /assets/textures/tinySLATES60.png
15:55:20.918 [FXGL Background Thread 1 ] DEBUG AssetLoader          - Loading from cache: /assets/textures/tinySLATES60.png
15:55:20.918 [FXGL Background Thread 1 ] DEBUG AssetLoader          - Loading from cache: /assets/textures/tinySLATES60.png
15:55:20.918 [FXGL Background Thread 1 ] DEBUG AssetLoader          - Loading from cache: /assets/textures/tinySLATES60.png
15:55:20.919 [FXGL Background Thread 1 ] DEBUG AssetLoader          - Loading from cache: /assets/textures/tinySLATES60.png
15:55:20.919 [FXGL Background Thread 1 ] DEBUG AssetLoader          - Loading from cache: /assets/textures/tinySLATES60.png
15:55:20.919 [FXGL Background Thread 1 ] DEBUG AssetLoader          - Loading from cache: /assets/textures/tinySLATES60.png
15:55:20.919 [FXGL Background Thread 1 ] DEBUG AssetLoader          - Loading from cache: /assets/textures/tinySLATES60.png
15:55:20.919 [FXGL Background Thread 1 ] DEBUG AssetLoader          - Loading from cache: /assets/textures/tinySLATES60.png
15:55:20.919 [FXGL Background Thread 1 ] DEBUG AssetLoader          - Loading from cache: /assets/textures/tinySLATES60.png
15:55:20.919 [FXGL Background Thread 1 ] DEBUG AssetLoader          - Loading from cache: /assets/textures/tinySLATES60.png
15:55:20.919 [FXGL Background Thread 1 ] DEBUG AssetLoader          - Loading from cache: /assets/textures/tinySLATES60.png
15:55:20.919 [FXGL Background Thread 1 ] DEBUG AssetLoader          - Loading from cache: /assets/textures/tinySLATES60.png
15:55:20.919 [FXGL Background Thread 1 ] DEBUG AssetLoader          - Loading from cache: /assets/textures/tinySLATES60.png
15:55:20.920 [FXGL Background Thread 1 ] DEBUG AssetLoader          - Loading from cache: /assets/textures/tinySLATES60.png
15:55:20.920 [FXGL Background Thread 1 ] DEBUG AssetLoader          - Loading from cache: /assets/textures/tinySLATES60.png
15:55:20.920 [FXGL Background Thread 1 ] DEBUG AssetLoader          - Loading from cache: /assets/textures/tinySLATES60.png
15:55:20.920 [FXGL Background Thread 1 ] DEBUG AssetLoader          - Loading from cache: /assets/textures/tinySLATES60.png
15:55:20.920 [FXGL Background Thread 1 ] DEBUG AssetLoader          - Loading from cache: /assets/textures/tinySLATES60.png
15:55:20.920 [FXGL Background Thread 1 ] DEBUG AssetLoader          - Loading from cache: /assets/textures/tinySLATES60.png
15:55:20.920 [FXGL Background Thread 1 ] DEBUG AssetLoader          - Loading from cache: /assets/textures/tinySLATES60.png
15:55:20.920 [FXGL Background Thread 1 ] DEBUG AssetLoader          - Loading from cache: /assets/textures/tinySLATES60.png
15:55:20.920 [FXGL Background Thread 1 ] DEBUG AssetLoader          - Loading from cache: /assets/textures/tinySLATES60.png
15:55:20.921 [FXGL Background Thread 1 ] DEBUG AssetLoader          - Loading from cache: /assets/textures/tinySLATES60.png
15:55:20.921 [FXGL Background Thread 1 ] DEBUG AssetLoader          - Loading from cache: /assets/textures/tinySLATES60.png
15:55:20.921 [FXGL Background Thread 1 ] DEBUG AssetLoader          - Loading from cache: /assets/textures/tinySLATES60.png
15:55:20.921 [FXGL Background Thread 1 ] DEBUG AssetLoader          - Loading from cache: /assets/textures/tinySLATES60.png
15:55:20.921 [FXGL Background Thread 1 ] DEBUG AssetLoader          - Loading from cache: /assets/textures/tinySLATES60.png
15:55:20.921 [FXGL Background Thread 1 ] DEBUG AssetLoader          - Loading from cache: /assets/textures/tinySLATES60.png
15:55:20.921 [FXGL Background Thread 1 ] DEBUG AssetLoader          - Loading from cache: /assets/textures/tinySLATES60.png
15:55:20.921 [FXGL Background Thread 1 ] DEBUG AssetLoader          - Loading from cache: /assets/textures/tinySLATES60.png
15:55:20.921 [FXGL Background Thread 1 ] DEBUG AssetLoader          - Loading from cache: /assets/textures/tinySLATES60.png
15:55:20.922 [FXGL Background Thread 1 ] DEBUG AssetLoader          - Loading from cache: /assets/textures/tinySLATES60.png
15:55:20.922 [FXGL Background Thread 1 ] DEBUG AssetLoader          - Loading from cache: /assets/textures/tinySLATES60.png
15:55:20.922 [FXGL Background Thread 1 ] DEBUG AssetLoader          - Loading from cache: /assets/textures/tinySLATES60.png
15:55:20.922 [FXGL Background Thread 1 ] DEBUG AssetLoader          - Loading from cache: /assets/textures/tinySLATES60.png
15:55:20.922 [FXGL Background Thread 1 ] DEBUG AssetLoader          - Loading from cache: /assets/textures/tinySLATES60.png
15:55:20.922 [FXGL Background Thread 1 ] DEBUG AssetLoader          - Loading from cache: /assets/textures/tinySLATES60.png
15:55:20.922 [FXGL Background Thread 1 ] DEBUG AssetLoader          - Loading from cache: /assets/textures/tinySLATES60.png
15:55:20.922 [FXGL Background Thread 1 ] DEBUG AssetLoader          - Loading from cache: /assets/textures/tinySLATES60.png
15:55:20.922 [FXGL Background Thread 1 ] DEBUG AssetLoader          - Loading from cache: /assets/textures/tinySLATES60.png
15:55:20.922 [FXGL Background Thread 1 ] DEBUG AssetLoader          - Loading from cache: /assets/textures/tinySLATES60.png
15:55:20.922 [FXGL Background Thread 1 ] DEBUG AssetLoader          - Loading from cache: /assets/textures/tinySLATES60.png
15:55:20.923 [FXGL Background Thread 1 ] DEBUG AssetLoader          - Loading from cache: /assets/textures/tinySLATES60.png
15:55:20.923 [FXGL Background Thread 1 ] DEBUG AssetLoader          - Loading from cache: /assets/textures/tinySLATES60.png
15:55:20.923 [FXGL Background Thread 1 ] DEBUG AssetLoader          - Loading from cache: /assets/textures/tinySLATES60.png
15:55:20.923 [FXGL Background Thread 1 ] DEBUG AssetLoader          - Loading from cache: /assets/textures/tinySLATES60.png
15:55:20.923 [FXGL Background Thread 1 ] DEBUG AssetLoader          - Loading from cache: /assets/textures/tinySLATES60.png
15:55:20.923 [FXGL Background Thread 1 ] DEBUG AssetLoader          - Loading from cache: /assets/textures/tinySLATES60.png
15:55:20.923 [FXGL Background Thread 1 ] DEBUG AssetLoader          - Loading from cache: /assets/textures/tinySLATES60.png
15:55:20.923 [FXGL Background Thread 1 ] DEBUG AssetLoader          - Loading from cache: /assets/textures/tinySLATES60.png
15:55:20.923 [FXGL Background Thread 1 ] DEBUG AssetLoader          - Loading from cache: /assets/textures/tinySLATES60.png
15:55:20.923 [FXGL Background Thread 1 ] DEBUG AssetLoader          - Loading from cache: /assets/textures/tinySLATES60.png
15:55:20.923 [FXGL Background Thread 1 ] DEBUG AssetLoader          - Loading from cache: /assets/textures/tinySLATES60.png
15:55:20.924 [FXGL Background Thread 1 ] DEBUG AssetLoader          - Loading from cache: /assets/textures/tinySLATES60.png
15:55:20.924 [FXGL Background Thread 1 ] DEBUG AssetLoader          - Loading from cache: /assets/textures/tinySLATES60.png
15:55:20.924 [FXGL Background Thread 1 ] DEBUG AssetLoader          - Loading from cache: /assets/textures/tinySLATES60.png
15:55:20.924 [FXGL Background Thread 1 ] DEBUG AssetLoader          - Loading from cache: /assets/textures/tinySLATES60.png
15:55:20.924 [FXGL Background Thread 1 ] DEBUG AssetLoader          - Loading from cache: /assets/textures/tinySLATES60.png
15:55:20.924 [FXGL Background Thread 1 ] DEBUG AssetLoader          - Loading from cache: /assets/textures/tinySLATES60.png
15:55:20.924 [FXGL Background Thread 1 ] DEBUG AssetLoader          - Loading from cache: /assets/textures/tinySLATES60.png
15:55:20.924 [FXGL Background Thread 1 ] DEBUG AssetLoader          - Loading from cache: /assets/textures/tinySLATES60.png
15:55:20.924 [FXGL Background Thread 1 ] DEBUG AssetLoader          - Loading from cache: /assets/textures/tinySLATES60.png
15:55:20.924 [FXGL Background Thread 1 ] DEBUG AssetLoader          - Loading from cache: /assets/textures/tinySLATES60.png
15:55:20.925 [FXGL Background Thread 1 ] DEBUG AssetLoader          - Loading from cache: /assets/textures/tinySLATES60.png
15:55:20.925 [FXGL Background Thread 1 ] DEBUG AssetLoader          - Loading from cache: /assets/textures/tinySLATES60.png
15:55:20.925 [FXGL Background Thread 1 ] DEBUG AssetLoader          - Loading from cache: /assets/textures/tinySLATES60.png
15:55:20.925 [FXGL Background Thread 1 ] DEBUG AssetLoader          - Loading from cache: /assets/textures/tinySLATES60.png
15:55:20.925 [FXGL Background Thread 1 ] DEBUG AssetLoader          - Loading from cache: /assets/textures/tinySLATES60.png
15:55:20.925 [FXGL Background Thread 1 ] DEBUG AssetLoader          - Loading from cache: /assets/textures/tinySLATES60.png
15:55:20.925 [FXGL Background Thread 1 ] DEBUG AssetLoader          - Loading from cache: /assets/textures/tinySLATES60.png
15:55:20.925 [FXGL Background Thread 1 ] DEBUG AssetLoader          - Loading from cache: /assets/textures/tinySLATES60.png
15:55:20.925 [FXGL Background Thread 1 ] DEBUG AssetLoader          - Loading from cache: /assets/textures/tinySLATES60.png
15:55:20.925 [FXGL Background Thread 1 ] DEBUG AssetLoader          - Loading from cache: /assets/textures/tinySLATES60.png
15:55:20.925 [FXGL Background Thread 1 ] DEBUG AssetLoader          - Loading from cache: /assets/textures/tinySLATES60.png
15:55:20.926 [FXGL Background Thread 1 ] DEBUG AssetLoader          - Loading from cache: /assets/textures/tinySLATES60.png
15:55:20.926 [FXGL Background Thread 1 ] DEBUG AssetLoader          - Loading from cache: /assets/textures/tinySLATES60.png
15:55:20.926 [FXGL Background Thread 1 ] DEBUG AssetLoader          - Loading from cache: /assets/textures/tinySLATES60.png
15:55:20.926 [FXGL Background Thread 1 ] DEBUG AssetLoader          - Loading from cache: /assets/textures/tinySLATES60.png
15:55:20.926 [FXGL Background Thread 1 ] DEBUG AssetLoader          - Loading from cache: /assets/textures/tinySLATES60.png
15:55:20.926 [FXGL Background Thread 1 ] DEBUG AssetLoader          - Loading from cache: /assets/textures/tinySLATES60.png
15:55:20.926 [FXGL Background Thread 1 ] DEBUG AssetLoader          - Loading from cache: /assets/textures/tinySLATES60.png
15:55:20.926 [FXGL Background Thread 1 ] DEBUG AssetLoader          - Loading from cache: /assets/textures/tinySLATES60.png
15:55:20.926 [FXGL Background Thread 1 ] DEBUG AssetLoader          - Loading from cache: /assets/textures/tinySLATES60.png
15:55:20.926 [FXGL Background Thread 1 ] DEBUG AssetLoader          - Loading from cache: /assets/textures/tinySLATES60.png
15:55:20.927 [FXGL Background Thread 1 ] DEBUG AssetLoader          - Loading from cache: /assets/textures/tinySLATES60.png
15:55:20.927 [FXGL Background Thread 1 ] DEBUG AssetLoader          - Loading from cache: /assets/textures/tinySLATES60.png
15:55:20.927 [FXGL Background Thread 1 ] DEBUG AssetLoader          - Loading from cache: /assets/textures/tinySLATES60.png
15:55:20.927 [FXGL Background Thread 1 ] DEBUG AssetLoader          - Loading from cache: /assets/textures/tinySLATES60.png
15:55:20.927 [FXGL Background Thread 1 ] DEBUG AssetLoader          - Loading from cache: /assets/textures/tinySLATES60.png
15:55:20.927 [FXGL Background Thread 1 ] DEBUG AssetLoader          - Loading from cache: /assets/textures/tinySLATES60.png
15:55:20.927 [FXGL Background Thread 1 ] DEBUG AssetLoader          - Loading from cache: /assets/textures/tinySLATES60.png
15:55:20.927 [FXGL Background Thread 1 ] DEBUG AssetLoader          - Loading from cache: /assets/textures/tinySLATES60.png
15:55:20.927 [FXGL Background Thread 1 ] DEBUG AssetLoader          - Loading from cache: /assets/textures/tinySLATES60.png
15:55:20.927 [FXGL Background Thread 1 ] DEBUG AssetLoader          - Loading from cache: /assets/textures/tinySLATES60.png
15:55:20.927 [FXGL Background Thread 1 ] DEBUG AssetLoader          - Loading from cache: /assets/textures/tinySLATES60.png
15:55:20.928 [FXGL Background Thread 1 ] DEBUG AssetLoader          - Loading from cache: /assets/textures/tinySLATES60.png
15:55:20.928 [FXGL Background Thread 1 ] DEBUG AssetLoader          - Loading from cache: /assets/textures/tinySLATES60.png
15:55:20.928 [FXGL Background Thread 1 ] DEBUG AssetLoader          - Loading from cache: /assets/textures/tinySLATES60.png
15:55:20.928 [FXGL Background Thread 1 ] DEBUG AssetLoader          - Loading from cache: /assets/textures/tinySLATES60.png
15:55:20.928 [FXGL Background Thread 1 ] DEBUG AssetLoader          - Loading from cache: /assets/textures/tinySLATES60.png
15:55:20.928 [FXGL Background Thread 1 ] DEBUG AssetLoader          - Loading from cache: /assets/textures/tinySLATES60.png
15:55:20.928 [FXGL Background Thread 1 ] DEBUG AssetLoader          - Loading from cache: /assets/textures/tinySLATES60.png
15:55:20.928 [FXGL Background Thread 1 ] DEBUG AssetLoader          - Loading from cache: /assets/textures/tinySLATES60.png
15:55:20.928 [FXGL Background Thread 1 ] DEBUG AssetLoader          - Loading from cache: /assets/textures/tinySLATES60.png
15:55:20.928 [FXGL Background Thread 1 ] DEBUG AssetLoader          - Loading from cache: /assets/textures/tinySLATES60.png
15:55:20.928 [FXGL Background Thread 1 ] DEBUG AssetLoader          - Loading from cache: /assets/textures/tinySLATES60.png
15:55:20.929 [FXGL Background Thread 1 ] DEBUG AssetLoader          - Loading from cache: /assets/textures/tinySLATES60.png
15:55:20.929 [FXGL Background Thread 1 ] DEBUG AssetLoader          - Loading from cache: /assets/textures/tinySLATES60.png
15:55:20.929 [FXGL Background Thread 1 ] DEBUG AssetLoader          - Loading from cache: /assets/textures/tinySLATES60.png
15:55:20.929 [FXGL Background Thread 1 ] DEBUG AssetLoader          - Loading from cache: /assets/textures/tinySLATES60.png
15:55:20.929 [FXGL Background Thread 1 ] DEBUG AssetLoader          - Loading from cache: /assets/textures/tinySLATES60.png
15:55:20.929 [FXGL Background Thread 1 ] DEBUG AssetLoader          - Loading from cache: /assets/textures/tinySLATES60.png
15:55:20.929 [FXGL Background Thread 1 ] DEBUG AssetLoader          - Loading from cache: /assets/textures/tinySLATES60.png
15:55:20.930 [FXGL Background Thread 1 ] DEBUG AssetLoader          - Loading from cache: /assets/textures/tinySLATES60.png
15:55:20.930 [FXGL Background Thread 1 ] DEBUG AssetLoader          - Loading from cache: /assets/textures/tinySLATES60.png
15:55:20.930 [FXGL Background Thread 1 ] DEBUG AssetLoader          - Loading from cache: /assets/textures/tinySLATES60.png
15:55:20.930 [FXGL Background Thread 1 ] DEBUG AssetLoader          - Loading from cache: /assets/textures/tinySLATES60.png
15:55:20.930 [FXGL Background Thread 1 ] DEBUG AssetLoader          - Loading from cache: /assets/textures/tinySLATES60.png
15:55:20.930 [FXGL Background Thread 1 ] DEBUG AssetLoader          - Loading from cache: /assets/textures/tinySLATES60.png
15:55:20.930 [FXGL Background Thread 1 ] DEBUG AssetLoader          - Loading from cache: /assets/textures/tinySLATES60.png
15:55:20.930 [FXGL Background Thread 1 ] DEBUG AssetLoader          - Loading from cache: /assets/textures/tinySLATES60.png
15:55:20.930 [FXGL Background Thread 1 ] DEBUG AssetLoader          - Loading from cache: /assets/textures/tinySLATES60.png
15:55:20.931 [FXGL Background Thread 1 ] DEBUG AssetLoader          - Loading from cache: /assets/textures/tinySLATES60.png
15:55:20.931 [FXGL Background Thread 1 ] DEBUG AssetLoader          - Loading from cache: /assets/textures/tinySLATES60.png
15:55:20.931 [FXGL Background Thread 1 ] DEBUG AssetLoader          - Loading from cache: /assets/textures/tinySLATES60.png
15:55:20.931 [FXGL Background Thread 1 ] DEBUG AssetLoader          - Loading from cache: /assets/textures/tinySLATES60.png
15:55:20.931 [FXGL Background Thread 1 ] DEBUG AssetLoader          - Loading from cache: /assets/textures/tinySLATES60.png
15:55:20.931 [FXGL Background Thread 1 ] DEBUG AssetLoader          - Loading from cache: /assets/textures/tinySLATES60.png
15:55:20.932 [FXGL Background Thread 1 ] DEBUG AssetLoader          - Loading from cache: /assets/textures/tinySLATES60.png
15:55:20.932 [FXGL Background Thread 1 ] DEBUG AssetLoader          - Loading from cache: /assets/textures/tinySLATES60.png
15:55:20.932 [FXGL Background Thread 1 ] DEBUG AssetLoader          - Loading from cache: /assets/textures/tinySLATES60.png
15:55:20.932 [FXGL Background Thread 1 ] DEBUG AssetLoader          - Loading from cache: /assets/textures/tinySLATES60.png
15:55:20.932 [FXGL Background Thread 1 ] DEBUG AssetLoader          - Loading from cache: /assets/textures/tinySLATES60.png
15:55:20.932 [FXGL Background Thread 1 ] DEBUG AssetLoader          - Loading from cache: /assets/textures/tinySLATES60.png
15:55:20.932 [FXGL Background Thread 1 ] DEBUG AssetLoader          - Loading from cache: /assets/textures/tinySLATES60.png
15:55:20.933 [FXGL Background Thread 1 ] DEBUG AssetLoader          - Loading from cache: /assets/textures/tinySLATES60.png
15:55:20.933 [FXGL Background Thread 1 ] DEBUG AssetLoader          - Loading from cache: /assets/textures/tinySLATES60.png
15:55:20.933 [FXGL Background Thread 1 ] DEBUG AssetLoader          - Loading from cache: /assets/textures/tinySLATES60.png
15:55:20.933 [FXGL Background Thread 1 ] DEBUG AssetLoader          - Loading from cache: /assets/textures/tinySLATES60.png
15:55:20.933 [FXGL Background Thread 1 ] DEBUG AssetLoader          - Loading from cache: /assets/textures/tinySLATES60.png
15:55:20.933 [FXGL Background Thread 1 ] DEBUG AssetLoader          - Loading from cache: /assets/textures/tinySLATES60.png
15:55:20.933 [FXGL Background Thread 1 ] DEBUG AssetLoader          - Loading from cache: /assets/textures/tinySLATES60.png
15:55:20.933 [FXGL Background Thread 1 ] DEBUG AssetLoader          - Loading from cache: /assets/textures/tinySLATES60.png
15:55:20.934 [FXGL Background Thread 1 ] DEBUG AssetLoader          - Loading from cache: /assets/textures/tinySLATES60.png
15:55:20.934 [FXGL Background Thread 1 ] DEBUG AssetLoader          - Loading from cache: /assets/textures/tinySLATES60.png
15:55:20.934 [FXGL Background Thread 1 ] DEBUG AssetLoader          - Loading from cache: /assets/textures/tinySLATES60.png
15:55:20.934 [FXGL Background Thread 1 ] DEBUG AssetLoader          - Loading from cache: /assets/textures/tinySLATES60.png
15:55:20.934 [FXGL Background Thread 1 ] DEBUG AssetLoader          - Loading from cache: /assets/textures/tinySLATES60.png
15:55:20.934 [FXGL Background Thread 1 ] DEBUG AssetLoader          - Loading from cache: /assets/textures/tinySLATES60.png
15:55:20.934 [FXGL Background Thread 1 ] DEBUG AssetLoader          - Loading from cache: /assets/textures/tinySLATES60.png
15:55:20.934 [FXGL Background Thread 1 ] DEBUG AssetLoader          - Loading from cache: /assets/textures/tinySLATES60.png
15:55:20.934 [FXGL Background Thread 1 ] DEBUG AssetLoader          - Loading from cache: /assets/textures/tinySLATES60.png
15:55:20.935 [FXGL Background Thread 1 ] DEBUG AssetLoader          - Loading from cache: /assets/textures/tinySLATES60.png
15:55:20.935 [FXGL Background Thread 1 ] DEBUG AssetLoader          - Loading from cache: /assets/textures/tinySLATES60.png
15:55:20.935 [FXGL Background Thread 1 ] DEBUG AssetLoader          - Loading from cache: /assets/textures/tinySLATES60.png
15:55:20.935 [FXGL Background Thread 1 ] DEBUG AssetLoader          - Loading from cache: /assets/textures/tinySLATES60.png
15:55:20.935 [FXGL Background Thread 1 ] DEBUG AssetLoader          - Loading from cache: /assets/textures/tinySLATES60.png
15:55:20.935 [FXGL Background Thread 1 ] DEBUG AssetLoader          - Loading from cache: /assets/textures/tinySLATES60.png
15:55:20.935 [FXGL Background Thread 1 ] DEBUG AssetLoader          - Loading from cache: /assets/textures/tinySLATES60.png
15:55:20.935 [FXGL Background Thread 1 ] DEBUG AssetLoader          - Loading from cache: /assets/textures/tinySLATES60.png
15:55:20.936 [FXGL Background Thread 1 ] DEBUG AssetLoader          - Loading from cache: /assets/textures/tinySLATES60.png
15:55:20.936 [FXGL Background Thread 1 ] DEBUG AssetLoader          - Loading from cache: /assets/textures/tinySLATES60.png
15:55:20.936 [FXGL Background Thread 1 ] DEBUG AssetLoader          - Loading from cache: /assets/textures/tinySLATES60.png
15:55:20.936 [FXGL Background Thread 1 ] DEBUG AssetLoader          - Loading from cache: /assets/textures/tinySLATES60.png
15:55:20.936 [FXGL Background Thread 1 ] DEBUG AssetLoader          - Loading from cache: /assets/textures/tinySLATES60.png
15:55:20.936 [FXGL Background Thread 1 ] DEBUG AssetLoader          - Loading from cache: /assets/textures/tinySLATES60.png
15:55:20.936 [FXGL Background Thread 1 ] DEBUG AssetLoader          - Loading from cache: /assets/textures/tinySLATES60.png
15:55:20.937 [FXGL Background Thread 1 ] DEBUG AssetLoader          - Loading from cache: /assets/textures/tinySLATES60.png
15:55:20.937 [FXGL Background Thread 1 ] DEBUG AssetLoader          - Loading from cache: /assets/textures/tinySLATES60.png
15:55:20.937 [FXGL Background Thread 1 ] DEBUG AssetLoader          - Loading from cache: /assets/textures/tinySLATES60.png
15:55:20.937 [FXGL Background Thread 1 ] DEBUG AssetLoader          - Loading from cache: /assets/textures/tinySLATES60.png
15:55:20.937 [FXGL Background Thread 1 ] DEBUG AssetLoader          - Loading from cache: /assets/textures/tinySLATES60.png
15:55:20.937 [FXGL Background Thread 1 ] DEBUG AssetLoader          - Loading from cache: /assets/textures/tinySLATES60.png
15:55:20.937 [FXGL Background Thread 1 ] DEBUG AssetLoader          - Loading from cache: /assets/textures/tinySLATES60.png
15:55:20.938 [FXGL Background Thread 1 ] DEBUG AssetLoader          - Loading from cache: /assets/textures/tinySLATES60.png
15:55:20.938 [FXGL Background Thread 1 ] DEBUG AssetLoader          - Loading from cache: /assets/textures/tinySLATES60.png
15:55:20.938 [FXGL Background Thread 1 ] DEBUG AssetLoader          - Loading from cache: /assets/textures/tinySLATES60.png
15:55:20.938 [FXGL Background Thread 1 ] DEBUG AssetLoader          - Loading from cache: /assets/textures/tinySLATES60.png
15:55:20.938 [FXGL Background Thread 1 ] DEBUG AssetLoader          - Loading from cache: /assets/textures/tinySLATES60.png
15:55:20.938 [FXGL Background Thread 1 ] DEBUG AssetLoader          - Loading from cache: /assets/textures/tinySLATES60.png
15:55:20.938 [FXGL Background Thread 1 ] DEBUG AssetLoader          - Loading from cache: /assets/textures/tinySLATES60.png
15:55:20.938 [FXGL Background Thread 1 ] DEBUG AssetLoader          - Loading from cache: /assets/textures/tinySLATES60.png
15:55:20.939 [FXGL Background Thread 1 ] DEBUG AssetLoader          - Loading from cache: /assets/textures/tinySLATES60.png
15:55:20.939 [FXGL Background Thread 1 ] DEBUG AssetLoader          - Loading from cache: /assets/textures/tinySLATES60.png
15:55:20.939 [FXGL Background Thread 1 ] DEBUG AssetLoader          - Loading from cache: /assets/textures/tinySLATES60.png
15:55:20.939 [FXGL Background Thread 1 ] DEBUG AssetLoader          - Loading from cache: /assets/textures/tinySLATES60.png
15:55:20.939 [FXGL Background Thread 1 ] DEBUG AssetLoader          - Loading from cache: /assets/textures/tinySLATES60.png
15:55:20.939 [FXGL Background Thread 1 ] DEBUG AssetLoader          - Loading from cache: /assets/textures/tinySLATES60.png
15:55:20.939 [FXGL Background Thread 1 ] DEBUG AssetLoader          - Loading from cache: /assets/textures/tinySLATES60.png
15:55:20.939 [FXGL Background Thread 1 ] DEBUG AssetLoader          - Loading from cache: /assets/textures/tinySLATES60.png
15:55:20.939 [FXGL Background Thread 1 ] DEBUG AssetLoader          - Loading from cache: /assets/textures/tinySLATES60.png
15:55:20.940 [FXGL Background Thread 1 ] DEBUG AssetLoader          - Loading from cache: /assets/textures/tinySLATES60.png
15:55:20.940 [FXGL Background Thread 1 ] DEBUG AssetLoader          - Loading from cache: /assets/textures/tinySLATES60.png
15:55:20.940 [FXGL Background Thread 1 ] DEBUG AssetLoader          - Loading from cache: /assets/textures/tinySLATES60.png
15:55:20.940 [FXGL Background Thread 1 ] DEBUG AssetLoader          - Loading from cache: /assets/textures/tinySLATES60.png
15:55:20.940 [FXGL Background Thread 1 ] DEBUG AssetLoader          - Loading from cache: /assets/textures/tinySLATES60.png
15:55:20.940 [FXGL Background Thread 1 ] DEBUG AssetLoader          - Loading from cache: /assets/textures/tinySLATES60.png
15:55:20.940 [FXGL Background Thread 1 ] DEBUG AssetLoader          - Loading from cache: /assets/textures/tinySLATES60.png
15:55:20.940 [FXGL Background Thread 1 ] DEBUG AssetLoader          - Loading from cache: /assets/textures/tinySLATES60.png
15:55:20.940 [FXGL Background Thread 1 ] DEBUG AssetLoader          - Loading from cache: /assets/textures/tinySLATES60.png
15:55:20.941 [FXGL Background Thread 1 ] DEBUG AssetLoader          - Loading from cache: /assets/textures/tinySLATES60.png
15:55:20.941 [FXGL Background Thread 1 ] DEBUG AssetLoader          - Loading from cache: /assets/textures/tinySLATES60.png
15:55:20.941 [FXGL Background Thread 1 ] DEBUG AssetLoader          - Loading from cache: /assets/textures/tinySLATES60.png
15:55:20.941 [FXGL Background Thread 1 ] DEBUG AssetLoader          - Loading from cache: /assets/textures/tinySLATES60.png
15:55:20.941 [FXGL Background Thread 1 ] DEBUG AssetLoader          - Loading from cache: /assets/textures/tinySLATES60.png
15:55:20.941 [FXGL Background Thread 1 ] DEBUG AssetLoader          - Loading from cache: /assets/textures/tinySLATES60.png
15:55:20.941 [FXGL Background Thread 1 ] DEBUG AssetLoader          - Loading from cache: /assets/textures/tinySLATES60.png
15:55:20.941 [FXGL Background Thread 1 ] DEBUG AssetLoader          - Loading from cache: /assets/textures/tinySLATES60.png
15:55:20.941 [FXGL Background Thread 1 ] DEBUG AssetLoader          - Loading from cache: /assets/textures/tinySLATES60.png
15:55:20.941 [FXGL Background Thread 1 ] DEBUG AssetLoader          - Loading from cache: /assets/textures/tinySLATES60.png
15:55:20.941 [FXGL Background Thread 1 ] DEBUG AssetLoader          - Loading from cache: /assets/textures/tinySLATES60.png
15:55:20.942 [FXGL Background Thread 1 ] DEBUG AssetLoader          - Loading from cache: /assets/textures/tinySLATES60.png
15:55:20.942 [FXGL Background Thread 1 ] DEBUG AssetLoader          - Loading from cache: /assets/textures/tinySLATES60.png
15:55:20.942 [FXGL Background Thread 1 ] DEBUG AssetLoader          - Loading from cache: /assets/textures/tinySLATES60.png
15:55:20.942 [FXGL Background Thread 1 ] DEBUG AssetLoader          - Loading from cache: /assets/textures/tinySLATES60.png
15:55:20.942 [FXGL Background Thread 1 ] DEBUG AssetLoader          - Loading from cache: /assets/textures/tinySLATES60.png
15:55:20.942 [FXGL Background Thread 1 ] DEBUG AssetLoader          - Loading from cache: /assets/textures/tinySLATES60.png
15:55:20.942 [FXGL Background Thread 1 ] DEBUG AssetLoader          - Loading from cache: /assets/textures/tinySLATES60.png
15:55:20.942 [FXGL Background Thread 1 ] DEBUG AssetLoader          - Loading from cache: /assets/textures/tinySLATES60.png
15:55:20.942 [FXGL Background Thread 1 ] DEBUG AssetLoader          - Loading from cache: /assets/textures/tinySLATES60.png
15:55:20.942 [FXGL Background Thread 1 ] DEBUG AssetLoader          - Loading from cache: /assets/textures/tinySLATES60.png
15:55:20.942 [FXGL Background Thread 1 ] DEBUG AssetLoader          - Loading from cache: /assets/textures/tinySLATES60.png
15:55:20.942 [FXGL Background Thread 1 ] DEBUG AssetLoader          - Loading from cache: /assets/textures/tinySLATES60.png
15:55:20.942 [FXGL Background Thread 1 ] DEBUG AssetLoader          - Loading from cache: /assets/textures/tinySLATES60.png
15:55:20.943 [FXGL Background Thread 1 ] DEBUG AssetLoader          - Loading from cache: /assets/textures/tinySLATES60.png
15:55:20.943 [FXGL Background Thread 1 ] DEBUG AssetLoader          - Loading from cache: /assets/textures/tinySLATES60.png
15:55:20.943 [FXGL Background Thread 1 ] DEBUG AssetLoader          - Loading from cache: /assets/textures/tinySLATES60.png
15:55:20.943 [FXGL Background Thread 1 ] DEBUG AssetLoader          - Loading from cache: /assets/textures/tinySLATES60.png
15:55:20.943 [FXGL Background Thread 1 ] DEBUG AssetLoader          - Loading from cache: /assets/textures/tinySLATES60.png
15:55:20.943 [FXGL Background Thread 1 ] DEBUG AssetLoader          - Loading from cache: /assets/textures/tinySLATES60.png
15:55:20.943 [FXGL Background Thread 1 ] DEBUG AssetLoader          - Loading from cache: /assets/textures/tinySLATES60.png
15:55:20.943 [FXGL Background Thread 1 ] DEBUG AssetLoader          - Loading from cache: /assets/textures/tinySLATES60.png
15:55:20.943 [FXGL Background Thread 1 ] DEBUG AssetLoader          - Loading from cache: /assets/textures/tinySLATES60.png
15:55:20.943 [FXGL Background Thread 1 ] DEBUG AssetLoader          - Loading from cache: /assets/textures/tinySLATES60.png
15:55:20.944 [FXGL Background Thread 1 ] DEBUG AssetLoader          - Loading from cache: /assets/textures/tinySLATES60.png
15:55:20.944 [FXGL Background Thread 1 ] DEBUG AssetLoader          - Loading from cache: /assets/textures/tinySLATES60.png
15:55:20.944 [FXGL Background Thread 1 ] DEBUG AssetLoader          - Loading from cache: /assets/textures/tinySLATES60.png
15:55:20.944 [FXGL Background Thread 1 ] DEBUG AssetLoader          - Loading from cache: /assets/textures/tinySLATES60.png
15:55:20.944 [FXGL Background Thread 1 ] DEBUG AssetLoader          - Loading from cache: /assets/textures/tinySLATES60.png
15:55:20.944 [FXGL Background Thread 1 ] DEBUG AssetLoader          - Loading from cache: /assets/textures/tinySLATES60.png
15:55:20.944 [FXGL Background Thread 1 ] DEBUG AssetLoader          - Loading from cache: /assets/textures/tinySLATES60.png
15:55:20.944 [FXGL Background Thread 1 ] DEBUG AssetLoader          - Loading from cache: /assets/textures/tinySLATES60.png
15:55:20.944 [FXGL Background Thread 1 ] DEBUG AssetLoader          - Loading from cache: /assets/textures/tinySLATES60.png
15:55:20.944 [FXGL Background Thread 1 ] DEBUG AssetLoader          - Loading from cache: /assets/textures/tinySLATES60.png
15:55:20.944 [FXGL Background Thread 1 ] DEBUG AssetLoader          - Loading from cache: /assets/textures/tinySLATES60.png
15:55:20.945 [FXGL Background Thread 1 ] DEBUG AssetLoader          - Loading from cache: /assets/textures/tinySLATES60.png
15:55:20.945 [FXGL Background Thread 1 ] DEBUG AssetLoader          - Loading from cache: /assets/textures/tinySLATES60.png
15:55:20.945 [FXGL Background Thread 1 ] DEBUG AssetLoader          - Loading from cache: /assets/textures/tinySLATES60.png
15:55:20.945 [FXGL Background Thread 1 ] DEBUG AssetLoader          - Loading from cache: /assets/textures/tinySLATES60.png
15:55:20.945 [FXGL Background Thread 1 ] DEBUG AssetLoader          - Loading from cache: /assets/textures/tinySLATES60.png
15:55:20.945 [FXGL Background Thread 1 ] DEBUG AssetLoader          - Loading from cache: /assets/textures/tinySLATES60.png
15:55:20.945 [FXGL Background Thread 1 ] DEBUG AssetLoader          - Loading from cache: /assets/textures/tinySLATES60.png
15:55:20.945 [FXGL Background Thread 1 ] DEBUG AssetLoader          - Loading from cache: /assets/textures/tinySLATES60.png
15:55:20.945 [FXGL Background Thread 1 ] DEBUG AssetLoader          - Loading from cache: /assets/textures/tinySLATES60.png
15:55:20.945 [FXGL Background Thread 1 ] DEBUG AssetLoader          - Loading from cache: /assets/textures/tinySLATES60.png
15:55:20.945 [FXGL Background Thread 1 ] DEBUG AssetLoader          - Loading from cache: /assets/textures/tinySLATES60.png
15:55:20.946 [FXGL Background Thread 1 ] DEBUG AssetLoader          - Loading from cache: /assets/textures/tinySLATES60.png
15:55:20.946 [FXGL Background Thread 1 ] DEBUG AssetLoader          - Loading from cache: /assets/textures/tinySLATES60.png
15:55:20.946 [FXGL Background Thread 1 ] DEBUG AssetLoader          - Loading from cache: /assets/textures/tinySLATES60.png
15:55:20.946 [FXGL Background Thread 1 ] DEBUG AssetLoader          - Loading from cache: /assets/textures/tinySLATES60.png
15:55:20.946 [FXGL Background Thread 1 ] DEBUG AssetLoader          - Loading from cache: /assets/textures/tinySLATES60.png
15:55:20.946 [FXGL Background Thread 1 ] DEBUG AssetLoader          - Loading from cache: /assets/textures/tinySLATES60.png
15:55:20.946 [FXGL Background Thread 1 ] DEBUG AssetLoader          - Loading from cache: /assets/textures/tinySLATES60.png
15:55:20.946 [FXGL Background Thread 1 ] DEBUG AssetLoader          - Loading from cache: /assets/textures/tinySLATES60.png
15:55:20.946 [FXGL Background Thread 1 ] DEBUG AssetLoader          - Loading from cache: /assets/textures/tinySLATES60.png
15:55:20.946 [FXGL Background Thread 1 ] DEBUG AssetLoader          - Loading from cache: /assets/textures/tinySLATES60.png
15:55:20.946 [FXGL Background Thread 1 ] DEBUG AssetLoader          - Loading from cache: /assets/textures/tinySLATES60.png
15:55:20.946 [FXGL Background Thread 1 ] DEBUG AssetLoader          - Loading from cache: /assets/textures/tinySLATES60.png
15:55:20.946 [FXGL Background Thread 1 ] DEBUG AssetLoader          - Loading from cache: /assets/textures/tinySLATES60.png
15:55:20.947 [FXGL Background Thread 1 ] DEBUG AssetLoader          - Loading from cache: /assets/textures/tinySLATES60.png
15:55:20.947 [FXGL Background Thread 1 ] DEBUG AssetLoader          - Loading from cache: /assets/textures/tinySLATES60.png
15:55:20.947 [FXGL Background Thread 1 ] DEBUG AssetLoader          - Loading from cache: /assets/textures/tinySLATES60.png
15:55:20.947 [FXGL Background Thread 1 ] DEBUG AssetLoader          - Loading from cache: /assets/textures/tinySLATES60.png
15:55:20.947 [FXGL Background Thread 1 ] DEBUG AssetLoader          - Loading from cache: /assets/textures/tinySLATES60.png
15:55:20.947 [FXGL Background Thread 1 ] DEBUG AssetLoader          - Loading from cache: /assets/textures/tinySLATES60.png
15:55:20.947 [FXGL Background Thread 1 ] DEBUG AssetLoader          - Loading from cache: /assets/textures/tinySLATES60.png
15:55:20.947 [FXGL Background Thread 1 ] DEBUG AssetLoader          - Loading from cache: /assets/textures/tinySLATES60.png
15:55:20.947 [FXGL Background Thread 1 ] DEBUG AssetLoader          - Loading from cache: /assets/textures/tinySLATES60.png
15:55:20.947 [FXGL Background Thread 1 ] DEBUG AssetLoader          - Loading from cache: /assets/textures/tinySLATES60.png
15:55:20.947 [FXGL Background Thread 1 ] DEBUG AssetLoader          - Loading from cache: /assets/textures/tinySLATES60.png
15:55:20.948 [FXGL Background Thread 1 ] DEBUG AssetLoader          - Loading from cache: /assets/textures/tinySLATES60.png
15:55:20.948 [FXGL Background Thread 1 ] DEBUG AssetLoader          - Loading from cache: /assets/textures/tinySLATES60.png
15:55:20.948 [FXGL Background Thread 1 ] DEBUG AssetLoader          - Loading from cache: /assets/textures/tinySLATES60.png
15:55:20.948 [FXGL Background Thread 1 ] DEBUG AssetLoader          - Loading from cache: /assets/textures/tinySLATES60.png
15:55:20.948 [FXGL Background Thread 1 ] DEBUG AssetLoader          - Loading from cache: /assets/textures/tinySLATES60.png
15:55:20.948 [FXGL Background Thread 1 ] DEBUG AssetLoader          - Loading from cache: /assets/textures/tinySLATES60.png
15:55:20.948 [FXGL Background Thread 1 ] DEBUG AssetLoader          - Loading from cache: /assets/textures/tinySLATES60.png
15:55:20.948 [FXGL Background Thread 1 ] DEBUG AssetLoader          - Loading from cache: /assets/textures/tinySLATES60.png
15:55:20.948 [FXGL Background Thread 1 ] DEBUG AssetLoader          - Loading from cache: /assets/textures/tinySLATES60.png
15:55:20.948 [FXGL Background Thread 1 ] DEBUG AssetLoader          - Loading from cache: /assets/textures/tinySLATES60.png
15:55:20.948 [FXGL Background Thread 1 ] DEBUG AssetLoader          - Loading from cache: /assets/textures/tinySLATES60.png
15:55:20.949 [FXGL Background Thread 1 ] DEBUG AssetLoader          - Loading from cache: /assets/textures/tinySLATES60.png
15:55:20.949 [FXGL Background Thread 1 ] DEBUG AssetLoader          - Loading from cache: /assets/textures/tinySLATES60.png
15:55:20.949 [FXGL Background Thread 1 ] DEBUG AssetLoader          - Loading from cache: /assets/textures/tinySLATES60.png
15:55:20.949 [FXGL Background Thread 1 ] DEBUG AssetLoader          - Loading from cache: /assets/textures/tinySLATES60.png
15:55:20.949 [FXGL Background Thread 1 ] DEBUG AssetLoader          - Loading from cache: /assets/textures/tinySLATES60.png
15:55:20.949 [FXGL Background Thread 1 ] DEBUG AssetLoader          - Loading from cache: /assets/textures/tinySLATES60.png
15:55:20.949 [FXGL Background Thread 1 ] DEBUG AssetLoader          - Loading from cache: /assets/textures/tinySLATES60.png
15:55:20.949 [FXGL Background Thread 1 ] DEBUG AssetLoader          - Loading from cache: /assets/textures/tinySLATES60.png
15:55:20.949 [FXGL Background Thread 1 ] DEBUG AssetLoader          - Loading from cache: /assets/textures/tinySLATES60.png
15:55:20.949 [FXGL Background Thread 1 ] DEBUG AssetLoader          - Loading from cache: /assets/textures/tinySLATES60.png
15:55:20.949 [FXGL Background Thread 1 ] DEBUG AssetLoader          - Loading from cache: /assets/textures/tinySLATES60.png
15:55:20.949 [FXGL Background Thread 1 ] DEBUG AssetLoader          - Loading from cache: /assets/textures/tinySLATES60.png
15:55:20.950 [FXGL Background Thread 1 ] DEBUG AssetLoader          - Loading from cache: /assets/textures/tinySLATES60.png
15:55:20.950 [FXGL Background Thread 1 ] DEBUG AssetLoader          - Loading from cache: /assets/textures/tinySLATES60.png
15:55:20.950 [FXGL Background Thread 1 ] DEBUG AssetLoader          - Loading from cache: /assets/textures/tinySLATES60.png
15:55:20.950 [FXGL Background Thread 1 ] DEBUG AssetLoader          - Loading from cache: /assets/textures/tinySLATES60.png
15:55:20.950 [FXGL Background Thread 1 ] DEBUG AssetLoader          - Loading from cache: /assets/textures/tinySLATES60.png
15:55:20.950 [FXGL Background Thread 1 ] DEBUG AssetLoader          - Loading from cache: /assets/textures/tinySLATES60.png
15:55:20.950 [FXGL Background Thread 1 ] DEBUG AssetLoader          - Loading from cache: /assets/textures/tinySLATES60.png
15:55:20.950 [FXGL Background Thread 1 ] DEBUG AssetLoader          - Loading from cache: /assets/textures/tinySLATES60.png
15:55:20.950 [FXGL Background Thread 1 ] DEBUG AssetLoader          - Loading from cache: /assets/textures/tinySLATES60.png
15:55:20.951 [FXGL Background Thread 1 ] DEBUG AssetLoader          - Loading from cache: /assets/textures/tinySLATES60.png
15:55:20.951 [FXGL Background Thread 1 ] DEBUG AssetLoader          - Loading from cache: /assets/textures/tinySLATES60.png
15:55:20.951 [FXGL Background Thread 1 ] DEBUG AssetLoader          - Loading from cache: /assets/textures/tinySLATES60.png
15:55:20.951 [FXGL Background Thread 1 ] DEBUG AssetLoader          - Loading from cache: /assets/textures/tinySLATES60.png
15:55:20.951 [FXGL Background Thread 1 ] DEBUG AssetLoader          - Loading from cache: /assets/textures/tinySLATES60.png
15:55:20.951 [FXGL Background Thread 1 ] DEBUG AssetLoader          - Loading from cache: /assets/textures/tinySLATES60.png
15:55:20.951 [FXGL Background Thread 1 ] DEBUG AssetLoader          - Loading from cache: /assets/textures/tinySLATES60.png
15:55:20.951 [FXGL Background Thread 1 ] DEBUG AssetLoader          - Loading from cache: /assets/textures/tinySLATES60.png
15:55:20.951 [FXGL Background Thread 1 ] DEBUG AssetLoader          - Loading from cache: /assets/textures/tinySLATES60.png
15:55:20.951 [FXGL Background Thread 1 ] DEBUG AssetLoader          - Loading from cache: /assets/textures/tinySLATES60.png
15:55:20.952 [FXGL Background Thread 1 ] DEBUG AssetLoader          - Loading from cache: /assets/textures/tinySLATES60.png
15:55:20.952 [FXGL Background Thread 1 ] DEBUG AssetLoader          - Loading from cache: /assets/textures/tinySLATES60.png
15:55:20.952 [FXGL Background Thread 1 ] DEBUG AssetLoader          - Loading from cache: /assets/textures/tinySLATES60.png
15:55:20.952 [FXGL Background Thread 1 ] DEBUG AssetLoader          - Loading from cache: /assets/textures/tinySLATES60.png
15:55:20.952 [FXGL Background Thread 1 ] DEBUG AssetLoader          - Loading from cache: /assets/textures/tinySLATES60.png
15:55:20.952 [FXGL Background Thread 1 ] DEBUG AssetLoader          - Loading from cache: /assets/textures/tinySLATES60.png
15:55:20.952 [FXGL Background Thread 1 ] DEBUG AssetLoader          - Loading from cache: /assets/textures/tinySLATES60.png
15:55:20.952 [FXGL Background Thread 1 ] DEBUG AssetLoader          - Loading from cache: /assets/textures/tinySLATES60.png
15:55:20.952 [FXGL Background Thread 1 ] DEBUG AssetLoader          - Loading from cache: /assets/textures/tinySLATES60.png
15:55:20.952 [FXGL Background Thread 1 ] DEBUG AssetLoader          - Loading from cache: /assets/textures/tinySLATES60.png
15:55:20.952 [FXGL Background Thread 1 ] DEBUG AssetLoader          - Loading from cache: /assets/textures/tinySLATES60.png
15:55:20.952 [FXGL Background Thread 1 ] DEBUG AssetLoader          - Loading from cache: /assets/textures/tinySLATES60.png
15:55:20.952 [FXGL Background Thread 1 ] DEBUG AssetLoader          - Loading from cache: /assets/textures/tinySLATES60.png
15:55:20.952 [FXGL Background Thread 1 ] DEBUG AssetLoader          - Loading from cache: /assets/textures/tinySLATES60.png
15:55:20.953 [FXGL Background Thread 1 ] DEBUG AssetLoader          - Loading from cache: /assets/textures/tinySLATES60.png
15:55:20.953 [FXGL Background Thread 1 ] DEBUG AssetLoader          - Loading from cache: /assets/textures/tinySLATES60.png
15:55:20.953 [FXGL Background Thread 1 ] DEBUG AssetLoader          - Loading from cache: /assets/textures/tinySLATES60.png
15:55:20.953 [FXGL Background Thread 1 ] DEBUG AssetLoader          - Loading from cache: /assets/textures/tinySLATES60.png
15:55:20.953 [FXGL Background Thread 1 ] DEBUG AssetLoader          - Loading from cache: /assets/textures/tinySLATES60.png
15:55:20.953 [FXGL Background Thread 1 ] DEBUG AssetLoader          - Loading from cache: /assets/textures/tinySLATES60.png
15:55:20.953 [FXGL Background Thread 1 ] DEBUG AssetLoader          - Loading from cache: /assets/textures/tinySLATES60.png
15:55:20.953 [FXGL Background Thread 1 ] DEBUG AssetLoader          - Loading from cache: /assets/textures/tinySLATES60.png
15:55:20.953 [FXGL Background Thread 1 ] DEBUG AssetLoader          - Loading from cache: /assets/textures/tinySLATES60.png
15:55:20.953 [FXGL Background Thread 1 ] DEBUG AssetLoader          - Loading from cache: /assets/textures/tinySLATES60.png
15:55:20.953 [FXGL Background Thread 1 ] DEBUG AssetLoader          - Loading from cache: /assets/textures/tinySLATES60.png
15:55:20.954 [FXGL Background Thread 1 ] DEBUG AssetLoader          - Loading from cache: /assets/textures/tinySLATES60.png
15:55:20.954 [FXGL Background Thread 1 ] DEBUG AssetLoader          - Loading from cache: /assets/textures/tinySLATES60.png
15:55:20.954 [FXGL Background Thread 1 ] DEBUG AssetLoader          - Loading from cache: /assets/textures/tinySLATES60.png
15:55:20.956 [FXGL Background Thread 1 ] DEBUG GameScene            - Creating render group for layer: BACKGROUND(1000)
15:55:20.960 [FXGL Background Thread 1 ] DEBUG AssetLoader          - Loading from cache: /assets/textures/tinySLATES60.png
15:55:20.960 [FXGL Background Thread 1 ] DEBUG AssetLoader          - Loading from cache: /assets/textures/tinySLATES60.png
15:55:20.960 [FXGL Background Thread 1 ] DEBUG AssetLoader          - Loading from cache: /assets/textures/tinySLATES60.png
15:55:20.960 [FXGL Background Thread 1 ] DEBUG AssetLoader          - Loading from cache: /assets/textures/tinySLATES60.png
15:55:20.960 [FXGL Background Thread 1 ] DEBUG AssetLoader          - Loading from cache: /assets/textures/tinySLATES60.png
15:55:20.961 [FXGL Background Thread 1 ] DEBUG AssetLoader          - Loading from cache: /assets/textures/tinySLATES60.png
15:55:20.961 [FXGL Background Thread 1 ] DEBUG AssetLoader          - Loading from cache: /assets/textures/tinySLATES60.png
15:55:20.961 [FXGL Background Thread 1 ] DEBUG AssetLoader          - Loading from cache: /assets/textures/tinySLATES60.png
15:55:20.961 [FXGL Background Thread 1 ] DEBUG AssetLoader          - Loading from cache: /assets/textures/tinySLATES60.png
15:55:20.961 [FXGL Background Thread 1 ] DEBUG AssetLoader          - Loading from cache: /assets/textures/tinySLATES60.png
15:55:20.961 [FXGL Background Thread 1 ] DEBUG AssetLoader          - Loading from cache: /assets/textures/tinySLATES60.png
15:55:20.961 [FXGL Background Thread 1 ] DEBUG AssetLoader          - Loading from cache: /assets/textures/tinySLATES60.png
15:55:20.961 [FXGL Background Thread 1 ] DEBUG AssetLoader          - Loading from cache: /assets/textures/tinySLATES60.png
15:55:20.961 [FXGL Background Thread 1 ] DEBUG AssetLoader          - Loading from cache: /assets/textures/tinySLATES60.png
15:55:20.961 [FXGL Background Thread 1 ] DEBUG AssetLoader          - Loading from cache: /assets/textures/tinySLATES60.png
15:55:20.962 [FXGL Background Thread 1 ] DEBUG AssetLoader          - Loading from cache: /assets/textures/tinySLATES60.png
15:55:20.962 [FXGL Background Thread 1 ] DEBUG AssetLoader          - Loading from cache: /assets/textures/tinySLATES60.png
15:55:20.962 [FXGL Background Thread 1 ] DEBUG AssetLoader          - Loading from cache: /assets/textures/tinySLATES60.png
15:55:20.962 [FXGL Background Thread 1 ] DEBUG AssetLoader          - Loading from cache: /assets/textures/tinySLATES60.png
15:55:20.962 [FXGL Background Thread 1 ] DEBUG AssetLoader          - Loading from cache: /assets/textures/tinySLATES60.png
15:55:20.962 [FXGL Background Thread 1 ] DEBUG AssetLoader          - Loading from cache: /assets/textures/tinySLATES60.png
15:55:20.962 [FXGL Background Thread 1 ] DEBUG AssetLoader          - Loading from cache: /assets/textures/tinySLATES60.png
15:55:20.962 [FXGL Background Thread 1 ] DEBUG AssetLoader          - Loading from cache: /assets/textures/tinySLATES60.png
15:55:20.962 [FXGL Background Thread 1 ] DEBUG AssetLoader          - Loading from cache: /assets/textures/tinySLATES60.png
15:55:20.962 [FXGL Background Thread 1 ] DEBUG AssetLoader          - Loading from cache: /assets/textures/tinySLATES60.png
15:55:20.962 [FXGL Background Thread 1 ] DEBUG AssetLoader          - Loading from cache: /assets/textures/tinySLATES60.png
15:55:20.962 [FXGL Background Thread 1 ] DEBUG AssetLoader          - Loading from cache: /assets/textures/tinySLATES60.png
15:55:20.963 [FXGL Background Thread 1 ] DEBUG AssetLoader          - Loading from cache: /assets/textures/tinySLATES60.png
15:55:20.963 [FXGL Background Thread 1 ] DEBUG AssetLoader          - Loading from cache: /assets/textures/tinySLATES60.png
15:55:20.963 [FXGL Background Thread 1 ] DEBUG AssetLoader          - Loading from cache: /assets/textures/tinySLATES60.png
15:55:20.963 [FXGL Background Thread 1 ] DEBUG AssetLoader          - Loading from cache: /assets/textures/tinySLATES60.png
15:55:20.963 [FXGL Background Thread 1 ] DEBUG AssetLoader          - Loading from cache: /assets/textures/tinySLATES60.png
15:55:20.963 [FXGL Background Thread 1 ] DEBUG AssetLoader          - Loading from cache: /assets/textures/tinySLATES60.png
15:55:20.963 [FXGL Background Thread 1 ] DEBUG AssetLoader          - Loading from cache: /assets/textures/tinySLATES60.png
15:55:20.963 [FXGL Background Thread 1 ] DEBUG AssetLoader          - Loading from cache: /assets/textures/tinySLATES60.png
15:55:20.963 [FXGL Background Thread 1 ] DEBUG AssetLoader          - Loading from cache: /assets/textures/tinySLATES60.png
15:55:20.963 [FXGL Background Thread 1 ] DEBUG AssetLoader          - Loading from cache: /assets/textures/tinySLATES60.png
15:55:20.963 [FXGL Background Thread 1 ] DEBUG AssetLoader          - Loading from cache: /assets/textures/tinySLATES60.png
15:55:20.963 [FXGL Background Thread 1 ] DEBUG AssetLoader          - Loading from cache: /assets/textures/tinySLATES60.png
15:55:20.963 [FXGL Background Thread 1 ] DEBUG AssetLoader          - Loading from cache: /assets/textures/tinySLATES60.png
15:55:20.963 [FXGL Background Thread 1 ] DEBUG AssetLoader          - Loading from cache: /assets/textures/tinySLATES60.png
15:55:20.963 [FXGL Background Thread 1 ] DEBUG AssetLoader          - Loading from cache: /assets/textures/tinySLATES60.png
15:55:20.964 [FXGL Background Thread 1 ] DEBUG AssetLoader          - Loading from cache: /assets/textures/tinySLATES60.png
15:55:20.964 [FXGL Background Thread 1 ] DEBUG AssetLoader          - Loading from cache: /assets/textures/tinySLATES60.png
15:55:20.964 [FXGL Background Thread 1 ] DEBUG AssetLoader          - Loading from cache: /assets/textures/tinySLATES60.png
15:55:20.964 [FXGL Background Thread 1 ] DEBUG AssetLoader          - Loading from cache: /assets/textures/tinySLATES60.png
15:55:20.964 [FXGL Background Thread 1 ] DEBUG AssetLoader          - Loading from cache: /assets/textures/tinySLATES60.png
15:55:20.964 [FXGL Background Thread 1 ] DEBUG AssetLoader          - Loading from cache: /assets/textures/tinySLATES60.png
15:55:20.964 [FXGL Background Thread 1 ] DEBUG AssetLoader          - Loading from cache: /assets/textures/tinySLATES60.png
15:55:20.964 [FXGL Background Thread 1 ] DEBUG AssetLoader          - Loading from cache: /assets/textures/tinySLATES60.png
15:55:20.964 [FXGL Background Thread 1 ] DEBUG AssetLoader          - Loading from cache: /assets/textures/tinySLATES60.png
15:55:20.964 [FXGL Background Thread 1 ] DEBUG AssetLoader          - Loading from cache: /assets/textures/tinySLATES60.png
15:55:20.964 [FXGL Background Thread 1 ] DEBUG AssetLoader          - Loading from cache: /assets/textures/tinySLATES60.png
15:55:20.964 [FXGL Background Thread 1 ] DEBUG AssetLoader          - Loading from cache: /assets/textures/tinySLATES60.png
15:55:20.964 [FXGL Background Thread 1 ] DEBUG AssetLoader          - Loading from cache: /assets/textures/tinySLATES60.png
15:55:20.965 [FXGL Background Thread 1 ] DEBUG AssetLoader          - Loading from cache: /assets/textures/tinySLATES60.png
15:55:20.965 [FXGL Background Thread 1 ] DEBUG AssetLoader          - Loading from cache: /assets/textures/tinySLATES60.png
15:55:20.965 [FXGL Background Thread 1 ] DEBUG AssetLoader          - Loading from cache: /assets/textures/tinySLATES60.png
15:55:20.965 [FXGL Background Thread 1 ] DEBUG AssetLoader          - Loading from cache: /assets/textures/tinySLATES60.png
15:55:20.965 [FXGL Background Thread 1 ] DEBUG AssetLoader          - Loading from cache: /assets/textures/tinySLATES60.png
15:55:20.965 [FXGL Background Thread 1 ] DEBUG AssetLoader          - Loading from cache: /assets/textures/tinySLATES60.png
15:55:20.965 [FXGL Background Thread 1 ] DEBUG AssetLoader          - Loading from cache: /assets/textures/tinySLATES60.png
15:55:20.965 [FXGL Background Thread 1 ] DEBUG AssetLoader          - Loading from cache: /assets/textures/tinySLATES60.png
15:55:20.965 [FXGL Background Thread 1 ] DEBUG AssetLoader          - Loading from cache: /assets/textures/tinySLATES60.png
15:55:20.965 [FXGL Background Thread 1 ] DEBUG AssetLoader          - Loading from cache: /assets/textures/tinySLATES60.png
15:55:20.965 [FXGL Background Thread 1 ] DEBUG AssetLoader          - Loading from cache: /assets/textures/tinySLATES60.png
15:55:20.965 [FXGL Background Thread 1 ] DEBUG AssetLoader          - Loading from cache: /assets/textures/tinySLATES60.png
15:55:20.965 [FXGL Background Thread 1 ] DEBUG AssetLoader          - Loading from cache: /assets/textures/tinySLATES60.png
15:55:20.965 [FXGL Background Thread 1 ] DEBUG AssetLoader          - Loading from cache: /assets/textures/tinySLATES60.png
15:55:20.966 [FXGL Background Thread 1 ] DEBUG AssetLoader          - Loading from cache: /assets/textures/tinySLATES60.png
15:55:20.966 [FXGL Background Thread 1 ] DEBUG AssetLoader          - Loading from cache: /assets/textures/tinySLATES60.png
15:55:20.966 [FXGL Background Thread 1 ] DEBUG AssetLoader          - Loading from cache: /assets/textures/tinySLATES60.png
15:55:20.966 [FXGL Background Thread 1 ] DEBUG AssetLoader          - Loading from cache: /assets/textures/tinySLATES60.png
15:55:20.966 [FXGL Background Thread 1 ] DEBUG AssetLoader          - Loading from cache: /assets/textures/tinySLATES60.png
15:55:20.966 [FXGL Background Thread 1 ] DEBUG AssetLoader          - Loading from cache: /assets/textures/tinySLATES60.png
15:55:20.966 [FXGL Background Thread 1 ] DEBUG AssetLoader          - Loading from cache: /assets/textures/tinySLATES60.png
15:55:20.966 [FXGL Background Thread 1 ] DEBUG AssetLoader          - Loading from cache: /assets/textures/tinySLATES60.png
15:55:20.966 [FXGL Background Thread 1 ] DEBUG AssetLoader          - Loading from cache: /assets/textures/tinySLATES60.png
15:55:20.966 [FXGL Background Thread 1 ] DEBUG AssetLoader          - Loading from cache: /assets/textures/tinySLATES60.png
15:55:20.966 [FXGL Background Thread 1 ] DEBUG AssetLoader          - Loading from cache: /assets/textures/tinySLATES60.png
15:55:20.966 [FXGL Background Thread 1 ] DEBUG AssetLoader          - Loading from cache: /assets/textures/tinySLATES60.png
15:55:20.966 [FXGL Background Thread 1 ] DEBUG AssetLoader          - Loading from cache: /assets/textures/tinySLATES60.png
15:55:20.966 [FXGL Background Thread 1 ] DEBUG AssetLoader          - Loading from cache: /assets/textures/tinySLATES60.png
15:55:20.966 [FXGL Background Thread 1 ] DEBUG AssetLoader          - Loading from cache: /assets/textures/tinySLATES60.png
15:55:20.967 [FXGL Background Thread 1 ] DEBUG AssetLoader          - Loading from cache: /assets/textures/tinySLATES60.png
15:55:20.967 [FXGL Background Thread 1 ] DEBUG AssetLoader          - Loading from cache: /assets/textures/tinySLATES60.png
15:55:20.967 [FXGL Background Thread 1 ] DEBUG AssetLoader          - Loading from cache: /assets/textures/tinySLATES60.png
15:55:20.967 [FXGL Background Thread 1 ] DEBUG AssetLoader          - Loading from cache: /assets/textures/tinySLATES60.png
15:55:20.967 [FXGL Background Thread 1 ] DEBUG AssetLoader          - Loading from cache: /assets/textures/tinySLATES60.png
15:55:20.967 [FXGL Background Thread 1 ] DEBUG AssetLoader          - Loading from cache: /assets/textures/tinySLATES60.png
15:55:20.967 [FXGL Background Thread 1 ] DEBUG AssetLoader          - Loading from cache: /assets/textures/tinySLATES60.png
15:55:20.967 [FXGL Background Thread 1 ] DEBUG AssetLoader          - Loading from cache: /assets/textures/tinySLATES60.png
15:55:20.967 [FXGL Background Thread 1 ] DEBUG AssetLoader          - Loading from cache: /assets/textures/tinySLATES60.png
15:55:20.967 [FXGL Background Thread 1 ] DEBUG AssetLoader          - Loading from cache: /assets/textures/tinySLATES60.png
15:55:20.967 [FXGL Background Thread 1 ] DEBUG AssetLoader          - Loading from cache: /assets/textures/tinySLATES60.png
15:55:20.967 [FXGL Background Thread 1 ] DEBUG AssetLoader          - Loading from cache: /assets/textures/tinySLATES60.png
15:55:20.967 [FXGL Background Thread 1 ] DEBUG AssetLoader          - Loading from cache: /assets/textures/tinySLATES60.png
15:55:20.967 [FXGL Background Thread 1 ] DEBUG AssetLoader          - Loading from cache: /assets/textures/tinySLATES60.png
15:55:20.968 [FXGL Background Thread 1 ] DEBUG AssetLoader          - Loading from cache: /assets/textures/tinySLATES60.png
15:55:20.968 [FXGL Background Thread 1 ] DEBUG AssetLoader          - Loading from cache: /assets/textures/tinySLATES60.png
15:55:20.968 [FXGL Background Thread 1 ] DEBUG AssetLoader          - Loading from cache: /assets/textures/tinySLATES60.png
15:55:20.968 [FXGL Background Thread 1 ] DEBUG AssetLoader          - Loading from cache: /assets/textures/tinySLATES60.png
15:55:20.968 [FXGL Background Thread 1 ] DEBUG AssetLoader          - Loading from cache: /assets/textures/tinySLATES60.png
15:55:20.968 [FXGL Background Thread 1 ] DEBUG AssetLoader          - Loading from cache: /assets/textures/tinySLATES60.png
15:55:20.968 [FXGL Background Thread 1 ] DEBUG AssetLoader          - Loading from cache: /assets/textures/tinySLATES60.png
15:55:20.968 [FXGL Background Thread 1 ] DEBUG AssetLoader          - Loading from cache: /assets/textures/tinySLATES60.png
15:55:20.968 [FXGL Background Thread 1 ] DEBUG AssetLoader          - Loading from cache: /assets/textures/tinySLATES60.png
15:55:20.968 [FXGL Background Thread 1 ] DEBUG AssetLoader          - Loading from cache: /assets/textures/tinySLATES60.png
15:55:20.968 [FXGL Background Thread 1 ] DEBUG AssetLoader          - Loading from cache: /assets/textures/tinySLATES60.png
15:55:20.968 [FXGL Background Thread 1 ] DEBUG AssetLoader          - Loading from cache: /assets/textures/tinySLATES60.png
15:55:20.968 [FXGL Background Thread 1 ] DEBUG AssetLoader          - Loading from cache: /assets/textures/tinySLATES60.png
15:55:20.969 [FXGL Background Thread 1 ] DEBUG AssetLoader          - Loading from cache: /assets/textures/tinySLATES60.png
15:55:20.969 [FXGL Background Thread 1 ] DEBUG AssetLoader          - Loading from cache: /assets/textures/tinySLATES60.png
15:55:20.969 [FXGL Background Thread 1 ] DEBUG AssetLoader          - Loading from cache: /assets/textures/tinySLATES60.png
15:55:20.969 [FXGL Background Thread 1 ] DEBUG AssetLoader          - Loading from cache: /assets/textures/tinySLATES60.png
15:55:20.969 [FXGL Background Thread 1 ] DEBUG AssetLoader          - Loading from cache: /assets/textures/tinySLATES60.png
15:55:20.969 [FXGL Background Thread 1 ] DEBUG AssetLoader          - Loading from cache: /assets/textures/tinySLATES60.png
15:55:20.969 [FXGL Background Thread 1 ] DEBUG AssetLoader          - Loading from cache: /assets/textures/tinySLATES60.png
15:55:20.969 [FXGL Background Thread 1 ] DEBUG AssetLoader          - Loading from cache: /assets/textures/tinySLATES60.png
15:55:20.969 [FXGL Background Thread 1 ] DEBUG AssetLoader          - Loading from cache: /assets/textures/tinySLATES60.png
15:55:20.969 [FXGL Background Thread 1 ] DEBUG AssetLoader          - Loading from cache: /assets/textures/tinySLATES60.png
15:55:20.969 [FXGL Background Thread 1 ] DEBUG AssetLoader          - Loading from cache: /assets/textures/tinySLATES60.png
15:55:20.970 [FXGL Background Thread 1 ] DEBUG AssetLoader          - Loading from cache: /assets/textures/tinySLATES60.png
15:55:20.970 [FXGL Background Thread 1 ] DEBUG AssetLoader          - Loading from cache: /assets/textures/tinySLATES60.png
15:55:20.970 [FXGL Background Thread 1 ] DEBUG AssetLoader          - Loading from cache: /assets/textures/tinySLATES60.png
15:55:20.970 [FXGL Background Thread 1 ] DEBUG AssetLoader          - Loading from cache: /assets/textures/tinySLATES60.png
15:55:20.970 [FXGL Background Thread 1 ] DEBUG AssetLoader          - Loading from cache: /assets/textures/tinySLATES60.png
15:55:20.970 [FXGL Background Thread 1 ] DEBUG AssetLoader          - Loading from cache: /assets/textures/tinySLATES60.png
15:55:20.970 [FXGL Background Thread 1 ] DEBUG AssetLoader          - Loading from cache: /assets/textures/tinySLATES60.png
15:55:20.970 [FXGL Background Thread 1 ] DEBUG AssetLoader          - Loading from cache: /assets/textures/tinySLATES60.png
15:55:20.970 [FXGL Background Thread 1 ] DEBUG AssetLoader          - Loading from cache: /assets/textures/tinySLATES60.png
15:55:20.970 [FXGL Background Thread 1 ] DEBUG AssetLoader          - Loading from cache: /assets/textures/tinySLATES60.png
15:55:20.970 [FXGL Background Thread 1 ] DEBUG AssetLoader          - Loading from cache: /assets/textures/tinySLATES60.png
15:55:20.970 [FXGL Background Thread 1 ] DEBUG AssetLoader          - Loading from cache: /assets/textures/tinySLATES60.png
15:55:20.971 [FXGL Background Thread 1 ] DEBUG AssetLoader          - Loading from cache: /assets/textures/tinySLATES60.png
15:55:20.971 [FXGL Background Thread 1 ] DEBUG AssetLoader          - Loading from cache: /assets/textures/tinySLATES60.png
15:55:20.977 [FXGL Background Thread 1 ] DEBUG AssetLoader          - Loading from cache: /assets/textures/tinySLATES60.png
15:55:20.977 [FXGL Background Thread 1 ] DEBUG AssetLoader          - Loading from cache: /assets/textures/tinySLATES60.png
15:55:20.977 [FXGL Background Thread 1 ] DEBUG AssetLoader          - Loading from cache: /assets/textures/tinySLATES60.png
15:55:20.977 [FXGL Background Thread 1 ] DEBUG AssetLoader          - Loading from cache: /assets/textures/tinySLATES60.png
15:55:20.977 [FXGL Background Thread 1 ] DEBUG AssetLoader          - Loading from cache: /assets/textures/tinySLATES60.png
15:55:20.978 [FXGL Background Thread 1 ] DEBUG AssetLoader          - Loading from cache: /assets/textures/tinySLATES60.png
15:55:20.978 [FXGL Background Thread 1 ] DEBUG AssetLoader          - Loading from cache: /assets/textures/tinySLATES60.png
15:55:20.978 [FXGL Background Thread 1 ] DEBUG AssetLoader          - Loading from cache: /assets/textures/tinySLATES60.png
15:55:20.978 [FXGL Background Thread 1 ] DEBUG AssetLoader          - Loading from cache: /assets/textures/tinySLATES60.png
15:55:20.978 [FXGL Background Thread 1 ] DEBUG AssetLoader          - Loading from cache: /assets/textures/tinySLATES60.png
15:55:20.978 [FXGL Background Thread 1 ] DEBUG AssetLoader          - Loading from cache: /assets/textures/tinySLATES60.png
15:55:20.978 [FXGL Background Thread 1 ] DEBUG AssetLoader          - Loading from cache: /assets/textures/tinySLATES60.png
15:55:20.978 [FXGL Background Thread 1 ] DEBUG AssetLoader          - Loading from cache: /assets/textures/tinySLATES60.png
15:55:20.978 [FXGL Background Thread 1 ] DEBUG AssetLoader          - Loading from cache: /assets/textures/tinySLATES60.png
15:55:20.978 [FXGL Background Thread 1 ] DEBUG AssetLoader          - Loading from cache: /assets/textures/tinySLATES60.png
15:55:20.978 [FXGL Background Thread 1 ] DEBUG AssetLoader          - Loading from cache: /assets/textures/tinySLATES60.png
15:55:20.978 [FXGL Background Thread 1 ] DEBUG AssetLoader          - Loading from cache: /assets/textures/tinySLATES60.png
15:55:20.978 [FXGL Background Thread 1 ] DEBUG AssetLoader          - Loading from cache: /assets/textures/tinySLATES60.png
15:55:20.978 [FXGL Background Thread 1 ] DEBUG AssetLoader          - Loading from cache: /assets/textures/tinySLATES60.png
15:55:20.978 [FXGL Background Thread 1 ] DEBUG AssetLoader          - Loading from cache: /assets/textures/tinySLATES60.png
15:55:20.978 [FXGL Background Thread 1 ] DEBUG AssetLoader          - Loading from cache: /assets/textures/tinySLATES60.png
15:55:20.979 [FXGL Background Thread 1 ] DEBUG AssetLoader          - Loading from cache: /assets/textures/tinySLATES60.png
15:55:20.979 [FXGL Background Thread 1 ] DEBUG AssetLoader          - Loading from cache: /assets/textures/tinySLATES60.png
15:55:20.979 [FXGL Background Thread 1 ] DEBUG AssetLoader          - Loading from cache: /assets/textures/tinySLATES60.png
15:55:20.979 [FXGL Background Thread 1 ] DEBUG AssetLoader          - Loading from cache: /assets/textures/tinySLATES60.png
15:55:20.979 [FXGL Background Thread 1 ] DEBUG AssetLoader          - Loading from cache: /assets/textures/tinySLATES60.png
15:55:20.979 [FXGL Background Thread 1 ] DEBUG AssetLoader          - Loading from cache: /assets/textures/tinySLATES60.png
15:55:20.979 [FXGL Background Thread 1 ] DEBUG AssetLoader          - Loading from cache: /assets/textures/tinySLATES60.png
15:55:20.979 [FXGL Background Thread 1 ] DEBUG AssetLoader          - Loading from cache: /assets/textures/tinySLATES60.png
15:55:20.979 [FXGL Background Thread 1 ] DEBUG AssetLoader          - Loading from cache: /assets/textures/tinySLATES60.png
15:55:20.979 [FXGL Background Thread 1 ] DEBUG AssetLoader          - Loading from cache: /assets/textures/tinySLATES60.png
15:55:20.979 [FXGL Background Thread 1 ] DEBUG AssetLoader          - Loading from cache: /assets/textures/tinySLATES60.png
15:55:20.979 [FXGL Background Thread 1 ] DEBUG AssetLoader          - Loading from cache: /assets/textures/tinySLATES60.png
15:55:20.979 [FXGL Background Thread 1 ] DEBUG AssetLoader          - Loading from cache: /assets/textures/tinySLATES60.png
15:55:20.979 [FXGL Background Thread 1 ] DEBUG AssetLoader          - Loading from cache: /assets/textures/tinySLATES60.png
15:55:20.979 [FXGL Background Thread 1 ] DEBUG AssetLoader          - Loading from cache: /assets/textures/tinySLATES60.png
15:55:20.980 [FXGL Background Thread 1 ] DEBUG AssetLoader          - Loading from cache: /assets/textures/tinySLATES60.png
15:55:20.980 [FXGL Background Thread 1 ] DEBUG AssetLoader          - Loading from cache: /assets/textures/tinySLATES60.png
15:55:20.980 [FXGL Background Thread 1 ] DEBUG AssetLoader          - Loading from cache: /assets/textures/tinySLATES60.png
15:55:20.980 [FXGL Background Thread 1 ] DEBUG AssetLoader          - Loading from cache: /assets/textures/tinySLATES60.png
15:55:20.980 [FXGL Background Thread 1 ] DEBUG AssetLoader          - Loading from cache: /assets/textures/tinySLATES60.png
15:55:20.980 [FXGL Background Thread 1 ] DEBUG AssetLoader          - Loading from cache: /assets/textures/tinySLATES60.png
15:55:20.980 [FXGL Background Thread 1 ] DEBUG AssetLoader          - Loading from cache: /assets/textures/tinySLATES60.png
15:55:20.980 [FXGL Background Thread 1 ] DEBUG AssetLoader          - Loading from cache: /assets/textures/tinySLATES60.png
15:55:20.980 [FXGL Background Thread 1 ] DEBUG AssetLoader          - Loading from cache: /assets/textures/tinySLATES60.png
15:55:20.980 [FXGL Background Thread 1 ] DEBUG AssetLoader          - Loading from cache: /assets/textures/tinySLATES60.png
15:55:20.980 [FXGL Background Thread 1 ] DEBUG AssetLoader          - Loading from cache: /assets/textures/tinySLATES60.png
15:55:20.980 [FXGL Background Thread 1 ] DEBUG AssetLoader          - Loading from cache: /assets/textures/tinySLATES60.png
15:55:20.980 [FXGL Background Thread 1 ] DEBUG AssetLoader          - Loading from cache: /assets/textures/tinySLATES60.png
15:55:20.980 [FXGL Background Thread 1 ] DEBUG AssetLoader          - Loading from cache: /assets/textures/tinySLATES60.png
15:55:20.980 [FXGL Background Thread 1 ] DEBUG AssetLoader          - Loading from cache: /assets/textures/tinySLATES60.png
15:55:20.981 [FXGL Background Thread 1 ] DEBUG AssetLoader          - Loading from cache: /assets/textures/tinySLATES60.png
15:55:20.981 [FXGL Background Thread 1 ] DEBUG AssetLoader          - Loading from cache: /assets/textures/tinySLATES60.png
15:55:20.981 [FXGL Background Thread 1 ] DEBUG AssetLoader          - Loading from cache: /assets/textures/tinySLATES60.png
15:55:20.981 [FXGL Background Thread 1 ] DEBUG AssetLoader          - Loading from cache: /assets/textures/tinySLATES60.png
15:55:20.981 [FXGL Background Thread 1 ] DEBUG AssetLoader          - Loading from cache: /assets/textures/tinySLATES60.png
15:55:20.981 [FXGL Background Thread 1 ] DEBUG AssetLoader          - Loading from cache: /assets/textures/tinySLATES60.png
15:55:20.981 [FXGL Background Thread 1 ] DEBUG AssetLoader          - Loading from cache: /assets/textures/tinySLATES60.png
15:55:20.981 [FXGL Background Thread 1 ] DEBUG AssetLoader          - Loading from cache: /assets/textures/tinySLATES60.png
15:55:20.981 [FXGL Background Thread 1 ] DEBUG AssetLoader          - Loading from cache: /assets/textures/tinySLATES60.png
15:55:20.981 [FXGL Background Thread 1 ] DEBUG AssetLoader          - Loading from cache: /assets/textures/tinySLATES60.png
15:55:20.981 [FXGL Background Thread 1 ] DEBUG AssetLoader          - Loading from cache: /assets/textures/tinySLATES60.png
15:55:20.981 [FXGL Background Thread 1 ] DEBUG AssetLoader          - Loading from cache: /assets/textures/tinySLATES60.png
15:55:20.981 [FXGL Background Thread 1 ] DEBUG AssetLoader          - Loading from cache: /assets/textures/tinySLATES60.png
15:55:20.981 [FXGL Background Thread 1 ] DEBUG AssetLoader          - Loading from cache: /assets/textures/tinySLATES60.png
15:55:20.981 [FXGL Background Thread 1 ] DEBUG AssetLoader          - Loading from cache: /assets/textures/tinySLATES60.png
15:55:20.982 [FXGL Background Thread 1 ] DEBUG AssetLoader          - Loading from cache: /assets/textures/tinySLATES60.png
15:55:20.982 [FXGL Background Thread 1 ] DEBUG AssetLoader          - Loading from cache: /assets/textures/tinySLATES60.png
15:55:20.982 [FXGL Background Thread 1 ] DEBUG AssetLoader          - Loading from cache: /assets/textures/tinySLATES60.png
15:55:20.982 [FXGL Background Thread 1 ] DEBUG AssetLoader          - Loading from cache: /assets/textures/tinySLATES60.png
15:55:20.982 [FXGL Background Thread 1 ] DEBUG AssetLoader          - Loading from cache: /assets/textures/tinySLATES60.png
15:55:20.982 [FXGL Background Thread 1 ] DEBUG AssetLoader          - Loading from cache: /assets/textures/tinySLATES60.png
15:55:20.982 [FXGL Background Thread 1 ] DEBUG AssetLoader          - Loading from cache: /assets/textures/tinySLATES60.png
15:55:20.982 [FXGL Background Thread 1 ] DEBUG AssetLoader          - Loading from cache: /assets/textures/tinySLATES60.png
15:55:20.982 [FXGL Background Thread 1 ] DEBUG AssetLoader          - Loading from cache: /assets/textures/tinySLATES60.png
15:55:20.982 [FXGL Background Thread 1 ] DEBUG AssetLoader          - Loading from cache: /assets/textures/tinySLATES60.png
15:55:20.982 [FXGL Background Thread 1 ] DEBUG AssetLoader          - Loading from cache: /assets/textures/tinySLATES60.png
15:55:20.983 [FXGL Background Thread 1 ] DEBUG AssetLoader          - Loading from cache: /assets/textures/tinySLATES60.png
15:55:20.983 [FXGL Background Thread 1 ] DEBUG AssetLoader          - Loading from cache: /assets/textures/tinySLATES60.png
15:55:20.983 [FXGL Background Thread 1 ] DEBUG AssetLoader          - Loading from cache: /assets/textures/tinySLATES60.png
15:55:20.983 [FXGL Background Thread 1 ] DEBUG AssetLoader          - Loading from cache: /assets/textures/tinySLATES60.png
15:55:20.983 [FXGL Background Thread 1 ] DEBUG AssetLoader          - Loading from cache: /assets/textures/tinySLATES60.png
15:55:20.983 [FXGL Background Thread 1 ] DEBUG AssetLoader          - Loading from cache: /assets/textures/tinySLATES60.png
15:55:20.992 [FXGL Background Thread 1 ] DEBUG AssetLoader          - Loading from disk: /assets/textures/redHero.png
15:55:20.994 [FXGL Background Thread 1 ] DEBUG GameScene            - Creating render group for layer: DEFAULT(100000)
15:55:20.995 [FXGL Background Thread 1 ] DEBUG AssetLoader          - Loading from disk: /assets/textures/blueHero.png
15:55:20.996 [FXGL Background Thread 1 ] DEBUG AssetLoader          - Loading from disk: /assets/textures/greenHero.png
15:55:20.998 [FXGL Background Thread 1 ] DEBUG AssetLoader          - Loading from disk: /assets/textures/UI.png
15:55:21.001 [FXGL Background Thread 1 ] DEBUG InitAppTask          - Initializing Physics
15:55:21.001 [FXGL Background Thread 1 ] DEBUG InitAppTask          - Initializing UI
15:55:21.002 [FXGL Background Thread 1 ] DEBUG AssetLoader          - Loading from disk: /assets/ui/cursors/cursor.png
15:55:21.006 [FXGL Background Thread 1 ] DEBUG InitAppTask          - Initialization Complete
15:55:21.006 [FXGL Background Thread 1 ] INFO  InitAppTask          - Game initialization took: 0,352 sec
15:55:21.013 [JavaFX Application Thread] DEBUG Input                - Clearing active input actions
15:55:21.013 [JavaFX Application Thread] DEBUG AssetLoader          - Loading from disk: /assets/ui/css/fxgl_dark.css
15:55:21.049 [JavaFX Application Thread] DEBUG AppStateMachine      - LoadingState -> PlayState
15:55:25.306 [JavaFX Application Thread] DEBUG LoopRunner           - Pausing loop
16:46:23.474 [JavaFX Application Thread] DEBUG FXGL                 - Exiting FXGL
16:46:23.479 [JavaFX Application Thread] DEBUG FXGL                 - Shutting down background threads
16:46:23.483 [JavaFX Application Thread] DEBUG FXGL                 - Saving FXGL system data
16:46:23.504 [JavaFX Application Thread] DEBUG DesktopFSService     - Writing to: system\fxgl.bundle
16:46:23.513 [JavaFX Application Thread] DEBUG FXGL                 - Closing logger and exiting JavaFX
