12:50:45.452 [JavaFX Application Thread] DEBUG GameApplication      - Logger initialized
12:50:45.467 [JavaFX Application Thread] DEBUG GameApplication      - Logging settings
Title: Journey down the den
Version: 0.2
Width: 1920
Height: 1080
Fullscreen: true
Intro: false
Menus: false
Profiling: true
Single step:false
App Mode: DEVELOPER
Menu Key: ESCAPE
Stage Style: DECORATED
Scene Factory: class com.almasb.fxgl.scene.SceneFactory
Dialog Factory: class com.almasb.fxgl.ui.FXGLDialogFactory
UI Factory: class com.almasb.fxgl.ui.FXGLUIFactory
Notification Service: class com.almasb.fxgl.gameplay.notification.XboxNotificationView
Exception Handler: class com.almasb.fxgl.app.FXGLExceptionHandler
12:50:45.467 [JavaFX Application Thread] DEBUG GameApplication      - Starting FXGL
12:50:45.474 [JavaFX Application Thread] INFO  FXGL                 - FXGL-0.5.4 on DESKTOP
12:50:45.475 [JavaFX Application Thread] INFO  FXGL                 - Source code and latest versions at: https://github.com/AlmasB/FXGL
12:50:45.475 [JavaFX Application Thread] INFO  FXGL                 -              Join the FXGL chat at: https://gitter.im/AlmasB/FXGL
12:50:45.475 [JavaFX Application Thread] DEBUG FXGL                 - FXGL started
12:50:45.475 [JavaFX Application Thread] DEBUG FXGL                 - Initializing FXGL
12:50:45.528 [JavaFX Application Thread] DEBUG AssetLoader          - Loading from disk: /assets/ui/cursors/fxgl_default.png
12:50:45.601 [JavaFX Application Thread] DEBUG AssetLoader          - Loading from disk: /assets/ui/fonts/VarelaRound-Regular.ttf
12:50:45.956 [JavaFX Application Thread] DEBUG MainWindow           - Creating a JavaFX scene
12:50:45.984 [JavaFX Application Thread] DEBUG MainWindow           - Target settings size: 1920.0 x 1080.0
12:50:45.984 [JavaFX Application Thread] DEBUG MainWindow           - Scaled scene size:    1920.0 x 1080.0
12:50:45.985 [JavaFX Application Thread] DEBUG MainWindow           - Scaled ratio: (1.0, 1.0)
12:50:45.996 [JavaFX Application Thread] DEBUG AssetLoader          - Loading from disk: /assets/ui/css/fxgl_dark.css
12:50:45.999 [JavaFX Application Thread] DEBUG AssetLoader          - Loading from disk: /assets/textures/JDTD_icon.png
12:50:46.010 [JavaFX Application Thread] DEBUG MainWindow           - Opening main window
12:50:46.180 [JavaFX Application Thread] DEBUG MainWindow           - Window border size: (16.0, 20.0)
12:50:46.180 [JavaFX Application Thread] DEBUG MainWindow           - Scaled size: 1920.0 x 1080.0
12:50:46.180 [JavaFX Application Thread] DEBUG MainWindow           - Scaled ratio: (1.0, 1.0)
12:50:46.180 [JavaFX Application Thread] DEBUG MainWindow           - Scene size: 1920.0 x 1080.0
12:50:46.180 [JavaFX Application Thread] DEBUG MainWindow           - Stage size: 1936.0 x 1100.0
12:50:46.210 [ForkJoinPool.commonPool-worker-9] DEBUG FS                   - Loaded DesktopFSService
12:50:46.211 [ForkJoinPool.commonPool-worker-9] DEBUG FXGL                 - Loading FXGL system data
12:50:46.216 [ForkJoinPool.commonPool-worker-9] DEBUG DesktopFSService     - Reading from: system\fxgl.bundle
12:50:46.224 [ForkJoinPool.commonPool-worker-9] DEBUG Bundle               - Logging bundle: FXGL
12:50:46.224 [ForkJoinPool.commonPool-worker-9] DEBUG Bundle               - FXGL.offline.timer.version.check=2020-11-18T09:51:52.340
12:50:46.225 [ForkJoinPool.commonPool-worker-9] DEBUG FXGL                 - Initializing state machine and application states
12:50:46.226 [ForkJoinPool.commonPool-worker-9] DEBUG AssetLoader          - Loading from disk: /assets/ui/cursors/fxgl_default.png
12:50:46.230 [ForkJoinPool.commonPool-worker-9] DEBUG AssetLoader          - Loading from disk: /assets/ui/cursors/fxgl_default.png
12:50:46.239 [ForkJoinPool.commonPool-worker-9] DEBUG AssetLoader          - Loading from cache: /assets/ui/fonts/VarelaRound-Regular.ttf
12:50:46.242 [ForkJoinPool.commonPool-worker-9] DEBUG AssetLoader          - Loading from disk: /assets/ui/cursors/fxgl_default.png
12:50:46.243 [ForkJoinPool.commonPool-worker-9] DEBUG AssetLoader          - Loading from disk: /assets/ui/fonts/lucida_console.ttf
12:50:46.250 [ForkJoinPool.commonPool-worker-9] DEBUG GameScene            - Game scene initialized: 1920x1080
12:50:46.255 [ForkJoinPool.commonPool-worker-9] DEBUG GameWorld            - Game world initialized
12:50:46.308 [ForkJoinPool.commonPool-worker-9] DEBUG PhysicsWorld         - Physics world initialized: appHeight=1080, physics.ppm=50,0
12:50:46.344 [ForkJoinPool.commonPool-worker-9] DEBUG Input                - Registered new binding: Pause - Esc
12:50:46.381 [JavaFX Application Thread] DEBUG FXGL                 - Running preInit()
12:50:46.383 [JavaFX Application Thread] DEBUG Input                - Registered new binding: Screenshot - P
12:50:46.383 [JavaFX Application Thread] DEBUG Input                - Registered new binding: Dev Options - CTRL+0
12:50:46.384 [JavaFX Application Thread] DEBUG Input                - Registered new binding: System info dump - CTRL+9
12:50:46.384 [JavaFX Application Thread] DEBUG Input                - Registered new binding: Restart - CTRL+R
12:50:46.384 [JavaFX Application Thread] DEBUG Input                - Registered new binding: Show grid - F
12:50:46.385 [JavaFX Application Thread] INFO  FXGL                 - FXGL initialization took: 0,909 sec
12:50:46.385 [JavaFX Application Thread] DEBUG LoopRunner           - Starting loop
12:50:46.386 [JavaFX Application Thread] DEBUG StartupState         - STARTUP
12:50:46.386 [JavaFX Application Thread] DEBUG GameApplication      - Starting new game
12:50:46.386 [JavaFX Application Thread] DEBUG Input                - Clearing active input actions
12:50:46.387 [JavaFX Application Thread] DEBUG AssetLoader          - Loading from disk: /assets/ui/css/fxgl_dark.css
12:50:46.391 [JavaFX Application Thread] DEBUG AppStateMachine      - StartupState -> LoadingState
12:50:46.397 [FXGL Background Thread 1 ] DEBUG InitAppTask          - Clearing previous game
12:50:46.397 [FXGL Background Thread 1 ] DEBUG GameWorld            - Clearing game world
12:50:46.397 [FXGL Background Thread 1 ] DEBUG PhysicsWorld         - Clearing physics world
12:50:46.397 [FXGL Background Thread 1 ] DEBUG GameScene            - Clearing game scene
12:50:46.398 [FXGL Background Thread 1 ] DEBUG InitAppTask          - Initializing Game
12:50:46.440 [FXGL Background Thread 1 ] DEBUG AssetLoader          - Loading from disk: /assets/textures/redHero.png
12:50:46.451 [FXGL Background Thread 1 ] DEBUG GameScene            - Creating render group for layer: DEFAULT(100000)
12:50:46.454 [FXGL Background Thread 1 ] DEBUG AssetLoader          - Loading from disk: /assets/textures/blueHero.png
12:50:46.456 [FXGL Background Thread 1 ] DEBUG AssetLoader          - Loading from disk: /assets/textures/greenHero.png
12:50:46.459 [FXGL Background Thread 1 ] DEBUG AssetLoader          - Loading from disk: /assets/textures/Hero1_full.png
12:50:46.462 [FXGL Background Thread 1 ] DEBUG InitAppTask          - Initializing Physics
12:50:46.462 [FXGL Background Thread 1 ] DEBUG InitAppTask          - Initializing UI
12:50:46.463 [FXGL Background Thread 1 ] DEBUG AssetLoader          - Loading from disk: /assets/ui/cursors/cursor.png
12:50:46.467 [FXGL Background Thread 1 ] DEBUG InitAppTask          - Initialization Complete
12:50:46.467 [FXGL Background Thread 1 ] INFO  InitAppTask          - Game initialization took: 0,071 sec
12:50:46.469 [JavaFX Application Thread] DEBUG Input                - Clearing active input actions
12:50:46.469 [JavaFX Application Thread] DEBUG AssetLoader          - Loading from disk: /assets/ui/css/fxgl_dark.css
12:50:46.474 [JavaFX Application Thread] DEBUG AppStateMachine      - LoadingState -> PlayState
12:52:47.212 [JavaFX Application Thread] DEBUG FXGL                 - Exiting FXGL
12:52:47.213 [JavaFX Application Thread] DEBUG FXGL                 - Shutting down background threads
12:52:47.213 [JavaFX Application Thread] INFO  Profiler             - Processed Frames: 7799
12:52:47.213 [JavaFX Application Thread] INFO  Profiler             - Average FPS: 59
12:52:47.213 [JavaFX Application Thread] INFO  Profiler             - Avg Frame Took: 0,03 ms
12:52:47.213 [JavaFX Application Thread] INFO  Profiler             - Avg Memory Usage: 12 MB
12:52:47.213 [JavaFX Application Thread] INFO  Profiler             - Min Memory Usage: 8 MB
12:52:47.213 [JavaFX Application Thread] INFO  Profiler             - Max Memory Usage: 16 MB
12:52:47.213 [JavaFX Application Thread] INFO  Profiler             - Estimated GC runs: 7
12:52:47.214 [JavaFX Application Thread] DEBUG FXGL                 - Saving FXGL system data
12:52:47.217 [JavaFX Application Thread] DEBUG DesktopFSService     - Writing to: system\fxgl.bundle
12:52:47.222 [JavaFX Application Thread] DEBUG FXGL                 - Closing logger and exiting JavaFX
