11:04:00.409 [JavaFX Application Thread] DEBUG GameApplication      - Logger initialized
11:04:00.427 [JavaFX Application Thread] DEBUG GameApplication      - Logging settings
Title: Journey down the den
Version: 0.2
Width: 1920
Height: 1080
Fullscreen: true
Intro: false
Menus: false
Profiling: true
Single step:false
App Mode: DEVELOPER
Menu Key: ESCAPE
Stage Style: DECORATED
Scene Factory: class com.almasb.fxgl.scene.SceneFactory
Dialog Factory: class com.almasb.fxgl.ui.FXGLDialogFactory
UI Factory: class com.almasb.fxgl.ui.FXGLUIFactory
Notification Service: class com.almasb.fxgl.gameplay.notification.XboxNotificationView
Exception Handler: class com.almasb.fxgl.app.FXGLExceptionHandler
11:04:00.427 [JavaFX Application Thread] DEBUG GameApplication      - Starting FXGL
11:04:00.437 [JavaFX Application Thread] INFO  FXGL                 - FXGL-0.5.4 on DESKTOP
11:04:00.438 [JavaFX Application Thread] INFO  FXGL                 - Source code and latest versions at: https://github.com/AlmasB/FXGL
11:04:00.438 [JavaFX Application Thread] INFO  FXGL                 -              Join the FXGL chat at: https://gitter.im/AlmasB/FXGL
11:04:00.439 [JavaFX Application Thread] DEBUG FXGL                 - FXGL started
11:04:00.440 [JavaFX Application Thread] DEBUG FXGL                 - Initializing FXGL
11:04:00.514 [JavaFX Application Thread] DEBUG AssetLoader          - Loading from disk: /assets/ui/cursors/fxgl_default.png
11:04:00.613 [JavaFX Application Thread] DEBUG AssetLoader          - Loading from disk: /assets/ui/fonts/VarelaRound-Regular.ttf
11:04:01.042 [JavaFX Application Thread] DEBUG MainWindow           - Creating a JavaFX scene
11:04:01.080 [JavaFX Application Thread] DEBUG MainWindow           - Target settings size: 1920.0 x 1080.0
11:04:01.081 [JavaFX Application Thread] DEBUG MainWindow           - Scaled scene size:    1920.0 x 1080.0
11:04:01.081 [JavaFX Application Thread] DEBUG MainWindow           - Scaled ratio: (1.0, 1.0)
11:04:01.097 [JavaFX Application Thread] DEBUG AssetLoader          - Loading from disk: /assets/ui/css/fxgl_dark.css
11:04:01.101 [JavaFX Application Thread] DEBUG AssetLoader          - Loading from disk: /assets/textures/JDTD_icon.png
11:04:01.110 [JavaFX Application Thread] DEBUG MainWindow           - Opening main window
11:04:01.321 [JavaFX Application Thread] DEBUG MainWindow           - Window border size: (16.0, 20.0)
11:04:01.322 [JavaFX Application Thread] DEBUG MainWindow           - Scaled size: 1920.0 x 1080.0
11:04:01.322 [JavaFX Application Thread] DEBUG MainWindow           - Scaled ratio: (1.0, 1.0)
11:04:01.322 [JavaFX Application Thread] DEBUG MainWindow           - Scene size: 1920.0 x 1080.0
11:04:01.322 [JavaFX Application Thread] DEBUG MainWindow           - Stage size: 1936.0 x 1100.0
11:04:01.362 [ForkJoinPool.commonPool-worker-9] DEBUG FS                   - Loaded DesktopFSService
11:04:01.363 [ForkJoinPool.commonPool-worker-9] DEBUG FXGL                 - Loading FXGL system data
11:04:01.370 [ForkJoinPool.commonPool-worker-9] DEBUG DesktopFSService     - Reading from: system\fxgl.bundle
11:04:01.381 [ForkJoinPool.commonPool-worker-9] DEBUG Bundle               - Logging bundle: FXGL
11:04:01.381 [ForkJoinPool.commonPool-worker-9] DEBUG Bundle               - FXGL.offline.timer.version.check=2020-11-18T09:51:52.340
11:04:01.382 [ForkJoinPool.commonPool-worker-9] DEBUG FXGL                 - Initializing state machine and application states
11:04:01.385 [ForkJoinPool.commonPool-worker-9] DEBUG AssetLoader          - Loading from disk: /assets/ui/cursors/fxgl_default.png
11:04:01.396 [ForkJoinPool.commonPool-worker-9] DEBUG AssetLoader          - Loading from disk: /assets/ui/cursors/fxgl_default.png
11:04:01.404 [ForkJoinPool.commonPool-worker-9] DEBUG AssetLoader          - Loading from cache: /assets/ui/fonts/VarelaRound-Regular.ttf
11:04:01.408 [ForkJoinPool.commonPool-worker-9] DEBUG AssetLoader          - Loading from disk: /assets/ui/cursors/fxgl_default.png
11:04:01.410 [ForkJoinPool.commonPool-worker-9] DEBUG AssetLoader          - Loading from disk: /assets/ui/fonts/lucida_console.ttf
11:04:01.420 [ForkJoinPool.commonPool-worker-9] DEBUG GameScene            - Game scene initialized: 1920x1080
11:04:01.427 [ForkJoinPool.commonPool-worker-9] DEBUG GameWorld            - Game world initialized
11:04:01.499 [ForkJoinPool.commonPool-worker-9] DEBUG PhysicsWorld         - Physics world initialized: appHeight=1080, physics.ppm=50,0
11:04:01.539 [ForkJoinPool.commonPool-worker-9] DEBUG Input                - Registered new binding: Pause - Esc
11:04:01.581 [JavaFX Application Thread] DEBUG FXGL                 - Running preInit()
11:04:01.583 [JavaFX Application Thread] DEBUG Input                - Registered new binding: Screenshot - P
11:04:01.583 [JavaFX Application Thread] DEBUG Input                - Registered new binding: Dev Options - CTRL+0
11:04:01.584 [JavaFX Application Thread] DEBUG Input                - Registered new binding: System info dump - CTRL+9
11:04:01.584 [JavaFX Application Thread] DEBUG Input                - Registered new binding: Restart - CTRL+R
11:04:01.584 [JavaFX Application Thread] DEBUG Input                - Registered new binding: Show grid - F
11:04:01.585 [JavaFX Application Thread] INFO  FXGL                 - FXGL initialization took: 1,144 sec
11:04:01.585 [JavaFX Application Thread] DEBUG LoopRunner           - Starting loop
11:04:01.586 [JavaFX Application Thread] DEBUG StartupState         - STARTUP
11:04:01.586 [JavaFX Application Thread] DEBUG GameApplication      - Starting new game
11:04:01.587 [JavaFX Application Thread] DEBUG Input                - Clearing active input actions
11:04:01.587 [JavaFX Application Thread] DEBUG AssetLoader          - Loading from disk: /assets/ui/css/fxgl_dark.css
11:04:01.593 [JavaFX Application Thread] DEBUG AppStateMachine      - StartupState -> LoadingState
11:04:01.597 [FXGL Background Thread 1 ] DEBUG InitAppTask          - Clearing previous game
11:04:01.597 [FXGL Background Thread 1 ] DEBUG GameWorld            - Clearing game world
11:04:01.597 [FXGL Background Thread 1 ] DEBUG PhysicsWorld         - Clearing physics world
11:04:01.597 [FXGL Background Thread 1 ] DEBUG GameScene            - Clearing game scene
11:04:01.598 [FXGL Background Thread 1 ] DEBUG InitAppTask          - Initializing Game
11:04:01.643 [FXGL Background Thread 1 ] DEBUG AssetLoader          - Loading from disk: /assets/textures/redHero.png
11:04:01.649 [FXGL Background Thread 1 ] DEBUG GameScene            - Creating render group for layer: DEFAULT(100000)
11:04:01.656 [FXGL Background Thread 1 ] DEBUG AssetLoader          - Loading from disk: /assets/textures/Hero1_full.png
11:04:01.660 [FXGL Background Thread 1 ] DEBUG InitAppTask          - Initializing Physics
11:04:01.660 [FXGL Background Thread 1 ] DEBUG InitAppTask          - Initializing UI
11:04:01.660 [FXGL Background Thread 1 ] DEBUG AssetLoader          - Loading from disk: /assets/ui/cursors/cursor.png
11:04:01.666 [FXGL Background Thread 1 ] DEBUG InitAppTask          - Initialization Complete
11:04:01.666 [FXGL Background Thread 1 ] INFO  InitAppTask          - Game initialization took: 0,070 sec
11:04:01.680 [JavaFX Application Thread] DEBUG Input                - Clearing active input actions
11:04:01.680 [JavaFX Application Thread] DEBUG AssetLoader          - Loading from disk: /assets/ui/css/fxgl_dark.css
11:04:01.684 [JavaFX Application Thread] DEBUG AppStateMachine      - LoadingState -> PlayState
11:04:02.690 [JavaFX Application Thread] DEBUG AssetLoader          - Loading from disk: /assets/textures/grille.png
11:04:02.769 [JavaFX Application Thread] DEBUG AssetLoader          - Loading from cache: /assets/textures/grille.png
11:04:02.784 [JavaFX Application Thread] DEBUG AssetLoader          - Loading from cache: /assets/textures/grille.png
11:04:02.798 [JavaFX Application Thread] DEBUG AssetLoader          - Loading from cache: /assets/textures/grille.png
11:04:02.812 [JavaFX Application Thread] DEBUG AssetLoader          - Loading from cache: /assets/textures/grille.png
11:04:02.826 [JavaFX Application Thread] DEBUG AssetLoader          - Loading from cache: /assets/textures/grille.png
11:04:09.855 [JavaFX Application Thread] DEBUG FXGL                 - Exiting FXGL
11:04:09.855 [JavaFX Application Thread] DEBUG FXGL                 - Shutting down background threads
11:04:09.856 [JavaFX Application Thread] INFO  Profiler             - Processed Frames: 543
11:04:09.856 [JavaFX Application Thread] INFO  Profiler             - Average FPS: 59
11:04:09.856 [JavaFX Application Thread] INFO  Profiler             - Avg Frame Took: 0,21 ms
11:04:09.856 [JavaFX Application Thread] INFO  Profiler             - Avg Memory Usage: 18 MB
11:04:09.856 [JavaFX Application Thread] INFO  Profiler             - Min Memory Usage: 9 MB
11:04:09.856 [JavaFX Application Thread] INFO  Profiler             - Max Memory Usage: 22 MB
11:04:09.856 [JavaFX Application Thread] INFO  Profiler             - Estimated GC runs: 1
11:04:09.856 [JavaFX Application Thread] DEBUG FXGL                 - Saving FXGL system data
11:04:09.859 [JavaFX Application Thread] DEBUG DesktopFSService     - Writing to: system\fxgl.bundle
11:04:09.861 [JavaFX Application Thread] DEBUG FXGL                 - Closing logger and exiting JavaFX
